#
# There is insufficient memory for the Java Runtime Environment to continue.
# Native memory allocation (malloc) failed to allocate 2255280 bytes for Chunk::new
# Possible reasons:
#   The system is out of physical RAM or swap space
#   The process is running with CompressedOops enabled, and the Java Heap may be blocking the growth of the native heap
# Possible solutions:
#   Reduce memory load on the system
#   Increase physical memory or swap space
#   Check if swap backing store is full
#   Decrease Java heap size (-Xmx/-Xms)
#   Decrease number of Java threads
#   Decrease Java thread stack sizes (-Xss)
#   Set larger code cache with -XX:ReservedCodeCacheSize=
#   JVM is running with Unscaled Compressed Oops mode in which the Java heap is
#     placed in the first 4GB address space. The Java Heap base address is the
#     maximum limit for the native heap growth. Please use -XX:HeapBaseMinAddress
#     to set the Java Heap base and to place the Java Heap above 4GB virtual address.
# This output file may be truncated or incomplete.
#
#  Out of Memory Error (arena.cpp:189), pid=19504, tid=18984
#
# JRE version: OpenJDK Runtime Environment (17.0.6) (build 17.0.6+0-b2043.56-10027231)
# Java VM: OpenJDK 64-Bit Server VM (17.0.6+0-b2043.56-10027231, mixed mode, tiered, compressed oops, compressed class ptrs, g1 gc, windows-amd64)
# No core dump will be written. Minidumps are not enabled by default on client versions of Windows
#

---------------  S U M M A R Y ------------

Command Line: --add-opens=java.base/java.util=ALL-UNNAMED --add-opens=java.base/java.lang=ALL-UNNAMED --add-opens=java.base/java.lang.invoke=ALL-UNNAMED --add-opens=java.prefs/java.util.prefs=ALL-UNNAMED --add-opens=java.base/java.nio.charset=ALL-UNNAMED --add-opens=java.base/java.net=ALL-UNNAMED --add-opens=java.base/java.util.concurrent.atomic=ALL-UNNAMED -Xmx2048m -Dfile.encoding=UTF-8 -Duser.country=IN -Duser.language=en -Duser.variant org.gradle.launcher.daemon.bootstrap.GradleDaemon 8.0

Host: 11th Gen Intel(R) Core(TM) i5-1135G7 @ 2.40GHz, 8 cores, 7G,  Windows 11 , 64 bit Build 22621 (10.0.22621.1928)
Time: Fri Aug  4 10:19:06 2023 India Standard Time elapsed time: 4.321258 seconds (0d 0h 0m 4s)

---------------  T H R E A D  ---------------

Current thread (0x000001e0fa065db0):  JavaThread "C2 CompilerThread0" daemon [_thread_in_native, id=18984, stack(0x000000bacb900000,0x000000bacba00000)]


Current CompileTask:
C2:   4321 4532   !   4       java.net.URLClassLoader$1::run (81 bytes)

Stack: [0x000000bacb900000,0x000000bacba00000]
Native frames: (J=compiled Java code, j=interpreted, Vv=VM code, C=native code)
V  [jvm.dll+0x683c9a]
V  [jvm.dll+0x8427a4]
V  [jvm.dll+0x843f9e]
V  [jvm.dll+0x844603]
V  [jvm.dll+0x249b75]
V  [jvm.dll+0xabcac]
V  [jvm.dll+0xac27c]
V  [jvm.dll+0x368857]
V  [jvm.dll+0x1bd0b8]
V  [jvm.dll+0x21c359]
V  [jvm.dll+0x21b621]
V  [jvm.dll+0x1a4fdd]
V  [jvm.dll+0x22b098]
V  [jvm.dll+0x229159]
V  [jvm.dll+0x7f81ec]
V  [jvm.dll+0x7f274a]
V  [jvm.dll+0x682ad5]
C  [ucrtbase.dll+0x29363]
C  [KERNEL32.DLL+0x126ad]
C  [ntdll.dll+0x5aa68]


---------------  P R O C E S S  ---------------

Threads class SMR info:
_java_thread_list=0x000001e08fb2e5f0, length=45, elements={
0x000001e0ec5e8a70, 0x000001e0f9401e50, 0x000001e0f9402910, 0x000001e0fa0603b0,
0x000001e0fa060e70, 0x000001e0fa061830, 0x000001e0fa063100, 0x000001e0fa065db0,
0x000001e0fa071c70, 0x000001e0fa082d30, 0x000001e0fa1d8f20, 0x000001e0fa1d93f0,
0x000001e0fa473d00, 0x000001e0fba46820, 0x000001e0fd4c2d00, 0x000001e0fb2550f0,
0x000001e0faefd8d0, 0x000001e0fb93a5d0, 0x000001e0fd430020, 0x000001e0fd15fd00,
0x000001e0faedf040, 0x000001e0fd8a32a0, 0x000001e0fb9981c0, 0x000001e0fb999030,
0x000001e0fb997350, 0x000001e0fb998690, 0x000001e0fb9969b0, 0x000001e0fb996e80,
0x000001e0fb999500, 0x000001e0fb997820, 0x000001e0fb9964e0, 0x000001e0fb997cf0,
0x000001e0901d0cf0, 0x000001e0901cfe80, 0x000001e0901d29d0, 0x000001e0901d1b60,
0x000001e0901cf9b0, 0x000001e0901d2030, 0x000001e0901d3840, 0x000001e0901d0350,
0x000001e0901d0820, 0x000001e0901cf4e0, 0x000001e0901d2ea0, 0x000001e0901d3d10,
0x000001e0901cf010
}

Java Threads: ( => current thread )
  0x000001e0ec5e8a70 JavaThread "main" [_thread_blocked, id=20828, stack(0x000000bacac00000,0x000000bacad00000)]
  0x000001e0f9401e50 JavaThread "Reference Handler" daemon [_thread_blocked, id=29892, stack(0x000000bacb300000,0x000000bacb400000)]
  0x000001e0f9402910 JavaThread "Finalizer" daemon [_thread_blocked, id=30676, stack(0x000000bacb400000,0x000000bacb500000)]
  0x000001e0fa0603b0 JavaThread "Signal Dispatcher" daemon [_thread_blocked, id=30716, stack(0x000000bacb500000,0x000000bacb600000)]
  0x000001e0fa060e70 JavaThread "Attach Listener" daemon [_thread_blocked, id=8256, stack(0x000000bacb600000,0x000000bacb700000)]
  0x000001e0fa061830 JavaThread "Service Thread" daemon [_thread_blocked, id=26512, stack(0x000000bacb700000,0x000000bacb800000)]
  0x000001e0fa063100 JavaThread "Monitor Deflation Thread" daemon [_thread_blocked, id=3544, stack(0x000000bacb800000,0x000000bacb900000)]
=>0x000001e0fa065db0 JavaThread "C2 CompilerThread0" daemon [_thread_in_native, id=18984, stack(0x000000bacb900000,0x000000bacba00000)]
  0x000001e0fa071c70 JavaThread "C1 CompilerThread0" daemon [_thread_blocked, id=28164, stack(0x000000bacba00000,0x000000bacbb00000)]
  0x000001e0fa082d30 JavaThread "Sweeper thread" daemon [_thread_blocked, id=29828, stack(0x000000bacbb00000,0x000000bacbc00000)]
  0x000001e0fa1d8f20 JavaThread "Common-Cleaner" daemon [_thread_blocked, id=2008, stack(0x000000bacbc00000,0x000000bacbd00000)]
  0x000001e0fa1d93f0 JavaThread "Notification Thread" daemon [_thread_blocked, id=28052, stack(0x000000bacbd00000,0x000000bacbe00000)]
  0x000001e0fa473d00 JavaThread "C2 CompilerThread1" daemon [_thread_in_native, id=9068, stack(0x000000bacbf00000,0x000000bacc000000)]
  0x000001e0fba46820 JavaThread "C2 CompilerThread2" daemon [_thread_in_native, id=12964, stack(0x000000bacc400000,0x000000bacc500000)]
  0x000001e0fd4c2d00 JavaThread "Daemon health stats" [_thread_blocked, id=19716, stack(0x000000bacc500000,0x000000bacc600000)]
  0x000001e0fb2550f0 JavaThread "Incoming local TCP Connector on port 55297" [_thread_in_native, id=23152, stack(0x000000bacc600000,0x000000bacc700000)]
  0x000001e0faefd8d0 JavaThread "Daemon periodic checks" [_thread_blocked, id=25188, stack(0x000000bacc700000,0x000000bacc800000)]
  0x000001e0fb93a5d0 JavaThread "Daemon" [_thread_blocked, id=27000, stack(0x000000bacc800000,0x000000bacc900000)]
  0x000001e0fd430020 JavaThread "Handler for socket connection from /127.0.0.1:55297 to /127.0.0.1:55298" [_thread_in_native, id=30260, stack(0x000000bacc900000,0x000000bacca00000)]
  0x000001e0fd15fd00 JavaThread "Cancel handler" [_thread_blocked, id=28888, stack(0x000000bacca00000,0x000000baccb00000)]
  0x000001e0faedf040 JavaThread "Daemon worker" [_thread_in_Java, id=18640, stack(0x000000baccb00000,0x000000baccc00000)]
  0x000001e0fd8a32a0 JavaThread "Asynchronous log dispatcher for DefaultDaemonConnection: socket connection from /127.0.0.1:55297 to /127.0.0.1:55298" [_thread_blocked, id=29760, stack(0x000000baccc00000,0x000000baccd00000)]
  0x000001e0fb9981c0 JavaThread "Stdin handler" [_thread_blocked, id=18960, stack(0x000000baccd00000,0x000000bacce00000)]
  0x000001e0fb999030 JavaThread "Daemon client event forwarder" [_thread_blocked, id=30216, stack(0x000000bacce00000,0x000000baccf00000)]
  0x000001e0fb997350 JavaThread "Cache worker for journal cache (C:\Users\hema\.gradle\caches\journal-1)" [_thread_blocked, id=11028, stack(0x000000bacd300000,0x000000bacd400000)]
  0x000001e0fb998690 JavaThread "File lock request listener" [_thread_in_native, id=16124, stack(0x000000bacd400000,0x000000bacd500000)]
  0x000001e0fb9969b0 JavaThread "Cache worker for file hash cache (C:\Users\hema\.gradle\caches\8.0\fileHashes)" [_thread_blocked, id=14048, stack(0x000000bacd500000,0x000000bacd600000)]
  0x000001e0fb996e80 JavaThread "File watcher server" daemon [_thread_in_native, id=404, stack(0x000000bacd600000,0x000000bacd700000)]
  0x000001e0fb999500 JavaThread "File watcher consumer" daemon [_thread_blocked, id=14924, stack(0x000000bacd700000,0x000000bacd800000)]
  0x000001e0fb997820 JavaThread "jar transforms" [_thread_blocked, id=14012, stack(0x000000bacd800000,0x000000bacd900000)]
  0x000001e0fb9964e0 JavaThread "jar transforms Thread 2" [_thread_blocked, id=28368, stack(0x000000bacd900000,0x000000bacda00000)]
  0x000001e0fb997cf0 JavaThread "jar transforms Thread 3" [_thread_blocked, id=7372, stack(0x000000bacda00000,0x000000bacdb00000)]
  0x000001e0901d0cf0 JavaThread "jar transforms Thread 4" [_thread_blocked, id=14020, stack(0x000000bacdb00000,0x000000bacdc00000)]
  0x000001e0901cfe80 JavaThread "jar transforms Thread 5" [_thread_blocked, id=20836, stack(0x000000bacdc00000,0x000000bacdd00000)]
  0x000001e0901d29d0 JavaThread "jar transforms Thread 6" [_thread_blocked, id=11544, stack(0x000000bacdd00000,0x000000bacde00000)]
  0x000001e0901d1b60 JavaThread "jar transforms Thread 7" [_thread_blocked, id=4584, stack(0x000000bacde00000,0x000000bacdf00000)]
  0x000001e0901cf9b0 JavaThread "jar transforms Thread 8" [_thread_blocked, id=6092, stack(0x000000bacdf00000,0x000000bace000000)]
  0x000001e0901d2030 JavaThread "Cache worker for checksums cache (C:\Users\hema\Downloads\SleepTracking Final\SleepTracking\.gradle\8.0\checksums)" [_thread_blocked, id=24232, stack(0x000000bace000000,0x000000bace100000)]
  0x000001e0901d3840 JavaThread "Cache worker for cache directory md-rule (C:\Users\hema\.gradle\caches\8.0\md-rule)" [_thread_blocked, id=8312, stack(0x000000bace100000,0x000000bace200000)]
  0x000001e0901d0350 JavaThread "Cache worker for file content cache (C:\Users\hema\.gradle\caches\8.0\fileContent)" [_thread_blocked, id=29392, stack(0x000000bace200000,0x000000bace300000)]
  0x000001e0901d0820 JavaThread "Cache worker for file hash cache (C:\Users\hema\Downloads\SleepTracking Final\SleepTracking\.gradle\8.0\fileHashes)" [_thread_blocked, id=24840, stack(0x000000bace300000,0x000000bace400000)]
  0x000001e0901cf4e0 JavaThread "Cache worker for cache directory md-supplier (C:\Users\hema\.gradle\caches\8.0\md-supplier)" [_thread_blocked, id=15968, stack(0x000000bace400000,0x000000bace500000)]
  0x000001e0901d2ea0 JavaThread "Cache worker for execution history cache (C:\Users\hema\.gradle\caches\8.0\executionHistory)" [_thread_blocked, id=19380, stack(0x000000bace500000,0x000000bace600000)]
  0x000001e0901d3d10 JavaThread "Cache worker for kotlin-dsl (C:\Users\hema\.gradle\caches\8.0\kotlin-dsl)" [_thread_blocked, id=5244, stack(0x000000bace600000,0x000000bace700000)]
  0x000001e0901cf010 JavaThread "Cache worker for dependencies-accessors (C:\Users\hema\Downloads\SleepTracking Final\SleepTracking\.gradle\8.0\dependencies-accessors)" [_thread_blocked, id=26396, stack(0x000000bace700000,0x000000bace800000)]

Other Threads:
  0x000001e0fa01ea00 VMThread "VM Thread" [stack: 0x000000bacb200000,0x000000bacb300000] [id=28544]
  0x000001e0ec69aaa0 WatcherThread [stack: 0x000000bacbe00000,0x000000bacbf00000] [id=17320]
  0x000001e0ec644330 GCTaskThread "GC Thread#0" [stack: 0x000000bacad00000,0x000000bacae00000] [id=25108]
  0x000001e0fb15d630 GCTaskThread "GC Thread#1" [stack: 0x000000bacc000000,0x000000bacc100000] [id=8612]
  0x000001e0fa497100 GCTaskThread "GC Thread#2" [stack: 0x000000bacc100000,0x000000bacc200000] [id=16672]
  0x000001e0faebe980 GCTaskThread "GC Thread#3" [stack: 0x000000bacc200000,0x000000bacc300000] [id=10344]
  0x000001e0fb9f1000 GCTaskThread "GC Thread#4" [stack: 0x000000bacc300000,0x000000bacc400000] [id=20120]
  0x000001e0fbb22480 GCTaskThread "GC Thread#5" [stack: 0x000000baccf00000,0x000000bacd000000] [id=25920]
  0x000001e0fce92c80 GCTaskThread "GC Thread#6" [stack: 0x000000bacd000000,0x000000bacd100000] [id=25216]
  0x000001e0fc979710 GCTaskThread "GC Thread#7" [stack: 0x000000bacd100000,0x000000bacd200000] [id=29668]
  0x000001e0ec6552e0 ConcurrentGCThread "G1 Main Marker" [stack: 0x000000bacae00000,0x000000bacaf00000] [id=30516]
  0x000001e0ec657250 ConcurrentGCThread "G1 Conc#0" [stack: 0x000000bacaf00000,0x000000bacb000000] [id=7508]
  0x000001e0fb93aaa0 ConcurrentGCThread "G1 Conc#1" [stack: 0x000000bacd200000,0x000000bacd300000] [id=24060]
  0x000001e0ec6ad690 ConcurrentGCThread "G1 Refine#0" [stack: 0x000000bacb000000,0x000000bacb100000] [id=9752]
  0x000001e0f9266140 ConcurrentGCThread "G1 Service" [stack: 0x000000bacb100000,0x000000bacb200000] [id=25128]

Threads with active compile tasks:
C2 CompilerThread0     4335 4532   !   4       java.net.URLClassLoader$1::run (81 bytes)
C2 CompilerThread1     4335 4531       4       java.net.URLClassLoader$1::run (5 bytes)
C2 CompilerThread2     4335 4609       4       java.lang.String::split (327 bytes)

VM state: not at safepoint (normal execution)

VM Mutex/Monitor currently owned by a thread: None

Heap address: 0x0000000080000000, size: 2048 MB, Compressed Oops mode: 32-bit

CDS archive(s) not mapped
Compressed class space mapped at: 0x0000000100000000-0x0000000140000000, reserved size: 1073741824
Narrow klass base: 0x0000000000000000, Narrow klass shift: 3, Narrow klass range: 0x140000000

GC Precious Log:
 CPUs: 8 total, 8 available
 Memory: 7834M
 Large Page Support: Disabled
 NUMA Support: Disabled
 Compressed Oops: Enabled (32-bit)
 Heap Region Size: 1M
 Heap Min Capacity: 8M
 Heap Initial Capacity: 124M
 Heap Max Capacity: 2G
 Pre-touch: Disabled
 Parallel Workers: 8
 Concurrent Workers: 2
 Concurrent Refinement Workers: 8
 Periodic GC: Disabled

Heap:
 garbage-first heap   total 121856K, used 78082K [0x0000000080000000, 0x0000000100000000)
  region size 1024K, 12 young (12288K), 2 survivors (2048K)
 Metaspace       used 51763K, committed 52352K, reserved 1097728K
  class space    used 6923K, committed 7168K, reserved 1048576K

Heap Regions: E=young(eden), S=young(survivor), O=old, HS=humongous(starts), HC=humongous(continues), CS=collection set, F=free, OA=open archive, CA=closed archive, TAMS=top-at-mark-start (previous, next)
|   0|0x0000000080000000, 0x0000000080100000, 0x0000000080100000|100%|HS|  |TAMS 0x0000000080100000, 0x0000000080000000| Complete 
|   1|0x0000000080100000, 0x0000000080200000, 0x0000000080200000|100%|HC|  |TAMS 0x0000000080200000, 0x0000000080100000| Complete 
|   2|0x0000000080200000, 0x0000000080300000, 0x0000000080300000|100%|HC|  |TAMS 0x0000000080300000, 0x0000000080200000| Complete 
|   3|0x0000000080300000, 0x0000000080400000, 0x0000000080400000|100%|HC|  |TAMS 0x0000000080400000, 0x0000000080300000| Complete 
|   4|0x0000000080400000, 0x0000000080500000, 0x0000000080500000|100%| O|  |TAMS 0x0000000080500000, 0x0000000080400000| Untracked 
|   5|0x0000000080500000, 0x0000000080600000, 0x0000000080600000|100%| O|  |TAMS 0x0000000080600000, 0x0000000080500000| Untracked 
|   6|0x0000000080600000, 0x0000000080700000, 0x0000000080700000|100%| O|  |TAMS 0x0000000080700000, 0x0000000080600000| Untracked 
|   7|0x0000000080700000, 0x0000000080800000, 0x0000000080800000|100%| O|  |TAMS 0x0000000080800000, 0x0000000080700000| Untracked 
|   8|0x0000000080800000, 0x0000000080900000, 0x0000000080900000|100%| O|  |TAMS 0x0000000080900000, 0x0000000080800000| Untracked 
|   9|0x0000000080900000, 0x0000000080a00000, 0x0000000080a00000|100%| O|  |TAMS 0x0000000080a00000, 0x0000000080900000| Untracked 
|  10|0x0000000080a00000, 0x0000000080b00000, 0x0000000080b00000|100%| O|  |TAMS 0x0000000080b00000, 0x0000000080a00000| Untracked 
|  11|0x0000000080b00000, 0x0000000080b4e200, 0x0000000080c00000| 30%| O|  |TAMS 0x0000000080b4e200, 0x0000000080b00000| Untracked 
|  12|0x0000000080c00000, 0x0000000080d00000, 0x0000000080d00000|100%| O|  |TAMS 0x0000000080d00000, 0x0000000080c00000| Untracked 
|  13|0x0000000080d00000, 0x0000000080e00000, 0x0000000080e00000|100%| O|  |TAMS 0x0000000080e00000, 0x0000000080d00000| Untracked 
|  14|0x0000000080e00000, 0x0000000080f00000, 0x0000000080f00000|100%| O|  |TAMS 0x0000000080f00000, 0x0000000080e00000| Untracked 
|  15|0x0000000080f00000, 0x0000000081000000, 0x0000000081000000|100%| O|  |TAMS 0x0000000081000000, 0x0000000080f00000| Untracked 
|  16|0x0000000081000000, 0x0000000081100000, 0x0000000081100000|100%| O|  |TAMS 0x0000000081100000, 0x0000000081000000| Untracked 
|  17|0x0000000081100000, 0x0000000081200000, 0x0000000081200000|100%| O|  |TAMS 0x0000000081200000, 0x0000000081100000| Untracked 
|  18|0x0000000081200000, 0x0000000081300000, 0x0000000081300000|100%| O|  |TAMS 0x0000000081300000, 0x0000000081200000| Untracked 
|  19|0x0000000081300000, 0x0000000081400000, 0x0000000081400000|100%|HS|  |TAMS 0x0000000081400000, 0x0000000081300000| Complete 
|  20|0x0000000081400000, 0x0000000081500000, 0x0000000081500000|100%|HC|  |TAMS 0x0000000081500000, 0x0000000081400000| Complete 
|  21|0x0000000081500000, 0x0000000081600000, 0x0000000081600000|100%|HS|  |TAMS 0x0000000081600000, 0x0000000081500000| Complete 
|  22|0x0000000081600000, 0x0000000081700000, 0x0000000081700000|100%|HC|  |TAMS 0x0000000081700000, 0x0000000081600000| Complete 
|  23|0x0000000081700000, 0x0000000081800000, 0x0000000081800000|100%|HC|  |TAMS 0x0000000081800000, 0x0000000081700000| Complete 
|  24|0x0000000081800000, 0x0000000081900000, 0x0000000081900000|100%| O|  |TAMS 0x0000000081900000, 0x0000000081800000| Untracked 
|  25|0x0000000081900000, 0x0000000081a00000, 0x0000000081a00000|100%| O|  |TAMS 0x0000000081a00000, 0x0000000081900000| Untracked 
|  26|0x0000000081a00000, 0x0000000081b00000, 0x0000000081b00000|100%| O|  |TAMS 0x0000000081b00000, 0x0000000081a00000| Untracked 
|  27|0x0000000081b00000, 0x0000000081c00000, 0x0000000081c00000|100%| O|  |TAMS 0x0000000081c00000, 0x0000000081b00000| Untracked 
|  28|0x0000000081c00000, 0x0000000081d00000, 0x0000000081d00000|100%|HS|  |TAMS 0x0000000081d00000, 0x0000000081c00000| Complete 
|  29|0x0000000081d00000, 0x0000000081e00000, 0x0000000081e00000|100%|HC|  |TAMS 0x0000000081e00000, 0x0000000081d00000| Complete 
|  30|0x0000000081e00000, 0x0000000081f00000, 0x0000000081f00000|100%|HC|  |TAMS 0x0000000081f00000, 0x0000000081e00000| Complete 
|  31|0x0000000081f00000, 0x0000000082000000, 0x0000000082000000|100%| O|  |TAMS 0x0000000082000000, 0x0000000081f00000| Untracked 
|  32|0x0000000082000000, 0x0000000082100000, 0x0000000082100000|100%|HS|  |TAMS 0x0000000082100000, 0x0000000082000000| Complete 
|  33|0x0000000082100000, 0x0000000082200000, 0x0000000082200000|100%|HC|  |TAMS 0x0000000082200000, 0x0000000082100000| Complete 
|  34|0x0000000082200000, 0x0000000082300000, 0x0000000082300000|100%|HC|  |TAMS 0x0000000082300000, 0x0000000082200000| Complete 
|  35|0x0000000082300000, 0x0000000082400000, 0x0000000082400000|100%|HC|  |TAMS 0x0000000082400000, 0x0000000082300000| Complete 
|  36|0x0000000082400000, 0x0000000082500000, 0x0000000082500000|100%|HC|  |TAMS 0x0000000082500000, 0x0000000082400000| Complete 
|  37|0x0000000082500000, 0x0000000082600000, 0x0000000082600000|100%|HC|  |TAMS 0x0000000082600000, 0x0000000082500000| Complete 
|  38|0x0000000082600000, 0x0000000082700000, 0x0000000082700000|100%|HC|  |TAMS 0x0000000082700000, 0x0000000082600000| Complete 
|  39|0x0000000082700000, 0x0000000082800000, 0x0000000082800000|100%|HC|  |TAMS 0x0000000082800000, 0x0000000082700000| Complete 
|  40|0x0000000082800000, 0x0000000082900000, 0x0000000082900000|100%|HC|  |TAMS 0x0000000082900000, 0x0000000082800000| Complete 
|  41|0x0000000082900000, 0x0000000082a00000, 0x0000000082a00000|100%|HC|  |TAMS 0x0000000082a00000, 0x0000000082900000| Complete 
|  42|0x0000000082a00000, 0x0000000082b00000, 0x0000000082b00000|100%|HC|  |TAMS 0x0000000082b00000, 0x0000000082a00000| Complete 
|  43|0x0000000082b00000, 0x0000000082c00000, 0x0000000082c00000|100%|HC|  |TAMS 0x0000000082c00000, 0x0000000082b00000| Complete 
|  44|0x0000000082c00000, 0x0000000082d00000, 0x0000000082d00000|100%| O|  |TAMS 0x0000000082d00000, 0x0000000082c00000| Untracked 
|  45|0x0000000082d00000, 0x0000000082e00000, 0x0000000082e00000|100%|HS|  |TAMS 0x0000000082e00000, 0x0000000082d00000| Complete 
|  46|0x0000000082e00000, 0x0000000082f00000, 0x0000000082f00000|100%|HC|  |TAMS 0x0000000082f00000, 0x0000000082e00000| Complete 
|  47|0x0000000082f00000, 0x0000000083000000, 0x0000000083000000|100%| O|  |TAMS 0x0000000083000000, 0x0000000082f00000| Untracked 
|  48|0x0000000083000000, 0x0000000083100000, 0x0000000083100000|100%| O|  |TAMS 0x0000000083100000, 0x0000000083000000| Untracked 
|  49|0x0000000083100000, 0x0000000083200000, 0x0000000083200000|100%| O|  |TAMS 0x0000000083200000, 0x0000000083100000| Untracked 
|  50|0x0000000083200000, 0x0000000083300000, 0x0000000083300000|100%| O|  |TAMS 0x0000000083300000, 0x0000000083200000| Untracked 
|  51|0x0000000083300000, 0x0000000083400000, 0x0000000083400000|100%| O|  |TAMS 0x0000000083400000, 0x0000000083300000| Untracked 
|  52|0x0000000083400000, 0x0000000083500000, 0x0000000083500000|100%| O|  |TAMS 0x0000000083500000, 0x0000000083400000| Untracked 
|  53|0x0000000083500000, 0x0000000083600000, 0x0000000083600000|100%| O|  |TAMS 0x0000000083600000, 0x0000000083500000| Untracked 
|  54|0x0000000083600000, 0x0000000083700000, 0x0000000083700000|100%| O|  |TAMS 0x0000000083700000, 0x0000000083600000| Untracked 
|  55|0x0000000083700000, 0x0000000083800000, 0x0000000083800000|100%|HS|  |TAMS 0x0000000083800000, 0x0000000083700000| Complete 
|  56|0x0000000083800000, 0x0000000083900000, 0x0000000083900000|100%|HC|  |TAMS 0x0000000083900000, 0x0000000083800000| Complete 
|  57|0x0000000083900000, 0x0000000083a00000, 0x0000000083a00000|100%|HC|  |TAMS 0x0000000083a00000, 0x0000000083900000| Complete 
|  58|0x0000000083a00000, 0x0000000083b00000, 0x0000000083b00000|100%|HS|  |TAMS 0x0000000083b00000, 0x0000000083a00000| Complete 
|  59|0x0000000083b00000, 0x0000000083c00000, 0x0000000083c00000|100%|HC|  |TAMS 0x0000000083c00000, 0x0000000083b00000| Complete 
|  60|0x0000000083c00000, 0x0000000083d00000, 0x0000000083d00000|100%|HC|  |TAMS 0x0000000083d00000, 0x0000000083c00000| Complete 
|  61|0x0000000083d00000, 0x0000000083e00000, 0x0000000083e00000|100%| O|  |TAMS 0x0000000083e00000, 0x0000000083d00000| Untracked 
|  62|0x0000000083e00000, 0x0000000083f00000, 0x0000000083f00000|100%| O|  |TAMS 0x0000000083f00000, 0x0000000083e00000| Untracked 
|  63|0x0000000083f00000, 0x0000000083fc9400, 0x0000000084000000| 78%| O|  |TAMS 0x0000000083f00000, 0x0000000083f00000| Untracked 
|  64|0x0000000084000000, 0x0000000084100000, 0x0000000084100000|100%| O|  |TAMS 0x0000000084100000, 0x0000000084000000| Untracked 
|  65|0x0000000084100000, 0x0000000084200000, 0x0000000084200000|100%| O|  |TAMS 0x0000000084200000, 0x0000000084100000| Untracked 
|  66|0x0000000084200000, 0x0000000084300000, 0x0000000084300000|100%| O|  |TAMS 0x000000008422a400, 0x0000000084200000| Untracked 
|  67|0x0000000084300000, 0x0000000084300000, 0x0000000084400000|  0%| F|  |TAMS 0x0000000084300000, 0x0000000084300000| Untracked 
|  68|0x0000000084400000, 0x0000000084400000, 0x0000000084500000|  0%| F|  |TAMS 0x0000000084400000, 0x0000000084400000| Untracked 
|  69|0x0000000084500000, 0x0000000084500000, 0x0000000084600000|  0%| F|  |TAMS 0x0000000084500000, 0x0000000084500000| Untracked 
|  70|0x0000000084600000, 0x0000000084600000, 0x0000000084700000|  0%| F|  |TAMS 0x0000000084600000, 0x0000000084600000| Untracked 
|  71|0x0000000084700000, 0x0000000084700000, 0x0000000084800000|  0%| F|  |TAMS 0x0000000084700000, 0x0000000084700000| Untracked 
|  72|0x0000000084800000, 0x0000000084800000, 0x0000000084900000|  0%| F|  |TAMS 0x0000000084800000, 0x0000000084800000| Untracked 
|  73|0x0000000084900000, 0x0000000084900000, 0x0000000084a00000|  0%| F|  |TAMS 0x0000000084900000, 0x0000000084900000| Untracked 
|  74|0x0000000084a00000, 0x0000000084a00000, 0x0000000084b00000|  0%| F|  |TAMS 0x0000000084a00000, 0x0000000084a00000| Untracked 
|  75|0x0000000084b00000, 0x0000000084b00000, 0x0000000084c00000|  0%| F|  |TAMS 0x0000000084b00000, 0x0000000084b00000| Untracked 
|  76|0x0000000084c00000, 0x0000000084c00000, 0x0000000084d00000|  0%| F|  |TAMS 0x0000000084c00000, 0x0000000084c00000| Untracked 
|  77|0x0000000084d00000, 0x0000000084d00000, 0x0000000084e00000|  0%| F|  |TAMS 0x0000000084d00000, 0x0000000084d00000| Untracked 
|  78|0x0000000084e00000, 0x0000000084e00000, 0x0000000084f00000|  0%| F|  |TAMS 0x0000000084e00000, 0x0000000084e00000| Untracked 
|  79|0x0000000084f00000, 0x0000000084f00000, 0x0000000085000000|  0%| F|  |TAMS 0x0000000084f00000, 0x0000000084f00000| Untracked 
|  80|0x0000000085000000, 0x0000000085000000, 0x0000000085100000|  0%| F|  |TAMS 0x0000000085000000, 0x0000000085000000| Untracked 
|  81|0x0000000085100000, 0x0000000085100000, 0x0000000085200000|  0%| F|  |TAMS 0x0000000085100000, 0x0000000085100000| Untracked 
|  82|0x0000000085200000, 0x0000000085200000, 0x0000000085300000|  0%| F|  |TAMS 0x0000000085200000, 0x0000000085200000| Untracked 
|  83|0x0000000085300000, 0x0000000085300000, 0x0000000085400000|  0%| F|  |TAMS 0x0000000085300000, 0x0000000085300000| Untracked 
|  84|0x0000000085400000, 0x0000000085400000, 0x0000000085500000|  0%| F|  |TAMS 0x0000000085400000, 0x0000000085400000| Untracked 
|  85|0x0000000085500000, 0x0000000085500000, 0x0000000085600000|  0%| F|  |TAMS 0x0000000085500000, 0x0000000085500000| Untracked 
|  86|0x0000000085600000, 0x0000000085600000, 0x0000000085700000|  0%| F|  |TAMS 0x0000000085600000, 0x0000000085600000| Untracked 
|  87|0x0000000085700000, 0x0000000085700000, 0x0000000085800000|  0%| F|  |TAMS 0x0000000085700000, 0x0000000085700000| Untracked 
|  88|0x0000000085800000, 0x0000000085800000, 0x0000000085900000|  0%| F|  |TAMS 0x0000000085800000, 0x0000000085800000| Untracked 
|  89|0x0000000085900000, 0x0000000085900000, 0x0000000085a00000|  0%| F|  |TAMS 0x0000000085900000, 0x0000000085900000| Untracked 
|  90|0x0000000085a00000, 0x0000000085a00000, 0x0000000085b00000|  0%| F|  |TAMS 0x0000000085a00000, 0x0000000085a00000| Untracked 
|  91|0x0000000085b00000, 0x0000000085b00000, 0x0000000085c00000|  0%| F|  |TAMS 0x0000000085b00000, 0x0000000085b00000| Untracked 
|  92|0x0000000085c00000, 0x0000000085c29520, 0x0000000085d00000| 16%| S|CS|TAMS 0x0000000085c00000, 0x0000000085c00000| Complete 
|  93|0x0000000085d00000, 0x0000000085e00000, 0x0000000085e00000|100%| S|CS|TAMS 0x0000000085d00000, 0x0000000085d00000| Complete 
|  94|0x0000000085e00000, 0x0000000085e00000, 0x0000000085f00000|  0%| F|  |TAMS 0x0000000085e00000, 0x0000000085e00000| Untracked 
|  95|0x0000000085f00000, 0x0000000085f00000, 0x0000000086000000|  0%| F|  |TAMS 0x0000000085f00000, 0x0000000085f00000| Untracked 
|  96|0x0000000086000000, 0x0000000086000000, 0x0000000086100000|  0%| F|  |TAMS 0x0000000086000000, 0x0000000086000000| Untracked 
|  97|0x0000000086100000, 0x0000000086100000, 0x0000000086200000|  0%| F|  |TAMS 0x0000000086100000, 0x0000000086100000| Untracked 
|  98|0x0000000086200000, 0x0000000086200000, 0x0000000086300000|  0%| F|  |TAMS 0x0000000086200000, 0x0000000086200000| Untracked 
|  99|0x0000000086300000, 0x0000000086300000, 0x0000000086400000|  0%| F|  |TAMS 0x0000000086300000, 0x0000000086300000| Untracked 
| 100|0x0000000086400000, 0x0000000086400000, 0x0000000086500000|  0%| F|  |TAMS 0x0000000086400000, 0x0000000086400000| Untracked 
| 101|0x0000000086500000, 0x0000000086500000, 0x0000000086600000|  0%| F|  |TAMS 0x0000000086500000, 0x0000000086500000| Untracked 
| 102|0x0000000086600000, 0x0000000086600000, 0x0000000086700000|  0%| F|  |TAMS 0x0000000086600000, 0x0000000086600000| Untracked 
| 103|0x0000000086700000, 0x0000000086700000, 0x0000000086800000|  0%| F|  |TAMS 0x0000000086700000, 0x0000000086700000| Untracked 
| 104|0x0000000086800000, 0x0000000086800000, 0x0000000086900000|  0%| F|  |TAMS 0x0000000086800000, 0x0000000086800000| Untracked 
| 105|0x0000000086900000, 0x0000000086900000, 0x0000000086a00000|  0%| F|  |TAMS 0x0000000086900000, 0x0000000086900000| Untracked 
| 106|0x0000000086a00000, 0x0000000086a00000, 0x0000000086b00000|  0%| F|  |TAMS 0x0000000086a00000, 0x0000000086a00000| Untracked 
| 107|0x0000000086b00000, 0x0000000086b00000, 0x0000000086c00000|  0%| F|  |TAMS 0x0000000086b00000, 0x0000000086b00000| Untracked 
| 108|0x0000000086c00000, 0x0000000086c00000, 0x0000000086d00000|  0%| F|  |TAMS 0x0000000086c00000, 0x0000000086c00000| Untracked 
| 109|0x0000000086d00000, 0x0000000086d6cc20, 0x0000000086e00000| 42%| E|  |TAMS 0x0000000086d00000, 0x0000000086d00000| Complete 
| 110|0x0000000086e00000, 0x0000000086f00000, 0x0000000086f00000|100%| E|CS|TAMS 0x0000000086e00000, 0x0000000086e00000| Complete 
| 111|0x0000000086f00000, 0x0000000087000000, 0x0000000087000000|100%| E|CS|TAMS 0x0000000086f00000, 0x0000000086f00000| Complete 
| 112|0x0000000087000000, 0x0000000087100000, 0x0000000087100000|100%| E|CS|TAMS 0x0000000087000000, 0x0000000087000000| Complete 
| 113|0x0000000087100000, 0x0000000087200000, 0x0000000087200000|100%| E|CS|TAMS 0x0000000087100000, 0x0000000087100000| Complete 
| 114|0x0000000087200000, 0x0000000087300000, 0x0000000087300000|100%| E|CS|TAMS 0x0000000087200000, 0x0000000087200000| Complete 
| 115|0x0000000087300000, 0x0000000087400000, 0x0000000087400000|100%| E|CS|TAMS 0x0000000087300000, 0x0000000087300000| Complete 
| 116|0x0000000087400000, 0x0000000087500000, 0x0000000087500000|100%| E|CS|TAMS 0x0000000087400000, 0x0000000087400000| Complete 
| 117|0x0000000087500000, 0x0000000087600000, 0x0000000087600000|100%| E|CS|TAMS 0x0000000087500000, 0x0000000087500000| Complete 
| 123|0x0000000087b00000, 0x0000000087c00000, 0x0000000087c00000|100%| E|CS|TAMS 0x0000000087b00000, 0x0000000087b00000| Complete 

Card table byte_map: [0x000001e0f20f0000,0x000001e0f24f0000] _byte_map_base: 0x000001e0f1cf0000

Marking Bits (Prev, Next): (CMBitMap*) 0x000001e0ec644850, (CMBitMap*) 0x000001e0ec644890
 Prev Bits: [0x000001e0f28f0000, 0x000001e0f48f0000)
 Next Bits: [0x000001e0f48f0000, 0x000001e0f68f0000)

Polling page: 0x000001e0f1260000

Metaspace:

Usage:
  Non-class:     43.79 MB used.
      Class:      6.76 MB used.
       Both:     50.55 MB used.

Virtual space:
  Non-class space:       48.00 MB reserved,      44.12 MB ( 92%) committed,  6 nodes.
      Class space:        1.00 GB reserved,       7.00 MB ( <1%) committed,  1 nodes.
             Both:        1.05 GB reserved,      51.12 MB (  5%) committed. 

Chunk freelists:
   Non-Class:  3.86 MB
       Class:  877.00 KB
        Both:  4.71 MB

MaxMetaspaceSize: unlimited
CompressedClassSpaceSize: 1.00 GB
Initial GC threshold: 21.00 MB
Current GC threshold: 83.88 MB
CDS: off
MetaspaceReclaimPolicy: balanced
 - commit_granule_bytes: 65536.
 - commit_granule_words: 8192.
 - virtual_space_node_default_size: 1048576.
 - enlarge_chunks_in_place: 1.
 - new_chunks_are_fully_committed: 0.
 - uncommit_free_chunks: 1.
 - use_allocation_guard: 0.
 - handle_deallocations: 1.


Internal statistics:

num_allocs_failed_limit: 3.
num_arena_births: 608.
num_arena_deaths: 0.
num_vsnodes_births: 7.
num_vsnodes_deaths: 0.
num_space_committed: 818.
num_space_uncommitted: 0.
num_chunks_returned_to_freelist: 3.
num_chunks_taken_from_freelist: 2276.
num_chunk_merges: 3.
num_chunk_splits: 1488.
num_chunks_enlarged: 1011.
num_purges: 0.
num_inconsistent_stats: 0.

CodeHeap 'non-profiled nmethods': size=120000Kb used=2977Kb max_used=2977Kb free=117022Kb
 bounds [0x000001e087ad0000, 0x000001e087dc0000, 0x000001e08f000000]
CodeHeap 'profiled nmethods': size=120000Kb used=9800Kb max_used=9800Kb free=110199Kb
 bounds [0x000001e080000000, 0x000001e0809a0000, 0x000001e087530000]
CodeHeap 'non-nmethods': size=5760Kb used=2312Kb max_used=2359Kb free=3447Kb
 bounds [0x000001e087530000, 0x000001e0877a0000, 0x000001e087ad0000]
 total_blobs=5486 nmethods=4671 adapters=727
 compilation: enabled
              stopped_count=0, restarted_count=0
 full_count=0

Compilation events (20 events):
Event: 4.310 Thread 0x000001e0fa071c70 4673       3       com.google.common.collect.LinkedHashMultimap::access$200 (6 bytes)
Event: 4.310 Thread 0x000001e0fa071c70 nmethod 4673 0x000001e08098aa90 code [0x000001e08098ac40, 0x000001e08098af18]
Event: 4.310 Thread 0x000001e0fa071c70 4674       3       com.google.common.collect.LinkedHashMultimap::succeedsInValueSet (15 bytes)
Event: 4.310 Thread 0x000001e0fa071c70 nmethod 4674 0x000001e08098b090 code [0x000001e08098b240, 0x000001e08098b4b8]
Event: 4.310 Thread 0x000001e0fa071c70 4675       3       com.google.common.collect.LinkedHashMultimap::access$400 (6 bytes)
Event: 4.310 Thread 0x000001e0fa071c70 nmethod 4675 0x000001e08098b610 code [0x000001e08098b7c0, 0x000001e08098b9f8]
Event: 4.311 Thread 0x000001e0fa071c70 4676       3       org.objectweb.asm.Type::getSort (19 bytes)
Event: 4.311 Thread 0x000001e0fa071c70 nmethod 4676 0x000001e08098bb10 code [0x000001e08098bca0, 0x000001e08098bdf8]
Event: 4.311 Thread 0x000001e0fa071c70 4677       3       org.gradle.model.internal.asm.MethodVisitorScope::_CHECKCAST (9 bytes)
Event: 4.311 Thread 0x000001e0fa071c70 nmethod 4677 0x000001e08098be90 code [0x000001e08098c060, 0x000001e08098c3f8]
Event: 4.311 Thread 0x000001e0fa071c70 4678       3       com.google.common.collect.AbstractMapBasedMultimap$WrappedCollection$WrappedIterator::hasNext (14 bytes)
Event: 4.311 Thread 0x000001e0fa071c70 nmethod 4678 0x000001e08098c590 code [0x000001e08098c760, 0x000001e08098cb88]
Event: 4.311 Thread 0x000001e0fa071c70 4679       3       org.gradle.model.internal.asm.MethodVisitorScope::_ILOAD_OF (12 bytes)
Event: 4.311 Thread 0x000001e0fa071c70 nmethod 4679 0x000001e08098cd90 code [0x000001e08098cf40, 0x000001e08098d218]
Event: 4.311 Thread 0x000001e0fa071c70 4681       3       com.google.common.collect.LinkedHashMultimap$ValueSet$1::hasNext (21 bytes)
Event: 4.312 Thread 0x000001e0fa071c70 nmethod 4681 0x000001e08098d390 code [0x000001e08098d540, 0x000001e08098d828]
Event: 4.312 Thread 0x000001e0fa071c70 4682       3       com.google.common.collect.LinkedHashMultimap$ValueSet$1::checkForComodification (23 bytes)
Event: 4.312 Thread 0x000001e0fa071c70 nmethod 4682 0x000001e08098d990 code [0x000001e08098db40, 0x000001e08098dd68]
Event: 4.312 Thread 0x000001e0fa071c70 4680       3       com.google.common.collect.LinkedHashMultimap::get (6 bytes)
Event: 4.312 Thread 0x000001e0fa071c70 nmethod 4680 0x000001e08098de90 code [0x000001e08098e080, 0x000001e08098e648]

GC Heap History (20 events):
Event: 2.521 GC heap before
{Heap before GC invocations=8 (full 0):
 garbage-first heap   total 86016K, used 66252K [0x0000000080000000, 0x0000000100000000)
  region size 1024K, 21 young (21504K), 1 survivors (1024K)
 Metaspace       used 31952K, committed 32256K, reserved 1081344K
  class space    used 4410K, committed 4544K, reserved 1048576K
}
Event: 2.524 GC heap after
{Heap after GC invocations=9 (full 0):
 garbage-first heap   total 86016K, used 49339K [0x0000000080000000, 0x0000000100000000)
  region size 1024K, 3 young (3072K), 3 survivors (3072K)
 Metaspace       used 31952K, committed 32256K, reserved 1081344K
  class space    used 4410K, committed 4544K, reserved 1048576K
}
Event: 2.755 GC heap before
{Heap before GC invocations=9 (full 0):
 garbage-first heap   total 86016K, used 66747K [0x0000000080000000, 0x0000000100000000)
  region size 1024K, 20 young (20480K), 3 survivors (3072K)
 Metaspace       used 34472K, committed 34880K, reserved 1081344K
  class space    used 4802K, committed 4992K, reserved 1048576K
}
Event: 2.757 GC heap after
{Heap after GC invocations=10 (full 0):
 garbage-first heap   total 86016K, used 50017K [0x0000000080000000, 0x0000000100000000)
  region size 1024K, 1 young (1024K), 1 survivors (1024K)
 Metaspace       used 34472K, committed 34880K, reserved 1081344K
  class space    used 4802K, committed 4992K, reserved 1048576K
}
Event: 3.037 GC heap before
{Heap before GC invocations=11 (full 0):
 garbage-first heap   total 87040K, used 67425K [0x0000000080000000, 0x0000000100000000)
  region size 1024K, 19 young (19456K), 1 survivors (1024K)
 Metaspace       used 39919K, committed 40256K, reserved 1089536K
  class space    used 5394K, committed 5568K, reserved 1048576K
}
Event: 3.041 GC heap after
{Heap after GC invocations=12 (full 0):
 garbage-first heap   total 87040K, used 52373K [0x0000000080000000, 0x0000000100000000)
  region size 1024K, 3 young (3072K), 3 survivors (3072K)
 Metaspace       used 39919K, committed 40256K, reserved 1089536K
  class space    used 5394K, committed 5568K, reserved 1048576K
}
Event: 3.180 GC heap before
{Heap before GC invocations=12 (full 0):
 garbage-first heap   total 87040K, used 68757K [0x0000000080000000, 0x0000000100000000)
  region size 1024K, 20 young (20480K), 3 survivors (3072K)
 Metaspace       used 41651K, committed 42048K, reserved 1089536K
  class space    used 5572K, committed 5760K, reserved 1048576K
}
Event: 3.184 GC heap after
{Heap after GC invocations=13 (full 0):
 garbage-first heap   total 87040K, used 54954K [0x0000000080000000, 0x0000000100000000)
  region size 1024K, 3 young (3072K), 3 survivors (3072K)
 Metaspace       used 41651K, committed 42048K, reserved 1089536K
  class space    used 5572K, committed 5760K, reserved 1048576K
}
Event: 3.280 GC heap before
{Heap before GC invocations=14 (full 0):
 garbage-first heap   total 102400K, used 67242K [0x0000000080000000, 0x0000000100000000)
  region size 1024K, 16 young (16384K), 3 survivors (3072K)
 Metaspace       used 42087K, committed 42496K, reserved 1089536K
  class space    used 5618K, committed 5824K, reserved 1048576K
}
Event: 3.282 GC heap after
{Heap after GC invocations=15 (full 0):
 garbage-first heap   total 102400K, used 55831K [0x0000000080000000, 0x0000000100000000)
  region size 1024K, 2 young (2048K), 2 survivors (2048K)
 Metaspace       used 42087K, committed 42496K, reserved 1089536K
  class space    used 5618K, committed 5824K, reserved 1048576K
}
Event: 3.623 GC heap before
{Heap before GC invocations=16 (full 0):
 garbage-first heap   total 102400K, used 84503K [0x0000000080000000, 0x0000000100000000)
  region size 1024K, 27 young (27648K), 2 survivors (2048K)
 Metaspace       used 45898K, committed 46336K, reserved 1089536K
  class space    used 6103K, committed 6272K, reserved 1048576K
}
Event: 3.626 GC heap after
{Heap after GC invocations=17 (full 0):
 garbage-first heap   total 102400K, used 56855K [0x0000000080000000, 0x0000000100000000)
  region size 1024K, 3 young (3072K), 3 survivors (3072K)
 Metaspace       used 45898K, committed 46336K, reserved 1089536K
  class space    used 6103K, committed 6272K, reserved 1048576K
}
Event: 3.687 GC heap before
{Heap before GC invocations=17 (full 0):
 garbage-first heap   total 102400K, used 59927K [0x0000000080000000, 0x0000000100000000)
  region size 1024K, 7 young (7168K), 3 survivors (3072K)
 Metaspace       used 46053K, committed 46528K, reserved 1089536K
  class space    used 6124K, committed 6336K, reserved 1048576K
}
Event: 3.690 GC heap after
{Heap after GC invocations=18 (full 0):
 garbage-first heap   total 102400K, used 58016K [0x0000000080000000, 0x0000000100000000)
  region size 1024K, 3 young (3072K), 3 survivors (3072K)
 Metaspace       used 46053K, committed 46528K, reserved 1089536K
  class space    used 6124K, committed 6336K, reserved 1048576K
}
Event: 3.781 GC heap before
{Heap before GC invocations=19 (full 0):
 garbage-first heap   total 112640K, used 73376K [0x0000000080000000, 0x0000000100000000)
  region size 1024K, 14 young (14336K), 3 survivors (3072K)
 Metaspace       used 46772K, committed 47232K, reserved 1097728K
  class space    used 6206K, committed 6400K, reserved 1048576K
}
Event: 3.784 GC heap after
{Heap after GC invocations=20 (full 0):
 garbage-first heap   total 112640K, used 66758K [0x0000000080000000, 0x0000000100000000)
  region size 1024K, 4 young (4096K), 4 survivors (4096K)
 Metaspace       used 46772K, committed 47232K, reserved 1097728K
  class space    used 6206K, committed 6400K, reserved 1048576K
}
Event: 3.991 GC heap before
{Heap before GC invocations=21 (full 0):
 garbage-first heap   total 119808K, used 84166K [0x0000000080000000, 0x0000000100000000)
  region size 1024K, 21 young (21504K), 4 survivors (4096K)
 Metaspace       used 49077K, committed 49600K, reserved 1097728K
  class space    used 6439K, committed 6656K, reserved 1048576K
}
Event: 3.994 GC heap after
{Heap after GC invocations=22 (full 0):
 garbage-first heap   total 119808K, used 67654K [0x0000000080000000, 0x0000000100000000)
  region size 1024K, 2 young (2048K), 2 survivors (2048K)
 Metaspace       used 49077K, committed 49600K, reserved 1097728K
  class space    used 6439K, committed 6656K, reserved 1048576K
}
Event: 4.187 GC heap before
{Heap before GC invocations=22 (full 0):
 garbage-first heap   total 119808K, used 88134K [0x0000000080000000, 0x0000000100000000)
  region size 1024K, 23 young (23552K), 2 survivors (2048K)
 Metaspace       used 50691K, committed 51200K, reserved 1097728K
  class space    used 6728K, committed 6912K, reserved 1048576K
}
Event: 4.190 GC heap after
{Heap after GC invocations=23 (full 0):
 garbage-first heap   total 119808K, used 68866K [0x0000000080000000, 0x0000000100000000)
  region size 1024K, 2 young (2048K), 2 survivors (2048K)
 Metaspace       used 50691K, committed 51200K, reserved 1097728K
  class space    used 6728K, committed 6912K, reserved 1048576K
}

Dll operation events (2 events):
Event: 0.007 Loaded shared library C:\Program Files\Android\Android Studio2\jbr\bin\java.dll
Event: 0.350 Loaded shared library C:\Program Files\Android\Android Studio2\jbr\bin\verify.dll

Deoptimization events (20 events):
Event: 3.764 Thread 0x000001e0faedf040 DEOPT PACKING pc=0x000001e087d50298 sp=0x000000baccbf8660
Event: 3.764 Thread 0x000001e0faedf040 DEOPT UNPACKING pc=0x000001e08758a1a3 sp=0x000000baccbf85e8 mode 2
Event: 3.810 Thread 0x000001e0faedf040 Uncommon trap: trap_request=0xffffff76 fr.pc=0x000001e087d6934c relative=0x000000000000018c
Event: 3.810 Thread 0x000001e0faedf040 Uncommon trap: reason=predicate action=maybe_recompile pc=0x000001e087d6934c method=java.util.Arrays.binarySearch0([Ljava/lang/Object;IILjava/lang/Object;Ljava/util/Comparator;)I @ 25 c2
Event: 3.810 Thread 0x000001e0faedf040 DEOPT PACKING pc=0x000001e087d6934c sp=0x000000baccbf6c10
Event: 3.810 Thread 0x000001e0faedf040 DEOPT UNPACKING pc=0x000001e08758a1a3 sp=0x000000baccbf6b20 mode 2
Event: 3.898 Thread 0x000001e0faedf040 Uncommon trap: trap_request=0xffffff45 fr.pc=0x000001e087be07a8 relative=0x0000000000006b48
Event: 3.898 Thread 0x000001e0faedf040 Uncommon trap: reason=unstable_if action=reinterpret pc=0x000001e087be07a8 method=jdk.internal.org.objectweb.asm.SymbolTable.addType(Ljava/lang/String;)I @ 33 c2
Event: 3.898 Thread 0x000001e0faedf040 DEOPT PACKING pc=0x000001e087be07a8 sp=0x000000baccbf7660
Event: 3.898 Thread 0x000001e0faedf040 DEOPT UNPACKING pc=0x000001e08758a1a3 sp=0x000000baccbf7588 mode 2
Event: 3.987 Thread 0x000001e0faedf040 DEOPT PACKING pc=0x000001e0803df6d4 sp=0x000000baccbf81b0
Event: 3.987 Thread 0x000001e0faedf040 DEOPT UNPACKING pc=0x000001e08758ace3 sp=0x000000baccbf7708 mode 0
Event: 4.213 Thread 0x000001e0faedf040 Uncommon trap: trap_request=0xffffffde fr.pc=0x000001e087d34718 relative=0x00000000000010b8
Event: 4.213 Thread 0x000001e0faedf040 Uncommon trap: reason=class_check action=maybe_recompile pc=0x000001e087d34718 method=java.util.concurrent.ConcurrentHashMap.computeIfAbsent(Ljava/lang/Object;Ljava/util/function/Function;)Ljava/lang/Object; @ 241 c2
Event: 4.213 Thread 0x000001e0faedf040 DEOPT PACKING pc=0x000001e087d34718 sp=0x000000baccbfb5c0
Event: 4.213 Thread 0x000001e0faedf040 DEOPT UNPACKING pc=0x000001e08758a1a3 sp=0x000000baccbfb558 mode 2
Event: 4.244 Thread 0x000001e0faedf040 Uncommon trap: trap_request=0xffffffde fr.pc=0x000001e087cfd8c4 relative=0x0000000000003164
Event: 4.244 Thread 0x000001e0faedf040 Uncommon trap: reason=class_check action=maybe_recompile pc=0x000001e087cfd8c4 method=java.util.regex.Pattern$CharProperty.study(Ljava/util/regex/Pattern$TreeInfo;)Z @ 25 c2
Event: 4.244 Thread 0x000001e0faedf040 DEOPT PACKING pc=0x000001e087cfd8c4 sp=0x000000baccbf9720
Event: 4.244 Thread 0x000001e0faedf040 DEOPT UNPACKING pc=0x000001e08758a1a3 sp=0x000000baccbf9618 mode 2

Classes unloaded (0 events):
No events

Classes redefined (0 events):
No events

Internal exceptions (20 events):
Event: 3.954 Thread 0x000001e0faedf040 Exception <a 'java/lang/NoSuchMethodError'{0x0000000086701128}: 'java.lang.Object java.lang.invoke.DelegatingMethodHandle$Holder.delegate(java.lang.Object, java.lang.Object, java.lang.Object, java.lang.Object, java.lang.Object, java.lang.Object, java.lang.Object, java.lang.Object, java.lang.Object, java.lang.Object, java.lang.Object, java.lang.Object, java.lang.Object, java.lang.Object, java.lang.Object, java.lang.Object, java.lang.Object, java.lang.Object, java.lang.Object, java.lang.Object, java.lang.Obj
Event: 3.959 Thread 0x000001e0faedf040 Exception <a 'java/lang/NoSuchMethodError'{0x0000000086771b40}: 'java.lang.Object java.lang.invoke.DirectMethodHandle$Holder.invokeStatic(java.lang.Object, java.lang.Object, java.lang.Object, java.lang.Object, java.lang.Object, java.lang.Object, java.lang.Object, java.lang.Object, java.lang.Object, java.lang.Object, java.lang.Object, java.lang.Object, java.lang.Object, java.lang.Object, java.lang.Object, java.lang.Object, java.lang.Object)'> (0x0000000086771b40) 
thrown [s\src\hotspot\share\interpreter\lin
Event: 3.961 Thread 0x000001e0faedf040 Exception <a 'java/lang/NoSuchMethodError'{0x0000000086799760}: 'java.lang.Object java.lang.invoke.DirectMethodHandle$Holder.invokeStatic(java.lang.Object, java.lang.Object, java.lang.Object, java.lang.Object, java.lang.Object, java.lang.Object, java.lang.Object, java.lang.Object, java.lang.Object, java.lang.Object, java.lang.Object, java.lang.Object, java.lang.Object, java.lang.Object, java.lang.Object, java.lang.Object, java.lang.Object, java.lang.Object)'> (0x0000000086799760) 
thrown [s\src\hotspot\sha
Event: 3.962 Thread 0x000001e0faedf040 Exception <a 'java/lang/NoSuchMethodError'{0x00000000867c1ff0}: 'java.lang.Object java.lang.invoke.DirectMethodHandle$Holder.invokeStatic(java.lang.Object, java.lang.Object, java.lang.Object, java.lang.Object, java.lang.Object, java.lang.Object, java.lang.Object, java.lang.Object, java.lang.Object, java.lang.Object, java.lang.Object, java.lang.Object, java.lang.Object, java.lang.Object, java.lang.Object, java.lang.Object, java.lang.Object, java.lang.Object, java.lang.Object)'> (0x00000000867c1ff0) 
thrown 
Event: 3.964 Thread 0x000001e0faedf040 Exception <a 'java/lang/NoSuchMethodError'{0x00000000867eb930}: 'java.lang.Object java.lang.invoke.DirectMethodHandle$Holder.invokeStatic(java.lang.Object, java.lang.Object, java.lang.Object, java.lang.Object, java.lang.Object, java.lang.Object, java.lang.Object, java.lang.Object, java.lang.Object, java.lang.Object, java.lang.Object, java.lang.Object, java.lang.Object, java.lang.Object, java.lang.Object, java.lang.Object, java.lang.Object, java.lang.Object, java.lang.Object, java.lang.Object)'> (0x00000000
Event: 3.965 Thread 0x000001e0faedf040 Exception <a 'java/lang/NoSuchMethodError'{0x0000000086616990}: 'java.lang.Object java.lang.invoke.DirectMethodHandle$Holder.invokeStatic(java.lang.Object, java.lang.Object, java.lang.Object, java.lang.Object, java.lang.Object, java.lang.Object, java.lang.Object, java.lang.Object, java.lang.Object, java.lang.Object, java.lang.Object, java.lang.Object, java.lang.Object, java.lang.Object, java.lang.Object, java.lang.Object, java.lang.Object, java.lang.Object, java.lang.Object, java.lang.Object, java.lang.Obj
Event: 3.967 Thread 0x000001e0faedf040 Exception <a 'java/lang/NoSuchMethodError'{0x0000000086641c98}: 'java.lang.Object java.lang.invoke.DirectMethodHandle$Holder.invokeStatic(java.lang.Object, java.lang.Object, java.lang.Object, java.lang.Object, java.lang.Object, java.lang.Object, java.lang.Object, java.lang.Object, java.lang.Object, java.lang.Object, java.lang.Object, java.lang.Object, java.lang.Object, java.lang.Object, java.lang.Object, java.lang.Object, java.lang.Object, java.lang.Object, java.lang.Object, java.lang.Object, java.lang.Obj
Event: 3.969 Thread 0x000001e0faedf040 Exception <a 'java/lang/NoSuchMethodError'{0x000000008666ec78}: 'java.lang.Object java.lang.invoke.DirectMethodHandle$Holder.invokeStatic(java.lang.Object, java.lang.Object, java.lang.Object, java.lang.Object, java.lang.Object, java.lang.Object, java.lang.Object, java.lang.Object, java.lang.Object, java.lang.Object, java.lang.Object, java.lang.Object, java.lang.Object, java.lang.Object, java.lang.Object, java.lang.Object, java.lang.Object, java.lang.Object, java.lang.Object, java.lang.Object, java.lang.Obj
Event: 3.970 Thread 0x000001e0faedf040 Exception <a 'java/lang/NoSuchMethodError'{0x000000008669d2d0}: 'java.lang.Object java.lang.invoke.DirectMethodHandle$Holder.invokeStatic(java.lang.Object, java.lang.Object, java.lang.Object, java.lang.Object, java.lang.Object, java.lang.Object, java.lang.Object, java.lang.Object, java.lang.Object, java.lang.Object, java.lang.Object, java.lang.Object, java.lang.Object, java.lang.Object, java.lang.Object, java.lang.Object, java.lang.Object, java.lang.Object, java.lang.Object, java.lang.Object, java.lang.Obj
Event: 4.037 Thread 0x000001e0faedf040 Exception <a 'java/lang/IncompatibleClassChangeError'{0x0000000086cf04a0}: Found class java.lang.Object, but interface was expected> (0x0000000086cf04a0) 
thrown [s\src\hotspot\share\interpreter\linkResolver.cpp, line 838]
Event: 4.071 Thread 0x000001e0faedf040 Exception <a 'java/lang/IncompatibleClassChangeError'{0x0000000086958f20}: Found class java.lang.Object, but interface was expected> (0x0000000086958f20) 
thrown [s\src\hotspot\share\interpreter\linkResolver.cpp, line 838]
Event: 4.083 Thread 0x000001e0faedf040 Exception <a 'java/lang/NoSuchMethodError'{0x00000000868e6ee0}: 'int java.lang.invoke.DirectMethodHandle$Holder.invokeStaticInit(java.lang.Object, java.lang.Object, java.lang.Object, java.lang.Object, java.lang.Object)'> (0x00000000868e6ee0) 
thrown [s\src\hotspot\share\interpreter\linkResolver.cpp, line 771]
Event: 4.152 Thread 0x000001e0faedf040 Exception <a 'java/lang/NoSuchMethodError'{0x0000000086039108}: 'void java.lang.invoke.DirectMethodHandle$Holder.invokeInterface(java.lang.Object, java.lang.Object)'> (0x0000000086039108) 
thrown [s\src\hotspot\share\interpreter\linkResolver.cpp, line 771]
Event: 4.153 Thread 0x000001e0faedf040 Exception <a 'java/lang/IncompatibleClassChangeError'{0x00000000860446a0}: Found class java.lang.Object, but interface was expected> (0x00000000860446a0) 
thrown [s\src\hotspot\share\interpreter\linkResolver.cpp, line 838]
Event: 4.229 Thread 0x000001e0faedf040 Exception <a 'java/lang/ClassNotFoundException'{0x00000000873e1688}: org/jetbrains/plugins/gradle/model/web/WebConfigurationBeanInfo> (0x00000000873e1688) 
thrown [s\src\hotspot\share\classfile\systemDictionary.cpp, line 256]
Event: 4.229 Thread 0x000001e0faedf040 Exception <a 'java/lang/ClassNotFoundException'{0x00000000873e9a10}: org/jetbrains/plugins/gradle/model/web/WebConfigurationCustomizer> (0x00000000873e9a10) 
thrown [s\src\hotspot\share\classfile\systemDictionary.cpp, line 256]
Event: 4.232 Thread 0x000001e0faedf040 Exception <a 'java/lang/ClassNotFoundException'{0x0000000087508b98}: org/jetbrains/plugins/gradle/model/scala/ScalaModelBeanInfo> (0x0000000087508b98) 
thrown [s\src\hotspot\share\classfile\systemDictionary.cpp, line 256]
Event: 4.232 Thread 0x000001e0faedf040 Exception <a 'java/lang/ClassNotFoundException'{0x0000000087510ea0}: org/jetbrains/plugins/gradle/model/scala/ScalaModelCustomizer> (0x0000000087510ea0) 
thrown [s\src\hotspot\share\classfile\systemDictionary.cpp, line 256]
Event: 4.236 Thread 0x000001e0faedf040 Exception <a 'java/lang/ClassNotFoundException'{0x0000000087541ee8}: org/jetbrains/plugins/gradle/model/DependencyAccessorsModelBeanInfo> (0x0000000087541ee8) 
thrown [s\src\hotspot\share\classfile\systemDictionary.cpp, line 256]
Event: 4.236 Thread 0x000001e0faedf040 Exception <a 'java/lang/ClassNotFoundException'{0x000000008754a298}: org/jetbrains/plugins/gradle/model/DependencyAccessorsModelCustomizer> (0x000000008754a298) 
thrown [s\src\hotspot\share\classfile\systemDictionary.cpp, line 256]

VM Operations (20 events):
Event: 3.733 Executing VM operation: HandshakeAllThreads
Event: 3.733 Executing VM operation: HandshakeAllThreads done
Event: 3.781 Executing VM operation: G1TryInitiateConcMark
Event: 3.784 Executing VM operation: G1TryInitiateConcMark done
Event: 3.801 Executing VM operation: G1Concurrent
Event: 3.803 Executing VM operation: G1Concurrent done
Event: 3.812 Executing VM operation: G1Concurrent
Event: 3.813 Executing VM operation: G1Concurrent done
Event: 3.991 Executing VM operation: G1CollectForAllocation
Event: 3.994 Executing VM operation: G1CollectForAllocation done
Event: 4.038 Executing VM operation: HandshakeAllThreads
Event: 4.038 Executing VM operation: HandshakeAllThreads done
Event: 4.187 Executing VM operation: G1CollectForAllocation
Event: 4.190 Executing VM operation: G1CollectForAllocation done
Event: 4.222 Executing VM operation: G1Concurrent
Event: 4.224 Executing VM operation: G1Concurrent done
Event: 4.235 Executing VM operation: G1Concurrent
Event: 4.235 Executing VM operation: G1Concurrent done
Event: 4.294 Executing VM operation: HandshakeAllThreads
Event: 4.294 Executing VM operation: HandshakeAllThreads done

Events (20 events):
Event: 4.059 loading class java/util/stream/ReferencePipeline$4$1 done
Event: 4.120 loading class java/util/concurrent/atomic/AtomicReferenceFieldUpdater
Event: 4.120 loading class java/util/concurrent/atomic/AtomicReferenceFieldUpdater done
Event: 4.120 loading class java/util/concurrent/atomic/AtomicReferenceFieldUpdater$AtomicReferenceFieldUpdaterImpl
Event: 4.120 loading class java/util/concurrent/atomic/AtomicReferenceFieldUpdater$AtomicReferenceFieldUpdaterImpl done
Event: 4.120 loading class java/util/concurrent/atomic/AtomicReferenceFieldUpdater$AtomicReferenceFieldUpdaterImpl$1
Event: 4.120 loading class java/util/concurrent/atomic/AtomicReferenceFieldUpdater$AtomicReferenceFieldUpdaterImpl$1 done
Event: 4.170 loading class jdk/internal/math/FDBigInteger
Event: 4.171 loading class jdk/internal/math/FDBigInteger done
Event: 4.179 loading class java/util/zip/GZIPOutputStream
Event: 4.179 loading class java/util/zip/GZIPOutputStream done
Event: 4.179 loading class java/util/zip/GZIPInputStream
Event: 4.180 loading class java/util/zip/GZIPInputStream done
Event: 4.183 loading class java/lang/ThreadLocal$SuppliedThreadLocal
Event: 4.183 loading class java/lang/ThreadLocal$SuppliedThreadLocal done
Event: 4.240 Thread 0x000001e0901cf010 Thread added: 0x000001e0901cf010
Event: 4.281 loading class java/nio/file/AtomicMoveNotSupportedException
Event: 4.281 loading class java/nio/file/AtomicMoveNotSupportedException done
Event: 4.293 loading class java/io/FileWriter
Event: 4.293 loading class java/io/FileWriter done


Dynamic libraries:
0x00007ff75aba0000 - 0x00007ff75abaa000 	C:\Program Files\Android\Android Studio2\jbr\bin\java.exe
0x00007ff8f4110000 - 0x00007ff8f4324000 	C:\WINDOWS\SYSTEM32\ntdll.dll
0x00007ff8f2280000 - 0x00007ff8f2342000 	C:\WINDOWS\System32\KERNEL32.DLL
0x00007ff8f16d0000 - 0x00007ff8f1a73000 	C:\WINDOWS\System32\KERNELBASE.dll
0x00007ff8f1580000 - 0x00007ff8f1691000 	C:\WINDOWS\System32\ucrtbase.dll
0x00007ff8d7ab0000 - 0x00007ff8d7ac7000 	C:\Program Files\Android\Android Studio2\jbr\bin\jli.dll
0x00007ff8f2790000 - 0x00007ff8f293a000 	C:\WINDOWS\System32\USER32.dll
0x00007ff8d8b80000 - 0x00007ff8d8b9b000 	C:\Program Files\Android\Android Studio2\jbr\bin\VCRUNTIME140.dll
0x00007ff8f16a0000 - 0x00007ff8f16c6000 	C:\WINDOWS\System32\win32u.dll
0x00007ff8d3f20000 - 0x00007ff8d41ae000 	C:\WINDOWS\WinSxS\amd64_microsoft.windows.common-controls_6595b64144ccf1df_6.0.22621.1635_none_270f70857386168e\COMCTL32.dll
0x00007ff8f2350000 - 0x00007ff8f2379000 	C:\WINDOWS\System32\GDI32.dll
0x00007ff8f2520000 - 0x00007ff8f25c7000 	C:\WINDOWS\System32\msvcrt.dll
0x00007ff8f1d10000 - 0x00007ff8f1e29000 	C:\WINDOWS\System32\gdi32full.dll
0x00007ff8f1c70000 - 0x00007ff8f1d0a000 	C:\WINDOWS\System32\msvcp_win.dll
0x00007ff8f3a20000 - 0x00007ff8f3a51000 	C:\WINDOWS\System32\IMM32.DLL
0x00007ff8d8b70000 - 0x00007ff8d8b7c000 	C:\Program Files\Android\Android Studio2\jbr\bin\vcruntime140_1.dll
0x00007ff8b2bd0000 - 0x00007ff8b2c5d000 	C:\Program Files\Android\Android Studio2\jbr\bin\msvcp140.dll
0x00007ff8a0f30000 - 0x00007ff8a1b9e000 	C:\Program Files\Android\Android Studio2\jbr\bin\server\jvm.dll
0x00007ff8f37c0000 - 0x00007ff8f386e000 	C:\WINDOWS\System32\ADVAPI32.dll
0x00007ff8f3a60000 - 0x00007ff8f3b04000 	C:\WINDOWS\System32\sechost.dll
0x00007ff8f3ec0000 - 0x00007ff8f3fd7000 	C:\WINDOWS\System32\RPCRT4.dll
0x00007ff8e9e90000 - 0x00007ff8e9e99000 	C:\WINDOWS\SYSTEM32\WSOCK32.dll
0x00007ff8e5d70000 - 0x00007ff8e5d7a000 	C:\WINDOWS\SYSTEM32\VERSION.dll
0x00007ff8e6c20000 - 0x00007ff8e6c54000 	C:\WINDOWS\SYSTEM32\WINMM.dll
0x00007ff8f3b70000 - 0x00007ff8f3be1000 	C:\WINDOWS\System32\WS2_32.dll
0x00007ff8f0640000 - 0x00007ff8f0658000 	C:\WINDOWS\SYSTEM32\kernel.appcore.dll
0x00007ff8ee270000 - 0x00007ff8ee27a000 	C:\Program Files\Android\Android Studio2\jbr\bin\jimage.dll
0x00007ff8eeed0000 - 0x00007ff8ef0fe000 	C:\WINDOWS\SYSTEM32\DBGHELP.DLL
0x00007ff8f1ef0000 - 0x00007ff8f2279000 	C:\WINDOWS\System32\combase.dll
0x00007ff8f2380000 - 0x00007ff8f2457000 	C:\WINDOWS\System32\OLEAUT32.dll
0x00007ff8ce400000 - 0x00007ff8ce432000 	C:\WINDOWS\SYSTEM32\dbgcore.DLL
0x00007ff8f1bf0000 - 0x00007ff8f1c6a000 	C:\WINDOWS\System32\bcryptPrimitives.dll
0x00007ff8d7530000 - 0x00007ff8d7555000 	C:\Program Files\Android\Android Studio2\jbr\bin\java.dll
0x00007ff8e8830000 - 0x00007ff8e8848000 	C:\Program Files\Android\Android Studio2\jbr\bin\zip.dll
0x00007ff8f2e60000 - 0x00007ff8f3659000 	C:\WINDOWS\System32\SHELL32.dll
0x00007ff8ef500000 - 0x00007ff8efdce000 	C:\WINDOWS\SYSTEM32\windows.storage.dll
0x00007ff8ef3c0000 - 0x00007ff8ef4fe000 	C:\WINDOWS\SYSTEM32\wintypes.dll
0x00007ff8f3bf0000 - 0x00007ff8f3ce1000 	C:\WINDOWS\System32\SHCORE.dll
0x00007ff8f3b10000 - 0x00007ff8f3b6e000 	C:\WINDOWS\System32\shlwapi.dll
0x00007ff8f1440000 - 0x00007ff8f1466000 	C:\WINDOWS\SYSTEM32\profapi.dll
0x00007ff8e6080000 - 0x00007ff8e6099000 	C:\Program Files\Android\Android Studio2\jbr\bin\net.dll
0x00007ff8e9660000 - 0x00007ff8e9797000 	C:\WINDOWS\SYSTEM32\WINHTTP.dll
0x00007ff8f0ac0000 - 0x00007ff8f0b29000 	C:\WINDOWS\system32\mswsock.dll
0x00007ff8e6000000 - 0x00007ff8e6016000 	C:\Program Files\Android\Android Studio2\jbr\bin\nio.dll
0x00007ff8e9eb0000 - 0x00007ff8e9ec0000 	C:\Program Files\Android\Android Studio2\jbr\bin\verify.dll
0x00007ff8d6f80000 - 0x00007ff8d6fa7000 	C:\Users\hema\.gradle\native\68d5fa5c4cc2d200863cafc0d521ce42e7d3e7ee720ec0a83991735586a16f82\windows-amd64\native-platform.dll
0x00007ff8adab0000 - 0x00007ff8adbf4000 	C:\Users\hema\.gradle\native\e376f236ea51e6404a007f0833ffe2c6e607c4080706a723a18a27aeea778392\windows-amd64\native-platform-file-events.dll
0x00007ff8e9da0000 - 0x00007ff8e9da9000 	C:\Program Files\Android\Android Studio2\jbr\bin\management.dll
0x00007ff8e95c0000 - 0x00007ff8e95cb000 	C:\Program Files\Android\Android Studio2\jbr\bin\management_ext.dll
0x00007ff8f2460000 - 0x00007ff8f2468000 	C:\WINDOWS\System32\PSAPI.DLL
0x00007ff8f0d20000 - 0x00007ff8f0d3b000 	C:\WINDOWS\SYSTEM32\CRYPTSP.dll
0x00007ff8f05b0000 - 0x00007ff8f05e5000 	C:\WINDOWS\system32\rsaenh.dll
0x00007ff8f0bc0000 - 0x00007ff8f0bec000 	C:\WINDOWS\SYSTEM32\USERENV.dll
0x00007ff8f0ee0000 - 0x00007ff8f0f08000 	C:\WINDOWS\SYSTEM32\bcrypt.dll
0x00007ff8f0d40000 - 0x00007ff8f0d4c000 	C:\WINDOWS\SYSTEM32\CRYPTBASE.dll
0x00007ff8f0020000 - 0x00007ff8f004d000 	C:\WINDOWS\SYSTEM32\IPHLPAPI.DLL
0x00007ff8f3cf0000 - 0x00007ff8f3cf9000 	C:\WINDOWS\System32\NSI.dll
0x00007ff8e7230000 - 0x00007ff8e7249000 	C:\WINDOWS\SYSTEM32\dhcpcsvc6.DLL
0x00007ff8e6ca0000 - 0x00007ff8e6cbf000 	C:\WINDOWS\SYSTEM32\dhcpcsvc.DLL
0x00007ff8f0050000 - 0x00007ff8f0143000 	C:\WINDOWS\SYSTEM32\DNSAPI.dll
0x00007ff8d7a50000 - 0x00007ff8d7a58000 	C:\WINDOWS\system32\wshunix.dll

dbghelp: loaded successfully - version: 4.0.5 - missing functions: none
symbol engine: initialized successfully - sym options: 0x614 - pdb path: .;C:\Program Files\Android\Android Studio2\jbr\bin;C:\WINDOWS\SYSTEM32;C:\WINDOWS\WinSxS\amd64_microsoft.windows.common-controls_6595b64144ccf1df_6.0.22621.1635_none_270f70857386168e;C:\Program Files\Android\Android Studio2\jbr\bin\server;C:\Users\hema\.gradle\native\68d5fa5c4cc2d200863cafc0d521ce42e7d3e7ee720ec0a83991735586a16f82\windows-amd64;C:\Users\hema\.gradle\native\e376f236ea51e6404a007f0833ffe2c6e607c4080706a723a18a27aeea778392\windows-amd64

VM Arguments:
jvm_args: --add-opens=java.base/java.util=ALL-UNNAMED --add-opens=java.base/java.lang=ALL-UNNAMED --add-opens=java.base/java.lang.invoke=ALL-UNNAMED --add-opens=java.prefs/java.util.prefs=ALL-UNNAMED --add-opens=java.base/java.nio.charset=ALL-UNNAMED --add-opens=java.base/java.net=ALL-UNNAMED --add-opens=java.base/java.util.concurrent.atomic=ALL-UNNAMED -Xmx2048m -Dfile.encoding=UTF-8 -Duser.country=IN -Duser.language=en -Duser.variant 
java_command: org.gradle.launcher.daemon.bootstrap.GradleDaemon 8.0
java_class_path (initial): C:\Users\hema\.gradle\wrapper\dists\gradle-8.0-bin\ca5e32bp14vu59qr306oxotwh\gradle-8.0\lib\gradle-launcher-8.0.jar
Launcher Type: SUN_STANDARD

[Global flags]
     intx CICompilerCount                          = 4                                         {product} {ergonomic}
     uint ConcGCThreads                            = 2                                         {product} {ergonomic}
     uint G1ConcRefinementThreads                  = 8                                         {product} {ergonomic}
   size_t G1HeapRegionSize                         = 1048576                                   {product} {ergonomic}
    uintx GCDrainStackTargetSize                   = 64                                        {product} {ergonomic}
   size_t InitialHeapSize                          = 130023424                                 {product} {ergonomic}
   size_t MarkStackSize                            = 4194304                                   {product} {ergonomic}
   size_t MaxHeapSize                              = 2147483648                                {product} {command line}
   size_t MaxNewSize                               = 1287651328                                {product} {ergonomic}
   size_t MinHeapDeltaBytes                        = 1048576                                   {product} {ergonomic}
   size_t MinHeapSize                              = 8388608                                   {product} {ergonomic}
    uintx NonNMethodCodeHeapSize                   = 5839372                                {pd product} {ergonomic}
    uintx NonProfiledCodeHeapSize                  = 122909434                              {pd product} {ergonomic}
    uintx ProfiledCodeHeapSize                     = 122909434                              {pd product} {ergonomic}
    uintx ReservedCodeCacheSize                    = 251658240                              {pd product} {ergonomic}
     bool SegmentedCodeCache                       = true                                      {product} {ergonomic}
   size_t SoftMaxHeapSize                          = 2147483648                             {manageable} {ergonomic}
     bool UseCompressedClassPointers               = true                           {product lp64_product} {ergonomic}
     bool UseCompressedOops                        = true                           {product lp64_product} {ergonomic}
     bool UseG1GC                                  = true                                      {product} {ergonomic}
     bool UseLargePagesIndividualAllocation        = false                                  {pd product} {ergonomic}

Logging:
Log output configuration:
 #0: stdout all=warning uptime,level,tags
 #1: stderr all=off uptime,level,tags

Environment Variables:
JAVA_HOME=C:\Program Files\Java\jdk-19
PATH=C:\Program Files\Common Files\Oracle\Java\javapath;C:\WINDOWS\system32;C:\WINDOWS;C:\WINDOWS\System32\Wbem;C:\WINDOWS\System32\WindowsPowerShell\v1.0\;C:\WINDOWS\System32\OpenSSH\;C:\Program Files (x86)\MySQL\MySQL Server 5.1\bin;C:\Program Files\Java\jdk-19\bin;C:\Users\hema\AppData\Local\Microsoft\WindowsApps;
USERNAME=hema
OS=Windows_NT
PROCESSOR_IDENTIFIER=Intel64 Family 6 Model 140 Stepping 1, GenuineIntel
TMP=C:\Users\hema\AppData\Local\Temp
TEMP=C:\Users\hema\AppData\Local\Temp


JNI global refs:
JNI global refs: 25, weak refs: 3

JNI global refs memory usage: 843, weak refs: 841


---------------  S Y S T E M  ---------------

OS:
 Windows 11 , 64 bit Build 22621 (10.0.22621.1928)
OS uptime: 6 days 20:19 hours

CPU: total 8 (initial active 8) (4 cores per cpu, 2 threads per core) family 6 model 140 stepping 1 microcode 0x9a, cx8, cmov, fxsr, ht, mmx, 3dnowpref, sse, sse2, sse3, ssse3, sse4.1, sse4.2, popcnt, lzcnt, tsc, tscinvbit, avx, avx2, aes, erms, clmul, bmi1, bmi2, adx, avx512f, avx512dq, avx512cd, avx512bw, avx512vl, sha, fma, vzeroupper, avx512_vpopcntdq, avx512_vpclmulqdq, avx512_vaes, avx512_vnni, clflush, clflushopt, clwb, avx512_vbmi2, avx512_vbmi

Memory: 4k page, system-wide physical 7834M (451M free)
TotalPageFile size 9882M (AvailPageFile size 5M)
current process WorkingSet (physical memory assigned to process): 317M, peak: 323M
current process commit charge ("private bytes"): 356M, peak: 360M

vm_info: OpenJDK 64-Bit Server VM (17.0.6+0-b2043.56-10027231) for windows-amd64 JRE (17.0.6+0-b2043.56-10027231), built on Apr 28 2023 00:43:19 by "androidbuild" with MS VC++ 16.10 / 16.11 (VS2019)

END.
