#
# There is insufficient memory for the Java Runtime Environment to continue.
# Native memory allocation (mmap) failed to map 251658240 bytes for G1 virtual space
# Possible reasons:
#   The system is out of physical RAM or swap space
#   The process is running with CompressedOops enabled, and the Java Heap may be blocking the growth of the native heap
# Possible solutions:
#   Reduce memory load on the system
#   Increase physical memory or swap space
#   Check if swap backing store is full
#   Decrease Java heap size (-Xmx/-Xms)
#   Decrease number of Java threads
#   Decrease Java thread stack sizes (-Xss)
#   Set larger code cache with -XX:ReservedCodeCacheSize=
#   JVM is running with Unscaled Compressed Oops mode in which the Java heap is
#     placed in the first 4GB address space. The Java Heap base address is the
#     maximum limit for the native heap growth. Please use -XX:HeapBaseMinAddress
#     to set the Java Heap base and to place the Java Heap above 4GB virtual address.
# This output file may be truncated or incomplete.
#
#  Out of Memory Error (os_windows.cpp:3769), pid=13668, tid=6752
#
# JRE version: OpenJDK Runtime Environment (17.0.6) (build 17.0.6+0-b2043.56-10027231)
# Java VM: OpenJDK 64-Bit Server VM (17.0.6+0-b2043.56-10027231, mixed mode, tiered, compressed oops, compressed class ptrs, g1 gc, windows-amd64)
# No core dump will be written. Minidumps are not enabled by default on client versions of Windows
#

---------------  S U M M A R Y ------------

Command Line: --add-opens=java.base/java.util=ALL-UNNAMED --add-opens=java.base/java.lang=ALL-UNNAMED --add-opens=java.base/java.lang.invoke=ALL-UNNAMED --add-opens=java.prefs/java.util.prefs=ALL-UNNAMED --add-opens=java.base/java.nio.charset=ALL-UNNAMED --add-opens=java.base/java.net=ALL-UNNAMED --add-opens=java.base/java.util.concurrent.atomic=ALL-UNNAMED -Xmx2048m -Dfile.encoding=UTF-8 -Duser.country=IN -Duser.language=en -Duser.variant org.gradle.launcher.daemon.bootstrap.GradleDaemon 8.0

Host: 11th Gen Intel(R) Core(TM) i5-1135G7 @ 2.40GHz, 8 cores, 7G,  Windows 11 , 64 bit Build 22621 (10.0.22621.1928)
Time: Fri Aug  4 10:20:55 2023 India Standard Time elapsed time: 8.980705 seconds (0d 0h 0m 8s)

---------------  T H R E A D  ---------------

Current thread (0x000002eceac4b680):  VMThread "VM Thread" [stack: 0x000000f8ee300000,0x000000f8ee400000] [id=6752]

Stack: [0x000000f8ee300000,0x000000f8ee400000]
Native frames: (J=compiled Java code, j=interpreted, Vv=VM code, C=native code)
V  [jvm.dll+0x683c9a]
V  [jvm.dll+0x8427a4]
V  [jvm.dll+0x843f9e]
V  [jvm.dll+0x844603]
V  [jvm.dll+0x249b75]
V  [jvm.dll+0x680b69]
V  [jvm.dll+0x67505a]
V  [jvm.dll+0x309acb]
V  [jvm.dll+0x310f86]
V  [jvm.dll+0x3608ee]
V  [jvm.dll+0x360b1f]
V  [jvm.dll+0x2dfbf8]
V  [jvm.dll+0x2ddec4]
V  [jvm.dll+0x2dd4cc]
V  [jvm.dll+0x321f3b]
V  [jvm.dll+0x848ccb]
V  [jvm.dll+0x849a04]
V  [jvm.dll+0x849f1d]
V  [jvm.dll+0x84a2f4]
V  [jvm.dll+0x84a3c0]
V  [jvm.dll+0x7f274a]
V  [jvm.dll+0x682ad5]
C  [ucrtbase.dll+0x29363]
C  [KERNEL32.DLL+0x126ad]
C  [ntdll.dll+0x5aa68]

VM_Operation (0x000000f8efcf8f80): G1CollectForAllocation, mode: safepoint, requested by thread 0x000002eced359540


---------------  P R O C E S S  ---------------

Threads class SMR info:
_java_thread_list=0x000002ecef348970, length=136, elements={
0x000002ecd0df8cb0, 0x000002eceb815270, 0x000002eceb819e30, 0x000002eceb833010,
0x000002eceb833bc0, 0x000002eceb834670, 0x000002eceb835020, 0x000002eceb835d00,
0x000002eceb8367a0, 0x000002eceb843f00, 0x000002eceb9c59b0, 0x000002eceb9c9af0,
0x000002ecebac4080, 0x000002ececeaec10, 0x000002ecee381890, 0x000002eced2500d0,
0x000002ececcb27f0, 0x000002ecee8b6730, 0x000002eced359070, 0x000002eced359540,
0x000002ecee6a15e0, 0x000002ecee6a2df0, 0x000002ecee6a02a0, 0x000002ecee6a2920,
0x000002ecee6a1ab0, 0x000002ecee6a0c40, 0x000002ecee6a3790, 0x000002ecee6a32c0,
0x000002ecee6a0770, 0x000002ecee6a3c60, 0x000002ecee6a1110, 0x000002ecee6a2450,
0x000002ecee6a1f80, 0x000002ecef50cf20, 0x000002ecef508bc0, 0x000002ecef50c0b0,
0x000002ecef5086f0, 0x000002ecef50b240, 0x000002ecef50ad70, 0x000002ecef507d50,
0x000002ecef50ca50, 0x000002ecef509a30, 0x000002ecef506ee0, 0x000002ecef50a3d0,
0x000002ecef509090, 0x000002ecef50a8a0, 0x000002ecef50b710, 0x000002ecef50bbe0,
0x000002ecef506a10, 0x000002ecef505ba0, 0x000002ecef506070, 0x000002ecef506540,
0x000002ecef5073b0, 0x000002ecf3171ca0, 0x000002ecf316ffc0, 0x000002ecf31717d0,
0x000002ecf3171300, 0x000002ecf3172640, 0x000002ecf3172b10, 0x000002ecf3172170,
0x000002ecf3172fe0, 0x000002ecf316f620, 0x000002ecf316faf0, 0x000002ecf3170490,
0x000002ecf3170960, 0x000002ecf3170e30, 0x000002ecf1102080, 0x000002ecf1104700,
0x000002ecf11050a0, 0x000002ecf1101bb0, 0x000002ecf1104bd0, 0x000002ecf1102a20,
0x000002ecf11033c0, 0x000002ecf1109400, 0x000002ecf1107250, 0x000002ecf1102ef0,
0x000002ecf1103890, 0x000002ecf1107bf0, 0x000002ecf1105f10, 0x000002ecf1107720,
0x000002ecf1105a40, 0x000002ecf1102550, 0x000002ecf1103d60, 0x000002ecf1108590,
0x000002ecf1104230, 0x000002ecf11080c0, 0x000002ecf1105570, 0x000002ecf1108a60,
0x000002ecf11063e0, 0x000002ecf11068b0, 0x000002ecf1106d80, 0x000002ecf1108f30,
0x000002ecf0f8c7f0, 0x000002ecf0f8d660, 0x000002ecf0f8f810, 0x000002ecf0f88960,
0x000002ecf0f8e4d0, 0x000002ecf0f89300, 0x000002ecf0f8db30, 0x000002ecf0f8b4b0,
0x000002ecf0f8ccc0, 0x000002ecf0f8b980, 0x000002ecf0f8d190, 0x000002ecf0f8ee70,
0x000002ecf0f8fce0, 0x000002ecf0f8be50, 0x000002ecf0f8c320, 0x000002ecf0f901b0,
0x000002ecf0f8e000, 0x000002ecf0f8afe0, 0x000002ecf0f88e30, 0x000002ecf0f8f340,
0x000002ecf0f8e9a0, 0x000002ecf0f897d0, 0x000002ecf0f89ca0, 0x000002ecf0f8a640,
0x000002ecf0f8a170, 0x000002ecf0f8ab10, 0x000002ecee360980, 0x000002ecee360e50,
0x000002ecee361320, 0x000002ecee35eca0, 0x000002ecee362190, 0x000002ecee363000,
0x000002ecee3617f0, 0x000002ecee362660, 0x000002ecee366020, 0x000002ecee364340,
0x000002ecee364810, 0x000002ecee35ffe0, 0x000002ecee364ce0, 0x000002ecee3651b0,
0x000002ecee35fb10, 0x000002ecee365680, 0x000002ecee35f170, 0x000002ecee365b50
}

Java Threads: ( => current thread )
  0x000002ecd0df8cb0 JavaThread "main" [_thread_blocked, id=26712, stack(0x000000f8edd00000,0x000000f8ede00000)]
  0x000002eceb815270 JavaThread "Reference Handler" daemon [_thread_blocked, id=18248, stack(0x000000f8ee400000,0x000000f8ee500000)]
  0x000002eceb819e30 JavaThread "Finalizer" daemon [_thread_blocked, id=27032, stack(0x000000f8ee500000,0x000000f8ee600000)]
  0x000002eceb833010 JavaThread "Signal Dispatcher" daemon [_thread_blocked, id=28596, stack(0x000000f8ee600000,0x000000f8ee700000)]
  0x000002eceb833bc0 JavaThread "Attach Listener" daemon [_thread_blocked, id=17816, stack(0x000000f8ee700000,0x000000f8ee800000)]
  0x000002eceb834670 JavaThread "Service Thread" daemon [_thread_blocked, id=6236, stack(0x000000f8ee800000,0x000000f8ee900000)]
  0x000002eceb835020 JavaThread "Monitor Deflation Thread" daemon [_thread_blocked, id=26772, stack(0x000000f8ee900000,0x000000f8eea00000)]
  0x000002eceb835d00 JavaThread "C2 CompilerThread0" daemon [_thread_blocked, id=17136, stack(0x000000f8eea00000,0x000000f8eeb00000)]
  0x000002eceb8367a0 JavaThread "C1 CompilerThread0" daemon [_thread_blocked, id=15092, stack(0x000000f8eeb00000,0x000000f8eec00000)]
  0x000002eceb843f00 JavaThread "Sweeper thread" daemon [_thread_blocked, id=10792, stack(0x000000f8eec00000,0x000000f8eed00000)]
  0x000002eceb9c59b0 JavaThread "Common-Cleaner" daemon [_thread_blocked, id=9568, stack(0x000000f8eed00000,0x000000f8eee00000)]
  0x000002eceb9c9af0 JavaThread "Notification Thread" daemon [_thread_blocked, id=6384, stack(0x000000f8eee00000,0x000000f8eef00000)]
  0x000002ecebac4080 JavaThread "C2 CompilerThread1" daemon [_thread_blocked, id=3152, stack(0x000000f8ef000000,0x000000f8ef100000)]
  0x000002ececeaec10 JavaThread "Daemon health stats" [_thread_blocked, id=24080, stack(0x000000f8ef600000,0x000000f8ef700000)]
  0x000002ecee381890 JavaThread "Incoming local TCP Connector on port 55341" [_thread_in_native, id=7840, stack(0x000000f8ef700000,0x000000f8ef800000)]
  0x000002eced2500d0 JavaThread "Daemon periodic checks" [_thread_blocked, id=23848, stack(0x000000f8ef800000,0x000000f8ef900000)]
  0x000002ececcb27f0 JavaThread "Daemon" [_thread_blocked, id=22396, stack(0x000000f8ef900000,0x000000f8efa00000)]
  0x000002ecee8b6730 JavaThread "Handler for socket connection from /127.0.0.1:55341 to /127.0.0.1:55342" [_thread_in_native, id=12948, stack(0x000000f8efa00000,0x000000f8efb00000)]
  0x000002eced359070 JavaThread "Cancel handler" [_thread_blocked, id=15504, stack(0x000000f8efb00000,0x000000f8efc00000)]
  0x000002eced359540 JavaThread "Daemon worker" [_thread_blocked, id=28212, stack(0x000000f8efc00000,0x000000f8efd00000)]
  0x000002ecee6a15e0 JavaThread "Asynchronous log dispatcher for DefaultDaemonConnection: socket connection from /127.0.0.1:55341 to /127.0.0.1:55342" [_thread_blocked, id=27764, stack(0x000000f8efd00000,0x000000f8efe00000)]
  0x000002ecee6a2df0 JavaThread "Stdin handler" [_thread_blocked, id=23964, stack(0x000000f8efe00000,0x000000f8eff00000)]
  0x000002ecee6a02a0 JavaThread "Daemon client event forwarder" [_thread_blocked, id=29176, stack(0x000000f8eff00000,0x000000f8f0000000)]
  0x000002ecee6a2920 JavaThread "Cache worker for journal cache (C:\Users\hema\.gradle\caches\journal-1)" [_thread_blocked, id=12332, stack(0x000000f8f0400000,0x000000f8f0500000)]
  0x000002ecee6a1ab0 JavaThread "File lock request listener" [_thread_in_native, id=9948, stack(0x000000f8f0500000,0x000000f8f0600000)]
  0x000002ecee6a0c40 JavaThread "Cache worker for file hash cache (C:\Users\hema\.gradle\caches\8.0\fileHashes)" [_thread_blocked, id=28592, stack(0x000000f8f0600000,0x000000f8f0700000)]
  0x000002ecee6a3790 JavaThread "File watcher server" daemon [_thread_in_native, id=14600, stack(0x000000f8f0700000,0x000000f8f0800000)]
  0x000002ecee6a32c0 JavaThread "File watcher consumer" daemon [_thread_blocked, id=30056, stack(0x000000f8f0800000,0x000000f8f0900000)]
  0x000002ecee6a0770 JavaThread "jar transforms" [_thread_blocked, id=6788, stack(0x000000f8f0900000,0x000000f8f0a00000)]
  0x000002ecee6a3c60 JavaThread "jar transforms Thread 2" [_thread_blocked, id=29060, stack(0x000000f8f0a00000,0x000000f8f0b00000)]
  0x000002ecee6a1110 JavaThread "jar transforms Thread 3" [_thread_blocked, id=27048, stack(0x000000f8f0b00000,0x000000f8f0c00000)]
  0x000002ecee6a2450 JavaThread "jar transforms Thread 4" [_thread_blocked, id=29116, stack(0x000000f8f0c00000,0x000000f8f0d00000)]
  0x000002ecee6a1f80 JavaThread "jar transforms Thread 5" [_thread_blocked, id=3624, stack(0x000000f8f0d00000,0x000000f8f0e00000)]
  0x000002ecef50cf20 JavaThread "jar transforms Thread 6" [_thread_blocked, id=19256, stack(0x000000f8f0e00000,0x000000f8f0f00000)]
  0x000002ecef508bc0 JavaThread "jar transforms Thread 7" [_thread_blocked, id=14888, stack(0x000000f8f0f00000,0x000000f8f1000000)]
  0x000002ecef50c0b0 JavaThread "jar transforms Thread 8" [_thread_blocked, id=29476, stack(0x000000f8f1000000,0x000000f8f1100000)]
  0x000002ecef5086f0 JavaThread "Cache worker for checksums cache (C:\Users\hema\Downloads\SleepTracking Final\SleepTracking\.gradle\8.0\checksums)" [_thread_blocked, id=2296, stack(0x000000f8f1200000,0x000000f8f1300000)]
  0x000002ecef50b240 JavaThread "Cache worker for cache directory md-rule (C:\Users\hema\.gradle\caches\8.0\md-rule)" [_thread_blocked, id=29916, stack(0x000000f8f1300000,0x000000f8f1400000)]
  0x000002ecef50ad70 JavaThread "Cache worker for file content cache (C:\Users\hema\.gradle\caches\8.0\fileContent)" [_thread_blocked, id=8728, stack(0x000000f8f1400000,0x000000f8f1500000)]
  0x000002ecef507d50 JavaThread "Cache worker for file hash cache (C:\Users\hema\Downloads\SleepTracking Final\SleepTracking\.gradle\8.0\fileHashes)" [_thread_blocked, id=30052, stack(0x000000f8f1500000,0x000000f8f1600000)]
  0x000002ecef50ca50 JavaThread "Cache worker for cache directory md-supplier (C:\Users\hema\.gradle\caches\8.0\md-supplier)" [_thread_blocked, id=20556, stack(0x000000f8f1600000,0x000000f8f1700000)]
  0x000002ecef509a30 JavaThread "Cache worker for execution history cache (C:\Users\hema\.gradle\caches\8.0\executionHistory)" [_thread_blocked, id=22512, stack(0x000000f8f1700000,0x000000f8f1800000)]
  0x000002ecef506ee0 JavaThread "Cache worker for kotlin-dsl (C:\Users\hema\.gradle\caches\8.0\kotlin-dsl)" [_thread_blocked, id=29688, stack(0x000000f8f1800000,0x000000f8f1900000)]
  0x000002ecef50a3d0 JavaThread "Cache worker for dependencies-accessors (C:\Users\hema\Downloads\SleepTracking Final\SleepTracking\.gradle\8.0\dependencies-accessors)" [_thread_blocked, id=11096, stack(0x000000f8f1900000,0x000000f8f1a00000)]
  0x000002ecef509090 JavaThread "Cache worker for Build Output Cleanup Cache (C:\Users\hema\Downloads\SleepTracking Final\SleepTracking\.gradle\buildOutputCleanup)" [_thread_blocked, id=26776, stack(0x000000f8f1a00000,0x000000f8f1b00000)]
  0x000002ecef50a8a0 JavaThread "Unconstrained build operations" [_thread_blocked, id=11384, stack(0x000000f8f1b00000,0x000000f8f1c00000)]
  0x000002ecef50b710 JavaThread "Unconstrained build operations Thread 2" [_thread_blocked, id=30352, stack(0x000000f8f1c00000,0x000000f8f1d00000)]
  0x000002ecef50bbe0 JavaThread "Unconstrained build operations Thread 3" [_thread_blocked, id=25032, stack(0x000000f8f1d00000,0x000000f8f1e00000)]
  0x000002ecef506a10 JavaThread "Unconstrained build operations Thread 4" [_thread_blocked, id=23940, stack(0x000000f8f1e00000,0x000000f8f1f00000)]
  0x000002ecef505ba0 JavaThread "Unconstrained build operations Thread 5" [_thread_blocked, id=29784, stack(0x000000f8f1f00000,0x000000f8f2000000)]
  0x000002ecef506070 JavaThread "Unconstrained build operations Thread 6" [_thread_blocked, id=29768, stack(0x000000f8f2000000,0x000000f8f2100000)]
  0x000002ecef506540 JavaThread "Unconstrained build operations Thread 7" [_thread_blocked, id=25012, stack(0x000000f8f2100000,0x000000f8f2200000)]
  0x000002ecef5073b0 JavaThread "Unconstrained build operations Thread 8" [_thread_blocked, id=22032, stack(0x000000f8f2200000,0x000000f8f2300000)]
  0x000002ecf3171ca0 JavaThread "Unconstrained build operations Thread 9" [_thread_blocked, id=17536, stack(0x000000f8f2300000,0x000000f8f2400000)]
  0x000002ecf316ffc0 JavaThread "Unconstrained build operations Thread 10" [_thread_blocked, id=7304, stack(0x000000f8f2400000,0x000000f8f2500000)]
  0x000002ecf31717d0 JavaThread "Unconstrained build operations Thread 11" [_thread_blocked, id=25272, stack(0x000000f8f2500000,0x000000f8f2600000)]
  0x000002ecf3171300 JavaThread "Unconstrained build operations Thread 12" [_thread_blocked, id=23516, stack(0x000000f8f2600000,0x000000f8f2700000)]
  0x000002ecf3172640 JavaThread "Unconstrained build operations Thread 13" [_thread_blocked, id=19264, stack(0x000000f8f2700000,0x000000f8f2800000)]
  0x000002ecf3172b10 JavaThread "Unconstrained build operations Thread 14" [_thread_blocked, id=24312, stack(0x000000f8f2800000,0x000000f8f2900000)]
  0x000002ecf3172170 JavaThread "Unconstrained build operations Thread 15" [_thread_blocked, id=20544, stack(0x000000f8f2900000,0x000000f8f2a00000)]
  0x000002ecf3172fe0 JavaThread "Unconstrained build operations Thread 16" [_thread_blocked, id=27928, stack(0x000000f8f2a00000,0x000000f8f2b00000)]
  0x000002ecf316f620 JavaThread "Unconstrained build operations Thread 17" [_thread_blocked, id=12248, stack(0x000000f8f2b00000,0x000000f8f2c00000)]
  0x000002ecf316faf0 JavaThread "Unconstrained build operations Thread 18" [_thread_blocked, id=3156, stack(0x000000f8f2c00000,0x000000f8f2d00000)]
  0x000002ecf3170490 JavaThread "Unconstrained build operations Thread 19" [_thread_blocked, id=28716, stack(0x000000f8f2d00000,0x000000f8f2e00000)]
  0x000002ecf3170960 JavaThread "Unconstrained build operations Thread 20" [_thread_blocked, id=21800, stack(0x000000f8f2e00000,0x000000f8f2f00000)]
  0x000002ecf3170e30 JavaThread "Unconstrained build operations Thread 21" [_thread_blocked, id=28272, stack(0x000000f8f2f00000,0x000000f8f3000000)]
  0x000002ecf1102080 JavaThread "Unconstrained build operations Thread 22" [_thread_blocked, id=8708, stack(0x000000f8f3000000,0x000000f8f3100000)]
  0x000002ecf1104700 JavaThread "Unconstrained build operations Thread 23" [_thread_blocked, id=23228, stack(0x000000f8f3100000,0x000000f8f3200000)]
  0x000002ecf11050a0 JavaThread "Unconstrained build operations Thread 24" [_thread_blocked, id=18600, stack(0x000000f8f3200000,0x000000f8f3300000)]
  0x000002ecf1101bb0 JavaThread "Unconstrained build operations Thread 25" [_thread_blocked, id=17564, stack(0x000000f8f3300000,0x000000f8f3400000)]
  0x000002ecf1104bd0 JavaThread "Unconstrained build operations Thread 26" [_thread_blocked, id=27980, stack(0x000000f8f3400000,0x000000f8f3500000)]
  0x000002ecf1102a20 JavaThread "Unconstrained build operations Thread 27" [_thread_blocked, id=15648, stack(0x000000f8f3500000,0x000000f8f3600000)]
  0x000002ecf11033c0 JavaThread "Unconstrained build operations Thread 28" [_thread_blocked, id=5232, stack(0x000000f8f3600000,0x000000f8f3700000)]
  0x000002ecf1109400 JavaThread "Unconstrained build operations Thread 29" [_thread_blocked, id=26548, stack(0x000000f8f3700000,0x000000f8f3800000)]
  0x000002ecf1107250 JavaThread "Unconstrained build operations Thread 30" [_thread_blocked, id=21600, stack(0x000000f8f3800000,0x000000f8f3900000)]
  0x000002ecf1102ef0 JavaThread "Unconstrained build operations Thread 31" [_thread_blocked, id=15200, stack(0x000000f8f3900000,0x000000f8f3a00000)]
  0x000002ecf1103890 JavaThread "Unconstrained build operations Thread 32" [_thread_blocked, id=25852, stack(0x000000f8f3a00000,0x000000f8f3b00000)]
  0x000002ecf1107bf0 JavaThread "Unconstrained build operations Thread 33" [_thread_blocked, id=14640, stack(0x000000f8f3b00000,0x000000f8f3c00000)]
  0x000002ecf1105f10 JavaThread "Unconstrained build operations Thread 34" [_thread_blocked, id=13236, stack(0x000000f8f3c00000,0x000000f8f3d00000)]
  0x000002ecf1107720 JavaThread "Unconstrained build operations Thread 35" [_thread_blocked, id=5832, stack(0x000000f8f3d00000,0x000000f8f3e00000)]
  0x000002ecf1105a40 JavaThread "Unconstrained build operations Thread 36" [_thread_blocked, id=7316, stack(0x000000f8f3e00000,0x000000f8f3f00000)]
  0x000002ecf1102550 JavaThread "Unconstrained build operations Thread 37" [_thread_blocked, id=10672, stack(0x000000f8f3f00000,0x000000f8f4000000)]
  0x000002ecf1103d60 JavaThread "Unconstrained build operations Thread 38" [_thread_blocked, id=7808, stack(0x000000f8f4000000,0x000000f8f4100000)]
  0x000002ecf1108590 JavaThread "Unconstrained build operations Thread 39" [_thread_blocked, id=12240, stack(0x000000f8f4100000,0x000000f8f4200000)]
  0x000002ecf1104230 JavaThread "Unconstrained build operations Thread 40" [_thread_blocked, id=30124, stack(0x000000f8f4200000,0x000000f8f4300000)]
  0x000002ecf11080c0 JavaThread "Unconstrained build operations Thread 41" [_thread_blocked, id=3776, stack(0x000000f8f4300000,0x000000f8f4400000)]
  0x000002ecf1105570 JavaThread "Unconstrained build operations Thread 42" [_thread_blocked, id=28604, stack(0x000000f8f4400000,0x000000f8f4500000)]
  0x000002ecf1108a60 JavaThread "Unconstrained build operations Thread 43" [_thread_blocked, id=8536, stack(0x000000f8f4500000,0x000000f8f4600000)]
  0x000002ecf11063e0 JavaThread "Unconstrained build operations Thread 44" [_thread_blocked, id=5816, stack(0x000000f8f4600000,0x000000f8f4700000)]
  0x000002ecf11068b0 JavaThread "Unconstrained build operations Thread 45" [_thread_blocked, id=11756, stack(0x000000f8f4700000,0x000000f8f4800000)]
  0x000002ecf1106d80 JavaThread "Unconstrained build operations Thread 46" [_thread_blocked, id=10956, stack(0x000000f8f4800000,0x000000f8f4900000)]
  0x000002ecf1108f30 JavaThread "Unconstrained build operations Thread 47" [_thread_blocked, id=14064, stack(0x000000f8f4900000,0x000000f8f4a00000)]
  0x000002ecf0f8c7f0 JavaThread "Unconstrained build operations Thread 48" [_thread_blocked, id=24560, stack(0x000000f8f4a00000,0x000000f8f4b00000)]
  0x000002ecf0f8d660 JavaThread "Unconstrained build operations Thread 49" [_thread_blocked, id=2672, stack(0x000000f8f4b00000,0x000000f8f4c00000)]
  0x000002ecf0f8f810 JavaThread "Unconstrained build operations Thread 50" [_thread_blocked, id=27116, stack(0x000000f8f4c00000,0x000000f8f4d00000)]
  0x000002ecf0f88960 JavaThread "Unconstrained build operations Thread 51" [_thread_blocked, id=1684, stack(0x000000f8f4d00000,0x000000f8f4e00000)]
  0x000002ecf0f8e4d0 JavaThread "Unconstrained build operations Thread 52" [_thread_blocked, id=9448, stack(0x000000f8f4e00000,0x000000f8f4f00000)]
  0x000002ecf0f89300 JavaThread "Unconstrained build operations Thread 53" [_thread_blocked, id=30420, stack(0x000000f8f4f00000,0x000000f8f5000000)]
  0x000002ecf0f8db30 JavaThread "Unconstrained build operations Thread 54" [_thread_blocked, id=4244, stack(0x000000f8f5000000,0x000000f8f5100000)]
  0x000002ecf0f8b4b0 JavaThread "Unconstrained build operations Thread 55" [_thread_blocked, id=1440, stack(0x000000f8f5100000,0x000000f8f5200000)]
  0x000002ecf0f8ccc0 JavaThread "Unconstrained build operations Thread 56" [_thread_blocked, id=19532, stack(0x000000f8f5200000,0x000000f8f5300000)]
  0x000002ecf0f8b980 JavaThread "Unconstrained build operations Thread 57" [_thread_blocked, id=2560, stack(0x000000f8f5300000,0x000000f8f5400000)]
  0x000002ecf0f8d190 JavaThread "Unconstrained build operations Thread 58" [_thread_blocked, id=3192, stack(0x000000f8f5400000,0x000000f8f5500000)]
  0x000002ecf0f8ee70 JavaThread "Unconstrained build operations Thread 59" [_thread_blocked, id=9740, stack(0x000000f8f5500000,0x000000f8f5600000)]
  0x000002ecf0f8fce0 JavaThread "Unconstrained build operations Thread 60" [_thread_blocked, id=29676, stack(0x000000f8f5600000,0x000000f8f5700000)]
  0x000002ecf0f8be50 JavaThread "Unconstrained build operations Thread 61" [_thread_blocked, id=30184, stack(0x000000f8f5700000,0x000000f8f5800000)]
  0x000002ecf0f8c320 JavaThread "Unconstrained build operations Thread 62" [_thread_blocked, id=15928, stack(0x000000f8f5800000,0x000000f8f5900000)]
  0x000002ecf0f901b0 JavaThread "Unconstrained build operations Thread 63" [_thread_blocked, id=19092, stack(0x000000f8f5900000,0x000000f8f5a00000)]
  0x000002ecf0f8e000 JavaThread "Unconstrained build operations Thread 64" [_thread_blocked, id=25504, stack(0x000000f8f5a00000,0x000000f8f5b00000)]
  0x000002ecf0f8afe0 JavaThread "Unconstrained build operations Thread 65" [_thread_blocked, id=1680, stack(0x000000f8f5b00000,0x000000f8f5c00000)]
  0x000002ecf0f88e30 JavaThread "Unconstrained build operations Thread 66" [_thread_blocked, id=17952, stack(0x000000f8f5c00000,0x000000f8f5d00000)]
  0x000002ecf0f8f340 JavaThread "Unconstrained build operations Thread 67" [_thread_blocked, id=21368, stack(0x000000f8f5d00000,0x000000f8f5e00000)]
  0x000002ecf0f8e9a0 JavaThread "Unconstrained build operations Thread 68" [_thread_blocked, id=27420, stack(0x000000f8f5e00000,0x000000f8f5f00000)]
  0x000002ecf0f897d0 JavaThread "Unconstrained build operations Thread 69" [_thread_blocked, id=21076, stack(0x000000f8f5f00000,0x000000f8f6000000)]
  0x000002ecf0f89ca0 JavaThread "Unconstrained build operations Thread 70" [_thread_blocked, id=29492, stack(0x000000f8f6000000,0x000000f8f6100000)]
  0x000002ecf0f8a640 JavaThread "Unconstrained build operations Thread 71" [_thread_blocked, id=21448, stack(0x000000f8f6100000,0x000000f8f6200000)]
  0x000002ecf0f8a170 JavaThread "Unconstrained build operations Thread 72" [_thread_blocked, id=19304, stack(0x000000f8f6200000,0x000000f8f6300000)]
  0x000002ecf0f8ab10 JavaThread "Unconstrained build operations Thread 73" [_thread_blocked, id=11996, stack(0x000000f8f6300000,0x000000f8f6400000)]
  0x000002ecee360980 JavaThread "Unconstrained build operations Thread 74" [_thread_blocked, id=14960, stack(0x000000f8f6400000,0x000000f8f6500000)]
  0x000002ecee360e50 JavaThread "Unconstrained build operations Thread 75" [_thread_blocked, id=30508, stack(0x000000f8f6500000,0x000000f8f6600000)]
  0x000002ecee361320 JavaThread "Unconstrained build operations Thread 76" [_thread_blocked, id=16344, stack(0x000000f8f6600000,0x000000f8f6700000)]
  0x000002ecee35eca0 JavaThread "Unconstrained build operations Thread 77" [_thread_blocked, id=29348, stack(0x000000f8f6700000,0x000000f8f6800000)]
  0x000002ecee362190 JavaThread "Unconstrained build operations Thread 78" [_thread_blocked, id=19756, stack(0x000000f8f6800000,0x000000f8f6900000)]
  0x000002ecee363000 JavaThread "Unconstrained build operations Thread 79" [_thread_blocked, id=27292, stack(0x000000f8f6900000,0x000000f8f6a00000)]
  0x000002ecee3617f0 JavaThread "Unconstrained build operations Thread 80" [_thread_blocked, id=18944, stack(0x000000f8f6a00000,0x000000f8f6b00000)]
  0x000002ecee362660 JavaThread "Memory manager" [_thread_blocked, id=3652, stack(0x000000f8f6b00000,0x000000f8f6c00000)]
  0x000002ecee366020 JavaThread "included builds" [_thread_blocked, id=29076, stack(0x000000f8ef100000,0x000000f8ef200000)]
  0x000002ecee364340 JavaThread "Execution worker" [_thread_blocked, id=13300, stack(0x000000f8f6c00000,0x000000f8f6d00000)]
  0x000002ecee364810 JavaThread "Execution worker Thread 2" [_thread_blocked, id=14372, stack(0x000000f8f6d00000,0x000000f8f6e00000)]
  0x000002ecee35ffe0 JavaThread "Execution worker Thread 3" [_thread_blocked, id=22264, stack(0x000000f8f6e00000,0x000000f8f6f00000)]
  0x000002ecee364ce0 JavaThread "Execution worker Thread 4" [_thread_blocked, id=29796, stack(0x000000f8f6f00000,0x000000f8f7000000)]
  0x000002ecee3651b0 JavaThread "Execution worker Thread 5" [_thread_blocked, id=29488, stack(0x000000f8f7000000,0x000000f8f7100000)]
  0x000002ecee35fb10 JavaThread "Execution worker Thread 6" [_thread_blocked, id=15696, stack(0x000000f8f7100000,0x000000f8f7200000)]
  0x000002ecee365680 JavaThread "Execution worker Thread 7" [_thread_blocked, id=9564, stack(0x000000f8f7200000,0x000000f8f7300000)]
  0x000002ecee35f170 JavaThread "Cache worker for execution history cache (C:\Users\hema\Downloads\SleepTracking Final\SleepTracking\.gradle\8.0\executionHistory)" [_thread_blocked, id=29404, stack(0x000000f8f7300000,0x000000f8f7400000)]
  0x000002ecee365b50 JavaThread "idea-tooling-model-converter" [_thread_blocked, id=27416, stack(0x000000f8f7400000,0x000000f8f7500000)]

Other Threads:
=>0x000002eceac4b680 VMThread "VM Thread" [stack: 0x000000f8ee300000,0x000000f8ee400000] [id=6752]
  0x000002eceac6ed10 WatcherThread [stack: 0x000000f8eef00000,0x000000f8ef000000] [id=30684]
  0x000002ecd0e528e0 GCTaskThread "GC Thread#0" [stack: 0x000000f8ede00000,0x000000f8edf00000] [id=27012]
  0x000002ececcb53c0 GCTaskThread "GC Thread#1" [stack: 0x000000f8ef200000,0x000000f8ef300000] [id=2348]
  0x000002ecebaf9a90 GCTaskThread "GC Thread#2" [stack: 0x000000f8ef300000,0x000000f8ef400000] [id=30196]
  0x000002ecec3f8ae0 GCTaskThread "GC Thread#3" [stack: 0x000000f8ef400000,0x000000f8ef500000] [id=24716]
  0x000002ececf51e40 GCTaskThread "GC Thread#4" [stack: 0x000000f8ef500000,0x000000f8ef600000] [id=23908]
  0x000002ecebcaf190 GCTaskThread "GC Thread#5" [stack: 0x000000f8f0000000,0x000000f8f0100000] [id=30264]
  0x000002ecebcaf440 GCTaskThread "GC Thread#6" [stack: 0x000000f8f0100000,0x000000f8f0200000] [id=15032]
  0x000002ecebcaf900 GCTaskThread "GC Thread#7" [stack: 0x000000f8f0200000,0x000000f8f0300000] [id=13916]
  0x000002ecd0e63820 ConcurrentGCThread "G1 Main Marker" [stack: 0x000000f8edf00000,0x000000f8ee000000] [id=29256]
  0x000002ecd0e64390 ConcurrentGCThread "G1 Conc#0" [stack: 0x000000f8ee000000,0x000000f8ee100000] [id=25636]
  0x000002ecebe4f5a0 ConcurrentGCThread "G1 Conc#1" [stack: 0x000000f8f0300000,0x000000f8f0400000] [id=8136]
  0x000002ecd0ebe2f0 ConcurrentGCThread "G1 Refine#0" [stack: 0x000000f8ee100000,0x000000f8ee200000] [id=29804]
  0x000002ecf0db5ed0 ConcurrentGCThread "G1 Refine#1" [stack: 0x000000f8f1100000,0x000000f8f1200000] [id=26380]
  0x000002eceaaa44d0 ConcurrentGCThread "G1 Service" [stack: 0x000000f8ee200000,0x000000f8ee300000] [id=10108]

Threads with active compile tasks:
C1 CompilerThread0     8996 9271       3       org.jetbrains.plugins.gradle.model.DefaultExternalLibraryDependency::hashCode (28 bytes)
C2 CompilerThread1     8996 9230       4       com.esotericsoftware.kryo.io.Output::writeUtf8Length (405 bytes)

VM state: at safepoint (normal execution)

VM Mutex/Monitor currently owned by a thread:  ([mutex/lock_event])
[0x000002ecceceb460] Threads_lock - owner thread: 0x000002eceac4b680
[0x000002ecceceabf0] Heap_lock - owner thread: 0x000002eced359540

Heap address: 0x0000000080000000, size: 2048 MB, Compressed Oops mode: 32-bit

CDS archive(s) not mapped
Compressed class space mapped at: 0x0000000100000000-0x0000000140000000, reserved size: 1073741824
Narrow klass base: 0x0000000000000000, Narrow klass shift: 3, Narrow klass range: 0x140000000

GC Precious Log:
 CPUs: 8 total, 8 available
 Memory: 7834M
 Large Page Support: Disabled
 NUMA Support: Disabled
 Compressed Oops: Enabled (32-bit)
 Heap Region Size: 1M
 Heap Min Capacity: 8M
 Heap Initial Capacity: 124M
 Heap Max Capacity: 2G
 Pre-touch: Disabled
 Parallel Workers: 8
 Concurrent Workers: 2
 Concurrent Refinement Workers: 8
 Periodic GC: Disabled

Heap:
 garbage-first heap   total 193536K, used 137243K [0x0000000080000000, 0x0000000100000000)
  region size 1024K, 3 young (3072K), 3 survivors (3072K)
 Metaspace       used 90440K, committed 91072K, reserved 1130496K
  class space    used 12371K, committed 12672K, reserved 1048576K

Heap Regions: E=young(eden), S=young(survivor), O=old, HS=humongous(starts), HC=humongous(continues), CS=collection set, F=free, OA=open archive, CA=closed archive, TAMS=top-at-mark-start (previous, next)
|   0|0x0000000080000000, 0x0000000080100000, 0x0000000080100000|100%|HS|  |TAMS 0x0000000080100000, 0x0000000080000000| Complete 
|   1|0x0000000080100000, 0x0000000080200000, 0x0000000080200000|100%|HC|  |TAMS 0x0000000080200000, 0x0000000080100000| Complete 
|   2|0x0000000080200000, 0x0000000080300000, 0x0000000080300000|100%|HC|  |TAMS 0x0000000080300000, 0x0000000080200000| Complete 
|   3|0x0000000080300000, 0x0000000080400000, 0x0000000080400000|100%|HC|  |TAMS 0x0000000080400000, 0x0000000080300000| Complete 
|   4|0x0000000080400000, 0x0000000080500000, 0x0000000080500000|100%| O|  |TAMS 0x0000000080500000, 0x0000000080400000| Untracked 
|   5|0x0000000080500000, 0x0000000080600000, 0x0000000080600000|100%| O|  |TAMS 0x0000000080600000, 0x0000000080500000| Untracked 
|   6|0x0000000080600000, 0x0000000080700000, 0x0000000080700000|100%| O|  |TAMS 0x0000000080700000, 0x0000000080600000| Untracked 
|   7|0x0000000080700000, 0x0000000080800000, 0x0000000080800000|100%| O|  |TAMS 0x0000000080800000, 0x0000000080700000| Untracked 
|   8|0x0000000080800000, 0x0000000080900000, 0x0000000080900000|100%| O|  |TAMS 0x0000000080900000, 0x0000000080800000| Untracked 
|   9|0x0000000080900000, 0x0000000080a00000, 0x0000000080a00000|100%| O|  |TAMS 0x0000000080a00000, 0x0000000080900000| Untracked 
|  10|0x0000000080a00000, 0x0000000080b00000, 0x0000000080b00000|100%| O|  |TAMS 0x0000000080b00000, 0x0000000080a00000| Untracked 
|  11|0x0000000080b00000, 0x0000000080c00000, 0x0000000080c00000|100%| O|  |TAMS 0x0000000080c00000, 0x0000000080b00000| Untracked 
|  12|0x0000000080c00000, 0x0000000080d00000, 0x0000000080d00000|100%| O|  |TAMS 0x0000000080d00000, 0x0000000080c00000| Untracked 
|  13|0x0000000080d00000, 0x0000000080e00000, 0x0000000080e00000|100%| O|  |TAMS 0x0000000080e00000, 0x0000000080d00000| Untracked 
|  14|0x0000000080e00000, 0x0000000080f00000, 0x0000000080f00000|100%| O|  |TAMS 0x0000000080f00000, 0x0000000080e00000| Untracked 
|  15|0x0000000080f00000, 0x0000000081000000, 0x0000000081000000|100%| O|  |TAMS 0x0000000081000000, 0x0000000080f00000| Untracked 
|  16|0x0000000081000000, 0x0000000081100000, 0x0000000081100000|100%| O|  |TAMS 0x0000000081100000, 0x0000000081000000| Untracked 
|  17|0x0000000081100000, 0x0000000081200000, 0x0000000081200000|100%| O|  |TAMS 0x0000000081200000, 0x0000000081100000| Untracked 
|  18|0x0000000081200000, 0x0000000081300000, 0x0000000081300000|100%| O|  |TAMS 0x0000000081300000, 0x0000000081200000| Untracked 
|  19|0x0000000081300000, 0x0000000081400000, 0x0000000081400000|100%|HS|  |TAMS 0x0000000081400000, 0x0000000081300000| Complete 
|  20|0x0000000081400000, 0x0000000081500000, 0x0000000081500000|100%|HC|  |TAMS 0x0000000081500000, 0x0000000081400000| Complete 
|  21|0x0000000081500000, 0x0000000081600000, 0x0000000081600000|100%|HS|  |TAMS 0x0000000081600000, 0x0000000081500000| Complete 
|  22|0x0000000081600000, 0x0000000081700000, 0x0000000081700000|100%|HC|  |TAMS 0x0000000081700000, 0x0000000081600000| Complete 
|  23|0x0000000081700000, 0x0000000081800000, 0x0000000081800000|100%|HC|  |TAMS 0x0000000081800000, 0x0000000081700000| Complete 
|  24|0x0000000081800000, 0x0000000081900000, 0x0000000081900000|100%| O|  |TAMS 0x0000000081900000, 0x0000000081800000| Untracked 
|  25|0x0000000081900000, 0x0000000081a00000, 0x0000000081a00000|100%| O|  |TAMS 0x0000000081a00000, 0x0000000081900000| Untracked 
|  26|0x0000000081a00000, 0x0000000081b00000, 0x0000000081b00000|100%| O|  |TAMS 0x0000000081b00000, 0x0000000081a00000| Untracked 
|  27|0x0000000081b00000, 0x0000000081c00000, 0x0000000081c00000|100%|HS|  |TAMS 0x0000000081c00000, 0x0000000081b00000| Complete 
|  28|0x0000000081c00000, 0x0000000081d00000, 0x0000000081d00000|100%|HC|  |TAMS 0x0000000081d00000, 0x0000000081c00000| Complete 
|  29|0x0000000081d00000, 0x0000000081e00000, 0x0000000081e00000|100%|HC|  |TAMS 0x0000000081e00000, 0x0000000081d00000| Complete 
|  30|0x0000000081e00000, 0x0000000081f00000, 0x0000000081f00000|100%| O|  |TAMS 0x0000000081f00000, 0x0000000081e00000| Untracked 
|  31|0x0000000081f00000, 0x0000000082000000, 0x0000000082000000|100%| O|  |TAMS 0x0000000082000000, 0x0000000081f00000| Untracked 
|  32|0x0000000082000000, 0x0000000082100000, 0x0000000082100000|100%|HS|  |TAMS 0x0000000082100000, 0x0000000082000000| Complete 
|  33|0x0000000082100000, 0x0000000082200000, 0x0000000082200000|100%|HC|  |TAMS 0x0000000082200000, 0x0000000082100000| Complete 
|  34|0x0000000082200000, 0x0000000082300000, 0x0000000082300000|100%| O|  |TAMS 0x0000000082300000, 0x0000000082200000| Untracked 
|  35|0x0000000082300000, 0x0000000082400000, 0x0000000082400000|100%| O|  |TAMS 0x0000000082400000, 0x0000000082300000| Untracked 
|  36|0x0000000082400000, 0x0000000082500000, 0x0000000082500000|100%| O|  |TAMS 0x0000000082500000, 0x0000000082400000| Untracked 
|  37|0x0000000082500000, 0x0000000082600000, 0x0000000082600000|100%| O|  |TAMS 0x0000000082600000, 0x0000000082500000| Untracked 
|  38|0x0000000082600000, 0x0000000082700000, 0x0000000082700000|100%| O|  |TAMS 0x0000000082700000, 0x0000000082600000| Untracked 
|  39|0x0000000082700000, 0x0000000082800000, 0x0000000082800000|100%| O|  |TAMS 0x0000000082700000, 0x0000000082700000| Untracked 
|  40|0x0000000082800000, 0x0000000082900000, 0x0000000082900000|100%| O|  |TAMS 0x0000000082900000, 0x0000000082800000| Untracked 
|  41|0x0000000082900000, 0x0000000082a00000, 0x0000000082a00000|100%| O|  |TAMS 0x0000000082a00000, 0x0000000082900000| Untracked 
|  42|0x0000000082a00000, 0x0000000082b00000, 0x0000000082b00000|100%| O|  |TAMS 0x0000000082b00000, 0x0000000082a00000| Untracked 
|  43|0x0000000082b00000, 0x0000000082c00000, 0x0000000082c00000|100%| O|  |TAMS 0x0000000082c00000, 0x0000000082b00000| Untracked 
|  44|0x0000000082c00000, 0x0000000082d00000, 0x0000000082d00000|100%| O|  |TAMS 0x0000000082d00000, 0x0000000082c00000| Untracked 
|  45|0x0000000082d00000, 0x0000000082e00000, 0x0000000082e00000|100%|HS|  |TAMS 0x0000000082e00000, 0x0000000082d00000| Complete 
|  46|0x0000000082e00000, 0x0000000082f00000, 0x0000000082f00000|100%|HC|  |TAMS 0x0000000082f00000, 0x0000000082e00000| Complete 
|  47|0x0000000082f00000, 0x0000000083000000, 0x0000000083000000|100%|HC|  |TAMS 0x0000000083000000, 0x0000000082f00000| Complete 
|  48|0x0000000083000000, 0x0000000083100000, 0x0000000083100000|100%|HC|  |TAMS 0x0000000083100000, 0x0000000083000000| Complete 
|  49|0x0000000083100000, 0x0000000083200000, 0x0000000083200000|100%|HC|  |TAMS 0x0000000083200000, 0x0000000083100000| Complete 
|  50|0x0000000083200000, 0x0000000083300000, 0x0000000083300000|100%|HC|  |TAMS 0x0000000083300000, 0x0000000083200000| Complete 
|  51|0x0000000083300000, 0x0000000083400000, 0x0000000083400000|100%|HC|  |TAMS 0x0000000083400000, 0x0000000083300000| Complete 
|  52|0x0000000083400000, 0x0000000083500000, 0x0000000083500000|100%|HC|  |TAMS 0x0000000083500000, 0x0000000083400000| Complete 
|  53|0x0000000083500000, 0x0000000083600000, 0x0000000083600000|100%|HC|  |TAMS 0x0000000083600000, 0x0000000083500000| Complete 
|  54|0x0000000083600000, 0x0000000083700000, 0x0000000083700000|100%|HC|  |TAMS 0x0000000083700000, 0x0000000083600000| Complete 
|  55|0x0000000083700000, 0x0000000083800000, 0x0000000083800000|100%|HC|  |TAMS 0x0000000083800000, 0x0000000083700000| Complete 
|  56|0x0000000083800000, 0x0000000083900000, 0x0000000083900000|100%|HC|  |TAMS 0x0000000083900000, 0x0000000083800000| Complete 
|  57|0x0000000083900000, 0x0000000083a00000, 0x0000000083a00000|100%| O|  |TAMS 0x0000000083a00000, 0x0000000083900000| Untracked 
|  58|0x0000000083a00000, 0x0000000083b00000, 0x0000000083b00000|100%|HS|  |TAMS 0x0000000083b00000, 0x0000000083a00000| Complete 
|  59|0x0000000083b00000, 0x0000000083c00000, 0x0000000083c00000|100%|HC|  |TAMS 0x0000000083c00000, 0x0000000083b00000| Complete 
|  60|0x0000000083c00000, 0x0000000083d00000, 0x0000000083d00000|100%|HC|  |TAMS 0x0000000083d00000, 0x0000000083c00000| Complete 
|  61|0x0000000083d00000, 0x0000000083e00000, 0x0000000083e00000|100%|HS|  |TAMS 0x0000000083e00000, 0x0000000083d00000| Complete 
|  62|0x0000000083e00000, 0x0000000083f00000, 0x0000000083f00000|100%|HC|  |TAMS 0x0000000083f00000, 0x0000000083e00000| Complete 
|  63|0x0000000083f00000, 0x0000000084000000, 0x0000000084000000|100%|HC|  |TAMS 0x0000000084000000, 0x0000000083f00000| Complete 
|  64|0x0000000084000000, 0x0000000084100000, 0x0000000084100000|100%| O|  |TAMS 0x0000000084100000, 0x0000000084000000| Untracked 
|  65|0x0000000084100000, 0x0000000084200000, 0x0000000084200000|100%| O|  |TAMS 0x0000000084200000, 0x0000000084100000| Untracked 
|  66|0x0000000084200000, 0x0000000084300000, 0x0000000084300000|100%| O|  |TAMS 0x0000000084300000, 0x0000000084200000| Untracked 
|  67|0x0000000084300000, 0x0000000084400000, 0x0000000084400000|100%| O|  |TAMS 0x0000000084400000, 0x0000000084300000| Untracked 
|  68|0x0000000084400000, 0x0000000084500000, 0x0000000084500000|100%| O|  |TAMS 0x0000000084500000, 0x0000000084400000| Untracked 
|  69|0x0000000084500000, 0x0000000084600000, 0x0000000084600000|100%| O|  |TAMS 0x0000000084600000, 0x0000000084500000| Untracked 
|  70|0x0000000084600000, 0x0000000084700000, 0x0000000084700000|100%| O|  |TAMS 0x0000000084700000, 0x0000000084600000| Untracked 
|  71|0x0000000084700000, 0x0000000084800000, 0x0000000084800000|100%| O|  |TAMS 0x0000000084800000, 0x0000000084700000| Untracked 
|  72|0x0000000084800000, 0x0000000084800000, 0x0000000084900000|  0%| F|  |TAMS 0x0000000084800000, 0x0000000084800000| Untracked 
|  73|0x0000000084900000, 0x0000000084a00000, 0x0000000084a00000|100%| O|  |TAMS 0x0000000084a00000, 0x0000000084900000| Untracked 
|  74|0x0000000084a00000, 0x0000000084b00000, 0x0000000084b00000|100%|HS|  |TAMS 0x0000000084b00000, 0x0000000084a00000| Complete 
|  75|0x0000000084b00000, 0x0000000084c00000, 0x0000000084c00000|100%|HS|  |TAMS 0x0000000084c00000, 0x0000000084b00000| Complete 
|  76|0x0000000084c00000, 0x0000000084d00000, 0x0000000084d00000|100%|HS|  |TAMS 0x0000000084d00000, 0x0000000084c00000| Complete 
|  77|0x0000000084d00000, 0x0000000084e00000, 0x0000000084e00000|100%|HC|  |TAMS 0x0000000084e00000, 0x0000000084d00000| Complete 
|  78|0x0000000084e00000, 0x0000000084f00000, 0x0000000084f00000|100%|HS|  |TAMS 0x0000000084f00000, 0x0000000084e00000| Complete 
|  79|0x0000000084f00000, 0x0000000085000000, 0x0000000085000000|100%|HS|  |TAMS 0x0000000085000000, 0x0000000084f00000| Complete 
|  80|0x0000000085000000, 0x0000000085100000, 0x0000000085100000|100%|HC|  |TAMS 0x0000000085100000, 0x0000000085000000| Complete 
|  81|0x0000000085100000, 0x0000000085200000, 0x0000000085200000|100%|HC|  |TAMS 0x0000000085200000, 0x0000000085100000| Complete 
|  82|0x0000000085200000, 0x0000000085300000, 0x0000000085300000|100%|HC|  |TAMS 0x0000000085300000, 0x0000000085200000| Complete 
|  83|0x0000000085300000, 0x0000000085400000, 0x0000000085400000|100%| O|  |TAMS 0x0000000085400000, 0x0000000085300000| Untracked 
|  84|0x0000000085400000, 0x0000000085500000, 0x0000000085500000|100%| O|  |TAMS 0x0000000085500000, 0x0000000085400000| Untracked 
|  85|0x0000000085500000, 0x0000000085600000, 0x0000000085600000|100%| O|  |TAMS 0x0000000085600000, 0x0000000085500000| Untracked 
|  86|0x0000000085600000, 0x0000000085700000, 0x0000000085700000|100%| O|  |TAMS 0x0000000085700000, 0x0000000085600000| Untracked 
|  87|0x0000000085700000, 0x0000000085800000, 0x0000000085800000|100%| O|  |TAMS 0x0000000085800000, 0x0000000085700000| Untracked 
|  88|0x0000000085800000, 0x0000000085900000, 0x0000000085900000|100%| O|  |TAMS 0x0000000085900000, 0x0000000085800000| Untracked 
|  89|0x0000000085900000, 0x0000000085a00000, 0x0000000085a00000|100%| O|  |TAMS 0x0000000085a00000, 0x0000000085900000| Untracked 
|  90|0x0000000085a00000, 0x0000000085b00000, 0x0000000085b00000|100%| O|  |TAMS 0x0000000085b00000, 0x0000000085a00000| Untracked 
|  91|0x0000000085b00000, 0x0000000085c00000, 0x0000000085c00000|100%| O|  |TAMS 0x0000000085c00000, 0x0000000085b00000| Untracked 
|  92|0x0000000085c00000, 0x0000000085d00000, 0x0000000085d00000|100%| O|  |TAMS 0x0000000085d00000, 0x0000000085c00000| Untracked 
|  93|0x0000000085d00000, 0x0000000085e00000, 0x0000000085e00000|100%| O|  |TAMS 0x0000000085e00000, 0x0000000085d00000| Untracked 
|  94|0x0000000085e00000, 0x0000000085f00000, 0x0000000085f00000|100%| O|  |TAMS 0x0000000085f00000, 0x0000000085e00000| Untracked 
|  95|0x0000000085f00000, 0x0000000086000000, 0x0000000086000000|100%| O|  |TAMS 0x0000000086000000, 0x0000000085f00000| Untracked 
|  96|0x0000000086000000, 0x0000000086100000, 0x0000000086100000|100%| O|  |TAMS 0x0000000086100000, 0x0000000086000000| Untracked 
|  97|0x0000000086100000, 0x0000000086200000, 0x0000000086200000|100%| O|  |TAMS 0x0000000086200000, 0x0000000086100000| Untracked 
|  98|0x0000000086200000, 0x0000000086300000, 0x0000000086300000|100%| O|  |TAMS 0x0000000086300000, 0x0000000086200000| Untracked 
|  99|0x0000000086300000, 0x0000000086400000, 0x0000000086400000|100%| O|  |TAMS 0x0000000086400000, 0x0000000086300000| Untracked 
| 100|0x0000000086400000, 0x0000000086500000, 0x0000000086500000|100%| O|  |TAMS 0x0000000086500000, 0x0000000086400000| Untracked 
| 101|0x0000000086500000, 0x0000000086600000, 0x0000000086600000|100%| O|  |TAMS 0x00000000865c7800, 0x0000000086500000| Untracked 
| 102|0x0000000086600000, 0x0000000086700000, 0x0000000086700000|100%|HS|  |TAMS 0x0000000086600000, 0x0000000086600000| Complete 
| 103|0x0000000086700000, 0x0000000086800000, 0x0000000086800000|100%|HC|  |TAMS 0x0000000086700000, 0x0000000086700000| Complete 
| 104|0x0000000086800000, 0x0000000086900000, 0x0000000086900000|100%|HS|  |TAMS 0x0000000086800000, 0x0000000086800000| Complete 
| 105|0x0000000086900000, 0x0000000086a00000, 0x0000000086a00000|100%|HC|  |TAMS 0x0000000086900000, 0x0000000086900000| Complete 
| 106|0x0000000086a00000, 0x0000000086b00000, 0x0000000086b00000|100%|HC|  |TAMS 0x0000000086a00000, 0x0000000086a00000| Complete 
| 107|0x0000000086b00000, 0x0000000086c00000, 0x0000000086c00000|100%|HS|  |TAMS 0x0000000086b00000, 0x0000000086b00000| Complete 
| 108|0x0000000086c00000, 0x0000000086d00000, 0x0000000086d00000|100%|HC|  |TAMS 0x0000000086c00000, 0x0000000086c00000| Complete 
| 109|0x0000000086d00000, 0x0000000086e00000, 0x0000000086e00000|100%|HC|  |TAMS 0x0000000086d00000, 0x0000000086d00000| Complete 
| 110|0x0000000086e00000, 0x0000000086f00000, 0x0000000086f00000|100%|HS|  |TAMS 0x0000000086e00000, 0x0000000086e00000| Complete 
| 111|0x0000000086f00000, 0x0000000087000000, 0x0000000087000000|100%|HC|  |TAMS 0x0000000086f00000, 0x0000000086f00000| Complete 
| 112|0x0000000087000000, 0x0000000087100000, 0x0000000087100000|100%|HC|  |TAMS 0x0000000087000000, 0x0000000087000000| Complete 
| 113|0x0000000087100000, 0x0000000087200000, 0x0000000087200000|100%|HC|  |TAMS 0x0000000087100000, 0x0000000087100000| Complete 
| 114|0x0000000087200000, 0x0000000087300000, 0x0000000087300000|100%|HC|  |TAMS 0x0000000087200000, 0x0000000087200000| Complete 
| 115|0x0000000087300000, 0x0000000087400000, 0x0000000087400000|100%|HC|  |TAMS 0x0000000087300000, 0x0000000087300000| Complete 
| 116|0x0000000087400000, 0x0000000087500000, 0x0000000087500000|100%|HC|  |TAMS 0x0000000087400000, 0x0000000087400000| Complete 
| 117|0x0000000087500000, 0x0000000087600000, 0x0000000087600000|100%|HC|  |TAMS 0x0000000087500000, 0x0000000087500000| Complete 
| 118|0x0000000087600000, 0x0000000087700000, 0x0000000087700000|100%|HC|  |TAMS 0x0000000087600000, 0x0000000087600000| Complete 
| 119|0x0000000087700000, 0x0000000087800000, 0x0000000087800000|100%|HC|  |TAMS 0x0000000087700000, 0x0000000087700000| Complete 
| 120|0x0000000087800000, 0x0000000087900000, 0x0000000087900000|100%|HC|  |TAMS 0x0000000087800000, 0x0000000087800000| Complete 
| 121|0x0000000087900000, 0x0000000087a00000, 0x0000000087a00000|100%|HC|  |TAMS 0x0000000087900000, 0x0000000087900000| Complete 
| 122|0x0000000087a00000, 0x0000000087b00000, 0x0000000087b00000|100%|HS|  |TAMS 0x0000000087a00000, 0x0000000087a00000| Complete 
| 123|0x0000000087b00000, 0x0000000087c00000, 0x0000000087c00000|100%|HC|  |TAMS 0x0000000087b00000, 0x0000000087b00000| Complete 
| 124|0x0000000087c00000, 0x0000000087d00000, 0x0000000087d00000|100%| O|  |TAMS 0x0000000087c00000, 0x0000000087c00000| Untracked 
| 125|0x0000000087d00000, 0x0000000087e00000, 0x0000000087e00000|100%| O|  |TAMS 0x0000000087d00000, 0x0000000087d00000| Untracked 
| 126|0x0000000087e00000, 0x0000000087f00000, 0x0000000087f00000|100%| O|  |TAMS 0x0000000087e00000, 0x0000000087e00000| Untracked 
| 127|0x0000000087f00000, 0x0000000088000000, 0x0000000088000000|100%| O|  |TAMS 0x0000000087f00000, 0x0000000087f00000| Untracked 
| 128|0x0000000088000000, 0x0000000088100000, 0x0000000088100000|100%| O|  |TAMS 0x0000000088000000, 0x0000000088000000| Untracked 
| 129|0x0000000088100000, 0x0000000088200000, 0x0000000088200000|100%| O|  |TAMS 0x0000000088100000, 0x0000000088100000| Untracked 
| 130|0x0000000088200000, 0x0000000088300000, 0x0000000088300000|100%| O|  |TAMS 0x0000000088200000, 0x0000000088200000| Untracked 
| 131|0x0000000088300000, 0x0000000088300000, 0x0000000088400000|  0%| F|  |TAMS 0x0000000088300000, 0x0000000088300000| Untracked 
| 132|0x0000000088400000, 0x0000000088400000, 0x0000000088500000|  0%| F|  |TAMS 0x0000000088400000, 0x0000000088400000| Untracked 
| 133|0x0000000088500000, 0x0000000088500000, 0x0000000088600000|  0%| F|  |TAMS 0x0000000088500000, 0x0000000088500000| Untracked 
| 134|0x0000000088600000, 0x0000000088600000, 0x0000000088700000|  0%| F|  |TAMS 0x0000000088600000, 0x0000000088600000| Untracked 
| 135|0x0000000088700000, 0x0000000088700000, 0x0000000088800000|  0%| F|  |TAMS 0x0000000088700000, 0x0000000088700000| Untracked 
| 136|0x0000000088800000, 0x0000000088800000, 0x0000000088900000|  0%| F|  |TAMS 0x0000000088800000, 0x0000000088800000| Untracked 
| 137|0x0000000088900000, 0x0000000088900000, 0x0000000088a00000|  0%| F|  |TAMS 0x0000000088900000, 0x0000000088900000| Untracked 
| 138|0x0000000088a00000, 0x0000000088b00000, 0x0000000088b00000|100%| O|  |TAMS 0x0000000088a00000, 0x0000000088a00000| Untracked 
| 139|0x0000000088b00000, 0x0000000088bec400, 0x0000000088c00000| 92%| O|  |TAMS 0x0000000088b00000, 0x0000000088b00000| Untracked 
| 140|0x0000000088c00000, 0x0000000088c00000, 0x0000000088d00000|  0%| F|  |TAMS 0x0000000088c00000, 0x0000000088c00000| Untracked 
| 141|0x0000000088d00000, 0x0000000088d00000, 0x0000000088e00000|  0%| F|  |TAMS 0x0000000088d00000, 0x0000000088d00000| Untracked 
| 142|0x0000000088e00000, 0x0000000088e00000, 0x0000000088f00000|  0%| F|  |TAMS 0x0000000088e00000, 0x0000000088e00000| Untracked 
| 143|0x0000000088f00000, 0x0000000088f00000, 0x0000000089000000|  0%| F|  |TAMS 0x0000000088f00000, 0x0000000088f00000| Untracked 
| 144|0x0000000089000000, 0x0000000089000000, 0x0000000089100000|  0%| F|  |TAMS 0x0000000089000000, 0x0000000089000000| Untracked 
| 145|0x0000000089100000, 0x0000000089100000, 0x0000000089200000|  0%| F|  |TAMS 0x0000000089100000, 0x0000000089100000| Untracked 
| 146|0x0000000089200000, 0x0000000089200000, 0x0000000089300000|  0%| F|  |TAMS 0x0000000089200000, 0x0000000089200000| Untracked 
| 147|0x0000000089300000, 0x0000000089300000, 0x0000000089400000|  0%| F|  |TAMS 0x0000000089300000, 0x0000000089300000| Untracked 
| 148|0x0000000089400000, 0x0000000089400000, 0x0000000089500000|  0%| F|  |TAMS 0x0000000089400000, 0x0000000089400000| Untracked 
| 149|0x0000000089500000, 0x0000000089500000, 0x0000000089600000|  0%| F|  |TAMS 0x0000000089500000, 0x0000000089500000| Untracked 
| 150|0x0000000089600000, 0x0000000089600000, 0x0000000089700000|  0%| F|  |TAMS 0x0000000089600000, 0x0000000089600000| Untracked 
| 151|0x0000000089700000, 0x0000000089700000, 0x0000000089800000|  0%| F|  |TAMS 0x0000000089700000, 0x0000000089700000| Untracked 
| 152|0x0000000089800000, 0x0000000089800000, 0x0000000089900000|  0%| F|  |TAMS 0x0000000089800000, 0x0000000089800000| Untracked 
| 153|0x0000000089900000, 0x0000000089900000, 0x0000000089a00000|  0%| F|  |TAMS 0x0000000089900000, 0x0000000089900000| Untracked 
| 154|0x0000000089a00000, 0x0000000089a00000, 0x0000000089b00000|  0%| F|  |TAMS 0x0000000089a00000, 0x0000000089a00000| Untracked 
| 155|0x0000000089b00000, 0x0000000089b00000, 0x0000000089c00000|  0%| F|  |TAMS 0x0000000089b00000, 0x0000000089b00000| Untracked 
| 156|0x0000000089c00000, 0x0000000089c00000, 0x0000000089d00000|  0%| F|  |TAMS 0x0000000089c00000, 0x0000000089c00000| Untracked 
| 157|0x0000000089d00000, 0x0000000089d00000, 0x0000000089e00000|  0%| F|  |TAMS 0x0000000089d00000, 0x0000000089d00000| Untracked 
| 158|0x0000000089e00000, 0x0000000089e00000, 0x0000000089f00000|  0%| F|  |TAMS 0x0000000089e00000, 0x0000000089e00000| Untracked 
| 159|0x0000000089f00000, 0x0000000089f00000, 0x000000008a000000|  0%| F|  |TAMS 0x0000000089f00000, 0x0000000089f00000| Untracked 
| 160|0x000000008a000000, 0x000000008a000000, 0x000000008a100000|  0%| F|  |TAMS 0x000000008a000000, 0x000000008a000000| Untracked 
| 161|0x000000008a100000, 0x000000008a11a8c0, 0x000000008a200000| 10%| S|CS|TAMS 0x000000008a100000, 0x000000008a100000| Complete 
| 162|0x000000008a200000, 0x000000008a300000, 0x000000008a300000|100%| S|CS|TAMS 0x000000008a200000, 0x000000008a200000| Complete 
| 163|0x000000008a300000, 0x000000008a400000, 0x000000008a400000|100%| S|CS|TAMS 0x000000008a300000, 0x000000008a300000| Complete 
| 164|0x000000008a400000, 0x000000008a400000, 0x000000008a500000|  0%| F|  |TAMS 0x000000008a400000, 0x000000008a400000| Untracked 
| 165|0x000000008a500000, 0x000000008a500000, 0x000000008a600000|  0%| F|  |TAMS 0x000000008a500000, 0x000000008a500000| Untracked 
| 166|0x000000008a600000, 0x000000008a600000, 0x000000008a700000|  0%| F|  |TAMS 0x000000008a600000, 0x000000008a600000| Untracked 
| 167|0x000000008a700000, 0x000000008a700000, 0x000000008a800000|  0%| F|  |TAMS 0x000000008a700000, 0x000000008a700000| Untracked 
| 168|0x000000008a800000, 0x000000008a800000, 0x000000008a900000|  0%| F|  |TAMS 0x000000008a800000, 0x000000008a800000| Untracked 
| 169|0x000000008a900000, 0x000000008a900000, 0x000000008aa00000|  0%| F|  |TAMS 0x000000008a900000, 0x000000008a900000| Untracked 
| 170|0x000000008aa00000, 0x000000008aa00000, 0x000000008ab00000|  0%| F|  |TAMS 0x000000008aa00000, 0x000000008aa00000| Untracked 
| 171|0x000000008ab00000, 0x000000008ab00000, 0x000000008ac00000|  0%| F|  |TAMS 0x000000008ab00000, 0x000000008ab00000| Untracked 
| 172|0x000000008ac00000, 0x000000008ac00000, 0x000000008ad00000|  0%| F|  |TAMS 0x000000008ac00000, 0x000000008ac00000| Untracked 
| 173|0x000000008ad00000, 0x000000008ad00000, 0x000000008ae00000|  0%| F|  |TAMS 0x000000008ad00000, 0x000000008ad00000| Untracked 
| 174|0x000000008ae00000, 0x000000008ae00000, 0x000000008af00000|  0%| F|  |TAMS 0x000000008ae00000, 0x000000008ae00000| Untracked 
| 175|0x000000008af00000, 0x000000008af00000, 0x000000008b000000|  0%| F|  |TAMS 0x000000008af00000, 0x000000008af00000| Untracked 
| 176|0x000000008b000000, 0x000000008b000000, 0x000000008b100000|  0%| F|  |TAMS 0x000000008b000000, 0x000000008b000000| Untracked 
| 177|0x000000008b100000, 0x000000008b100000, 0x000000008b200000|  0%| F|  |TAMS 0x000000008b100000, 0x000000008b100000| Untracked 
| 178|0x000000008b200000, 0x000000008b200000, 0x000000008b300000|  0%| F|  |TAMS 0x000000008b200000, 0x000000008b200000| Untracked 
| 179|0x000000008b300000, 0x000000008b300000, 0x000000008b400000|  0%| F|  |TAMS 0x000000008b300000, 0x000000008b300000| Untracked 
| 180|0x000000008b400000, 0x000000008b400000, 0x000000008b500000|  0%| F|  |TAMS 0x000000008b400000, 0x000000008b400000| Untracked 
| 181|0x000000008b500000, 0x000000008b500000, 0x000000008b600000|  0%| F|  |TAMS 0x000000008b500000, 0x000000008b500000| Untracked 
| 182|0x000000008b600000, 0x000000008b600000, 0x000000008b700000|  0%| F|  |TAMS 0x000000008b600000, 0x000000008b600000| Untracked 
| 183|0x000000008b700000, 0x000000008b700000, 0x000000008b800000|  0%| F|  |TAMS 0x000000008b700000, 0x000000008b700000| Untracked 
| 184|0x000000008b800000, 0x000000008b800000, 0x000000008b900000|  0%| F|  |TAMS 0x000000008b800000, 0x000000008b800000| Untracked 
| 185|0x000000008b900000, 0x000000008b900000, 0x000000008ba00000|  0%| F|  |TAMS 0x000000008b900000, 0x000000008b900000| Untracked 
| 186|0x000000008ba00000, 0x000000008ba00000, 0x000000008bb00000|  0%| F|  |TAMS 0x000000008ba00000, 0x000000008ba00000| Untracked 
| 187|0x000000008bb00000, 0x000000008bb00000, 0x000000008bc00000|  0%| F|  |TAMS 0x000000008bb00000, 0x000000008bb00000| Untracked 
| 188|0x000000008bc00000, 0x000000008bc00000, 0x000000008bd00000|  0%| F|  |TAMS 0x000000008bc00000, 0x000000008bc00000| Untracked 

Card table byte_map: [0x000002ece39f0000,0x000002ece3df0000] _byte_map_base: 0x000002ece35f0000

Marking Bits (Prev, Next): (CMBitMap*) 0x000002ecd0e52ef0, (CMBitMap*) 0x000002ecd0e52f30
 Prev Bits: [0x000002ece41f0000, 0x000002ece61f0000)
 Next Bits: [0x000002ece61f0000, 0x000002ece81f0000)

Polling page: 0x000002ecceda0000

Metaspace:

Usage:
  Non-class:     76.24 MB used.
      Class:     12.08 MB used.
       Both:     88.32 MB used.

Virtual space:
  Non-class space:       80.00 MB reserved,      76.56 MB ( 96%) committed,  10 nodes.
      Class space:        1.00 GB reserved,      12.38 MB (  1%) committed,  1 nodes.
             Both:        1.08 GB reserved,      88.94 MB (  8%) committed. 

Chunk freelists:
   Non-Class:  3.44 MB
       Class:  3.56 MB
        Both:  7.00 MB

MaxMetaspaceSize: unlimited
CompressedClassSpaceSize: 1.00 GB
Initial GC threshold: 21.00 MB
Current GC threshold: 137.44 MB
CDS: off
MetaspaceReclaimPolicy: balanced
 - commit_granule_bytes: 65536.
 - commit_granule_words: 8192.
 - virtual_space_node_default_size: 1048576.
 - enlarge_chunks_in_place: 1.
 - new_chunks_are_fully_committed: 0.
 - uncommit_free_chunks: 1.
 - use_allocation_guard: 0.
 - handle_deallocations: 1.


Internal statistics:

num_allocs_failed_limit: 3.
num_arena_births: 958.
num_arena_deaths: 0.
num_vsnodes_births: 11.
num_vsnodes_deaths: 0.
num_space_committed: 1423.
num_space_uncommitted: 0.
num_chunks_returned_to_freelist: 3.
num_chunks_taken_from_freelist: 4279.
num_chunk_merges: 3.
num_chunk_splits: 2856.
num_chunks_enlarged: 1930.
num_purges: 0.
num_inconsistent_stats: 0.

CodeHeap 'non-profiled nmethods': size=120000Kb used=5146Kb max_used=5146Kb free=114853Kb
 bounds [0x000002ecdbd90000, 0x000002ecdc2a0000, 0x000002ece32c0000]
CodeHeap 'profiled nmethods': size=120000Kb used=16719Kb max_used=16719Kb free=103280Kb
 bounds [0x000002ecd42c0000, 0x000002ecd5320000, 0x000002ecdb7f0000]
CodeHeap 'non-nmethods': size=5760Kb used=2401Kb max_used=2447Kb free=3358Kb
 bounds [0x000002ecdb7f0000, 0x000002ecdba70000, 0x000002ecdbd90000]
 total_blobs=9442 nmethods=8521 adapters=832
 compilation: enabled
              stopped_count=0, restarted_count=0
 full_count=0

Compilation events (20 events):
Event: 8.973 Thread 0x000002eceb8367a0 nmethod 9261 0x000002ecdc295310 code [0x000002ecdc2954a0, 0x000002ecdc2955b8]
Event: 8.973 Thread 0x000002eceb8367a0 9262       1       org.jetbrains.plugins.gradle.DefaultExternalDependencyId::setVersion (6 bytes)
Event: 8.973 Thread 0x000002eceb8367a0 nmethod 9262 0x000002ecdc295610 code [0x000002ecdc2957a0, 0x000002ecdc2958b8]
Event: 8.973 Thread 0x000002eceb8367a0 9263       1       org.jetbrains.plugins.gradle.model.DefaultExternalLibraryDependency::setFile (6 bytes)
Event: 8.973 Thread 0x000002eceb8367a0 nmethod 9263 0x000002ecdc295910 code [0x000002ecdc295aa0, 0x000002ecdc295bb8]
Event: 8.973 Thread 0x000002eceb8367a0 9264       1       org.jetbrains.plugins.gradle.DefaultExternalDependencyId::setPackaging (6 bytes)
Event: 8.973 Thread 0x000002eceb8367a0 nmethod 9264 0x000002ecdc295c10 code [0x000002ecdc295da0, 0x000002ecdc295eb8]
Event: 8.973 Thread 0x000002eceb8367a0 9265       1       org.jetbrains.plugins.gradle.model.AbstractExternalDependency::setScope (6 bytes)
Event: 8.973 Thread 0x000002eceb8367a0 nmethod 9265 0x000002ecdc295f10 code [0x000002ecdc2960a0, 0x000002ecdc2961b8]
Event: 8.973 Thread 0x000002eceb8367a0 9266       1       org.jetbrains.plugins.gradle.DefaultExternalDependencyId::setClassifier (6 bytes)
Event: 8.973 Thread 0x000002eceb8367a0 nmethod 9266 0x000002ecdc296210 code [0x000002ecdc2963a0, 0x000002ecdc2964b8]
Event: 8.973 Thread 0x000002eceb8367a0 9267       1       org.gradle.api.internal.artifacts.result.DefaultResolvedArtifactResult::getFile (5 bytes)
Event: 8.973 Thread 0x000002eceb8367a0 nmethod 9267 0x000002ecdc296510 code [0x000002ecdc2966a0, 0x000002ecdc296778]
Event: 8.973 Thread 0x000002eceb8367a0 9268       1       org.jetbrains.plugins.gradle.model.DefaultExternalLibraryDependency::setSource (6 bytes)
Event: 8.973 Thread 0x000002eceb8367a0 nmethod 9268 0x000002ecdc296810 code [0x000002ecdc2969a0, 0x000002ecdc296ab8]
Event: 8.973 Thread 0x000002eceb8367a0 9269       3       org.gradle.api.internal.artifacts.ivyservice.resolveengine.artifact.DefaultArtifactSet::select (26 bytes)
Event: 8.973 Thread 0x000002eceb8367a0 nmethod 9269 0x000002ecd5313310 code [0x000002ecd53134e0, 0x000002ecd53137b8]
Event: 8.974 Thread 0x000002eceb8367a0 9270       3       org.gradle.internal.impldep.com.google.common.base.Objects::hashCode (5 bytes)
Event: 8.974 Thread 0x000002eceb8367a0 nmethod 9270 0x000002ecd5313910 code [0x000002ecd5313aa0, 0x000002ecd5313ba8]
Event: 8.974 Thread 0x000002eceb8367a0 9271       3       org.jetbrains.plugins.gradle.model.DefaultExternalLibraryDependency::hashCode (28 bytes)

GC Heap History (20 events):
Event: 5.889 GC heap after
{Heap after GC invocations=34 (full 0):
 garbage-first heap   total 160768K, used 90950K [0x0000000080000000, 0x0000000100000000)
  region size 1024K, 1 young (1024K), 1 survivors (1024K)
 Metaspace       used 59528K, committed 60096K, reserved 1105920K
  class space    used 8008K, committed 8256K, reserved 1048576K
}
Event: 6.230 GC heap before
{Heap before GC invocations=34 (full 0):
 garbage-first heap   total 160768K, used 116550K [0x0000000080000000, 0x0000000100000000)
  region size 1024K, 26 young (26624K), 1 survivors (1024K)
 Metaspace       used 63394K, committed 64064K, reserved 1105920K
  class space    used 8503K, committed 8832K, reserved 1048576K
}
Event: 6.233 GC heap after
{Heap after GC invocations=35 (full 0):
 garbage-first heap   total 193536K, used 91793K [0x0000000080000000, 0x0000000100000000)
  region size 1024K, 2 young (2048K), 2 survivors (2048K)
 Metaspace       used 63394K, committed 64064K, reserved 1105920K
  class space    used 8503K, committed 8832K, reserved 1048576K
}
Event: 6.657 GC heap before
{Heap before GC invocations=36 (full 0):
 garbage-first heap   total 193536K, used 140945K [0x0000000080000000, 0x0000000100000000)
  region size 1024K, 44 young (45056K), 2 survivors (2048K)
 Metaspace       used 68503K, committed 69184K, reserved 1114112K
  class space    used 9162K, committed 9472K, reserved 1048576K
}
Event: 6.661 GC heap after
{Heap after GC invocations=37 (full 0):
 garbage-first heap   total 193536K, used 96310K [0x0000000080000000, 0x0000000100000000)
  region size 1024K, 6 young (6144K), 6 survivors (6144K)
 Metaspace       used 68503K, committed 69184K, reserved 1114112K
  class space    used 9162K, committed 9472K, reserved 1048576K
}
Event: 6.691 GC heap before
{Heap before GC invocations=37 (full 0):
 garbage-first heap   total 193536K, used 99382K [0x0000000080000000, 0x0000000100000000)
  region size 1024K, 9 young (9216K), 6 survivors (6144K)
 Metaspace       used 68736K, committed 69376K, reserved 1114112K
  class space    used 9193K, committed 9472K, reserved 1048576K
}
Event: 6.694 GC heap after
{Heap after GC invocations=38 (full 0):
 garbage-first heap   total 193536K, used 96659K [0x0000000080000000, 0x0000000100000000)
  region size 1024K, 1 young (1024K), 1 survivors (1024K)
 Metaspace       used 68736K, committed 69376K, reserved 1114112K
  class space    used 9193K, committed 9472K, reserved 1048576K
}
Event: 7.146 GC heap before
{Heap before GC invocations=38 (full 0):
 garbage-first heap   total 193536K, used 141715K [0x0000000080000000, 0x0000000100000000)
  region size 1024K, 45 young (46080K), 1 survivors (1024K)
 Metaspace       used 73427K, committed 74048K, reserved 1114112K
  class space    used 9796K, committed 10112K, reserved 1048576K
}
Event: 7.150 GC heap after
{Heap after GC invocations=39 (full 0):
 garbage-first heap   total 193536K, used 98939K [0x0000000080000000, 0x0000000100000000)
  region size 1024K, 4 young (4096K), 4 survivors (4096K)
 Metaspace       used 73427K, committed 74048K, reserved 1114112K
  class space    used 9796K, committed 10112K, reserved 1048576K
}
Event: 7.548 GC heap before
{Heap before GC invocations=40 (full 0):
 garbage-first heap   total 193536K, used 147067K [0x0000000080000000, 0x0000000100000000)
  region size 1024K, 52 young (53248K), 4 survivors (4096K)
 Metaspace       used 77883K, committed 78528K, reserved 1122304K
  class space    used 10392K, committed 10688K, reserved 1048576K
}
Event: 7.554 GC heap after
{Heap after GC invocations=41 (full 0):
 garbage-first heap   total 193536K, used 103654K [0x0000000080000000, 0x0000000100000000)
  region size 1024K, 7 young (7168K), 7 survivors (7168K)
 Metaspace       used 77883K, committed 78528K, reserved 1122304K
  class space    used 10392K, committed 10688K, reserved 1048576K
}
Event: 7.564 GC heap before
{Heap before GC invocations=41 (full 0):
 garbage-first heap   total 193536K, used 104678K [0x0000000080000000, 0x0000000100000000)
  region size 1024K, 9 young (9216K), 7 survivors (7168K)
 Metaspace       used 77886K, committed 78528K, reserved 1122304K
  class space    used 10392K, committed 10688K, reserved 1048576K
}
Event: 7.568 GC heap after
{Heap after GC invocations=42 (full 0):
 garbage-first heap   total 193536K, used 104222K [0x0000000080000000, 0x0000000100000000)
  region size 1024K, 1 young (1024K), 1 survivors (1024K)
 Metaspace       used 77886K, committed 78528K, reserved 1122304K
  class space    used 10392K, committed 10688K, reserved 1048576K
}
Event: 8.059 GC heap before
{Heap before GC invocations=42 (full 0):
 garbage-first heap   total 193536K, used 152350K [0x0000000080000000, 0x0000000100000000)
  region size 1024K, 47 young (48128K), 1 survivors (1024K)
 Metaspace       used 83273K, committed 83968K, reserved 1122304K
  class space    used 11341K, committed 11648K, reserved 1048576K
}
Event: 8.063 GC heap after
{Heap after GC invocations=43 (full 0):
 garbage-first heap   total 193536K, used 105783K [0x0000000080000000, 0x0000000100000000)
  region size 1024K, 3 young (3072K), 3 survivors (3072K)
 Metaspace       used 83273K, committed 83968K, reserved 1122304K
  class space    used 11341K, committed 11648K, reserved 1048576K
}
Event: 8.647 GC heap before
{Heap before GC invocations=44 (full 0):
 garbage-first heap   total 193536K, used 176439K [0x0000000080000000, 0x0000000100000000)
  region size 1024K, 51 young (52224K), 3 survivors (3072K)
 Metaspace       used 88224K, committed 88960K, reserved 1130496K
  class space    used 12052K, committed 12416K, reserved 1048576K
}
Event: 8.653 GC heap after
{Heap after GC invocations=45 (full 0):
 garbage-first heap   total 193536K, used 135422K [0x0000000080000000, 0x0000000100000000)
  region size 1024K, 7 young (7168K), 7 survivors (7168K)
 Metaspace       used 88224K, committed 88960K, reserved 1130496K
  class space    used 12052K, committed 12416K, reserved 1048576K
}
Event: 8.668 GC heap before
{Heap before GC invocations=45 (full 0):
 garbage-first heap   total 193536K, used 137470K [0x0000000080000000, 0x0000000100000000)
  region size 1024K, 9 young (9216K), 7 survivors (7168K)
 Metaspace       used 88249K, committed 88960K, reserved 1130496K
  class space    used 12057K, committed 12416K, reserved 1048576K
}
Event: 8.674 GC heap after
{Heap after GC invocations=46 (full 0):
 garbage-first heap   total 193536K, used 135920K [0x0000000080000000, 0x0000000100000000)
  region size 1024K, 1 young (1024K), 1 survivors (1024K)
 Metaspace       used 88249K, committed 88960K, reserved 1130496K
  class space    used 12057K, committed 12416K, reserved 1048576K
}
Event: 8.974 GC heap before
{Heap before GC invocations=46 (full 0):
 garbage-first heap   total 193536K, used 160496K [0x0000000080000000, 0x0000000100000000)
  region size 1024K, 25 young (25600K), 1 survivors (1024K)
 Metaspace       used 90440K, committed 91072K, reserved 1130496K
  class space    used 12371K, committed 12672K, reserved 1048576K
}

Dll operation events (2 events):
Event: 0.007 Loaded shared library C:\Program Files\Android\Android Studio2\jbr\bin\java.dll
Event: 0.366 Loaded shared library C:\Program Files\Android\Android Studio2\jbr\bin\verify.dll

Deoptimization events (20 events):
Event: 8.693 Thread 0x000002ecee35fb10 DEOPT PACKING pc=0x000002ecdc0d6b64 sp=0x000000f8f71fee10
Event: 8.693 Thread 0x000002ecee35fb10 DEOPT UNPACKING pc=0x000002ecdb84a1a3 sp=0x000000f8f71fedc8 mode 2
Event: 8.701 Thread 0x000002ecee366020 Uncommon trap: trap_request=0xffffffde fr.pc=0x000002ecdbec3f18 relative=0x0000000000000078
Event: 8.701 Thread 0x000002ecee366020 Uncommon trap: reason=class_check action=maybe_recompile pc=0x000002ecdbec3f18 method=java.util.Collections$SetFromMap.remove(Ljava/lang/Object;)Z @ 5 c2
Event: 8.701 Thread 0x000002ecee366020 DEOPT PACKING pc=0x000002ecdbec3f18 sp=0x000000f8ef1fdce0
Event: 8.701 Thread 0x000002ecee366020 DEOPT UNPACKING pc=0x000002ecdb84a1a3 sp=0x000000f8ef1fdc78 mode 2
Event: 8.716 Thread 0x000002ecee366020 Uncommon trap: trap_request=0xffffffde fr.pc=0x000002ecdbf7def8 relative=0x0000000000000258
Event: 8.716 Thread 0x000002ecee366020 Uncommon trap: reason=class_check action=maybe_recompile pc=0x000002ecdbf7def8 method=java.util.stream.StreamOpFlag.fromCharacteristics(Ljava/util/Spliterator;)I @ 14 c2
Event: 8.716 Thread 0x000002ecee366020 DEOPT PACKING pc=0x000002ecdbf7def8 sp=0x000000f8ef1fd5e0
Event: 8.716 Thread 0x000002ecee366020 DEOPT UNPACKING pc=0x000002ecdb84a1a3 sp=0x000000f8ef1fd4c8 mode 2
Event: 8.719 Thread 0x000002ecee366020 DEOPT PACKING pc=0x000002ecd4ba3034 sp=0x000000f8ef1fd8b0
Event: 8.719 Thread 0x000002ecee366020 DEOPT UNPACKING pc=0x000002ecdb84ace3 sp=0x000000f8ef1fcd70 mode 0
Event: 8.722 Thread 0x000002ecee366020 DEOPT PACKING pc=0x000002ecd4401ce4 sp=0x000000f8ef1fd7e0
Event: 8.723 Thread 0x000002ecee366020 DEOPT UNPACKING pc=0x000002ecdb84ace3 sp=0x000000f8ef1fcca0 mode 0
Event: 8.723 Thread 0x000002ecee366020 Uncommon trap: trap_request=0xffffffde fr.pc=0x000002ecdbec3f18 relative=0x0000000000000078
Event: 8.723 Thread 0x000002ecee366020 Uncommon trap: reason=class_check action=maybe_recompile pc=0x000002ecdbec3f18 method=java.util.Collections$SetFromMap.remove(Ljava/lang/Object;)Z @ 5 c2
Event: 8.723 Thread 0x000002ecee366020 DEOPT PACKING pc=0x000002ecdbec3f18 sp=0x000000f8ef1fdce0
Event: 8.723 Thread 0x000002ecee366020 DEOPT UNPACKING pc=0x000002ecdb84a1a3 sp=0x000000f8ef1fdc78 mode 2
Event: 8.726 Thread 0x000002ecee6a02a0 DEOPT PACKING pc=0x000002ecd45fddc0 sp=0x000000f8efffe8c0
Event: 8.726 Thread 0x000002ecee6a02a0 DEOPT UNPACKING pc=0x000002ecdb84ace3 sp=0x000000f8efffde08 mode 0

Classes unloaded (0 events):
No events

Classes redefined (0 events):
No events

Internal exceptions (20 events):
Event: 8.720 Thread 0x000002ecee6a02a0 Exception <a 'java/lang/NoSuchMethodError'{0x000000008b8c0f60}: static Lorg/gradle/internal/build/event/types/DefaultTaskDescriptor;.<clinit>()V> (0x000000008b8c0f60) 
thrown [s\src\hotspot\share\prims\jni.cpp, line 1108]
Event: 8.721 Thread 0x000002ecee6a02a0 Exception <a 'java/lang/NoSuchMethodError'{0x000000008b8cdc38}: static Lorg/gradle/internal/operations/OperationIdentifier;.<clinit>()V> (0x000000008b8cdc38) 
thrown [s\src\hotspot\share\prims\jni.cpp, line 1108]
Event: 8.724 Thread 0x000002ecee6a02a0 Exception <a 'java/lang/NoSuchMethodError'{0x000000008b8f6bd0}: static Lorg/gradle/internal/build/event/types/DefaultTaskFinishedProgressEvent;.<clinit>()V> (0x000000008b8f6bd0) 
thrown [s\src\hotspot\share\prims\jni.cpp, line 1108]
Event: 8.726 Thread 0x000002ecee6a02a0 Exception <a 'java/lang/NoSuchMethodError'{0x000000008b714ed0}: static Lorg/gradle/internal/build/event/types/DefaultTaskSuccessResult;.<clinit>()V> (0x000000008b714ed0) 
thrown [s\src\hotspot\share\prims\jni.cpp, line 1108]
Event: 8.726 Thread 0x000002ecee6a02a0 Exception <a 'java/lang/NoSuchMethodError'{0x000000008b7165c8}: static Lorg/gradle/internal/build/event/types/AbstractTaskResult;.<clinit>()V> (0x000000008b7165c8) 
thrown [s\src\hotspot\share\prims\jni.cpp, line 1108]
Event: 8.727 Thread 0x000002ecee6a02a0 Exception <a 'java/lang/NoSuchMethodError'{0x000000008b718388}: static Lorg/gradle/internal/build/event/types/AbstractResult;.<clinit>()V> (0x000000008b718388) 
thrown [s\src\hotspot\share\prims\jni.cpp, line 1108]
Event: 8.785 Thread 0x000002eced359540 Exception <a 'java/lang/ClassNotFoundException'{0x000000008b470188}: org/jetbrains/plugins/gradle/tooling/util/SourceSetCachedFinder$1BeanInfo> (0x000000008b470188) 
thrown [s\src\hotspot\share\classfile\systemDictionary.cpp, line 256]
Event: 8.785 Thread 0x000002eced359540 Exception <a 'java/lang/ClassNotFoundException'{0x000000008b478a30}: org/jetbrains/plugins/gradle/tooling/util/SourceSetCachedFinder$1Customizer> (0x000000008b478a30) 
thrown [s\src\hotspot\share\classfile\systemDictionary.cpp, line 256]
Event: 8.787 Thread 0x000002eced359540 Exception <a 'java/lang/ClassNotFoundException'{0x000000008b49f7e0}: org/jetbrains/plugins/gradle/tooling/util/SourceSetCachedFinder$2BeanInfo> (0x000000008b49f7e0) 
thrown [s\src\hotspot\share\classfile\systemDictionary.cpp, line 256]
Event: 8.787 Thread 0x000002eced359540 Exception <a 'java/lang/ClassNotFoundException'{0x000000008b4a8088}: org/jetbrains/plugins/gradle/tooling/util/SourceSetCachedFinder$2Customizer> (0x000000008b4a8088) 
thrown [s\src\hotspot\share\classfile\systemDictionary.cpp, line 256]
Event: 8.790 Thread 0x000002eced359540 Exception <a 'java/lang/ClassNotFoundException'{0x000000008b319dd0}: org/jetbrains/plugins/gradle/tooling/util/SourceSetCachedFinderBeanInfo> (0x000000008b319dd0) 
thrown [s\src\hotspot\share\classfile\systemDictionary.cpp, line 256]
Event: 8.790 Thread 0x000002eced359540 Exception <a 'java/lang/ClassNotFoundException'{0x000000008b322660}: org/jetbrains/plugins/gradle/tooling/util/SourceSetCachedFinderCustomizer> (0x000000008b322660) 
thrown [s\src\hotspot\share\classfile\systemDictionary.cpp, line 256]
Event: 8.793 Thread 0x000002eced359540 Exception <a 'java/lang/ClassNotFoundException'{0x000000008b36eac0}: org/jetbrains/plugins/gradle/tooling/util/SourceSetCachedFinder$ArtifactsMapBeanInfo> (0x000000008b36eac0) 
thrown [s\src\hotspot\share\classfile\systemDictionary.cpp, line 256]
Event: 8.794 Thread 0x000002eced359540 Exception <a 'java/lang/ClassNotFoundException'{0x000000008b3d5d68}: org/jetbrains/plugins/gradle/tooling/util/SourceSetCachedFinder$ArtifactsMapCustomizer> (0x000000008b3d5d68) 
thrown [s\src\hotspot\share\classfile\systemDictionary.cpp, line 256]
Event: 8.804 Thread 0x000002ecee365b50 Exception <a 'java/lang/NoSuchMethodError'{0x000000008b2f8de0}: static Lorg/jetbrains/kotlin/android/synthetic/idea/AndroidExtensionsGradleModelImpl;.<clinit>()V> (0x000000008b2f8de0) 
thrown [s\src\hotspot\share\prims\jni.cpp, line 1108]
Event: 8.805 Thread 0x000002ecee365b50 Exception <a 'java/lang/NoSuchMethodError'{0x000000008b171368}: static Lorg/jetbrains/kotlin/idea/gradleTooling/model/parcelize/ParcelizeGradleModelImpl;.<clinit>()V> (0x000000008b171368) 
thrown [s\src\hotspot\share\prims\jni.cpp, line 1108]
Event: 8.805 Thread 0x000002ecee365b50 Exception <a 'java/lang/NoSuchMethodError'{0x000000008b178e88}: static Lorg/jetbrains/kotlin/idea/gradleTooling/model/assignment/AssignmentModelImpl;.<clinit>()V> (0x000000008b178e88) 
thrown [s\src\hotspot\share\prims\jni.cpp, line 1108]
Event: 8.806 Thread 0x000002ecee365b50 Exception <a 'java/lang/NoSuchMethodError'{0x000000008b186a20}: static Lorg/jetbrains/kotlin/idea/gradleTooling/model/samWithReceiver/SamWithReceiverModelImpl;.<clinit>()V> (0x000000008b186a20) 
thrown [s\src\hotspot\share\prims\jni.cpp, line 1108]
Event: 8.806 Thread 0x000002ecee365b50 Exception <a 'java/lang/NoSuchMethodError'{0x000000008b18f478}: static Lorg/jetbrains/kotlin/idea/gradleTooling/model/noarg/NoArgModelImpl;.<clinit>()V> (0x000000008b18f478) 
thrown [s\src\hotspot\share\prims\jni.cpp, line 1108]
Event: 8.806 Thread 0x000002ecee365b50 Exception <a 'java/lang/NoSuchMethodError'{0x000000008b1979e8}: static Lorg/jetbrains/kotlin/idea/gradleTooling/model/allopen/AllOpenModelImpl;.<clinit>()V> (0x000000008b1979e8) 
thrown [s\src\hotspot\share\prims\jni.cpp, line 1108]

VM Operations (20 events):
Event: 8.133 Executing VM operation: G1Concurrent done
Event: 8.379 Executing VM operation: HandshakeAllThreads
Event: 8.380 Executing VM operation: HandshakeAllThreads done
Event: 8.455 Executing VM operation: ICBufferFull
Event: 8.456 Executing VM operation: ICBufferFull done
Event: 8.474 Executing VM operation: HandshakeAllThreads
Event: 8.474 Executing VM operation: HandshakeAllThreads done
Event: 8.647 Executing VM operation: G1CollectForAllocation
Event: 8.653 Executing VM operation: G1CollectForAllocation done
Event: 8.668 Executing VM operation: G1CollectForAllocation
Event: 8.674 Executing VM operation: G1CollectForAllocation done
Event: 8.718 Executing VM operation: HandshakeAllThreads
Event: 8.719 Executing VM operation: HandshakeAllThreads done
Event: 8.722 Executing VM operation: HandshakeAllThreads
Event: 8.722 Executing VM operation: HandshakeAllThreads done
Event: 8.815 Executing VM operation: HandshakeAllThreads
Event: 8.815 Executing VM operation: HandshakeAllThreads done
Event: 8.816 Executing VM operation: HandshakeAllThreads
Event: 8.816 Executing VM operation: HandshakeAllThreads done
Event: 8.974 Executing VM operation: G1CollectForAllocation

Events (20 events):
Event: 8.642 loading class java/util/AbstractCollectionCustomizer
Event: 8.642 loading class java/util/AbstractCollectionCustomizer done
Event: 8.642 loading class java/util/AbstractCollectionCustomizer
Event: 8.642 loading class java/util/AbstractCollectionCustomizer done
Event: 8.683 Thread 0x000002ecee366020 Thread added: 0x000002ecee366020
Event: 8.689 Thread 0x000002ecee364340 Thread added: 0x000002ecee364340
Event: 8.689 Thread 0x000002ecee364810 Thread added: 0x000002ecee364810
Event: 8.689 Thread 0x000002ecee35ffe0 Thread added: 0x000002ecee35ffe0
Event: 8.689 Thread 0x000002ecee364ce0 Thread added: 0x000002ecee364ce0
Event: 8.689 Thread 0x000002ecee3651b0 Thread added: 0x000002ecee3651b0
Event: 8.689 Thread 0x000002ecee35fb10 Thread added: 0x000002ecee35fb10
Event: 8.689 Thread 0x000002ecee365680 Thread added: 0x000002ecee365680
Event: 8.704 Thread 0x000002ecee35f170 Thread added: 0x000002ecee35f170
Event: 8.716 loading class java/util/TreeMap$KeySpliterator
Event: 8.716 loading class java/util/TreeMap$KeySpliterator done
Event: 8.726 loading class java/util/concurrent/ConcurrentLinkedQueue$Itr
Event: 8.726 loading class java/util/concurrent/ConcurrentLinkedQueue$Itr done
Event: 8.758 Thread 0x000002ecee365b50 Thread added: 0x000002ecee365b50
Event: 8.776 loading class java/io/PushbackInputStream
Event: 8.776 loading class java/io/PushbackInputStream done


Dynamic libraries:
0x00007ff75aba0000 - 0x00007ff75abaa000 	C:\Program Files\Android\Android Studio2\jbr\bin\java.exe
0x00007ff8f4110000 - 0x00007ff8f4324000 	C:\WINDOWS\SYSTEM32\ntdll.dll
0x00007ff8f2280000 - 0x00007ff8f2342000 	C:\WINDOWS\System32\KERNEL32.DLL
0x00007ff8f16d0000 - 0x00007ff8f1a73000 	C:\WINDOWS\System32\KERNELBASE.dll
0x00007ff8f1580000 - 0x00007ff8f1691000 	C:\WINDOWS\System32\ucrtbase.dll
0x00007ff8d7ab0000 - 0x00007ff8d7ac7000 	C:\Program Files\Android\Android Studio2\jbr\bin\jli.dll
0x00007ff8f2790000 - 0x00007ff8f293a000 	C:\WINDOWS\System32\USER32.dll
0x00007ff8d7500000 - 0x00007ff8d751b000 	C:\Program Files\Android\Android Studio2\jbr\bin\VCRUNTIME140.dll
0x00007ff8f16a0000 - 0x00007ff8f16c6000 	C:\WINDOWS\System32\win32u.dll
0x00007ff8d3f20000 - 0x00007ff8d41ae000 	C:\WINDOWS\WinSxS\amd64_microsoft.windows.common-controls_6595b64144ccf1df_6.0.22621.1635_none_270f70857386168e\COMCTL32.dll
0x00007ff8f2520000 - 0x00007ff8f25c7000 	C:\WINDOWS\System32\msvcrt.dll
0x00007ff8f2350000 - 0x00007ff8f2379000 	C:\WINDOWS\System32\GDI32.dll
0x00007ff8f1d10000 - 0x00007ff8f1e29000 	C:\WINDOWS\System32\gdi32full.dll
0x00007ff8f1c70000 - 0x00007ff8f1d0a000 	C:\WINDOWS\System32\msvcp_win.dll
0x00007ff8f3a20000 - 0x00007ff8f3a51000 	C:\WINDOWS\System32\IMM32.DLL
0x00007ff8e5fd0000 - 0x00007ff8e5fdc000 	C:\Program Files\Android\Android Studio2\jbr\bin\vcruntime140_1.dll
0x00007ff8b2bd0000 - 0x00007ff8b2c5d000 	C:\Program Files\Android\Android Studio2\jbr\bin\msvcp140.dll
0x00007ff8a0f30000 - 0x00007ff8a1b9e000 	C:\Program Files\Android\Android Studio2\jbr\bin\server\jvm.dll
0x00007ff8f37c0000 - 0x00007ff8f386e000 	C:\WINDOWS\System32\ADVAPI32.dll
0x00007ff8f3a60000 - 0x00007ff8f3b04000 	C:\WINDOWS\System32\sechost.dll
0x00007ff8f3ec0000 - 0x00007ff8f3fd7000 	C:\WINDOWS\System32\RPCRT4.dll
0x00007ff8e9e90000 - 0x00007ff8e9e99000 	C:\WINDOWS\SYSTEM32\WSOCK32.dll
0x00007ff8e5d70000 - 0x00007ff8e5d7a000 	C:\WINDOWS\SYSTEM32\VERSION.dll
0x00007ff8e6c20000 - 0x00007ff8e6c54000 	C:\WINDOWS\SYSTEM32\WINMM.dll
0x00007ff8f3b70000 - 0x00007ff8f3be1000 	C:\WINDOWS\System32\WS2_32.dll
0x00007ff8f0640000 - 0x00007ff8f0658000 	C:\WINDOWS\SYSTEM32\kernel.appcore.dll
0x00007ff8ee2b0000 - 0x00007ff8ee2ba000 	C:\Program Files\Android\Android Studio2\jbr\bin\jimage.dll
0x00007ff8eeed0000 - 0x00007ff8ef0fe000 	C:\WINDOWS\SYSTEM32\DBGHELP.DLL
0x00007ff8f1ef0000 - 0x00007ff8f2279000 	C:\WINDOWS\System32\combase.dll
0x00007ff8f2380000 - 0x00007ff8f2457000 	C:\WINDOWS\System32\OLEAUT32.dll
0x00007ff8ce400000 - 0x00007ff8ce432000 	C:\WINDOWS\SYSTEM32\dbgcore.DLL
0x00007ff8f1bf0000 - 0x00007ff8f1c6a000 	C:\WINDOWS\System32\bcryptPrimitives.dll
0x00007ff8e6020000 - 0x00007ff8e6045000 	C:\Program Files\Android\Android Studio2\jbr\bin\java.dll
0x00007ff8e8830000 - 0x00007ff8e8848000 	C:\Program Files\Android\Android Studio2\jbr\bin\zip.dll
0x00007ff8f2e60000 - 0x00007ff8f3659000 	C:\WINDOWS\System32\SHELL32.dll
0x00007ff8ef500000 - 0x00007ff8efdce000 	C:\WINDOWS\SYSTEM32\windows.storage.dll
0x00007ff8ef3c0000 - 0x00007ff8ef4fe000 	C:\WINDOWS\SYSTEM32\wintypes.dll
0x00007ff8f3bf0000 - 0x00007ff8f3ce1000 	C:\WINDOWS\System32\SHCORE.dll
0x00007ff8f3b10000 - 0x00007ff8f3b6e000 	C:\WINDOWS\System32\shlwapi.dll
0x00007ff8f1440000 - 0x00007ff8f1466000 	C:\WINDOWS\SYSTEM32\profapi.dll
0x00007ff8e6080000 - 0x00007ff8e6099000 	C:\Program Files\Android\Android Studio2\jbr\bin\net.dll
0x00007ff8e9660000 - 0x00007ff8e9797000 	C:\WINDOWS\SYSTEM32\WINHTTP.dll
0x00007ff8f0ac0000 - 0x00007ff8f0b29000 	C:\WINDOWS\system32\mswsock.dll
0x00007ff8e6000000 - 0x00007ff8e6016000 	C:\Program Files\Android\Android Studio2\jbr\bin\nio.dll
0x00007ff8ee270000 - 0x00007ff8ee280000 	C:\Program Files\Android\Android Studio2\jbr\bin\verify.dll
0x00007ff8d6f80000 - 0x00007ff8d6fa7000 	C:\Users\hema\.gradle\native\68d5fa5c4cc2d200863cafc0d521ce42e7d3e7ee720ec0a83991735586a16f82\windows-amd64\native-platform.dll
0x00007ff8adab0000 - 0x00007ff8adbf4000 	C:\Users\hema\.gradle\native\e376f236ea51e6404a007f0833ffe2c6e607c4080706a723a18a27aeea778392\windows-amd64\native-platform-file-events.dll
0x00007ff8e9da0000 - 0x00007ff8e9da9000 	C:\Program Files\Android\Android Studio2\jbr\bin\management.dll
0x00007ff8e95c0000 - 0x00007ff8e95cb000 	C:\Program Files\Android\Android Studio2\jbr\bin\management_ext.dll
0x00007ff8f2460000 - 0x00007ff8f2468000 	C:\WINDOWS\System32\PSAPI.DLL
0x00007ff8f0d20000 - 0x00007ff8f0d3b000 	C:\WINDOWS\SYSTEM32\CRYPTSP.dll
0x00007ff8f05b0000 - 0x00007ff8f05e5000 	C:\WINDOWS\system32\rsaenh.dll
0x00007ff8f0bc0000 - 0x00007ff8f0bec000 	C:\WINDOWS\SYSTEM32\USERENV.dll
0x00007ff8f0ee0000 - 0x00007ff8f0f08000 	C:\WINDOWS\SYSTEM32\bcrypt.dll
0x00007ff8f0d40000 - 0x00007ff8f0d4c000 	C:\WINDOWS\SYSTEM32\CRYPTBASE.dll
0x00007ff8f0020000 - 0x00007ff8f004d000 	C:\WINDOWS\SYSTEM32\IPHLPAPI.DLL
0x00007ff8f3cf0000 - 0x00007ff8f3cf9000 	C:\WINDOWS\System32\NSI.dll
0x00007ff8e7230000 - 0x00007ff8e7249000 	C:\WINDOWS\SYSTEM32\dhcpcsvc6.DLL
0x00007ff8e6ca0000 - 0x00007ff8e6cbf000 	C:\WINDOWS\SYSTEM32\dhcpcsvc.DLL
0x00007ff8f0050000 - 0x00007ff8f0143000 	C:\WINDOWS\SYSTEM32\DNSAPI.dll
0x00007ff8d7a50000 - 0x00007ff8d7a58000 	C:\WINDOWS\system32\wshunix.dll

dbghelp: loaded successfully - version: 4.0.5 - missing functions: none
symbol engine: initialized successfully - sym options: 0x614 - pdb path: .;C:\Program Files\Android\Android Studio2\jbr\bin;C:\WINDOWS\SYSTEM32;C:\WINDOWS\WinSxS\amd64_microsoft.windows.common-controls_6595b64144ccf1df_6.0.22621.1635_none_270f70857386168e;C:\Program Files\Android\Android Studio2\jbr\bin\server;C:\Users\hema\.gradle\native\68d5fa5c4cc2d200863cafc0d521ce42e7d3e7ee720ec0a83991735586a16f82\windows-amd64;C:\Users\hema\.gradle\native\e376f236ea51e6404a007f0833ffe2c6e607c4080706a723a18a27aeea778392\windows-amd64

VM Arguments:
jvm_args: --add-opens=java.base/java.util=ALL-UNNAMED --add-opens=java.base/java.lang=ALL-UNNAMED --add-opens=java.base/java.lang.invoke=ALL-UNNAMED --add-opens=java.prefs/java.util.prefs=ALL-UNNAMED --add-opens=java.base/java.nio.charset=ALL-UNNAMED --add-opens=java.base/java.net=ALL-UNNAMED --add-opens=java.base/java.util.concurrent.atomic=ALL-UNNAMED -Xmx2048m -Dfile.encoding=UTF-8 -Duser.country=IN -Duser.language=en -Duser.variant 
java_command: org.gradle.launcher.daemon.bootstrap.GradleDaemon 8.0
java_class_path (initial): C:\Users\hema\.gradle\wrapper\dists\gradle-8.0-bin\ca5e32bp14vu59qr306oxotwh\gradle-8.0\lib\gradle-launcher-8.0.jar
Launcher Type: SUN_STANDARD

[Global flags]
     intx CICompilerCount                          = 4                                         {product} {ergonomic}
     uint ConcGCThreads                            = 2                                         {product} {ergonomic}
     uint G1ConcRefinementThreads                  = 8                                         {product} {ergonomic}
   size_t G1HeapRegionSize                         = 1048576                                   {product} {ergonomic}
    uintx GCDrainStackTargetSize                   = 64                                        {product} {ergonomic}
   size_t InitialHeapSize                          = 130023424                                 {product} {ergonomic}
   size_t MarkStackSize                            = 4194304                                   {product} {ergonomic}
   size_t MaxHeapSize                              = 2147483648                                {product} {command line}
   size_t MaxNewSize                               = 1287651328                                {product} {ergonomic}
   size_t MinHeapDeltaBytes                        = 1048576                                   {product} {ergonomic}
   size_t MinHeapSize                              = 8388608                                   {product} {ergonomic}
    uintx NonNMethodCodeHeapSize                   = 5839372                                {pd product} {ergonomic}
    uintx NonProfiledCodeHeapSize                  = 122909434                              {pd product} {ergonomic}
    uintx ProfiledCodeHeapSize                     = 122909434                              {pd product} {ergonomic}
    uintx ReservedCodeCacheSize                    = 251658240                              {pd product} {ergonomic}
     bool SegmentedCodeCache                       = true                                      {product} {ergonomic}
   size_t SoftMaxHeapSize                          = 2147483648                             {manageable} {ergonomic}
     bool UseCompressedClassPointers               = true                           {product lp64_product} {ergonomic}
     bool UseCompressedOops                        = true                           {product lp64_product} {ergonomic}
     bool UseG1GC                                  = true                                      {product} {ergonomic}
     bool UseLargePagesIndividualAllocation        = false                                  {pd product} {ergonomic}

Logging:
Log output configuration:
 #0: stdout all=warning uptime,level,tags
 #1: stderr all=off uptime,level,tags

Environment Variables:
JAVA_HOME=C:\Program Files\Java\jdk-19
PATH=C:\Program Files\Common Files\Oracle\Java\javapath;C:\WINDOWS\system32;C:\WINDOWS;C:\WINDOWS\System32\Wbem;C:\WINDOWS\System32\WindowsPowerShell\v1.0\;C:\WINDOWS\System32\OpenSSH\;C:\Program Files (x86)\MySQL\MySQL Server 5.1\bin;C:\Program Files\Java\jdk-19\bin;C:\Users\hema\AppData\Local\Microsoft\WindowsApps;
USERNAME=hema
OS=Windows_NT
PROCESSOR_IDENTIFIER=Intel64 Family 6 Model 140 Stepping 1, GenuineIntel
TMP=C:\Users\hema\AppData\Local\Temp
TEMP=C:\Users\hema\AppData\Local\Temp


JNI global refs:
JNI global refs: 27, weak refs: 2

JNI global refs memory usage: 843, weak refs: 841


---------------  S Y S T E M  ---------------

OS:
 Windows 11 , 64 bit Build 22621 (10.0.22621.1928)
OS uptime: 6 days 20:20 hours

CPU: total 8 (initial active 8) (4 cores per cpu, 2 threads per core) family 6 model 140 stepping 1 microcode 0x9a, cx8, cmov, fxsr, ht, mmx, 3dnowpref, sse, sse2, sse3, ssse3, sse4.1, sse4.2, popcnt, lzcnt, tsc, tscinvbit, avx, avx2, aes, erms, clmul, bmi1, bmi2, adx, avx512f, avx512dq, avx512cd, avx512bw, avx512vl, sha, fma, vzeroupper, avx512_vpopcntdq, avx512_vpclmulqdq, avx512_vaes, avx512_vnni, clflush, clflushopt, clwb, avx512_vbmi2, avx512_vbmi

Memory: 4k page, system-wide physical 7834M (483M free)
TotalPageFile size 9882M (AvailPageFile size 43M)
current process WorkingSet (physical memory assigned to process): 442M, peak: 445M
current process commit charge ("private bytes"): 479M, peak: 719M

vm_info: OpenJDK 64-Bit Server VM (17.0.6+0-b2043.56-10027231) for windows-amd64 JRE (17.0.6+0-b2043.56-10027231), built on Apr 28 2023 00:43:19 by "androidbuild" with MS VC++ 16.10 / 16.11 (VS2019)

END.
