#
# There is insufficient memory for the Java Runtime Environment to continue.
# Native memory allocation (mmap) failed to map 57671680 bytes for G1 virtual space
# Possible reasons:
#   The system is out of physical RAM or swap space
#   The process is running with CompressedOops enabled, and the Java Heap may be blocking the growth of the native heap
# Possible solutions:
#   Reduce memory load on the system
#   Increase physical memory or swap space
#   Check if swap backing store is full
#   Decrease Java heap size (-Xmx/-Xms)
#   Decrease number of Java threads
#   Decrease Java thread stack sizes (-Xss)
#   Set larger code cache with -XX:ReservedCodeCacheSize=
#   JVM is running with Unscaled Compressed Oops mode in which the Java heap is
#     placed in the first 4GB address space. The Java Heap base address is the
#     maximum limit for the native heap growth. Please use -XX:HeapBaseMinAddress
#     to set the Java Heap base and to place the Java Heap above 4GB virtual address.
# This output file may be truncated or incomplete.
#
#  Out of Memory Error (os_windows.cpp:3769), pid=11076, tid=18896
#
# JRE version: OpenJDK Runtime Environment (17.0.6) (build 17.0.6+0-b2043.56-10027231)
# Java VM: OpenJDK 64-Bit Server VM (17.0.6+0-b2043.56-10027231, mixed mode, tiered, compressed oops, compressed class ptrs, g1 gc, windows-amd64)
# No core dump will be written. Minidumps are not enabled by default on client versions of Windows
#

---------------  S U M M A R Y ------------

Command Line: --add-opens=java.base/java.util=ALL-UNNAMED --add-opens=java.base/java.lang=ALL-UNNAMED --add-opens=java.base/java.lang.invoke=ALL-UNNAMED --add-opens=java.prefs/java.util.prefs=ALL-UNNAMED --add-opens=java.base/java.nio.charset=ALL-UNNAMED --add-opens=java.base/java.net=ALL-UNNAMED --add-opens=java.base/java.util.concurrent.atomic=ALL-UNNAMED -Xmx2048m -Dfile.encoding=UTF-8 -Duser.country=IN -Duser.language=en -Duser.variant org.gradle.launcher.daemon.bootstrap.GradleDaemon 8.0

Host: 11th Gen Intel(R) Core(TM) i5-1135G7 @ 2.40GHz, 8 cores, 7G,  Windows 11 , 64 bit Build 22621 (10.0.22621.1928)
Time: Fri Aug  4 10:20:29 2023 India Standard Time elapsed time: 10.710599 seconds (0d 0h 0m 10s)

---------------  T H R E A D  ---------------

Current thread (0x0000020b0f1f9550):  VMThread "VM Thread" [stack: 0x0000007a6ae00000,0x0000007a6af00000] [id=18896]

Stack: [0x0000007a6ae00000,0x0000007a6af00000]
Native frames: (J=compiled Java code, j=interpreted, Vv=VM code, C=native code)
V  [jvm.dll+0x683c9a]
V  [jvm.dll+0x8427a4]
V  [jvm.dll+0x843f9e]
V  [jvm.dll+0x844603]
V  [jvm.dll+0x249b75]
V  [jvm.dll+0x680b69]
V  [jvm.dll+0x67505a]
V  [jvm.dll+0x309acb]
V  [jvm.dll+0x310f86]
V  [jvm.dll+0x3608ee]
V  [jvm.dll+0x360b1f]
V  [jvm.dll+0x2dfbf8]
V  [jvm.dll+0x2ddec4]
V  [jvm.dll+0x2dd4cc]
V  [jvm.dll+0x321f3b]
V  [jvm.dll+0x848ccb]
V  [jvm.dll+0x849a04]
V  [jvm.dll+0x849f1d]
V  [jvm.dll+0x84a2f4]
V  [jvm.dll+0x84a3c0]
V  [jvm.dll+0x7f274a]
V  [jvm.dll+0x682ad5]
C  [ucrtbase.dll+0x29363]
C  [KERNEL32.DLL+0x126ad]
C  [ntdll.dll+0x5aa68]

VM_Operation (0x0000007a6d1fe7f0): G1CollectForAllocation, mode: safepoint, requested by thread 0x0000020b103c7b20


---------------  P R O C E S S  ---------------

Threads class SMR info:
_java_thread_list=0x0000020b135f34f0, length=136, elements={
0x0000020b753c8740, 0x0000020b0fc1f750, 0x0000020b0fc20210, 0x0000020b0fc63e80,
0x0000020b0fc64940, 0x0000020b0fc654f0, 0x0000020b0fc67eb0, 0x0000020b0fc6c090,
0x0000020b0fc70c20, 0x0000020b0fc79620, 0x0000020b0fddb220, 0x0000020b0fde82e0,
0x0000020b1166b4f0, 0x0000020b129fbae0, 0x0000020b12ce8ea0, 0x0000020b135e0600,
0x0000020b115baf60, 0x0000020b116323c0, 0x0000020b13029b10, 0x0000020b103c7ff0,
0x0000020b103c67e0, 0x0000020b103c6cb0, 0x0000020b103c7180, 0x0000020b103c7650,
0x0000020b103c7b20, 0x0000020b12709ad0, 0x0000020b12709fa0, 0x0000020b1270a470,
0x0000020b1270a940, 0x0000020b1270bc80, 0x0000020b1270b7b0, 0x0000020b1270ae10,
0x0000020b1270b2e0, 0x0000020b12709600, 0x0000020b12709130, 0x0000020b1270c150,
0x0000020b1270c620, 0x0000020b1270caf0, 0x0000020b11038300, 0x0000020b11033130,
0x0000020b11034940, 0x0000020b11036150, 0x0000020b11033600, 0x0000020b11033fa0,
0x0000020b11038ca0, 0x0000020b11033ad0, 0x0000020b11036fc0, 0x0000020b110357b0,
0x0000020b11034470, 0x0000020b11035c80, 0x0000020b11039170, 0x0000020b11036620,
0x0000020b110322c0, 0x0000020b11031920, 0x0000020b11031df0, 0x0000020b11036af0,
0x0000020b11037490, 0x0000020b11037960, 0x0000020b11037e30, 0x0000020b12bf3540,
0x0000020b12bf8710, 0x0000020b12bf43b0, 0x0000020b12bf6f00, 0x0000020b12bf73d0,
0x0000020b12bfa8c0, 0x0000020b12bf9580, 0x0000020b12bf6090, 0x0000020b12bf6a30,
0x0000020b12bf6560, 0x0000020b12bf4d50, 0x0000020b12bf8240, 0x0000020b12bf78a0,
0x0000020b12bf7d70, 0x0000020b12bf8be0, 0x0000020b12bf5220, 0x0000020b12bf9f20,
0x0000020b12bf90b0, 0x0000020b12bf9a50, 0x0000020b12bf3a10, 0x0000020b12bf4880,
0x0000020b12bfa3f0, 0x0000020b12bfad90, 0x0000020b12bf56f0, 0x0000020b12bf3ee0,
0x0000020b12bf5bc0, 0x0000020b1184b680, 0x0000020b1184e1d0, 0x0000020b1184e6a0,
0x0000020b11849e70, 0x0000020b1184f040, 0x0000020b1184dd00, 0x0000020b1184eb70,
0x0000020b1184a340, 0x0000020b1184c020, 0x0000020b11848660, 0x0000020b11847cc0,
0x0000020b1184ace0, 0x0000020b1184a810, 0x0000020b118477f0, 0x0000020b11848190,
0x0000020b1184b1b0, 0x0000020b1184bb50, 0x0000020b1184c4f0, 0x0000020b1184c9c0,
0x0000020b1184ce90, 0x0000020b11848b30, 0x0000020b11849000, 0x0000020b118499a0,
0x0000020b118494d0, 0x0000020b1184d360, 0x0000020b1184d830, 0x0000020b13c92eb0,
0x0000020b13c941f0, 0x0000020b13c8ce70, 0x0000020b13c90830, 0x0000020b13c8fe90,
0x0000020b13c90360, 0x0000020b13c93850, 0x0000020b13c93380, 0x0000020b13c90d00,
0x0000020b13c8d810, 0x0000020b13c916a0, 0x0000020b13c8f020, 0x0000020b13c93d20,
0x0000020b13c911d0, 0x0000020b16dff610, 0x0000020b13c92040, 0x0000020b13c8eb50,
0x0000020b13c8f4f0, 0x0000020b13c8e680, 0x0000020b15b05f30, 0x0000020b15b068d0,
0x0000020b15b085b0, 0x0000020b15b038b0, 0x0000020b15b033e0, 0x0000020b15b04720
}

Java Threads: ( => current thread )
  0x0000020b753c8740 JavaThread "main" [_thread_blocked, id=28064, stack(0x0000007a6a800000,0x0000007a6a900000)]
  0x0000020b0fc1f750 JavaThread "Reference Handler" daemon [_thread_blocked, id=4356, stack(0x0000007a6af00000,0x0000007a6b000000)]
  0x0000020b0fc20210 JavaThread "Finalizer" daemon [_thread_blocked, id=10708, stack(0x0000007a6b000000,0x0000007a6b100000)]
  0x0000020b0fc63e80 JavaThread "Signal Dispatcher" daemon [_thread_blocked, id=10936, stack(0x0000007a6b100000,0x0000007a6b200000)]
  0x0000020b0fc64940 JavaThread "Attach Listener" daemon [_thread_blocked, id=21312, stack(0x0000007a6b200000,0x0000007a6b300000)]
  0x0000020b0fc654f0 JavaThread "Service Thread" daemon [_thread_blocked, id=12496, stack(0x0000007a6b300000,0x0000007a6b400000)]
  0x0000020b0fc67eb0 JavaThread "Monitor Deflation Thread" daemon [_thread_blocked, id=23708, stack(0x0000007a6b400000,0x0000007a6b500000)]
  0x0000020b0fc6c090 JavaThread "C2 CompilerThread0" daemon [_thread_blocked, id=17744, stack(0x0000007a6b500000,0x0000007a6b600000)]
  0x0000020b0fc70c20 JavaThread "C1 CompilerThread0" daemon [_thread_blocked, id=26344, stack(0x0000007a6b600000,0x0000007a6b700000)]
  0x0000020b0fc79620 JavaThread "Sweeper thread" daemon [_thread_blocked, id=344, stack(0x0000007a6b700000,0x0000007a6b800000)]
  0x0000020b0fddb220 JavaThread "Common-Cleaner" daemon [_thread_blocked, id=22040, stack(0x0000007a6b800000,0x0000007a6b900000)]
  0x0000020b0fde82e0 JavaThread "Notification Thread" daemon [_thread_blocked, id=15584, stack(0x0000007a6b900000,0x0000007a6ba00000)]
  0x0000020b1166b4f0 JavaThread "Daemon health stats" [_thread_blocked, id=22996, stack(0x0000007a6c100000,0x0000007a6c200000)]
  0x0000020b129fbae0 JavaThread "Incoming local TCP Connector on port 55339" [_thread_in_native, id=29528, stack(0x0000007a6c200000,0x0000007a6c300000)]
  0x0000020b12ce8ea0 JavaThread "Daemon periodic checks" [_thread_blocked, id=9748, stack(0x0000007a6c300000,0x0000007a6c400000)]
  0x0000020b135e0600 JavaThread "Daemon" [_thread_blocked, id=24104, stack(0x0000007a6c400000,0x0000007a6c500000)]
  0x0000020b115baf60 JavaThread "Handler for socket connection from /127.0.0.1:55339 to /127.0.0.1:55340" [_thread_in_native, id=30212, stack(0x0000007a6c500000,0x0000007a6c600000)]
  0x0000020b116323c0 JavaThread "Cancel handler" [_thread_blocked, id=18992, stack(0x0000007a6c600000,0x0000007a6c700000)]
  0x0000020b13029b10 JavaThread "Daemon worker" [_thread_blocked, id=24824, stack(0x0000007a6c700000,0x0000007a6c800000)]
  0x0000020b103c7ff0 JavaThread "Asynchronous log dispatcher for DefaultDaemonConnection: socket connection from /127.0.0.1:55339 to /127.0.0.1:55340" [_thread_blocked, id=27848, stack(0x0000007a6c800000,0x0000007a6c900000)]
  0x0000020b103c67e0 JavaThread "Stdin handler" [_thread_blocked, id=8888, stack(0x0000007a6c900000,0x0000007a6ca00000)]
  0x0000020b103c6cb0 JavaThread "Daemon client event forwarder" [_thread_blocked, id=18972, stack(0x0000007a6ca00000,0x0000007a6cb00000)]
  0x0000020b103c7180 JavaThread "Cache worker for journal cache (C:\Users\hema\.gradle\caches\journal-1)" [_thread_blocked, id=27084, stack(0x0000007a6cf00000,0x0000007a6d000000)]
  0x0000020b103c7650 JavaThread "File lock request listener" [_thread_in_native, id=2180, stack(0x0000007a6d000000,0x0000007a6d100000)]
  0x0000020b103c7b20 JavaThread "Cache worker for file hash cache (C:\Users\hema\.gradle\caches\8.0\fileHashes)" [_thread_blocked, id=29504, stack(0x0000007a6d100000,0x0000007a6d200000)]
  0x0000020b12709ad0 JavaThread "File watcher server" daemon [_thread_in_native, id=15140, stack(0x0000007a6d200000,0x0000007a6d300000)]
  0x0000020b12709fa0 JavaThread "File watcher consumer" daemon [_thread_blocked, id=27136, stack(0x0000007a6d300000,0x0000007a6d400000)]
  0x0000020b1270a470 JavaThread "jar transforms" [_thread_blocked, id=24580, stack(0x0000007a6bc00000,0x0000007a6bd00000)]
  0x0000020b1270a940 JavaThread "jar transforms Thread 2" [_thread_blocked, id=27328, stack(0x0000007a6d400000,0x0000007a6d500000)]
  0x0000020b1270bc80 JavaThread "jar transforms Thread 3" [_thread_blocked, id=4476, stack(0x0000007a6d500000,0x0000007a6d600000)]
  0x0000020b1270b7b0 JavaThread "jar transforms Thread 4" [_thread_blocked, id=23160, stack(0x0000007a6d600000,0x0000007a6d700000)]
  0x0000020b1270ae10 JavaThread "jar transforms Thread 5" [_thread_blocked, id=21936, stack(0x0000007a6d700000,0x0000007a6d800000)]
  0x0000020b1270b2e0 JavaThread "jar transforms Thread 6" [_thread_blocked, id=8876, stack(0x0000007a6d800000,0x0000007a6d900000)]
  0x0000020b12709600 JavaThread "jar transforms Thread 7" [_thread_blocked, id=22588, stack(0x0000007a6d900000,0x0000007a6da00000)]
  0x0000020b12709130 JavaThread "jar transforms Thread 8" [_thread_blocked, id=15248, stack(0x0000007a6da00000,0x0000007a6db00000)]
  0x0000020b1270c150 JavaThread "Cache worker for checksums cache (C:\Users\hema\Downloads\SleepTracking Final\SleepTracking\.gradle\8.0\checksums)" [_thread_blocked, id=20524, stack(0x0000007a6dc00000,0x0000007a6dd00000)]
  0x0000020b1270c620 JavaThread "Cache worker for cache directory md-rule (C:\Users\hema\.gradle\caches\8.0\md-rule)" [_thread_blocked, id=24048, stack(0x0000007a6dd00000,0x0000007a6de00000)]
  0x0000020b1270caf0 JavaThread "Cache worker for file content cache (C:\Users\hema\.gradle\caches\8.0\fileContent)" [_thread_blocked, id=8896, stack(0x0000007a6de00000,0x0000007a6df00000)]
  0x0000020b11038300 JavaThread "Cache worker for file hash cache (C:\Users\hema\Downloads\SleepTracking Final\SleepTracking\.gradle\8.0\fileHashes)" [_thread_blocked, id=20668, stack(0x0000007a6df00000,0x0000007a6e000000)]
  0x0000020b11033130 JavaThread "Cache worker for cache directory md-supplier (C:\Users\hema\.gradle\caches\8.0\md-supplier)" [_thread_blocked, id=19752, stack(0x0000007a6e000000,0x0000007a6e100000)]
  0x0000020b11034940 JavaThread "Cache worker for execution history cache (C:\Users\hema\.gradle\caches\8.0\executionHistory)" [_thread_blocked, id=28036, stack(0x0000007a6e100000,0x0000007a6e200000)]
  0x0000020b11036150 JavaThread "Cache worker for kotlin-dsl (C:\Users\hema\.gradle\caches\8.0\kotlin-dsl)" [_thread_blocked, id=28180, stack(0x0000007a6e300000,0x0000007a6e400000)]
  0x0000020b11033600 JavaThread "Cache worker for dependencies-accessors (C:\Users\hema\Downloads\SleepTracking Final\SleepTracking\.gradle\8.0\dependencies-accessors)" [_thread_blocked, id=15004, stack(0x0000007a6e400000,0x0000007a6e500000)]
  0x0000020b11033fa0 JavaThread "Cache worker for Build Output Cleanup Cache (C:\Users\hema\Downloads\SleepTracking Final\SleepTracking\.gradle\buildOutputCleanup)" [_thread_blocked, id=28748, stack(0x0000007a6e500000,0x0000007a6e600000)]
  0x0000020b11038ca0 JavaThread "Unconstrained build operations" [_thread_blocked, id=18224, stack(0x0000007a6e600000,0x0000007a6e700000)]
  0x0000020b11033ad0 JavaThread "Unconstrained build operations Thread 2" [_thread_blocked, id=18236, stack(0x0000007a6e700000,0x0000007a6e800000)]
  0x0000020b11036fc0 JavaThread "Unconstrained build operations Thread 3" [_thread_blocked, id=5052, stack(0x0000007a6e800000,0x0000007a6e900000)]
  0x0000020b110357b0 JavaThread "Unconstrained build operations Thread 4" [_thread_blocked, id=17496, stack(0x0000007a6e900000,0x0000007a6ea00000)]
  0x0000020b11034470 JavaThread "Unconstrained build operations Thread 5" [_thread_blocked, id=1348, stack(0x0000007a6ea00000,0x0000007a6eb00000)]
  0x0000020b11035c80 JavaThread "Unconstrained build operations Thread 6" [_thread_blocked, id=12260, stack(0x0000007a6eb00000,0x0000007a6ec00000)]
  0x0000020b11039170 JavaThread "Unconstrained build operations Thread 7" [_thread_blocked, id=20508, stack(0x0000007a6ec00000,0x0000007a6ed00000)]
  0x0000020b11036620 JavaThread "Unconstrained build operations Thread 8" [_thread_blocked, id=17608, stack(0x0000007a6ed00000,0x0000007a6ee00000)]
  0x0000020b110322c0 JavaThread "Unconstrained build operations Thread 9" [_thread_blocked, id=2336, stack(0x0000007a6ee00000,0x0000007a6ef00000)]
  0x0000020b11031920 JavaThread "Unconstrained build operations Thread 10" [_thread_blocked, id=29084, stack(0x0000007a6ef00000,0x0000007a6f000000)]
  0x0000020b11031df0 JavaThread "Unconstrained build operations Thread 11" [_thread_blocked, id=13404, stack(0x0000007a6f000000,0x0000007a6f100000)]
  0x0000020b11036af0 JavaThread "Unconstrained build operations Thread 12" [_thread_blocked, id=29536, stack(0x0000007a6f100000,0x0000007a6f200000)]
  0x0000020b11037490 JavaThread "Unconstrained build operations Thread 13" [_thread_blocked, id=22244, stack(0x0000007a6f200000,0x0000007a6f300000)]
  0x0000020b11037960 JavaThread "Unconstrained build operations Thread 14" [_thread_blocked, id=10960, stack(0x0000007a6f300000,0x0000007a6f400000)]
  0x0000020b11037e30 JavaThread "Unconstrained build operations Thread 15" [_thread_blocked, id=12468, stack(0x0000007a6f400000,0x0000007a6f500000)]
  0x0000020b12bf3540 JavaThread "Unconstrained build operations Thread 16" [_thread_blocked, id=5344, stack(0x0000007a6f500000,0x0000007a6f600000)]
  0x0000020b12bf8710 JavaThread "Unconstrained build operations Thread 17" [_thread_blocked, id=30204, stack(0x0000007a6f600000,0x0000007a6f700000)]
  0x0000020b12bf43b0 JavaThread "Unconstrained build operations Thread 18" [_thread_blocked, id=28004, stack(0x0000007a6f700000,0x0000007a6f800000)]
  0x0000020b12bf6f00 JavaThread "Unconstrained build operations Thread 19" [_thread_blocked, id=19888, stack(0x0000007a6f800000,0x0000007a6f900000)]
  0x0000020b12bf73d0 JavaThread "Unconstrained build operations Thread 20" [_thread_blocked, id=24224, stack(0x0000007a6f900000,0x0000007a6fa00000)]
  0x0000020b12bfa8c0 JavaThread "Unconstrained build operations Thread 21" [_thread_blocked, id=23820, stack(0x0000007a6fa00000,0x0000007a6fb00000)]
  0x0000020b12bf9580 JavaThread "Unconstrained build operations Thread 22" [_thread_blocked, id=18288, stack(0x0000007a6fb00000,0x0000007a6fc00000)]
  0x0000020b12bf6090 JavaThread "Unconstrained build operations Thread 23" [_thread_blocked, id=26652, stack(0x0000007a6fc00000,0x0000007a6fd00000)]
  0x0000020b12bf6a30 JavaThread "Unconstrained build operations Thread 24" [_thread_blocked, id=25080, stack(0x0000007a6fd00000,0x0000007a6fe00000)]
  0x0000020b12bf6560 JavaThread "Unconstrained build operations Thread 25" [_thread_blocked, id=3168, stack(0x0000007a6fe00000,0x0000007a6ff00000)]
  0x0000020b12bf4d50 JavaThread "Unconstrained build operations Thread 26" [_thread_blocked, id=26808, stack(0x0000007a6ff00000,0x0000007a70000000)]
  0x0000020b12bf8240 JavaThread "Unconstrained build operations Thread 27" [_thread_blocked, id=23804, stack(0x0000007a70000000,0x0000007a70100000)]
  0x0000020b12bf78a0 JavaThread "Unconstrained build operations Thread 28" [_thread_blocked, id=27612, stack(0x0000007a70100000,0x0000007a70200000)]
  0x0000020b12bf7d70 JavaThread "Unconstrained build operations Thread 29" [_thread_blocked, id=28800, stack(0x0000007a70200000,0x0000007a70300000)]
  0x0000020b12bf8be0 JavaThread "Unconstrained build operations Thread 30" [_thread_blocked, id=23084, stack(0x0000007a70300000,0x0000007a70400000)]
  0x0000020b12bf5220 JavaThread "Unconstrained build operations Thread 31" [_thread_blocked, id=20804, stack(0x0000007a70400000,0x0000007a70500000)]
  0x0000020b12bf9f20 JavaThread "Unconstrained build operations Thread 32" [_thread_blocked, id=19772, stack(0x0000007a70500000,0x0000007a70600000)]
  0x0000020b12bf90b0 JavaThread "Unconstrained build operations Thread 33" [_thread_blocked, id=25888, stack(0x0000007a70600000,0x0000007a70700000)]
  0x0000020b12bf9a50 JavaThread "Unconstrained build operations Thread 34" [_thread_blocked, id=29072, stack(0x0000007a70700000,0x0000007a70800000)]
  0x0000020b12bf3a10 JavaThread "Unconstrained build operations Thread 35" [_thread_blocked, id=10116, stack(0x0000007a70800000,0x0000007a70900000)]
  0x0000020b12bf4880 JavaThread "Unconstrained build operations Thread 36" [_thread_blocked, id=14304, stack(0x0000007a70900000,0x0000007a70a00000)]
  0x0000020b12bfa3f0 JavaThread "Unconstrained build operations Thread 37" [_thread_blocked, id=26140, stack(0x0000007a70a00000,0x0000007a70b00000)]
  0x0000020b12bfad90 JavaThread "Unconstrained build operations Thread 38" [_thread_blocked, id=7844, stack(0x0000007a70b00000,0x0000007a70c00000)]
  0x0000020b12bf56f0 JavaThread "Unconstrained build operations Thread 39" [_thread_blocked, id=21216, stack(0x0000007a70c00000,0x0000007a70d00000)]
  0x0000020b12bf3ee0 JavaThread "Unconstrained build operations Thread 40" [_thread_blocked, id=16352, stack(0x0000007a70d00000,0x0000007a70e00000)]
  0x0000020b12bf5bc0 JavaThread "Unconstrained build operations Thread 41" [_thread_blocked, id=5452, stack(0x0000007a70e00000,0x0000007a70f00000)]
  0x0000020b1184b680 JavaThread "Unconstrained build operations Thread 42" [_thread_blocked, id=28792, stack(0x0000007a70f00000,0x0000007a71000000)]
  0x0000020b1184e1d0 JavaThread "Unconstrained build operations Thread 43" [_thread_blocked, id=9212, stack(0x0000007a71000000,0x0000007a71100000)]
  0x0000020b1184e6a0 JavaThread "Unconstrained build operations Thread 44" [_thread_blocked, id=14008, stack(0x0000007a71100000,0x0000007a71200000)]
  0x0000020b11849e70 JavaThread "Unconstrained build operations Thread 45" [_thread_blocked, id=29984, stack(0x0000007a71200000,0x0000007a71300000)]
  0x0000020b1184f040 JavaThread "Unconstrained build operations Thread 46" [_thread_blocked, id=29480, stack(0x0000007a71300000,0x0000007a71400000)]
  0x0000020b1184dd00 JavaThread "Unconstrained build operations Thread 47" [_thread_blocked, id=2900, stack(0x0000007a71400000,0x0000007a71500000)]
  0x0000020b1184eb70 JavaThread "Unconstrained build operations Thread 48" [_thread_blocked, id=30004, stack(0x0000007a71500000,0x0000007a71600000)]
  0x0000020b1184a340 JavaThread "Unconstrained build operations Thread 49" [_thread_blocked, id=7532, stack(0x0000007a71600000,0x0000007a71700000)]
  0x0000020b1184c020 JavaThread "Unconstrained build operations Thread 50" [_thread_blocked, id=30180, stack(0x0000007a71700000,0x0000007a71800000)]
  0x0000020b11848660 JavaThread "Unconstrained build operations Thread 51" [_thread_blocked, id=19984, stack(0x0000007a71800000,0x0000007a71900000)]
  0x0000020b11847cc0 JavaThread "Unconstrained build operations Thread 52" [_thread_blocked, id=22776, stack(0x0000007a71900000,0x0000007a71a00000)]
  0x0000020b1184ace0 JavaThread "Unconstrained build operations Thread 53" [_thread_blocked, id=17368, stack(0x0000007a71a00000,0x0000007a71b00000)]
  0x0000020b1184a810 JavaThread "Unconstrained build operations Thread 54" [_thread_blocked, id=30020, stack(0x0000007a71b00000,0x0000007a71c00000)]
  0x0000020b118477f0 JavaThread "Unconstrained build operations Thread 55" [_thread_blocked, id=20356, stack(0x0000007a71c00000,0x0000007a71d00000)]
  0x0000020b11848190 JavaThread "Unconstrained build operations Thread 56" [_thread_blocked, id=21116, stack(0x0000007a71d00000,0x0000007a71e00000)]
  0x0000020b1184b1b0 JavaThread "Unconstrained build operations Thread 57" [_thread_blocked, id=22584, stack(0x0000007a71e00000,0x0000007a71f00000)]
  0x0000020b1184bb50 JavaThread "Unconstrained build operations Thread 58" [_thread_blocked, id=30580, stack(0x0000007a71f00000,0x0000007a72000000)]
  0x0000020b1184c4f0 JavaThread "Unconstrained build operations Thread 59" [_thread_blocked, id=29520, stack(0x0000007a72000000,0x0000007a72100000)]
  0x0000020b1184c9c0 JavaThread "Unconstrained build operations Thread 60" [_thread_blocked, id=860, stack(0x0000007a72100000,0x0000007a72200000)]
  0x0000020b1184ce90 JavaThread "Unconstrained build operations Thread 61" [_thread_blocked, id=30076, stack(0x0000007a72200000,0x0000007a72300000)]
  0x0000020b11848b30 JavaThread "Unconstrained build operations Thread 62" [_thread_blocked, id=13356, stack(0x0000007a72300000,0x0000007a72400000)]
  0x0000020b11849000 JavaThread "Unconstrained build operations Thread 63" [_thread_blocked, id=25344, stack(0x0000007a72400000,0x0000007a72500000)]
  0x0000020b118499a0 JavaThread "Unconstrained build operations Thread 64" [_thread_blocked, id=21792, stack(0x0000007a72500000,0x0000007a72600000)]
  0x0000020b118494d0 JavaThread "Unconstrained build operations Thread 65" [_thread_blocked, id=25200, stack(0x0000007a72600000,0x0000007a72700000)]
  0x0000020b1184d360 JavaThread "Unconstrained build operations Thread 66" [_thread_blocked, id=21548, stack(0x0000007a72700000,0x0000007a72800000)]
  0x0000020b1184d830 JavaThread "Unconstrained build operations Thread 67" [_thread_blocked, id=27920, stack(0x0000007a72800000,0x0000007a72900000)]
  0x0000020b13c92eb0 JavaThread "Unconstrained build operations Thread 68" [_thread_blocked, id=23652, stack(0x0000007a72900000,0x0000007a72a00000)]
  0x0000020b13c941f0 JavaThread "Unconstrained build operations Thread 69" [_thread_blocked, id=11396, stack(0x0000007a72a00000,0x0000007a72b00000)]
  0x0000020b13c8ce70 JavaThread "Unconstrained build operations Thread 70" [_thread_blocked, id=16024, stack(0x0000007a72b00000,0x0000007a72c00000)]
  0x0000020b13c90830 JavaThread "Unconstrained build operations Thread 71" [_thread_blocked, id=15556, stack(0x0000007a72c00000,0x0000007a72d00000)]
  0x0000020b13c8fe90 JavaThread "Unconstrained build operations Thread 72" [_thread_blocked, id=15088, stack(0x0000007a72d00000,0x0000007a72e00000)]
  0x0000020b13c90360 JavaThread "Unconstrained build operations Thread 73" [_thread_blocked, id=2820, stack(0x0000007a72e00000,0x0000007a72f00000)]
  0x0000020b13c93850 JavaThread "Unconstrained build operations Thread 74" [_thread_blocked, id=28152, stack(0x0000007a72f00000,0x0000007a73000000)]
  0x0000020b13c93380 JavaThread "Unconstrained build operations Thread 75" [_thread_blocked, id=2936, stack(0x0000007a73000000,0x0000007a73100000)]
  0x0000020b13c90d00 JavaThread "Unconstrained build operations Thread 76" [_thread_blocked, id=18296, stack(0x0000007a73100000,0x0000007a73200000)]
  0x0000020b13c8d810 JavaThread "Unconstrained build operations Thread 77" [_thread_blocked, id=4308, stack(0x0000007a73200000,0x0000007a73300000)]
  0x0000020b13c916a0 JavaThread "Unconstrained build operations Thread 78" [_thread_blocked, id=28952, stack(0x0000007a73300000,0x0000007a73400000)]
  0x0000020b13c8f020 JavaThread "Unconstrained build operations Thread 79" [_thread_blocked, id=27344, stack(0x0000007a73400000,0x0000007a73500000)]
  0x0000020b13c93d20 JavaThread "Unconstrained build operations Thread 80" [_thread_blocked, id=1964, stack(0x0000007a73500000,0x0000007a73600000)]
  0x0000020b13c911d0 JavaThread "Memory manager" [_thread_blocked, id=27060, stack(0x0000007a73600000,0x0000007a73700000)]
  0x0000020b16dff610 JavaThread "C2 CompilerThread1" daemon [_thread_blocked, id=21164, stack(0x0000007a6bb00000,0x0000007a6bc00000)]
  0x0000020b13c92040 JavaThread "included builds" [_thread_blocked, id=2264, stack(0x0000007a6db00000,0x0000007a6dc00000)]
  0x0000020b13c8eb50 JavaThread "Execution worker" [_thread_blocked, id=28776, stack(0x0000007a73700000,0x0000007a73800000)]
  0x0000020b13c8f4f0 JavaThread "Execution worker Thread 2" [_thread_blocked, id=20240, stack(0x0000007a73800000,0x0000007a73900000)]
  0x0000020b13c8e680 JavaThread "Execution worker Thread 3" [_thread_blocked, id=25496, stack(0x0000007a73900000,0x0000007a73a00000)]
  0x0000020b15b05f30 JavaThread "Execution worker Thread 4" [_thread_blocked, id=14832, stack(0x0000007a73a00000,0x0000007a73b00000)]
  0x0000020b15b068d0 JavaThread "Execution worker Thread 5" [_thread_blocked, id=14236, stack(0x0000007a73b00000,0x0000007a73c00000)]
  0x0000020b15b085b0 JavaThread "Execution worker Thread 6" [_thread_blocked, id=23948, stack(0x0000007a73c00000,0x0000007a73d00000)]
  0x0000020b15b038b0 JavaThread "Execution worker Thread 7" [_thread_blocked, id=25148, stack(0x0000007a73d00000,0x0000007a73e00000)]
  0x0000020b15b033e0 JavaThread "Cache worker for execution history cache (C:\Users\hema\Downloads\SleepTracking Final\SleepTracking\.gradle\8.0\executionHistory)" [_thread_blocked, id=21404, stack(0x0000007a73e00000,0x0000007a73f00000)]
  0x0000020b15b04720 JavaThread "idea-tooling-model-converter" [_thread_blocked, id=26060, stack(0x0000007a73f00000,0x0000007a74000000)]

Other Threads:
=>0x0000020b0f1f9550 VMThread "VM Thread" [stack: 0x0000007a6ae00000,0x0000007a6af00000] [id=18896]
  0x0000020b7543fce0 WatcherThread [stack: 0x0000007a6ba00000,0x0000007a6bb00000] [id=27844]
  0x0000020b75423340 GCTaskThread "GC Thread#0" [stack: 0x0000007a6a900000,0x0000007a6aa00000] [id=22860]
  0x0000020b10e4ce80 GCTaskThread "GC Thread#1" [stack: 0x0000007a6bd00000,0x0000007a6be00000] [id=16040]
  0x0000020b10b4f850 GCTaskThread "GC Thread#2" [stack: 0x0000007a6be00000,0x0000007a6bf00000] [id=8668]
  0x0000020b109cd330 GCTaskThread "GC Thread#3" [stack: 0x0000007a6bf00000,0x0000007a6c000000] [id=30644]
  0x0000020b11369710 GCTaskThread "GC Thread#4" [stack: 0x0000007a6c000000,0x0000007a6c100000] [id=16728]
  0x0000020b12c48b80 GCTaskThread "GC Thread#5" [stack: 0x0000007a6cb00000,0x0000007a6cc00000] [id=21784]
  0x0000020b131e5130 GCTaskThread "GC Thread#6" [stack: 0x0000007a6cc00000,0x0000007a6cd00000] [id=21940]
  0x0000020b12b9e480 GCTaskThread "GC Thread#7" [stack: 0x0000007a6cd00000,0x0000007a6ce00000] [id=9980]
  0x0000020b75434280 ConcurrentGCThread "G1 Main Marker" [stack: 0x0000007a6aa00000,0x0000007a6ab00000] [id=6800]
  0x0000020b75434df0 ConcurrentGCThread "G1 Conc#0" [stack: 0x0000007a6ab00000,0x0000007a6ac00000] [id=24892]
  0x0000020b12b9e730 ConcurrentGCThread "G1 Conc#1" [stack: 0x0000007a6ce00000,0x0000007a6cf00000] [id=29788]
  0x0000020b0f075880 ConcurrentGCThread "G1 Refine#0" [stack: 0x0000007a6ac00000,0x0000007a6ad00000] [id=22332]
  0x0000020b12fe4900 ConcurrentGCThread "G1 Refine#1" [stack: 0x0000007a6e200000,0x0000007a6e300000] [id=22392]
  0x0000020b0f076140 ConcurrentGCThread "G1 Service" [stack: 0x0000007a6ad00000,0x0000007a6ae00000] [id=26108]

Threads with active compile tasks:
C2 CompilerThread0    10731 9711   !   4       java.util.concurrent.FutureTask::run (123 bytes)
C2 CompilerThread1    10731 9710   !   4       com.google.common.cache.LocalCache$Segment::storeLoadedValue (371 bytes)

VM state: at safepoint (normal execution)

VM Mutex/Monitor currently owned by a thread:  ([mutex/lock_event])
[0x0000020b753c3a00] Threads_lock - owner thread: 0x0000020b0f1f9550
[0x0000020b753c36a0] Heap_lock - owner thread: 0x0000020b103c7b20

Heap address: 0x0000000080000000, size: 2048 MB, Compressed Oops mode: 32-bit

CDS archive(s) not mapped
Compressed class space mapped at: 0x0000000100000000-0x0000000140000000, reserved size: 1073741824
Narrow klass base: 0x0000000000000000, Narrow klass shift: 3, Narrow klass range: 0x140000000

GC Precious Log:
 CPUs: 8 total, 8 available
 Memory: 7834M
 Large Page Support: Disabled
 NUMA Support: Disabled
 Compressed Oops: Enabled (32-bit)
 Heap Region Size: 1M
 Heap Min Capacity: 8M
 Heap Initial Capacity: 124M
 Heap Max Capacity: 2G
 Pre-touch: Disabled
 Parallel Workers: 8
 Concurrent Workers: 2
 Concurrent Refinement Workers: 8
 Periodic GC: Disabled

Heap:
 garbage-first heap   total 279552K, used 164092K [0x0000000080000000, 0x0000000100000000)
  region size 1024K, 4 young (4096K), 4 survivors (4096K)
 Metaspace       used 91386K, committed 92160K, reserved 1130496K
  class space    used 12505K, committed 12864K, reserved 1048576K

Heap Regions: E=young(eden), S=young(survivor), O=old, HS=humongous(starts), HC=humongous(continues), CS=collection set, F=free, OA=open archive, CA=closed archive, TAMS=top-at-mark-start (previous, next)
|   0|0x0000000080000000, 0x0000000080100000, 0x0000000080100000|100%|HS|  |TAMS 0x0000000080100000, 0x0000000080100000| Complete 
|   1|0x0000000080100000, 0x0000000080200000, 0x0000000080200000|100%|HC|  |TAMS 0x0000000080200000, 0x0000000080200000| Complete 
|   2|0x0000000080200000, 0x0000000080300000, 0x0000000080300000|100%|HC|  |TAMS 0x0000000080300000, 0x0000000080300000| Complete 
|   3|0x0000000080300000, 0x0000000080400000, 0x0000000080400000|100%|HC|  |TAMS 0x0000000080400000, 0x0000000080400000| Complete 
|   4|0x0000000080400000, 0x0000000080500000, 0x0000000080500000|100%| O|  |TAMS 0x0000000080500000, 0x0000000080500000| Untracked 
|   5|0x0000000080500000, 0x0000000080600000, 0x0000000080600000|100%| O|  |TAMS 0x0000000080600000, 0x0000000080600000| Untracked 
|   6|0x0000000080600000, 0x0000000080700000, 0x0000000080700000|100%| O|  |TAMS 0x0000000080700000, 0x0000000080700000| Untracked 
|   7|0x0000000080700000, 0x0000000080800000, 0x0000000080800000|100%| O|  |TAMS 0x0000000080800000, 0x0000000080800000| Untracked 
|   8|0x0000000080800000, 0x0000000080900000, 0x0000000080900000|100%| O|  |TAMS 0x0000000080900000, 0x0000000080900000| Untracked 
|   9|0x0000000080900000, 0x0000000080a00000, 0x0000000080a00000|100%| O|  |TAMS 0x0000000080a00000, 0x0000000080a00000| Untracked 
|  10|0x0000000080a00000, 0x0000000080b00000, 0x0000000080b00000|100%| O|  |TAMS 0x0000000080b00000, 0x0000000080b00000| Untracked 
|  11|0x0000000080b00000, 0x0000000080c00000, 0x0000000080c00000|100%| O|  |TAMS 0x0000000080c00000, 0x0000000080c00000| Untracked 
|  12|0x0000000080c00000, 0x0000000080d00000, 0x0000000080d00000|100%| O|  |TAMS 0x0000000080d00000, 0x0000000080d00000| Untracked 
|  13|0x0000000080d00000, 0x0000000080e00000, 0x0000000080e00000|100%| O|  |TAMS 0x0000000080e00000, 0x0000000080e00000| Untracked 
|  14|0x0000000080e00000, 0x0000000080f00000, 0x0000000080f00000|100%| O|  |TAMS 0x0000000080f00000, 0x0000000080f00000| Untracked 
|  15|0x0000000080f00000, 0x0000000081000000, 0x0000000081000000|100%| O|  |TAMS 0x0000000081000000, 0x0000000081000000| Untracked 
|  16|0x0000000081000000, 0x0000000081100000, 0x0000000081100000|100%| O|  |TAMS 0x0000000081100000, 0x0000000081100000| Untracked 
|  17|0x0000000081100000, 0x0000000081200000, 0x0000000081200000|100%| O|  |TAMS 0x0000000081200000, 0x0000000081200000| Untracked 
|  18|0x0000000081200000, 0x0000000081300000, 0x0000000081300000|100%| O|  |TAMS 0x0000000081300000, 0x0000000081300000| Untracked 
|  19|0x0000000081300000, 0x0000000081400000, 0x0000000081400000|100%|HS|  |TAMS 0x0000000081400000, 0x0000000081400000| Complete 
|  20|0x0000000081400000, 0x0000000081500000, 0x0000000081500000|100%|HC|  |TAMS 0x0000000081500000, 0x0000000081500000| Complete 
|  21|0x0000000081500000, 0x0000000081600000, 0x0000000081600000|100%|HS|  |TAMS 0x0000000081600000, 0x0000000081600000| Complete 
|  22|0x0000000081600000, 0x0000000081700000, 0x0000000081700000|100%|HC|  |TAMS 0x0000000081700000, 0x0000000081700000| Complete 
|  23|0x0000000081700000, 0x0000000081800000, 0x0000000081800000|100%|HC|  |TAMS 0x0000000081800000, 0x0000000081800000| Complete 
|  24|0x0000000081800000, 0x0000000081900000, 0x0000000081900000|100%| O|  |TAMS 0x0000000081800000, 0x0000000081900000| Untracked 
|  25|0x0000000081900000, 0x0000000081a00000, 0x0000000081a00000|100%| O|  |TAMS 0x0000000081a00000, 0x0000000081a00000| Untracked 
|  26|0x0000000081a00000, 0x0000000081b00000, 0x0000000081b00000|100%| O|  |TAMS 0x0000000081b00000, 0x0000000081b00000| Untracked 
|  27|0x0000000081b00000, 0x0000000081c00000, 0x0000000081c00000|100%|HS|  |TAMS 0x0000000081c00000, 0x0000000081c00000| Complete 
|  28|0x0000000081c00000, 0x0000000081d00000, 0x0000000081d00000|100%|HC|  |TAMS 0x0000000081d00000, 0x0000000081d00000| Complete 
|  29|0x0000000081d00000, 0x0000000081e00000, 0x0000000081e00000|100%|HC|  |TAMS 0x0000000081e00000, 0x0000000081e00000| Complete 
|  30|0x0000000081e00000, 0x0000000081f00000, 0x0000000081f00000|100%| O|  |TAMS 0x0000000081f00000, 0x0000000081f00000| Untracked 
|  31|0x0000000081f00000, 0x0000000082000000, 0x0000000082000000|100%| O|  |TAMS 0x0000000082000000, 0x0000000082000000| Untracked 
|  32|0x0000000082000000, 0x0000000082100000, 0x0000000082100000|100%| O|  |TAMS 0x0000000082100000, 0x0000000082100000| Untracked 
|  33|0x0000000082100000, 0x0000000082200000, 0x0000000082200000|100%| O|  |TAMS 0x0000000082200000, 0x0000000082200000| Untracked 
|  34|0x0000000082200000, 0x0000000082300000, 0x0000000082300000|100%|HS|  |TAMS 0x0000000082300000, 0x0000000082300000| Complete 
|  35|0x0000000082300000, 0x0000000082400000, 0x0000000082400000|100%|HC|  |TAMS 0x0000000082400000, 0x0000000082400000| Complete 
|  36|0x0000000082400000, 0x0000000082500000, 0x0000000082500000|100%| O|  |TAMS 0x0000000082500000, 0x0000000082500000| Untracked 
|  37|0x0000000082500000, 0x0000000082600000, 0x0000000082600000|100%| O|  |TAMS 0x0000000082600000, 0x0000000082600000| Untracked 
|  38|0x0000000082600000, 0x0000000082700000, 0x0000000082700000|100%|HS|  |TAMS 0x0000000082700000, 0x0000000082700000| Complete 
|  39|0x0000000082700000, 0x0000000082800000, 0x0000000082800000|100%| O|  |TAMS 0x0000000082800000, 0x0000000082800000| Untracked 
|  40|0x0000000082800000, 0x0000000082900000, 0x0000000082900000|100%| O|  |TAMS 0x0000000082900000, 0x0000000082900000| Untracked 
|  41|0x0000000082900000, 0x0000000082a00000, 0x0000000082a00000|100%| O|  |TAMS 0x0000000082a00000, 0x0000000082a00000| Untracked 
|  42|0x0000000082a00000, 0x0000000082b00000, 0x0000000082b00000|100%| O|  |TAMS 0x0000000082b00000, 0x0000000082b00000| Untracked 
|  43|0x0000000082b00000, 0x0000000082c00000, 0x0000000082c00000|100%| O|  |TAMS 0x0000000082c00000, 0x0000000082c00000| Untracked 
|  44|0x0000000082c00000, 0x0000000082d00000, 0x0000000082d00000|100%| O|  |TAMS 0x0000000082d00000, 0x0000000082d00000| Untracked 
|  45|0x0000000082d00000, 0x0000000082e00000, 0x0000000082e00000|100%| O|  |TAMS 0x0000000082e00000, 0x0000000082e00000| Untracked 
|  46|0x0000000082e00000, 0x0000000082f00000, 0x0000000082f00000|100%|HS|  |TAMS 0x0000000082f00000, 0x0000000082f00000| Complete 
|  47|0x0000000082f00000, 0x0000000083000000, 0x0000000083000000|100%|HC|  |TAMS 0x0000000083000000, 0x0000000083000000| Complete 
|  48|0x0000000083000000, 0x0000000083100000, 0x0000000083100000|100%|HC|  |TAMS 0x0000000083100000, 0x0000000083100000| Complete 
|  49|0x0000000083100000, 0x0000000083200000, 0x0000000083200000|100%|HC|  |TAMS 0x0000000083200000, 0x0000000083200000| Complete 
|  50|0x0000000083200000, 0x0000000083300000, 0x0000000083300000|100%|HC|  |TAMS 0x0000000083300000, 0x0000000083300000| Complete 
|  51|0x0000000083300000, 0x0000000083400000, 0x0000000083400000|100%|HC|  |TAMS 0x0000000083400000, 0x0000000083400000| Complete 
|  52|0x0000000083400000, 0x0000000083500000, 0x0000000083500000|100%|HC|  |TAMS 0x0000000083500000, 0x0000000083500000| Complete 
|  53|0x0000000083500000, 0x0000000083600000, 0x0000000083600000|100%|HC|  |TAMS 0x0000000083600000, 0x0000000083600000| Complete 
|  54|0x0000000083600000, 0x0000000083700000, 0x0000000083700000|100%|HC|  |TAMS 0x0000000083700000, 0x0000000083700000| Complete 
|  55|0x0000000083700000, 0x0000000083800000, 0x0000000083800000|100%|HC|  |TAMS 0x0000000083800000, 0x0000000083800000| Complete 
|  56|0x0000000083800000, 0x0000000083900000, 0x0000000083900000|100%|HC|  |TAMS 0x0000000083900000, 0x0000000083900000| Complete 
|  57|0x0000000083900000, 0x0000000083a00000, 0x0000000083a00000|100%|HC|  |TAMS 0x0000000083a00000, 0x0000000083a00000| Complete 
|  58|0x0000000083a00000, 0x0000000083b00000, 0x0000000083b00000|100%|HS|  |TAMS 0x0000000083b00000, 0x0000000083b00000| Complete 
|  59|0x0000000083b00000, 0x0000000083c00000, 0x0000000083c00000|100%|HC|  |TAMS 0x0000000083c00000, 0x0000000083c00000| Complete 
|  60|0x0000000083c00000, 0x0000000083d00000, 0x0000000083d00000|100%|HC|  |TAMS 0x0000000083d00000, 0x0000000083d00000| Complete 
|  61|0x0000000083d00000, 0x0000000083e00000, 0x0000000083e00000|100%|HS|  |TAMS 0x0000000083e00000, 0x0000000083e00000| Complete 
|  62|0x0000000083e00000, 0x0000000083f00000, 0x0000000083f00000|100%|HC|  |TAMS 0x0000000083f00000, 0x0000000083f00000| Complete 
|  63|0x0000000083f00000, 0x0000000084000000, 0x0000000084000000|100%|HC|  |TAMS 0x0000000084000000, 0x0000000084000000| Complete 
|  64|0x0000000084000000, 0x0000000084100000, 0x0000000084100000|100%| O|  |TAMS 0x0000000084100000, 0x0000000084100000| Untracked 
|  65|0x0000000084100000, 0x0000000084200000, 0x0000000084200000|100%| O|  |TAMS 0x0000000084200000, 0x0000000084200000| Untracked 
|  66|0x0000000084200000, 0x0000000084300000, 0x0000000084300000|100%| O|  |TAMS 0x0000000084300000, 0x0000000084300000| Untracked 
|  67|0x0000000084300000, 0x0000000084400000, 0x0000000084400000|100%| O|  |TAMS 0x0000000084400000, 0x0000000084400000| Untracked 
|  68|0x0000000084400000, 0x0000000084500000, 0x0000000084500000|100%| O|  |TAMS 0x0000000084400000, 0x0000000084500000| Untracked 
|  69|0x0000000084500000, 0x0000000084600000, 0x0000000084600000|100%| O|  |TAMS 0x0000000084600000, 0x0000000084600000| Untracked 
|  70|0x0000000084600000, 0x0000000084700000, 0x0000000084700000|100%| O|  |TAMS 0x0000000084700000, 0x0000000084700000| Untracked 
|  71|0x0000000084700000, 0x0000000084800000, 0x0000000084800000|100%|HS|  |TAMS 0x0000000084800000, 0x0000000084800000| Complete 
|  72|0x0000000084800000, 0x0000000084900000, 0x0000000084900000|100%|HS|  |TAMS 0x0000000084900000, 0x0000000084900000| Complete 
|  73|0x0000000084900000, 0x0000000084a00000, 0x0000000084a00000|100%|HC|  |TAMS 0x0000000084a00000, 0x0000000084a00000| Complete 
|  74|0x0000000084a00000, 0x0000000084b00000, 0x0000000084b00000|100%|HS|  |TAMS 0x0000000084b00000, 0x0000000084b00000| Complete 
|  75|0x0000000084b00000, 0x0000000084c00000, 0x0000000084c00000|100%|HS|  |TAMS 0x0000000084c00000, 0x0000000084c00000| Complete 
|  76|0x0000000084c00000, 0x0000000084d00000, 0x0000000084d00000|100%|HC|  |TAMS 0x0000000084d00000, 0x0000000084d00000| Complete 
|  77|0x0000000084d00000, 0x0000000084e00000, 0x0000000084e00000|100%|HC|  |TAMS 0x0000000084e00000, 0x0000000084e00000| Complete 
|  78|0x0000000084e00000, 0x0000000084f00000, 0x0000000084f00000|100%|HC|  |TAMS 0x0000000084f00000, 0x0000000084f00000| Complete 
|  79|0x0000000084f00000, 0x0000000085000000, 0x0000000085000000|100%| O|  |TAMS 0x0000000085000000, 0x0000000085000000| Untracked 
|  80|0x0000000085000000, 0x0000000085100000, 0x0000000085100000|100%| O|  |TAMS 0x0000000085100000, 0x0000000085100000| Untracked 
|  81|0x0000000085100000, 0x0000000085200000, 0x0000000085200000|100%| O|  |TAMS 0x0000000085200000, 0x0000000085200000| Untracked 
|  82|0x0000000085200000, 0x0000000085300000, 0x0000000085300000|100%| O|  |TAMS 0x0000000085300000, 0x0000000085300000| Untracked 
|  83|0x0000000085300000, 0x0000000085400000, 0x0000000085400000|100%| O|  |TAMS 0x0000000085400000, 0x0000000085400000| Untracked 
|  84|0x0000000085400000, 0x0000000085500000, 0x0000000085500000|100%| O|  |TAMS 0x0000000085500000, 0x0000000085500000| Untracked 
|  85|0x0000000085500000, 0x0000000085600000, 0x0000000085600000|100%| O|  |TAMS 0x0000000085600000, 0x0000000085600000| Untracked 
|  86|0x0000000085600000, 0x0000000085700000, 0x0000000085700000|100%| O|  |TAMS 0x0000000085700000, 0x0000000085700000| Untracked 
|  87|0x0000000085700000, 0x0000000085800000, 0x0000000085800000|100%| O|  |TAMS 0x0000000085800000, 0x0000000085800000| Untracked 
|  88|0x0000000085800000, 0x0000000085900000, 0x0000000085900000|100%| O|  |TAMS 0x0000000085900000, 0x0000000085900000| Untracked 
|  89|0x0000000085900000, 0x0000000085a00000, 0x0000000085a00000|100%| O|  |TAMS 0x0000000085a00000, 0x0000000085a00000| Untracked 
|  90|0x0000000085a00000, 0x0000000085b00000, 0x0000000085b00000|100%| O|  |TAMS 0x0000000085b00000, 0x0000000085b00000| Untracked 
|  91|0x0000000085b00000, 0x0000000085c00000, 0x0000000085c00000|100%| O|  |TAMS 0x0000000085c00000, 0x0000000085c00000| Untracked 
|  92|0x0000000085c00000, 0x0000000085d00000, 0x0000000085d00000|100%| O|  |TAMS 0x0000000085d00000, 0x0000000085d00000| Untracked 
|  93|0x0000000085d00000, 0x0000000085e00000, 0x0000000085e00000|100%| O|  |TAMS 0x0000000085e00000, 0x0000000085e00000| Untracked 
|  94|0x0000000085e00000, 0x0000000085f00000, 0x0000000085f00000|100%| O|  |TAMS 0x0000000085e00000, 0x0000000085f00000| Untracked 
|  95|0x0000000085f00000, 0x0000000086000000, 0x0000000086000000|100%| O|  |TAMS 0x0000000085f00000, 0x0000000086000000| Untracked 
|  96|0x0000000086000000, 0x0000000086100000, 0x0000000086100000|100%| O|  |TAMS 0x0000000086100000, 0x0000000086100000| Untracked 
|  97|0x0000000086100000, 0x0000000086200000, 0x0000000086200000|100%| O|  |TAMS 0x0000000086200000, 0x0000000086200000| Untracked 
|  98|0x0000000086200000, 0x0000000086300000, 0x0000000086300000|100%| O|  |TAMS 0x0000000086300000, 0x0000000086300000| Untracked 
|  99|0x0000000086300000, 0x0000000086400000, 0x0000000086400000|100%| O|  |TAMS 0x0000000086400000, 0x0000000086400000| Untracked 
| 100|0x0000000086400000, 0x0000000086500000, 0x0000000086500000|100%| O|  |TAMS 0x0000000086500000, 0x0000000086500000| Untracked 
| 101|0x0000000086500000, 0x0000000086600000, 0x0000000086600000|100%| O|  |TAMS 0x0000000086600000, 0x0000000086600000| Untracked 
| 102|0x0000000086600000, 0x0000000086700000, 0x0000000086700000|100%| O|  |TAMS 0x0000000086700000, 0x0000000086700000| Untracked 
| 103|0x0000000086700000, 0x0000000086800000, 0x0000000086800000|100%| O|  |TAMS 0x0000000086800000, 0x0000000086800000| Untracked 
| 104|0x0000000086800000, 0x0000000086900000, 0x0000000086900000|100%| O|  |TAMS 0x0000000086900000, 0x0000000086900000| Untracked 
| 105|0x0000000086900000, 0x0000000086a00000, 0x0000000086a00000|100%| O|  |TAMS 0x0000000086a00000, 0x0000000086a00000| Untracked 
| 106|0x0000000086a00000, 0x0000000086b00000, 0x0000000086b00000|100%| O|  |TAMS 0x0000000086b00000, 0x0000000086b00000| Untracked 
| 107|0x0000000086b00000, 0x0000000086c00000, 0x0000000086c00000|100%| O|  |TAMS 0x0000000086c00000, 0x0000000086c00000| Untracked 
| 108|0x0000000086c00000, 0x0000000086d00000, 0x0000000086d00000|100%| O|  |TAMS 0x0000000086c1b000, 0x0000000086d00000| Untracked 
| 109|0x0000000086d00000, 0x0000000086e00000, 0x0000000086e00000|100%|HS|  |TAMS 0x0000000086e00000, 0x0000000086e00000| Complete 
| 110|0x0000000086e00000, 0x0000000086f00000, 0x0000000086f00000|100%|HC|  |TAMS 0x0000000086f00000, 0x0000000086f00000| Complete 
| 111|0x0000000086f00000, 0x0000000087000000, 0x0000000087000000|100%|HS|  |TAMS 0x0000000087000000, 0x0000000087000000| Complete 
| 112|0x0000000087000000, 0x0000000087100000, 0x0000000087100000|100%|HC|  |TAMS 0x0000000087100000, 0x0000000087100000| Complete 
| 113|0x0000000087100000, 0x0000000087200000, 0x0000000087200000|100%|HC|  |TAMS 0x0000000087200000, 0x0000000087200000| Complete 
| 114|0x0000000087200000, 0x0000000087300000, 0x0000000087300000|100%|HS|  |TAMS 0x0000000087200000, 0x0000000087300000| Complete 
| 115|0x0000000087300000, 0x0000000087400000, 0x0000000087400000|100%|HC|  |TAMS 0x0000000087300000, 0x0000000087400000| Complete 
| 116|0x0000000087400000, 0x0000000087500000, 0x0000000087500000|100%|HC|  |TAMS 0x0000000087400000, 0x0000000087500000| Complete 
| 117|0x0000000087500000, 0x0000000087600000, 0x0000000087600000|100%|HS|  |TAMS 0x0000000087500000, 0x0000000087600000| Complete 
| 118|0x0000000087600000, 0x0000000087700000, 0x0000000087700000|100%|HC|  |TAMS 0x0000000087600000, 0x0000000087700000| Complete 
| 119|0x0000000087700000, 0x0000000087800000, 0x0000000087800000|100%|HC|  |TAMS 0x0000000087700000, 0x0000000087800000| Complete 
| 120|0x0000000087800000, 0x0000000087900000, 0x0000000087900000|100%|HC|  |TAMS 0x0000000087800000, 0x0000000087900000| Complete 
| 121|0x0000000087900000, 0x0000000087a00000, 0x0000000087a00000|100%|HC|  |TAMS 0x0000000087900000, 0x0000000087a00000| Complete 
| 122|0x0000000087a00000, 0x0000000087b00000, 0x0000000087b00000|100%|HC|  |TAMS 0x0000000087a00000, 0x0000000087b00000| Complete 
| 123|0x0000000087b00000, 0x0000000087c00000, 0x0000000087c00000|100%|HC|  |TAMS 0x0000000087b00000, 0x0000000087c00000| Complete 
| 124|0x0000000087c00000, 0x0000000087d00000, 0x0000000087d00000|100%|HC|  |TAMS 0x0000000087c00000, 0x0000000087d00000| Complete 
| 125|0x0000000087d00000, 0x0000000087e00000, 0x0000000087e00000|100%|HC|  |TAMS 0x0000000087d00000, 0x0000000087e00000| Complete 
| 126|0x0000000087e00000, 0x0000000087f00000, 0x0000000087f00000|100%|HC|  |TAMS 0x0000000087e00000, 0x0000000087f00000| Complete 
| 127|0x0000000087f00000, 0x0000000088000000, 0x0000000088000000|100%|HC|  |TAMS 0x0000000087f00000, 0x0000000088000000| Complete 
| 128|0x0000000088000000, 0x0000000088100000, 0x0000000088100000|100%|HC|  |TAMS 0x0000000088000000, 0x0000000088100000| Complete 
| 129|0x0000000088100000, 0x0000000088200000, 0x0000000088200000|100%|HS|  |TAMS 0x0000000088100000, 0x0000000088200000| Complete 
| 130|0x0000000088200000, 0x0000000088300000, 0x0000000088300000|100%|HC|  |TAMS 0x0000000088200000, 0x0000000088300000| Complete 
| 131|0x0000000088300000, 0x0000000088400000, 0x0000000088400000|100%| O|  |TAMS 0x0000000088300000, 0x0000000088400000| Untracked 
| 132|0x0000000088400000, 0x0000000088500000, 0x0000000088500000|100%| O|  |TAMS 0x0000000088400000, 0x0000000088500000| Untracked 
| 133|0x0000000088500000, 0x0000000088600000, 0x0000000088600000|100%| O|  |TAMS 0x0000000088500000, 0x0000000088600000| Untracked 
| 134|0x0000000088600000, 0x0000000088700000, 0x0000000088700000|100%| O|  |TAMS 0x0000000088600000, 0x0000000088700000| Untracked 
| 135|0x0000000088700000, 0x0000000088800000, 0x0000000088800000|100%| O|  |TAMS 0x0000000088700000, 0x0000000088800000| Untracked 
| 136|0x0000000088800000, 0x0000000088900000, 0x0000000088900000|100%| O|  |TAMS 0x0000000088800000, 0x0000000088900000| Untracked 
| 137|0x0000000088900000, 0x0000000088a00000, 0x0000000088a00000|100%| O|  |TAMS 0x0000000088900000, 0x0000000088a00000| Untracked 
| 138|0x0000000088a00000, 0x0000000088b00000, 0x0000000088b00000|100%| O|  |TAMS 0x0000000088a00000, 0x0000000088a00000| Untracked 
| 139|0x0000000088b00000, 0x0000000088c00000, 0x0000000088c00000|100%| O|  |TAMS 0x0000000088b00000, 0x0000000088b00000| Untracked 
| 140|0x0000000088c00000, 0x0000000088d00000, 0x0000000088d00000|100%| O|  |TAMS 0x0000000088c00000, 0x0000000088c00000| Untracked 
| 141|0x0000000088d00000, 0x0000000088e00000, 0x0000000088e00000|100%| O|  |TAMS 0x0000000088d00000, 0x0000000088d00000| Untracked 
| 142|0x0000000088e00000, 0x0000000088f00000, 0x0000000088f00000|100%| O|  |TAMS 0x0000000088e00000, 0x0000000088f00000| Untracked 
| 143|0x0000000088f00000, 0x0000000089000000, 0x0000000089000000|100%| O|  |TAMS 0x0000000088f00000, 0x0000000089000000| Untracked 
| 144|0x0000000089000000, 0x0000000089100000, 0x0000000089100000|100%| O|  |TAMS 0x0000000089000000, 0x0000000089100000| Untracked 
| 145|0x0000000089100000, 0x0000000089200000, 0x0000000089200000|100%| O|  |TAMS 0x0000000089100000, 0x0000000089200000| Untracked 
| 146|0x0000000089200000, 0x0000000089300000, 0x0000000089300000|100%| O|  |TAMS 0x0000000089200000, 0x0000000089300000| Untracked 
| 147|0x0000000089300000, 0x0000000089400000, 0x0000000089400000|100%| O|  |TAMS 0x0000000089300000, 0x0000000089400000| Untracked 
| 148|0x0000000089400000, 0x0000000089500000, 0x0000000089500000|100%| O|  |TAMS 0x0000000089400000, 0x0000000089500000| Untracked 
| 149|0x0000000089500000, 0x0000000089600000, 0x0000000089600000|100%| O|  |TAMS 0x0000000089500000, 0x0000000089600000| Untracked 
| 150|0x0000000089600000, 0x0000000089700000, 0x0000000089700000|100%| O|  |TAMS 0x0000000089600000, 0x0000000089700000| Untracked 
| 151|0x0000000089700000, 0x0000000089800000, 0x0000000089800000|100%| O|  |TAMS 0x0000000089700000, 0x0000000089800000| Untracked 
| 152|0x0000000089800000, 0x0000000089900000, 0x0000000089900000|100%| O|  |TAMS 0x0000000089800000, 0x0000000089900000| Untracked 
| 153|0x0000000089900000, 0x0000000089a00000, 0x0000000089a00000|100%| O|  |TAMS 0x0000000089900000, 0x0000000089a00000| Untracked 
| 154|0x0000000089a00000, 0x0000000089b00000, 0x0000000089b00000|100%| O|  |TAMS 0x0000000089a00000, 0x0000000089af2e00| Untracked 
| 155|0x0000000089b00000, 0x0000000089c00000, 0x0000000089c00000|100%| O|  |TAMS 0x0000000089b00000, 0x0000000089b00000| Untracked 
| 156|0x0000000089c00000, 0x0000000089c99e00, 0x0000000089d00000| 60%| O|  |TAMS 0x0000000089c00000, 0x0000000089c00000| Untracked 
| 157|0x0000000089d00000, 0x0000000089d00000, 0x0000000089e00000|  0%| F|  |TAMS 0x0000000089d00000, 0x0000000089d00000| Untracked 
| 158|0x0000000089e00000, 0x0000000089e00000, 0x0000000089f00000|  0%| F|  |TAMS 0x0000000089e00000, 0x0000000089e00000| Untracked 
| 159|0x0000000089f00000, 0x0000000089f00000, 0x000000008a000000|  0%| F|  |TAMS 0x0000000089f00000, 0x0000000089f00000| Untracked 
| 160|0x000000008a000000, 0x000000008a000000, 0x000000008a100000|  0%| F|  |TAMS 0x000000008a000000, 0x000000008a000000| Untracked 
| 161|0x000000008a100000, 0x000000008a100000, 0x000000008a200000|  0%| F|  |TAMS 0x000000008a100000, 0x000000008a100000| Untracked 
| 162|0x000000008a200000, 0x000000008a200000, 0x000000008a300000|  0%| F|  |TAMS 0x000000008a200000, 0x000000008a200000| Untracked 
| 163|0x000000008a300000, 0x000000008a300000, 0x000000008a400000|  0%| F|  |TAMS 0x000000008a300000, 0x000000008a300000| Untracked 
| 164|0x000000008a400000, 0x000000008a400000, 0x000000008a500000|  0%| F|  |TAMS 0x000000008a400000, 0x000000008a400000| Untracked 
| 165|0x000000008a500000, 0x000000008a500000, 0x000000008a600000|  0%| F|  |TAMS 0x000000008a500000, 0x000000008a500000| Untracked 
| 166|0x000000008a600000, 0x000000008a600000, 0x000000008a700000|  0%| F|  |TAMS 0x000000008a600000, 0x000000008a600000| Untracked 
| 167|0x000000008a700000, 0x000000008a700000, 0x000000008a800000|  0%| F|  |TAMS 0x000000008a700000, 0x000000008a700000| Untracked 
| 168|0x000000008a800000, 0x000000008a800000, 0x000000008a900000|  0%| F|  |TAMS 0x000000008a800000, 0x000000008a800000| Untracked 
| 169|0x000000008a900000, 0x000000008a900000, 0x000000008aa00000|  0%| F|  |TAMS 0x000000008a900000, 0x000000008a900000| Untracked 
| 170|0x000000008aa00000, 0x000000008aa00000, 0x000000008ab00000|  0%| F|  |TAMS 0x000000008aa00000, 0x000000008aa00000| Untracked 
| 171|0x000000008ab00000, 0x000000008ab00000, 0x000000008ac00000|  0%| F|  |TAMS 0x000000008ab00000, 0x000000008ab00000| Untracked 
| 172|0x000000008ac00000, 0x000000008ac00000, 0x000000008ad00000|  0%| F|  |TAMS 0x000000008ac00000, 0x000000008ac00000| Untracked 
| 173|0x000000008ad00000, 0x000000008ad00000, 0x000000008ae00000|  0%| F|  |TAMS 0x000000008ad00000, 0x000000008ad00000| Untracked 
| 174|0x000000008ae00000, 0x000000008ae00000, 0x000000008af00000|  0%| F|  |TAMS 0x000000008ae00000, 0x000000008ae00000| Untracked 
| 175|0x000000008af00000, 0x000000008af00000, 0x000000008b000000|  0%| F|  |TAMS 0x000000008af00000, 0x000000008af00000| Untracked 
| 176|0x000000008b000000, 0x000000008b000000, 0x000000008b100000|  0%| F|  |TAMS 0x000000008b000000, 0x000000008b000000| Untracked 
| 177|0x000000008b100000, 0x000000008b100000, 0x000000008b200000|  0%| F|  |TAMS 0x000000008b100000, 0x000000008b100000| Untracked 
| 178|0x000000008b200000, 0x000000008b200000, 0x000000008b300000|  0%| F|  |TAMS 0x000000008b200000, 0x000000008b200000| Untracked 
| 179|0x000000008b300000, 0x000000008b300000, 0x000000008b400000|  0%| F|  |TAMS 0x000000008b300000, 0x000000008b300000| Untracked 
| 180|0x000000008b400000, 0x000000008b400000, 0x000000008b500000|  0%| F|  |TAMS 0x000000008b400000, 0x000000008b400000| Untracked 
| 181|0x000000008b500000, 0x000000008b500000, 0x000000008b600000|  0%| F|  |TAMS 0x000000008b500000, 0x000000008b500000| Untracked 
| 182|0x000000008b600000, 0x000000008b600000, 0x000000008b700000|  0%| F|  |TAMS 0x000000008b600000, 0x000000008b600000| Untracked 
| 183|0x000000008b700000, 0x000000008b700000, 0x000000008b800000|  0%| F|  |TAMS 0x000000008b700000, 0x000000008b700000| Untracked 
| 184|0x000000008b800000, 0x000000008b800000, 0x000000008b900000|  0%| F|  |TAMS 0x000000008b800000, 0x000000008b800000| Untracked 
| 185|0x000000008b900000, 0x000000008b900000, 0x000000008ba00000|  0%| F|  |TAMS 0x000000008b900000, 0x000000008b900000| Untracked 
| 186|0x000000008ba00000, 0x000000008ba00000, 0x000000008bb00000|  0%| F|  |TAMS 0x000000008ba00000, 0x000000008ba00000| Untracked 
| 187|0x000000008bb00000, 0x000000008bb00000, 0x000000008bc00000|  0%| F|  |TAMS 0x000000008bb00000, 0x000000008bb00000| Untracked 
| 188|0x000000008bc00000, 0x000000008bc00000, 0x000000008bd00000|  0%| F|  |TAMS 0x000000008bc00000, 0x000000008bc00000| Untracked 
| 189|0x000000008bd00000, 0x000000008bd00000, 0x000000008be00000|  0%| F|  |TAMS 0x000000008bd00000, 0x000000008bd00000| Untracked 
| 190|0x000000008be00000, 0x000000008be00000, 0x000000008bf00000|  0%| F|  |TAMS 0x000000008be00000, 0x000000008be00000| Untracked 
| 191|0x000000008bf00000, 0x000000008bf00000, 0x000000008c000000|  0%| F|  |TAMS 0x000000008bf00000, 0x000000008bf00000| Untracked 
| 192|0x000000008c000000, 0x000000008c000000, 0x000000008c100000|  0%| F|  |TAMS 0x000000008c000000, 0x000000008c000000| Untracked 
| 193|0x000000008c100000, 0x000000008c100000, 0x000000008c200000|  0%| F|  |TAMS 0x000000008c100000, 0x000000008c100000| Untracked 
| 194|0x000000008c200000, 0x000000008c200000, 0x000000008c300000|  0%| F|  |TAMS 0x000000008c200000, 0x000000008c200000| Untracked 
| 195|0x000000008c300000, 0x000000008c300000, 0x000000008c400000|  0%| F|  |TAMS 0x000000008c300000, 0x000000008c300000| Untracked 
| 196|0x000000008c400000, 0x000000008c400000, 0x000000008c500000|  0%| F|  |TAMS 0x000000008c400000, 0x000000008c400000| Untracked 
| 197|0x000000008c500000, 0x000000008c500000, 0x000000008c600000|  0%| F|  |TAMS 0x000000008c500000, 0x000000008c500000| Untracked 
| 198|0x000000008c600000, 0x000000008c600000, 0x000000008c700000|  0%| F|  |TAMS 0x000000008c600000, 0x000000008c600000| Untracked 
| 199|0x000000008c700000, 0x000000008c700000, 0x000000008c800000|  0%| F|  |TAMS 0x000000008c700000, 0x000000008c700000| Untracked 
| 200|0x000000008c800000, 0x000000008c800000, 0x000000008c900000|  0%| F|  |TAMS 0x000000008c800000, 0x000000008c800000| Untracked 
| 201|0x000000008c900000, 0x000000008c900000, 0x000000008ca00000|  0%| F|  |TAMS 0x000000008c900000, 0x000000008c900000| Untracked 
| 202|0x000000008ca00000, 0x000000008ca00000, 0x000000008cb00000|  0%| F|  |TAMS 0x000000008ca00000, 0x000000008ca00000| Untracked 
| 203|0x000000008cb00000, 0x000000008cb00000, 0x000000008cc00000|  0%| F|  |TAMS 0x000000008cb00000, 0x000000008cb00000| Untracked 
| 204|0x000000008cc00000, 0x000000008cc00000, 0x000000008cd00000|  0%| F|  |TAMS 0x000000008cc00000, 0x000000008cc00000| Untracked 
| 205|0x000000008cd00000, 0x000000008cd00000, 0x000000008ce00000|  0%| F|  |TAMS 0x000000008cd00000, 0x000000008cd00000| Untracked 
| 206|0x000000008ce00000, 0x000000008ce00000, 0x000000008cf00000|  0%| F|  |TAMS 0x000000008ce00000, 0x000000008ce00000| Untracked 
| 207|0x000000008cf00000, 0x000000008cf00000, 0x000000008d000000|  0%| F|  |TAMS 0x000000008cf00000, 0x000000008cf00000| Untracked 
| 208|0x000000008d000000, 0x000000008d000000, 0x000000008d100000|  0%| F|  |TAMS 0x000000008d000000, 0x000000008d000000| Untracked 
| 209|0x000000008d100000, 0x000000008d100000, 0x000000008d200000|  0%| F|  |TAMS 0x000000008d100000, 0x000000008d100000| Untracked 
| 210|0x000000008d200000, 0x000000008d200000, 0x000000008d300000|  0%| F|  |TAMS 0x000000008d200000, 0x000000008d200000| Untracked 
| 211|0x000000008d300000, 0x000000008d300000, 0x000000008d400000|  0%| F|  |TAMS 0x000000008d300000, 0x000000008d300000| Untracked 
| 212|0x000000008d400000, 0x000000008d400000, 0x000000008d500000|  0%| F|  |TAMS 0x000000008d400000, 0x000000008d400000| Untracked 
| 213|0x000000008d500000, 0x000000008d500000, 0x000000008d600000|  0%| F|  |TAMS 0x000000008d500000, 0x000000008d500000| Untracked 
| 214|0x000000008d600000, 0x000000008d600000, 0x000000008d700000|  0%| F|  |TAMS 0x000000008d600000, 0x000000008d600000| Untracked 
| 215|0x000000008d700000, 0x000000008d700000, 0x000000008d800000|  0%| F|  |TAMS 0x000000008d700000, 0x000000008d700000| Untracked 
| 216|0x000000008d800000, 0x000000008d800000, 0x000000008d900000|  0%| F|  |TAMS 0x000000008d800000, 0x000000008d800000| Untracked 
| 217|0x000000008d900000, 0x000000008d900000, 0x000000008da00000|  0%| F|  |TAMS 0x000000008d900000, 0x000000008d900000| Untracked 
| 218|0x000000008da00000, 0x000000008da00000, 0x000000008db00000|  0%| F|  |TAMS 0x000000008da00000, 0x000000008da00000| Untracked 
| 219|0x000000008db00000, 0x000000008dba5560, 0x000000008dc00000| 64%| S|CS|TAMS 0x000000008db00000, 0x000000008db00000| Complete 
| 220|0x000000008dc00000, 0x000000008dd00000, 0x000000008dd00000|100%| S|CS|TAMS 0x000000008dc00000, 0x000000008dc00000| Complete 
| 221|0x000000008dd00000, 0x000000008de00000, 0x000000008de00000|100%| S|CS|TAMS 0x000000008dd00000, 0x000000008dd00000| Complete 
| 222|0x000000008de00000, 0x000000008de00000, 0x000000008df00000|  0%| F|  |TAMS 0x000000008de00000, 0x000000008de00000| Untracked 
| 223|0x000000008df00000, 0x000000008df00000, 0x000000008e000000|  0%| F|  |TAMS 0x000000008df00000, 0x000000008df00000| Untracked 
| 224|0x000000008e000000, 0x000000008e000000, 0x000000008e100000|  0%| F|  |TAMS 0x000000008e000000, 0x000000008e000000| Untracked 
| 225|0x000000008e100000, 0x000000008e100000, 0x000000008e200000|  0%| F|  |TAMS 0x000000008e100000, 0x000000008e100000| Untracked 
| 226|0x000000008e200000, 0x000000008e200000, 0x000000008e300000|  0%| F|  |TAMS 0x000000008e200000, 0x000000008e200000| Untracked 
| 227|0x000000008e300000, 0x000000008e400000, 0x000000008e400000|100%| S|CS|TAMS 0x000000008e300000, 0x000000008e300000| Complete 
| 228|0x000000008e400000, 0x000000008e400000, 0x000000008e500000|  0%| F|  |TAMS 0x000000008e400000, 0x000000008e400000| Untracked 
| 229|0x000000008e500000, 0x000000008e500000, 0x000000008e600000|  0%| F|  |TAMS 0x000000008e500000, 0x000000008e500000| Untracked 
| 230|0x000000008e600000, 0x000000008e600000, 0x000000008e700000|  0%| F|  |TAMS 0x000000008e600000, 0x000000008e600000| Untracked 
| 231|0x000000008e700000, 0x000000008e700000, 0x000000008e800000|  0%| F|  |TAMS 0x000000008e700000, 0x000000008e700000| Untracked 
| 232|0x000000008e800000, 0x000000008e800000, 0x000000008e900000|  0%| F|  |TAMS 0x000000008e800000, 0x000000008e800000| Untracked 
| 233|0x000000008e900000, 0x000000008e900000, 0x000000008ea00000|  0%| F|  |TAMS 0x000000008e900000, 0x000000008e900000| Untracked 
| 234|0x000000008ea00000, 0x000000008ea00000, 0x000000008eb00000|  0%| F|  |TAMS 0x000000008ea00000, 0x000000008ea00000| Untracked 
| 235|0x000000008eb00000, 0x000000008eb00000, 0x000000008ec00000|  0%| F|  |TAMS 0x000000008eb00000, 0x000000008eb00000| Untracked 
| 236|0x000000008ec00000, 0x000000008ec00000, 0x000000008ed00000|  0%| F|  |TAMS 0x000000008ec00000, 0x000000008ec00000| Untracked 
| 237|0x000000008ed00000, 0x000000008ed00000, 0x000000008ee00000|  0%| F|  |TAMS 0x000000008ed00000, 0x000000008ed00000| Untracked 
| 238|0x000000008ee00000, 0x000000008ee00000, 0x000000008ef00000|  0%| F|  |TAMS 0x000000008ee00000, 0x000000008ee00000| Untracked 
| 239|0x000000008ef00000, 0x000000008ef00000, 0x000000008f000000|  0%| F|  |TAMS 0x000000008ef00000, 0x000000008ef00000| Untracked 
| 240|0x000000008f000000, 0x000000008f000000, 0x000000008f100000|  0%| F|  |TAMS 0x000000008f000000, 0x000000008f000000| Untracked 
| 241|0x000000008f100000, 0x000000008f100000, 0x000000008f200000|  0%| F|  |TAMS 0x000000008f100000, 0x000000008f100000| Untracked 
| 242|0x000000008f200000, 0x000000008f200000, 0x000000008f300000|  0%| F|  |TAMS 0x000000008f200000, 0x000000008f200000| Untracked 
| 243|0x000000008f300000, 0x000000008f300000, 0x000000008f400000|  0%| F|  |TAMS 0x000000008f300000, 0x000000008f300000| Untracked 
| 244|0x000000008f400000, 0x000000008f400000, 0x000000008f500000|  0%| F|  |TAMS 0x000000008f400000, 0x000000008f400000| Untracked 
| 245|0x000000008f500000, 0x000000008f500000, 0x000000008f600000|  0%| F|  |TAMS 0x000000008f500000, 0x000000008f500000| Untracked 
| 246|0x000000008f600000, 0x000000008f600000, 0x000000008f700000|  0%| F|  |TAMS 0x000000008f600000, 0x000000008f600000| Untracked 
| 247|0x000000008f700000, 0x000000008f700000, 0x000000008f800000|  0%| F|  |TAMS 0x000000008f700000, 0x000000008f700000| Untracked 
| 248|0x000000008f800000, 0x000000008f800000, 0x000000008f900000|  0%| F|  |TAMS 0x000000008f800000, 0x000000008f800000| Untracked 
| 249|0x000000008f900000, 0x000000008f900000, 0x000000008fa00000|  0%| F|  |TAMS 0x000000008f900000, 0x000000008f900000| Untracked 
| 250|0x000000008fa00000, 0x000000008fa00000, 0x000000008fb00000|  0%| F|  |TAMS 0x000000008fa00000, 0x000000008fa00000| Untracked 
| 251|0x000000008fb00000, 0x000000008fb00000, 0x000000008fc00000|  0%| F|  |TAMS 0x000000008fb00000, 0x000000008fb00000| Untracked 
| 252|0x000000008fc00000, 0x000000008fc00000, 0x000000008fd00000|  0%| F|  |TAMS 0x000000008fc00000, 0x000000008fc00000| Untracked 
| 253|0x000000008fd00000, 0x000000008fd00000, 0x000000008fe00000|  0%| F|  |TAMS 0x000000008fd00000, 0x000000008fd00000| Untracked 
| 254|0x000000008fe00000, 0x000000008fe00000, 0x000000008ff00000|  0%| F|  |TAMS 0x000000008fe00000, 0x000000008fe00000| Untracked 
| 255|0x000000008ff00000, 0x000000008ff00000, 0x0000000090000000|  0%| F|  |TAMS 0x000000008ff00000, 0x000000008ff00000| Untracked 
| 256|0x0000000090000000, 0x0000000090000000, 0x0000000090100000|  0%| F|  |TAMS 0x0000000090000000, 0x0000000090000000| Untracked 
| 257|0x0000000090100000, 0x0000000090100000, 0x0000000090200000|  0%| F|  |TAMS 0x0000000090100000, 0x0000000090100000| Untracked 
| 258|0x0000000090200000, 0x0000000090200000, 0x0000000090300000|  0%| F|  |TAMS 0x0000000090200000, 0x0000000090200000| Untracked 
| 259|0x0000000090300000, 0x0000000090300000, 0x0000000090400000|  0%| F|  |TAMS 0x0000000090300000, 0x0000000090300000| Untracked 
| 260|0x0000000090400000, 0x0000000090400000, 0x0000000090500000|  0%| F|  |TAMS 0x0000000090400000, 0x0000000090400000| Untracked 
| 261|0x0000000090500000, 0x0000000090500000, 0x0000000090600000|  0%| F|  |TAMS 0x0000000090500000, 0x0000000090500000| Untracked 
| 262|0x0000000090600000, 0x0000000090600000, 0x0000000090700000|  0%| F|  |TAMS 0x0000000090600000, 0x0000000090600000| Untracked 
| 263|0x0000000090700000, 0x0000000090700000, 0x0000000090800000|  0%| F|  |TAMS 0x0000000090700000, 0x0000000090700000| Untracked 
| 264|0x0000000090800000, 0x0000000090800000, 0x0000000090900000|  0%| F|  |TAMS 0x0000000090800000, 0x0000000090800000| Untracked 
| 265|0x0000000090900000, 0x0000000090900000, 0x0000000090a00000|  0%| F|  |TAMS 0x0000000090900000, 0x0000000090900000| Untracked 
| 266|0x0000000090a00000, 0x0000000090a00000, 0x0000000090b00000|  0%| F|  |TAMS 0x0000000090a00000, 0x0000000090a00000| Untracked 
| 267|0x0000000090b00000, 0x0000000090b00000, 0x0000000090c00000|  0%| F|  |TAMS 0x0000000090b00000, 0x0000000090b00000| Untracked 
| 268|0x0000000090c00000, 0x0000000090c00000, 0x0000000090d00000|  0%| F|  |TAMS 0x0000000090c00000, 0x0000000090c00000| Untracked 
| 269|0x0000000090d00000, 0x0000000090d00000, 0x0000000090e00000|  0%| F|  |TAMS 0x0000000090d00000, 0x0000000090d00000| Untracked 
| 270|0x0000000090e00000, 0x0000000090e00000, 0x0000000090f00000|  0%| F|  |TAMS 0x0000000090e00000, 0x0000000090e00000| Untracked 
| 271|0x0000000090f00000, 0x0000000090f00000, 0x0000000091000000|  0%| F|  |TAMS 0x0000000090f00000, 0x0000000090f00000| Untracked 
| 272|0x0000000091000000, 0x0000000091000000, 0x0000000091100000|  0%| F|  |TAMS 0x0000000091000000, 0x0000000091000000| Untracked 

Card table byte_map: [0x0000020b78fc0000,0x0000020b793c0000] _byte_map_base: 0x0000020b78bc0000

Marking Bits (Prev, Next): (CMBitMap*) 0x0000020b75423950, (CMBitMap*) 0x0000020b75423990
 Prev Bits: [0x0000020b797c0000, 0x0000020b7b7c0000)
 Next Bits: [0x0000020b7b7c0000, 0x0000020b7d7c0000)

Polling page: 0x0000020b733a0000

Metaspace:

Usage:
  Non-class:     77.03 MB used.
      Class:     12.21 MB used.
       Both:     89.25 MB used.

Virtual space:
  Non-class space:       80.00 MB reserved,      77.44 MB ( 97%) committed,  10 nodes.
      Class space:        1.00 GB reserved,      12.56 MB (  1%) committed,  1 nodes.
             Both:        1.08 GB reserved,      90.00 MB (  8%) committed. 

Chunk freelists:
   Non-Class:  2.41 MB
       Class:  3.42 MB
        Both:  5.83 MB

MaxMetaspaceSize: unlimited
CompressedClassSpaceSize: 1.00 GB
Initial GC threshold: 21.00 MB
Current GC threshold: 143.06 MB
CDS: off
MetaspaceReclaimPolicy: balanced
 - commit_granule_bytes: 65536.
 - commit_granule_words: 8192.
 - virtual_space_node_default_size: 1048576.
 - enlarge_chunks_in_place: 1.
 - new_chunks_are_fully_committed: 0.
 - uncommit_free_chunks: 1.
 - use_allocation_guard: 0.
 - handle_deallocations: 1.


Internal statistics:

num_allocs_failed_limit: 3.
num_arena_births: 978.
num_arena_deaths: 0.
num_vsnodes_births: 11.
num_vsnodes_deaths: 0.
num_space_committed: 1440.
num_space_uncommitted: 0.
num_chunks_returned_to_freelist: 3.
num_chunks_taken_from_freelist: 4386.
num_chunk_merges: 3.
num_chunk_splits: 2899.
num_chunks_enlarged: 1929.
num_purges: 0.
num_inconsistent_stats: 0.

CodeHeap 'non-profiled nmethods': size=120000Kb used=5240Kb max_used=5312Kb free=114759Kb
 bounds [0x0000020b07ad0000, 0x0000020b08010000, 0x0000020b0f000000]
CodeHeap 'profiled nmethods': size=120000Kb used=15376Kb max_used=17308Kb free=104623Kb
 bounds [0x0000020b00000000, 0x0000020b010f0000, 0x0000020b07530000]
CodeHeap 'non-nmethods': size=5760Kb used=2406Kb max_used=2473Kb free=3353Kb
 bounds [0x0000020b07530000, 0x0000020b077b0000, 0x0000020b07ad0000]
 total_blobs=9161 nmethods=8235 adapters=837
 compilation: enabled
              stopped_count=0, restarted_count=0
 full_count=0

Compilation events (20 events):
Event: 10.601 Thread 0x0000020b16dff610 nmethod 9702 0x0000020b07ec2210 code [0x0000020b07ec23c0, 0x0000020b07ec2c78]
Event: 10.601 Thread 0x0000020b16dff610 9701       4       com.google.common.cache.LocalCache$1::notifyNewValue (1 bytes)
Event: 10.601 Thread 0x0000020b16dff610 nmethod 9701 0x0000020b07d6e790 code [0x0000020b07d6e900, 0x0000020b07d6e978]
Event: 10.608 Thread 0x0000020b0fc6c090 nmethod 9696 0x0000020b07dd5290 code [0x0000020b07dd5700, 0x0000020b07dda088]
Event: 10.622 Thread 0x0000020b0fc6c090 9703       4       org.gradle.cache.internal.CacheAccessWorker$1::call (10 bytes)
Event: 10.622 Thread 0x0000020b16dff610 9704       4       org.gradle.cache.internal.AsyncCacheAccessDecoratedCache$$Lambda$271/0x00000001004078b0::create (12 bytes)
Event: 10.622 Thread 0x0000020b16dff610 nmethod 9704 0x0000020b07d6e410 code [0x0000020b07d6e5a0, 0x0000020b07d6e688]
Event: 10.622 Thread 0x0000020b0fc6c090 nmethod 9703 0x0000020b07d6df10 code [0x0000020b07d6e0a0, 0x0000020b07d6e1c8]
Event: 10.627 Thread 0x0000020b16dff610 9705       4       java.nio.file.Path::toFile (36 bytes)
Event: 10.628 Thread 0x0000020b16dff610 nmethod 9705 0x0000020b07ec1d10 code [0x0000020b07ec1ec0, 0x0000020b07ec2068]
Event: 10.668 Thread 0x0000020b16dff610 9706       4       org.gradle.internal.snapshot.MerkleDirectorySnapshotBuilder::collectEntry (52 bytes)
Event: 10.669 Thread 0x0000020b0fc6c090 9707       4       org.gradle.internal.snapshot.impl.DirectorySnapshotter$PathVisitor::shouldVisit (92 bytes)
Event: 10.674 Thread 0x0000020b16dff610 nmethod 9706 0x0000020b07c85e10 code [0x0000020b07c85fc0, 0x0000020b07c86998]
Event: 10.681 Thread 0x0000020b0fc6c090 nmethod 9707 0x0000020b07c84a90 code [0x0000020b07c84c80, 0x0000020b07c855a8]
Event: 10.684 Thread 0x0000020b0fc6c090 9708       4       org.gradle.api.internal.changedetection.state.CachingFileHasher::hash (12 bytes)
Event: 10.684 Thread 0x0000020b16dff610 9709       4       org.gradle.api.internal.changedetection.state.CachingFileHasher$FileInfoSerializer::read (6 bytes)
Event: 10.686 Thread 0x0000020b0fc6c090 nmethod 9708 0x0000020b07ec1490 code [0x0000020b07ec1640, 0x0000020b07ec18d8]
Event: 10.689 Thread 0x0000020b16dff610 nmethod 9709 0x0000020b07c83a90 code [0x0000020b07c83ca0, 0x0000020b07c84470]
Event: 10.690 Thread 0x0000020b16dff610 9710   !   4       com.google.common.cache.LocalCache$Segment::storeLoadedValue (371 bytes)
Event: 10.695 Thread 0x0000020b0fc6c090 9711   !   4       java.util.concurrent.FutureTask::run (123 bytes)

GC Heap History (20 events):
Event: 7.401 GC heap after
{Heap after GC invocations=31 (full 0):
 garbage-first heap   total 203776K, used 105487K [0x0000000080000000, 0x0000000100000000)
  region size 1024K, 1 young (1024K), 1 survivors (1024K)
 Metaspace       used 72619K, committed 73280K, reserved 1114112K
  class space    used 9707K, committed 10048K, reserved 1048576K
}
Event: 7.991 GC heap before
{Heap before GC invocations=31 (full 0):
 garbage-first heap   total 203776K, used 163855K [0x0000000080000000, 0x0000000100000000)
  region size 1024K, 59 young (60416K), 1 survivors (1024K)
 Metaspace       used 77736K, committed 78400K, reserved 1122304K
  class space    used 10384K, committed 10688K, reserved 1048576K
}
Event: 7.996 GC heap after
{Heap after GC invocations=32 (full 0):
 garbage-first heap   total 203776K, used 110459K [0x0000000080000000, 0x0000000100000000)
  region size 1024K, 6 young (6144K), 6 survivors (6144K)
 Metaspace       used 77736K, committed 78400K, reserved 1122304K
  class space    used 10384K, committed 10688K, reserved 1048576K
}
Event: 8.611 GC heap before
{Heap before GC invocations=33 (full 0):
 garbage-first heap   total 203776K, used 161659K [0x0000000080000000, 0x0000000100000000)
  region size 1024K, 60 young (61440K), 6 survivors (6144K)
 Metaspace       used 84106K, committed 84800K, reserved 1122304K
  class space    used 11467K, committed 11776K, reserved 1048576K
}
Event: 8.619 GC heap after
{Heap after GC invocations=34 (full 0):
 garbage-first heap   total 203776K, used 109643K [0x0000000080000000, 0x0000000100000000)
  region size 1024K, 4 young (4096K), 4 survivors (4096K)
 Metaspace       used 84106K, committed 84800K, reserved 1122304K
  class space    used 11467K, committed 11776K, reserved 1048576K
}
Event: 8.679 GC heap before
{Heap before GC invocations=34 (full 0):
 garbage-first heap   total 203776K, used 114763K [0x0000000080000000, 0x0000000100000000)
  region size 1024K, 9 young (9216K), 4 survivors (4096K)
 Metaspace       used 84608K, committed 85312K, reserved 1130496K
  class space    used 11533K, committed 11840K, reserved 1048576K
}
Event: 8.683 GC heap after
{Heap after GC invocations=35 (full 0):
 garbage-first heap   total 203776K, used 109543K [0x0000000080000000, 0x0000000100000000)
  region size 1024K, 1 young (1024K), 1 survivors (1024K)
 Metaspace       used 84608K, committed 85312K, reserved 1130496K
  class space    used 11533K, committed 11840K, reserved 1048576K
}
Event: 8.979 GC heap before
{Heap before GC invocations=35 (full 0):
 garbage-first heap   total 203776K, used 131047K [0x0000000080000000, 0x0000000100000000)
  region size 1024K, 21 young (21504K), 1 survivors (1024K)
 Metaspace       used 87020K, committed 87744K, reserved 1130496K
  class space    used 11870K, committed 12224K, reserved 1048576K
}
Event: 8.983 GC heap after
{Heap after GC invocations=36 (full 0):
 garbage-first heap   total 203776K, used 113160K [0x0000000080000000, 0x0000000100000000)
  region size 1024K, 3 young (3072K), 3 survivors (3072K)
 Metaspace       used 87020K, committed 87744K, reserved 1130496K
  class space    used 11870K, committed 12224K, reserved 1048576K
}
Event: 8.996 GC heap before
{Heap before GC invocations=36 (full 0):
 garbage-first heap   total 203776K, used 116232K [0x0000000080000000, 0x0000000100000000)
  region size 1024K, 4 young (4096K), 3 survivors (3072K)
 Metaspace       used 87021K, committed 87744K, reserved 1130496K
  class space    used 11870K, committed 12224K, reserved 1048576K
}
Event: 9.000 GC heap after
{Heap after GC invocations=37 (full 0):
 garbage-first heap   total 203776K, used 117030K [0x0000000080000000, 0x0000000100000000)
  region size 1024K, 4 young (4096K), 4 survivors (4096K)
 Metaspace       used 87021K, committed 87744K, reserved 1130496K
  class space    used 11870K, committed 12224K, reserved 1048576K
}
Event: 9.417 GC heap before
{Heap before GC invocations=38 (full 0):
 garbage-first heap   total 232448K, used 163110K [0x0000000080000000, 0x0000000100000000)
  region size 1024K, 33 young (33792K), 4 survivors (4096K)
 Metaspace       used 89982K, committed 90752K, reserved 1130496K
  class space    used 12322K, committed 12672K, reserved 1048576K
}
Event: 9.426 GC heap after
{Heap after GC invocations=39 (full 0):
 garbage-first heap   total 279552K, used 139194K [0x0000000080000000, 0x0000000100000000)
  region size 1024K, 5 young (5120K), 5 survivors (5120K)
 Metaspace       used 89982K, committed 90752K, reserved 1130496K
  class space    used 12322K, committed 12672K, reserved 1048576K
}
Event: 9.562 GC heap before
{Heap before GC invocations=39 (full 0):
 garbage-first heap   total 279552K, used 147386K [0x0000000080000000, 0x0000000100000000)
  region size 1024K, 13 young (13312K), 5 survivors (5120K)
 Metaspace       used 90102K, committed 90880K, reserved 1130496K
  class space    used 12331K, committed 12672K, reserved 1048576K
}
Event: 9.566 GC heap after
{Heap after GC invocations=40 (full 0):
 garbage-first heap   total 279552K, used 139812K [0x0000000080000000, 0x0000000100000000)
  region size 1024K, 1 young (1024K), 1 survivors (1024K)
 Metaspace       used 90102K, committed 90880K, reserved 1130496K
  class space    used 12331K, committed 12672K, reserved 1048576K
}
Event: 9.885 GC heap before
{Heap before GC invocations=40 (full 0):
 garbage-first heap   total 279552K, used 194084K [0x0000000080000000, 0x0000000100000000)
  region size 1024K, 51 young (52224K), 1 survivors (1024K)
 Metaspace       used 91356K, committed 92096K, reserved 1130496K
  class space    used 12504K, committed 12864K, reserved 1048576K
}
Event: 9.894 GC heap after
{Heap after GC invocations=41 (full 0):
 garbage-first heap   total 279552K, used 155551K [0x0000000080000000, 0x0000000100000000)
  region size 1024K, 7 young (7168K), 7 survivors (7168K)
 Metaspace       used 91356K, committed 92096K, reserved 1130496K
  class space    used 12504K, committed 12864K, reserved 1048576K
}
Event: 10.306 GC heap before
{Heap before GC invocations=41 (full 0):
 garbage-first heap   total 279552K, used 201631K [0x0000000080000000, 0x0000000100000000)
  region size 1024K, 53 young (54272K), 7 survivors (7168K)
 Metaspace       used 91382K, committed 92160K, reserved 1130496K
  class space    used 12504K, committed 12864K, reserved 1048576K
}
Event: 10.317 GC heap after
{Heap after GC invocations=42 (full 0):
 garbage-first heap   total 279552K, used 161739K [0x0000000080000000, 0x0000000100000000)
  region size 1024K, 7 young (7168K), 7 survivors (7168K)
 Metaspace       used 91382K, committed 92160K, reserved 1130496K
  class space    used 12504K, committed 12864K, reserved 1048576K
}
Event: 10.701 GC heap before
{Heap before GC invocations=42 (full 0):
 garbage-first heap   total 279552K, used 206795K [0x0000000080000000, 0x0000000100000000)
  region size 1024K, 52 young (53248K), 7 survivors (7168K)
 Metaspace       used 91386K, committed 92160K, reserved 1130496K
  class space    used 12505K, committed 12864K, reserved 1048576K
}

Dll operation events (2 events):
Event: 0.007 Loaded shared library C:\Program Files\Android\Android Studio2\jbr\bin\java.dll
Event: 0.294 Loaded shared library C:\Program Files\Android\Android Studio2\jbr\bin\verify.dll

Deoptimization events (20 events):
Event: 9.764 Thread 0x0000020b1184bb50 Uncommon trap: trap_request=0xffffff45 fr.pc=0x0000020b07b94794 relative=0x00000000000012b4
Event: 9.764 Thread 0x0000020b1184bb50 Uncommon trap: reason=unstable_if action=reinterpret pc=0x0000020b07b94794 method=java.util.concurrent.ConcurrentHashMap.transfer([Ljava/util/concurrent/ConcurrentHashMap$Node;[Ljava/util/concurrent/ConcurrentHashMap$Node;)V @ 352 c2
Event: 9.764 Thread 0x0000020b1184bb50 DEOPT PACKING pc=0x0000020b07b94794 sp=0x0000007a71ffcf40
Event: 9.764 Thread 0x0000020b1184bb50 DEOPT UNPACKING pc=0x0000020b0758a1a3 sp=0x0000007a71ffcec8 mode 2
Event: 9.776 Thread 0x0000020b11034940 Uncommon trap: trap_request=0xffffff45 fr.pc=0x0000020b07f09f7c relative=0x00000000000038fc
Event: 9.776 Thread 0x0000020b11034940 Uncommon trap: reason=unstable_if action=reinterpret pc=0x0000020b07f09f7c method=org.gradle.internal.io.StreamByteBuffer.allocateSpace()I @ 9 c2
Event: 9.776 Thread 0x0000020b11034940 DEOPT PACKING pc=0x0000020b07f09f7c sp=0x0000007a6e1fe600
Event: 9.776 Thread 0x0000020b11034940 DEOPT UNPACKING pc=0x0000020b0758a1a3 sp=0x0000007a6e1fe2a8 mode 2
Event: 9.778 Thread 0x0000020b11034940 Uncommon trap: trap_request=0xffffff45 fr.pc=0x0000020b07f2a6e8 relative=0x00000000000003e8
Event: 9.778 Thread 0x0000020b11034940 Uncommon trap: reason=unstable_if action=reinterpret pc=0x0000020b07f2a6e8 method=com.google.common.collect.MapMakerInternalMap$Segment.drainKeyReferenceQueue(Ljava/lang/ref/ReferenceQueue;)V @ 8 c2
Event: 9.778 Thread 0x0000020b11034940 DEOPT PACKING pc=0x0000020b07f2a6e8 sp=0x0000007a6e1fe190
Event: 9.778 Thread 0x0000020b11034940 DEOPT UNPACKING pc=0x0000020b0758a1a3 sp=0x0000007a6e1fdf98 mode 2
Event: 9.961 Thread 0x0000020b1184bb50 Uncommon trap: trap_request=0xffffff45 fr.pc=0x0000020b07dc8ae0 relative=0x0000000000000520
Event: 9.961 Thread 0x0000020b1184bb50 Uncommon trap: reason=unstable_if action=reinterpret pc=0x0000020b07dc8ae0 method=java.lang.StringLatin1.compareToCI([B[B)I @ 68 c2
Event: 9.961 Thread 0x0000020b1184bb50 DEOPT PACKING pc=0x0000020b07dc8ae0 sp=0x0000007a71ffbf80
Event: 9.961 Thread 0x0000020b1184bb50 DEOPT UNPACKING pc=0x0000020b0758a1a3 sp=0x0000007a71ffbe70 mode 2
Event: 10.099 Thread 0x0000020b1184bb50 DEOPT PACKING pc=0x0000020b00485817 sp=0x0000007a71ffbd80
Event: 10.099 Thread 0x0000020b1184bb50 DEOPT UNPACKING pc=0x0000020b0758ace3 sp=0x0000007a71ffb248 mode 0
Event: 10.372 Thread 0x0000020b1184bb50 DEOPT PACKING pc=0x0000020b00485817 sp=0x0000007a71ffbd80
Event: 10.372 Thread 0x0000020b1184bb50 DEOPT UNPACKING pc=0x0000020b0758ace3 sp=0x0000007a71ffb248 mode 0

Classes unloaded (0 events):
No events

Classes redefined (0 events):
No events

Internal exceptions (20 events):
Event: 9.613 Thread 0x0000020b13029b10 Exception <a 'java/lang/ClassNotFoundException'{0x00000000905c3338}: org/gradle/internal/extensibility/ExtensionsStorage$ExtensionHolderBeanInfo> (0x00000000905c3338) 
thrown [s\src\hotspot\share\classfile\systemDictionary.cpp, line 256]
Event: 9.613 Thread 0x0000020b13029b10 Exception <a 'java/lang/ClassNotFoundException'{0x00000000905cbe70}: org/gradle/internal/extensibility/ExtensionsStorage$ExtensionHolderCustomizer> (0x00000000905cbe70) 
thrown [s\src\hotspot\share\classfile\systemDictionary.cpp, line 256]
Event: 9.620 Thread 0x0000020b13029b10 Exception <a 'java/lang/ClassNotFoundException'{0x00000000904f1920}: org/gradle/internal/service/scopes/ProjectScopeServicesBeanInfo> (0x00000000904f1920) 
thrown [s\src\hotspot\share\classfile\systemDictionary.cpp, line 256]
Event: 9.621 Thread 0x0000020b13029b10 Exception <a 'java/lang/ClassNotFoundException'{0x00000000904fa338}: org/gradle/internal/service/scopes/ProjectScopeServicesCustomizer> (0x00000000904fa338) 
thrown [s\src\hotspot\share\classfile\systemDictionary.cpp, line 256]
Event: 9.622 Thread 0x0000020b13029b10 Exception <a 'java/lang/ClassNotFoundException'{0x000000009032c6c8}: org/gradle/api/internal/catalog/DefaultDependenciesAccessorsBeanInfo> (0x000000009032c6c8) 
thrown [s\src\hotspot\share\classfile\systemDictionary.cpp, line 256]
Event: 9.622 Thread 0x0000020b13029b10 Exception <a 'java/lang/ClassNotFoundException'{0x0000000090337a40}: org/gradle/api/internal/catalog/DefaultDependenciesAccessorsCustomizer> (0x0000000090337a40) 
thrown [s\src\hotspot\share\classfile\systemDictionary.cpp, line 256]
Event: 9.623 Thread 0x0000020b13029b10 Exception <a 'java/lang/ClassNotFoundException'{0x0000000090359f60}: org/gradle/internal/classpath/DefaultClassPathBeanInfo> (0x0000000090359f60) 
thrown [s\src\hotspot\share\classfile\systemDictionary.cpp, line 256]
Event: 9.624 Thread 0x0000020b13029b10 Exception <a 'java/lang/ClassNotFoundException'{0x00000000903626c0}: org/gradle/internal/classpath/DefaultClassPathCustomizer> (0x00000000903626c0) 
thrown [s\src\hotspot\share\classfile\systemDictionary.cpp, line 256]
Event: 9.627 Thread 0x0000020b13029b10 Exception <a 'java/lang/ClassNotFoundException'{0x0000000090279730}: org/gradle/internal/classpath/DefaultClassPath$ImmutableUniqueListBeanInfo> (0x0000000090279730) 
thrown [s\src\hotspot\share\classfile\systemDictionary.cpp, line 256]
Event: 9.628 Thread 0x0000020b13029b10 Exception <a 'java/lang/ClassNotFoundException'{0x000000009027dfc0}: java/util/AbstractListBeanInfo> (0x000000009027dfc0) 
thrown [s\src\hotspot\share\classfile\systemDictionary.cpp, line 256]
Event: 9.628 Thread 0x0000020b13029b10 Exception <a 'java/lang/ClassNotFoundException'{0x0000000090282ad0}: java/util/AbstractListCustomizer> (0x0000000090282ad0) 
thrown [s\src\hotspot\share\classfile\systemDictionary.cpp, line 256]
Event: 9.628 Thread 0x0000020b13029b10 Exception <a 'java/lang/ClassNotFoundException'{0x0000000090296a30}: org/gradle/internal/classpath/DefaultClassPath$ImmutableUniqueListCustomizer> (0x0000000090296a30) 
thrown [s\src\hotspot\share\classfile\systemDictionary.cpp, line 256]
Event: 9.634 Thread 0x0000020b13029b10 Exception <a 'java/lang/ClassNotFoundException'{0x00000000902da3f8}: org/jetbrains/plugins/gradle/model/DefaultDependencyAccessorsModelBeanInfo> (0x00000000902da3f8) 
thrown [s\src\hotspot\share\classfile\systemDictionary.cpp, line 256]
Event: 9.634 Thread 0x0000020b13029b10 Exception <a 'java/lang/ClassNotFoundException'{0x00000000902e2ba8}: org/jetbrains/plugins/gradle/model/DefaultDependencyAccessorsModelCustomizer> (0x00000000902e2ba8) 
thrown [s\src\hotspot\share\classfile\systemDictionary.cpp, line 256]
Event: 9.640 Thread 0x0000020b15b04720 Exception <a 'java/lang/NoSuchMethodError'{0x0000000090188f60}: static Lorg/jetbrains/plugins/gradle/tooling/internal/VersionCatalogsModelImpl;.<clinit>()V> (0x0000000090188f60) 
thrown [s\src\hotspot\share\prims\jni.cpp, line 1108]
Event: 9.654 Thread 0x0000020b13029b10 Exception <a 'java/lang/ClassNotFoundException'{0x000000008ffade40}: org/gradle/api/internal/tasks/DefaultSourceSetContainer_DecoratedBeanInfo> (0x000000008ffade40) 
thrown [s\src\hotspot\share\classfile\systemDictionary.cpp, line 256]
Event: 9.654 Thread 0x0000020b13029b10 Exception <a 'java/lang/ClassNotFoundException'{0x000000008ffb9150}: org/gradle/api/internal/tasks/DefaultSourceSetContainerBeanInfo> (0x000000008ffb9150) 
thrown [s\src\hotspot\share\classfile\systemDictionary.cpp, line 256]
Event: 9.655 Thread 0x0000020b13029b10 Exception <a 'java/lang/ClassNotFoundException'{0x000000008ffc4480}: org/gradle/api/internal/tasks/DefaultSourceSetContainerCustomizer> (0x000000008ffc4480) 
thrown [s\src\hotspot\share\classfile\systemDictionary.cpp, line 256]
Event: 9.655 Thread 0x0000020b13029b10 Exception <a 'java/lang/ClassNotFoundException'{0x000000008ffdaf88}: org/gradle/api/internal/tasks/DefaultSourceSetContainer_DecoratedCustomizer> (0x000000008ffdaf88) 
thrown [s\src\hotspot\share\classfile\systemDictionary.cpp, line 256]
Event: 9.765 Thread 0x0000020b1184bb50 Exception <a 'java/lang/NoSuchMethodError'{0x000000008f811978}: 'java.lang.Object java.lang.invoke.DirectMethodHandle$Holder.invokeSpecialIFC(java.lang.Object, java.lang.Object, java.lang.Object)'> (0x000000008f811978) 
thrown [s\src\hotspot\share\interpreter\linkResolver.cpp, line 771]

VM Operations (20 events):
Event: 9.736 Executing VM operation: HandshakeAllThreads done
Event: 9.736 Executing VM operation: HandshakeAllThreads
Event: 9.736 Executing VM operation: HandshakeAllThreads done
Event: 9.738 Executing VM operation: HandshakeAllThreads
Event: 9.738 Executing VM operation: HandshakeAllThreads done
Event: 9.739 Executing VM operation: HandshakeAllThreads
Event: 9.739 Executing VM operation: HandshakeAllThreads done
Event: 9.747 Executing VM operation: ICBufferFull
Event: 9.747 Executing VM operation: ICBufferFull done
Event: 9.754 Executing VM operation: HandshakeAllThreads
Event: 9.755 Executing VM operation: HandshakeAllThreads done
Event: 9.767 Executing VM operation: HandshakeAllThreads
Event: 9.767 Executing VM operation: HandshakeAllThreads done
Event: 9.779 Executing VM operation: HandshakeAllThreads
Event: 9.780 Executing VM operation: HandshakeAllThreads done
Event: 9.885 Executing VM operation: G1CollectForAllocation
Event: 9.894 Executing VM operation: G1CollectForAllocation done
Event: 10.306 Executing VM operation: G1CollectForAllocation
Event: 10.317 Executing VM operation: G1CollectForAllocation done
Event: 10.701 Executing VM operation: G1CollectForAllocation

Events (20 events):
Event: 9.788 Thread 0x0000020b0fc79620 flushing nmethod 0x0000020b00dbd210
Event: 9.788 Thread 0x0000020b0fc79620 flushing nmethod 0x0000020b00de5110
Event: 9.788 Thread 0x0000020b0fc79620 flushing nmethod 0x0000020b00de7990
Event: 9.788 Thread 0x0000020b0fc79620 flushing nmethod 0x0000020b00de9010
Event: 9.788 Thread 0x0000020b0fc79620 flushing nmethod 0x0000020b00e31510
Event: 9.788 Thread 0x0000020b0fc79620 flushing nmethod 0x0000020b00e66d10
Event: 9.788 Thread 0x0000020b0fc79620 flushing nmethod 0x0000020b00e95890
Event: 9.788 Thread 0x0000020b0fc79620 flushing nmethod 0x0000020b00ee5190
Event: 9.788 Thread 0x0000020b0fc79620 flushing nmethod 0x0000020b00ee8790
Event: 9.788 Thread 0x0000020b0fc79620 flushing nmethod 0x0000020b00ee9410
Event: 9.789 Thread 0x0000020b0fc79620 flushing nmethod 0x0000020b00eff090
Event: 9.789 Thread 0x0000020b0fc79620 flushing nmethod 0x0000020b00f0b090
Event: 9.789 Thread 0x0000020b0fc79620 flushing nmethod 0x0000020b00f33910
Event: 9.789 Thread 0x0000020b0fc79620 flushing nmethod 0x0000020b00f34b90
Event: 9.789 Thread 0x0000020b0fc79620 flushing nmethod 0x0000020b00f4a390
Event: 9.789 Thread 0x0000020b0fc79620 flushing nmethod 0x0000020b00f5a590
Event: 9.789 Thread 0x0000020b0fc79620 flushing nmethod 0x0000020b00f5f490
Event: 9.789 Thread 0x0000020b0fc79620 flushing nmethod 0x0000020b0105b910
Event: 10.432 loading class jdk/internal/access/foreign/MemorySegmentProxy
Event: 10.432 loading class jdk/internal/access/foreign/MemorySegmentProxy done


Dynamic libraries:
0x00007ff75aba0000 - 0x00007ff75abaa000 	C:\Program Files\Android\Android Studio2\jbr\bin\java.exe
0x00007ff8f4110000 - 0x00007ff8f4324000 	C:\WINDOWS\SYSTEM32\ntdll.dll
0x00007ff8f2280000 - 0x00007ff8f2342000 	C:\WINDOWS\System32\KERNEL32.DLL
0x00007ff8f16d0000 - 0x00007ff8f1a73000 	C:\WINDOWS\System32\KERNELBASE.dll
0x00007ff8f1580000 - 0x00007ff8f1691000 	C:\WINDOWS\System32\ucrtbase.dll
0x00007ff8d7ab0000 - 0x00007ff8d7ac7000 	C:\Program Files\Android\Android Studio2\jbr\bin\jli.dll
0x00007ff8d7500000 - 0x00007ff8d751b000 	C:\Program Files\Android\Android Studio2\jbr\bin\VCRUNTIME140.dll
0x00007ff8f2790000 - 0x00007ff8f293a000 	C:\WINDOWS\System32\USER32.dll
0x00007ff8f16a0000 - 0x00007ff8f16c6000 	C:\WINDOWS\System32\win32u.dll
0x00007ff8f2350000 - 0x00007ff8f2379000 	C:\WINDOWS\System32\GDI32.dll
0x00007ff8d3f20000 - 0x00007ff8d41ae000 	C:\WINDOWS\WinSxS\amd64_microsoft.windows.common-controls_6595b64144ccf1df_6.0.22621.1635_none_270f70857386168e\COMCTL32.dll
0x00007ff8f1d10000 - 0x00007ff8f1e29000 	C:\WINDOWS\System32\gdi32full.dll
0x00007ff8f2520000 - 0x00007ff8f25c7000 	C:\WINDOWS\System32\msvcrt.dll
0x00007ff8f1c70000 - 0x00007ff8f1d0a000 	C:\WINDOWS\System32\msvcp_win.dll
0x00007ff8f3a20000 - 0x00007ff8f3a51000 	C:\WINDOWS\System32\IMM32.DLL
0x00007ff8e5fd0000 - 0x00007ff8e5fdc000 	C:\Program Files\Android\Android Studio2\jbr\bin\vcruntime140_1.dll
0x00007ff8b2bd0000 - 0x00007ff8b2c5d000 	C:\Program Files\Android\Android Studio2\jbr\bin\msvcp140.dll
0x00007ff8a0f30000 - 0x00007ff8a1b9e000 	C:\Program Files\Android\Android Studio2\jbr\bin\server\jvm.dll
0x00007ff8f37c0000 - 0x00007ff8f386e000 	C:\WINDOWS\System32\ADVAPI32.dll
0x00007ff8f3a60000 - 0x00007ff8f3b04000 	C:\WINDOWS\System32\sechost.dll
0x00007ff8f3ec0000 - 0x00007ff8f3fd7000 	C:\WINDOWS\System32\RPCRT4.dll
0x00007ff8e9e90000 - 0x00007ff8e9e99000 	C:\WINDOWS\SYSTEM32\WSOCK32.dll
0x00007ff8e6c20000 - 0x00007ff8e6c54000 	C:\WINDOWS\SYSTEM32\WINMM.dll
0x00007ff8e5d70000 - 0x00007ff8e5d7a000 	C:\WINDOWS\SYSTEM32\VERSION.dll
0x00007ff8f3b70000 - 0x00007ff8f3be1000 	C:\WINDOWS\System32\WS2_32.dll
0x00007ff8f0640000 - 0x00007ff8f0658000 	C:\WINDOWS\SYSTEM32\kernel.appcore.dll
0x00007ff8ee2b0000 - 0x00007ff8ee2ba000 	C:\Program Files\Android\Android Studio2\jbr\bin\jimage.dll
0x00007ff8eeed0000 - 0x00007ff8ef0fe000 	C:\WINDOWS\SYSTEM32\DBGHELP.DLL
0x00007ff8f1ef0000 - 0x00007ff8f2279000 	C:\WINDOWS\System32\combase.dll
0x00007ff8f2380000 - 0x00007ff8f2457000 	C:\WINDOWS\System32\OLEAUT32.dll
0x00007ff8ce400000 - 0x00007ff8ce432000 	C:\WINDOWS\SYSTEM32\dbgcore.DLL
0x00007ff8f1bf0000 - 0x00007ff8f1c6a000 	C:\WINDOWS\System32\bcryptPrimitives.dll
0x00007ff8e6020000 - 0x00007ff8e6045000 	C:\Program Files\Android\Android Studio2\jbr\bin\java.dll
0x00007ff8e8830000 - 0x00007ff8e8848000 	C:\Program Files\Android\Android Studio2\jbr\bin\zip.dll
0x00007ff8f2e60000 - 0x00007ff8f3659000 	C:\WINDOWS\System32\SHELL32.dll
0x00007ff8ef500000 - 0x00007ff8efdce000 	C:\WINDOWS\SYSTEM32\windows.storage.dll
0x00007ff8ef3c0000 - 0x00007ff8ef4fe000 	C:\WINDOWS\SYSTEM32\wintypes.dll
0x00007ff8f3bf0000 - 0x00007ff8f3ce1000 	C:\WINDOWS\System32\SHCORE.dll
0x00007ff8f3b10000 - 0x00007ff8f3b6e000 	C:\WINDOWS\System32\shlwapi.dll
0x00007ff8f1440000 - 0x00007ff8f1466000 	C:\WINDOWS\SYSTEM32\profapi.dll
0x00007ff8e6080000 - 0x00007ff8e6099000 	C:\Program Files\Android\Android Studio2\jbr\bin\net.dll
0x00007ff8e9660000 - 0x00007ff8e9797000 	C:\WINDOWS\SYSTEM32\WINHTTP.dll
0x00007ff8f0ac0000 - 0x00007ff8f0b29000 	C:\WINDOWS\system32\mswsock.dll
0x00007ff8e6000000 - 0x00007ff8e6016000 	C:\Program Files\Android\Android Studio2\jbr\bin\nio.dll
0x00007ff8ee270000 - 0x00007ff8ee280000 	C:\Program Files\Android\Android Studio2\jbr\bin\verify.dll
0x00007ff8d6f80000 - 0x00007ff8d6fa7000 	C:\Users\hema\.gradle\native\68d5fa5c4cc2d200863cafc0d521ce42e7d3e7ee720ec0a83991735586a16f82\windows-amd64\native-platform.dll
0x00007ff8adab0000 - 0x00007ff8adbf4000 	C:\Users\hema\.gradle\native\e376f236ea51e6404a007f0833ffe2c6e607c4080706a723a18a27aeea778392\windows-amd64\native-platform-file-events.dll
0x00007ff8e9da0000 - 0x00007ff8e9da9000 	C:\Program Files\Android\Android Studio2\jbr\bin\management.dll
0x00007ff8e95c0000 - 0x00007ff8e95cb000 	C:\Program Files\Android\Android Studio2\jbr\bin\management_ext.dll
0x00007ff8f2460000 - 0x00007ff8f2468000 	C:\WINDOWS\System32\PSAPI.DLL
0x00007ff8f0d20000 - 0x00007ff8f0d3b000 	C:\WINDOWS\SYSTEM32\CRYPTSP.dll
0x00007ff8f05b0000 - 0x00007ff8f05e5000 	C:\WINDOWS\system32\rsaenh.dll
0x00007ff8f0bc0000 - 0x00007ff8f0bec000 	C:\WINDOWS\SYSTEM32\USERENV.dll
0x00007ff8f0ee0000 - 0x00007ff8f0f08000 	C:\WINDOWS\SYSTEM32\bcrypt.dll
0x00007ff8f0d40000 - 0x00007ff8f0d4c000 	C:\WINDOWS\SYSTEM32\CRYPTBASE.dll
0x00007ff8f0020000 - 0x00007ff8f004d000 	C:\WINDOWS\SYSTEM32\IPHLPAPI.DLL
0x00007ff8f3cf0000 - 0x00007ff8f3cf9000 	C:\WINDOWS\System32\NSI.dll
0x00007ff8e7230000 - 0x00007ff8e7249000 	C:\WINDOWS\SYSTEM32\dhcpcsvc6.DLL
0x00007ff8e6ca0000 - 0x00007ff8e6cbf000 	C:\WINDOWS\SYSTEM32\dhcpcsvc.DLL
0x00007ff8f0050000 - 0x00007ff8f0143000 	C:\WINDOWS\SYSTEM32\DNSAPI.dll
0x00007ff8d7a50000 - 0x00007ff8d7a58000 	C:\WINDOWS\system32\wshunix.dll

dbghelp: loaded successfully - version: 4.0.5 - missing functions: none
symbol engine: initialized successfully - sym options: 0x614 - pdb path: .;C:\Program Files\Android\Android Studio2\jbr\bin;C:\WINDOWS\SYSTEM32;C:\WINDOWS\WinSxS\amd64_microsoft.windows.common-controls_6595b64144ccf1df_6.0.22621.1635_none_270f70857386168e;C:\Program Files\Android\Android Studio2\jbr\bin\server;C:\Users\hema\.gradle\native\68d5fa5c4cc2d200863cafc0d521ce42e7d3e7ee720ec0a83991735586a16f82\windows-amd64;C:\Users\hema\.gradle\native\e376f236ea51e6404a007f0833ffe2c6e607c4080706a723a18a27aeea778392\windows-amd64

VM Arguments:
jvm_args: --add-opens=java.base/java.util=ALL-UNNAMED --add-opens=java.base/java.lang=ALL-UNNAMED --add-opens=java.base/java.lang.invoke=ALL-UNNAMED --add-opens=java.prefs/java.util.prefs=ALL-UNNAMED --add-opens=java.base/java.nio.charset=ALL-UNNAMED --add-opens=java.base/java.net=ALL-UNNAMED --add-opens=java.base/java.util.concurrent.atomic=ALL-UNNAMED -Xmx2048m -Dfile.encoding=UTF-8 -Duser.country=IN -Duser.language=en -Duser.variant 
java_command: org.gradle.launcher.daemon.bootstrap.GradleDaemon 8.0
java_class_path (initial): C:\Users\hema\.gradle\wrapper\dists\gradle-8.0-bin\ca5e32bp14vu59qr306oxotwh\gradle-8.0\lib\gradle-launcher-8.0.jar
Launcher Type: SUN_STANDARD

[Global flags]
     intx CICompilerCount                          = 4                                         {product} {ergonomic}
     uint ConcGCThreads                            = 2                                         {product} {ergonomic}
     uint G1ConcRefinementThreads                  = 8                                         {product} {ergonomic}
   size_t G1HeapRegionSize                         = 1048576                                   {product} {ergonomic}
    uintx GCDrainStackTargetSize                   = 64                                        {product} {ergonomic}
   size_t InitialHeapSize                          = 130023424                                 {product} {ergonomic}
   size_t MarkStackSize                            = 4194304                                   {product} {ergonomic}
   size_t MaxHeapSize                              = 2147483648                                {product} {command line}
   size_t MaxNewSize                               = 1287651328                                {product} {ergonomic}
   size_t MinHeapDeltaBytes                        = 1048576                                   {product} {ergonomic}
   size_t MinHeapSize                              = 8388608                                   {product} {ergonomic}
    uintx NonNMethodCodeHeapSize                   = 5839372                                {pd product} {ergonomic}
    uintx NonProfiledCodeHeapSize                  = 122909434                              {pd product} {ergonomic}
    uintx ProfiledCodeHeapSize                     = 122909434                              {pd product} {ergonomic}
    uintx ReservedCodeCacheSize                    = 251658240                              {pd product} {ergonomic}
     bool SegmentedCodeCache                       = true                                      {product} {ergonomic}
   size_t SoftMaxHeapSize                          = 2147483648                             {manageable} {ergonomic}
     bool UseCompressedClassPointers               = true                           {product lp64_product} {ergonomic}
     bool UseCompressedOops                        = true                           {product lp64_product} {ergonomic}
     bool UseG1GC                                  = true                                      {product} {ergonomic}
     bool UseLargePagesIndividualAllocation        = false                                  {pd product} {ergonomic}

Logging:
Log output configuration:
 #0: stdout all=warning uptime,level,tags
 #1: stderr all=off uptime,level,tags

Environment Variables:
JAVA_HOME=C:\Program Files\Java\jdk-19
PATH=C:\Program Files\Common Files\Oracle\Java\javapath;C:\WINDOWS\system32;C:\WINDOWS;C:\WINDOWS\System32\Wbem;C:\WINDOWS\System32\WindowsPowerShell\v1.0\;C:\WINDOWS\System32\OpenSSH\;C:\Program Files (x86)\MySQL\MySQL Server 5.1\bin;C:\Program Files\Java\jdk-19\bin;C:\Users\hema\AppData\Local\Microsoft\WindowsApps;
USERNAME=hema
OS=Windows_NT
PROCESSOR_IDENTIFIER=Intel64 Family 6 Model 140 Stepping 1, GenuineIntel
TMP=C:\Users\hema\AppData\Local\Temp
TEMP=C:\Users\hema\AppData\Local\Temp


JNI global refs:
JNI global refs: 26, weak refs: 0

JNI global refs memory usage: 843, weak refs: 841


---------------  S Y S T E M  ---------------

OS:
 Windows 11 , 64 bit Build 22621 (10.0.22621.1928)
OS uptime: 6 days 20:20 hours

CPU: total 8 (initial active 8) (4 cores per cpu, 2 threads per core) family 6 model 140 stepping 1 microcode 0x9a, cx8, cmov, fxsr, ht, mmx, 3dnowpref, sse, sse2, sse3, ssse3, sse4.1, sse4.2, popcnt, lzcnt, tsc, tscinvbit, avx, avx2, aes, erms, clmul, bmi1, bmi2, adx, avx512f, avx512dq, avx512cd, avx512bw, avx512vl, sha, fma, vzeroupper, avx512_vpopcntdq, avx512_vpclmulqdq, avx512_vaes, avx512_vnni, clflush, clflushopt, clwb, avx512_vbmi2, avx512_vbmi

Memory: 4k page, system-wide physical 7834M (449M free)
TotalPageFile size 9882M (AvailPageFile size 59M)
current process WorkingSet (physical memory assigned to process): 493M, peak: 527M
current process commit charge ("private bytes"): 544M, peak: 599M

vm_info: OpenJDK 64-Bit Server VM (17.0.6+0-b2043.56-10027231) for windows-amd64 JRE (17.0.6+0-b2043.56-10027231), built on Apr 28 2023 00:43:19 by "androidbuild" with MS VC++ 16.10 / 16.11 (VS2019)

END.
