#
# There is insufficient memory for the Java Runtime Environment to continue.
# Native memory allocation (malloc) failed to allocate 1786944 bytes for Chunk::new
# Possible reasons:
#   The system is out of physical RAM or swap space
#   The process is running with CompressedOops enabled, and the Java Heap may be blocking the growth of the native heap
# Possible solutions:
#   Reduce memory load on the system
#   Increase physical memory or swap space
#   Check if swap backing store is full
#   Decrease Java heap size (-Xmx/-Xms)
#   Decrease number of Java threads
#   Decrease Java thread stack sizes (-Xss)
#   Set larger code cache with -XX:ReservedCodeCacheSize=
#   JVM is running with Unscaled Compressed Oops mode in which the Java heap is
#     placed in the first 4GB address space. The Java Heap base address is the
#     maximum limit for the native heap growth. Please use -XX:HeapBaseMinAddress
#     to set the Java Heap base and to place the Java Heap above 4GB virtual address.
# This output file may be truncated or incomplete.
#
#  Out of Memory Error (arena.cpp:189), pid=28612, tid=26956
#
# JRE version: OpenJDK Runtime Environment (17.0.6) (build 17.0.6+0-b2043.56-10027231)
# Java VM: OpenJDK 64-Bit Server VM (17.0.6+0-b2043.56-10027231, mixed mode, tiered, compressed oops, compressed class ptrs, g1 gc, windows-amd64)
# No core dump will be written. Minidumps are not enabled by default on client versions of Windows
#

---------------  S U M M A R Y ------------

Command Line: --add-opens=java.base/java.util=ALL-UNNAMED --add-opens=java.base/java.lang=ALL-UNNAMED --add-opens=java.base/java.lang.invoke=ALL-UNNAMED --add-opens=java.prefs/java.util.prefs=ALL-UNNAMED --add-opens=java.base/java.nio.charset=ALL-UNNAMED --add-opens=java.base/java.net=ALL-UNNAMED --add-opens=java.base/java.util.concurrent.atomic=ALL-UNNAMED -Xmx2048m -Dfile.encoding=UTF-8 -Duser.country=IN -Duser.language=en -Duser.variant org.gradle.launcher.daemon.bootstrap.GradleDaemon 8.0

Host: 11th Gen Intel(R) Core(TM) i5-1135G7 @ 2.40GHz, 8 cores, 7G,  Windows 11 , 64 bit Build 22621 (10.0.22621.1928)
Time: Fri Aug  4 10:18:48 2023 India Standard Time elapsed time: 4.566396 seconds (0d 0h 0m 4s)

---------------  T H R E A D  ---------------

Current thread (0x000001e07fb21310):  JavaThread "C2 CompilerThread1" daemon [_thread_in_native, id=26956, stack(0x0000000939c00000,0x0000000939d00000)]


Current CompileTask:
C2:   4566 4615       4       java.net.URLClassLoader$1::run (5 bytes)

Stack: [0x0000000939c00000,0x0000000939d00000]
Native frames: (J=compiled Java code, j=interpreted, Vv=VM code, C=native code)
V  [jvm.dll+0x683c9a]
V  [jvm.dll+0x8427a4]
V  [jvm.dll+0x843f9e]
V  [jvm.dll+0x844603]
V  [jvm.dll+0x249b75]
V  [jvm.dll+0xabcac]
V  [jvm.dll+0xac27c]
V  [jvm.dll+0x368857]
V  [jvm.dll+0x1bced2]
V  [jvm.dll+0x21c359]
V  [jvm.dll+0x21b621]
V  [jvm.dll+0x1a4fdd]
V  [jvm.dll+0x22b098]
V  [jvm.dll+0x229159]
V  [jvm.dll+0x7f81ec]
V  [jvm.dll+0x7f274a]
V  [jvm.dll+0x682ad5]
C  [ucrtbase.dll+0x29363]
C  [KERNEL32.DLL+0x126ad]
C  [ntdll.dll+0x5aa68]


---------------  P R O C E S S  ---------------

Threads class SMR info:
_java_thread_list=0x000001e016e4ab90, length=44, elements={
0x000001e075df8210, 0x000001e07f813020, 0x000001e07f818380, 0x000001e07ec62510,
0x000001e07ec62fd0, 0x000001e07ec63a80, 0x000001e07f835b10, 0x000001e07f8368a0,
0x000001e07f83b530, 0x000001e07f8492d0, 0x000001e07f9af050, 0x000001e07f9d9c80,
0x000001e07fb21310, 0x000001e012732430, 0x000001e013f45bd0, 0x000001e013e30a60,
0x000001e013779440, 0x000001e01327cd00, 0x000001e01242be60, 0x000001e01242d1a0,
0x000001e01242b4c0, 0x000001e01242d670, 0x000001e01242c330, 0x000001e01242b990,
0x000001e01242e9b0, 0x000001e01242c800, 0x000001e01242aff0, 0x000001e01242ccd0,
0x000001e01242db40, 0x000001e01242e010, 0x000001e01242e4e0, 0x000001e01372d9a0,
0x000001e01372f680, 0x000001e013733510, 0x000001e01372ece0, 0x000001e01372de70,
0x000001e0137339e0, 0x000001e0137326a0, 0x000001e013731d00, 0x000001e01372fb50,
0x000001e01372c190, 0x000001e013730020, 0x000001e01372cb30, 0x000001e013731830
}

Java Threads: ( => current thread )
  0x000001e075df8210 JavaThread "main" [_thread_blocked, id=30632, stack(0x0000000938900000,0x0000000938a00000)]
  0x000001e07f813020 JavaThread "Reference Handler" daemon [_thread_blocked, id=30636, stack(0x0000000939000000,0x0000000939100000)]
  0x000001e07f818380 JavaThread "Finalizer" daemon [_thread_blocked, id=30540, stack(0x0000000939100000,0x0000000939200000)]
  0x000001e07ec62510 JavaThread "Signal Dispatcher" daemon [_thread_blocked, id=2952, stack(0x0000000939200000,0x0000000939300000)]
  0x000001e07ec62fd0 JavaThread "Attach Listener" daemon [_thread_blocked, id=5920, stack(0x0000000939300000,0x0000000939400000)]
  0x000001e07ec63a80 JavaThread "Service Thread" daemon [_thread_blocked, id=13224, stack(0x0000000939400000,0x0000000939500000)]
  0x000001e07f835b10 JavaThread "Monitor Deflation Thread" daemon [_thread_blocked, id=756, stack(0x0000000939500000,0x0000000939600000)]
  0x000001e07f8368a0 JavaThread "C2 CompilerThread0" daemon [_thread_in_native, id=29236, stack(0x0000000939600000,0x0000000939700000)]
  0x000001e07f83b530 JavaThread "C1 CompilerThread0" daemon [_thread_in_native, id=24328, stack(0x0000000939700000,0x0000000939800000)]
  0x000001e07f8492d0 JavaThread "Sweeper thread" daemon [_thread_blocked, id=30340, stack(0x0000000939800000,0x0000000939900000)]
  0x000001e07f9af050 JavaThread "Common-Cleaner" daemon [_thread_blocked, id=30300, stack(0x0000000939900000,0x0000000939a00000)]
  0x000001e07f9d9c80 JavaThread "Notification Thread" daemon [_thread_blocked, id=24124, stack(0x0000000939a00000,0x0000000939b00000)]
=>0x000001e07fb21310 JavaThread "C2 CompilerThread1" daemon [_thread_in_native, id=26956, stack(0x0000000939c00000,0x0000000939d00000)]
  0x000001e012732430 JavaThread "Daemon health stats" [_thread_blocked, id=28668, stack(0x000000093a100000,0x000000093a200000)]
  0x000001e013f45bd0 JavaThread "Incoming local TCP Connector on port 55294" [_thread_in_native, id=7468, stack(0x000000093a200000,0x000000093a300000)]
  0x000001e013e30a60 JavaThread "Daemon periodic checks" [_thread_blocked, id=27004, stack(0x000000093a300000,0x000000093a400000)]
  0x000001e013779440 JavaThread "Daemon" [_thread_blocked, id=13104, stack(0x000000093a400000,0x000000093a500000)]
  0x000001e01327cd00 JavaThread "Handler for socket connection from /127.0.0.1:55294 to /127.0.0.1:55296" [_thread_in_native, id=18508, stack(0x000000093a500000,0x000000093a600000)]
  0x000001e01242be60 JavaThread "Cancel handler" [_thread_blocked, id=24144, stack(0x000000093a600000,0x000000093a700000)]
  0x000001e01242d1a0 JavaThread "Daemon worker" [_thread_in_vm, id=20136, stack(0x000000093a700000,0x000000093a800000)]
  0x000001e01242b4c0 JavaThread "Asynchronous log dispatcher for DefaultDaemonConnection: socket connection from /127.0.0.1:55294 to /127.0.0.1:55296" [_thread_blocked, id=5684, stack(0x000000093a800000,0x000000093a900000)]
  0x000001e01242d670 JavaThread "Stdin handler" [_thread_blocked, id=24748, stack(0x000000093a900000,0x000000093aa00000)]
  0x000001e01242c330 JavaThread "Daemon client event forwarder" [_thread_blocked, id=29160, stack(0x000000093aa00000,0x000000093ab00000)]
  0x000001e01242b990 JavaThread "Cache worker for journal cache (C:\Users\hema\.gradle\caches\journal-1)" [_thread_blocked, id=30280, stack(0x000000093af00000,0x000000093b000000)]
  0x000001e01242e9b0 JavaThread "File lock request listener" [_thread_in_native, id=16848, stack(0x000000093b000000,0x000000093b100000)]
  0x000001e01242c800 JavaThread "Cache worker for file hash cache (C:\Users\hema\.gradle\caches\8.0\fileHashes)" [_thread_blocked, id=30512, stack(0x000000093b100000,0x000000093b200000)]
  0x000001e01242aff0 JavaThread "File watcher server" daemon [_thread_in_native, id=27356, stack(0x000000093b200000,0x000000093b300000)]
  0x000001e01242ccd0 JavaThread "File watcher consumer" daemon [_thread_blocked, id=23196, stack(0x000000093b300000,0x000000093b400000)]
  0x000001e01242db40 JavaThread "jar transforms" [_thread_blocked, id=16376, stack(0x000000093b400000,0x000000093b500000)]
  0x000001e01242e010 JavaThread "jar transforms Thread 2" [_thread_blocked, id=26768, stack(0x000000093b500000,0x000000093b600000)]
  0x000001e01242e4e0 JavaThread "jar transforms Thread 3" [_thread_blocked, id=28024, stack(0x000000093b600000,0x000000093b700000)]
  0x000001e01372d9a0 JavaThread "jar transforms Thread 4" [_thread_blocked, id=28012, stack(0x000000093b700000,0x000000093b800000)]
  0x000001e01372f680 JavaThread "jar transforms Thread 5" [_thread_blocked, id=24356, stack(0x000000093b800000,0x000000093b900000)]
  0x000001e013733510 JavaThread "jar transforms Thread 6" [_thread_blocked, id=20996, stack(0x000000093b900000,0x000000093ba00000)]
  0x000001e01372ece0 JavaThread "jar transforms Thread 7" [_thread_blocked, id=30172, stack(0x000000093ba00000,0x000000093bb00000)]
  0x000001e01372de70 JavaThread "jar transforms Thread 8" [_thread_blocked, id=11772, stack(0x000000093bb00000,0x000000093bc00000)]
  0x000001e0137339e0 JavaThread "Cache worker for checksums cache (C:\Users\hema\Downloads\SleepTracking Final\SleepTracking\.gradle\8.0\checksums)" [_thread_blocked, id=21184, stack(0x000000093bc00000,0x000000093bd00000)]
  0x000001e0137326a0 JavaThread "Cache worker for cache directory md-rule (C:\Users\hema\.gradle\caches\8.0\md-rule)" [_thread_blocked, id=1132, stack(0x000000093bd00000,0x000000093be00000)]
  0x000001e013731d00 JavaThread "Cache worker for file content cache (C:\Users\hema\.gradle\caches\8.0\fileContent)" [_thread_blocked, id=30332, stack(0x000000093be00000,0x000000093bf00000)]
  0x000001e01372fb50 JavaThread "Cache worker for file hash cache (C:\Users\hema\Downloads\SleepTracking Final\SleepTracking\.gradle\8.0\fileHashes)" [_thread_blocked, id=24188, stack(0x000000093bf00000,0x000000093c000000)]
  0x000001e01372c190 JavaThread "Cache worker for cache directory md-supplier (C:\Users\hema\.gradle\caches\8.0\md-supplier)" [_thread_blocked, id=13140, stack(0x000000093c000000,0x000000093c100000)]
  0x000001e013730020 JavaThread "Cache worker for execution history cache (C:\Users\hema\.gradle\caches\8.0\executionHistory)" [_thread_blocked, id=9388, stack(0x000000093c100000,0x000000093c200000)]
  0x000001e01372cb30 JavaThread "Cache worker for kotlin-dsl (C:\Users\hema\.gradle\caches\8.0\kotlin-dsl)" [_thread_blocked, id=13096, stack(0x000000093c200000,0x000000093c300000)]
  0x000001e013731830 JavaThread "Cache worker for dependencies-accessors (C:\Users\hema\Downloads\SleepTracking Final\SleepTracking\.gradle\8.0\dependencies-accessors)" [_thread_blocked, id=22636, stack(0x000000093c300000,0x000000093c400000)]

Other Threads:
  0x000001e07ec4a030 VMThread "VM Thread" [stack: 0x0000000938f00000,0x0000000939000000] [id=27368]
  0x000001e075e79e40 WatcherThread [stack: 0x0000000939b00000,0x0000000939c00000] [id=27188]
  0x000001e075e55e30 GCTaskThread "GC Thread#0" [stack: 0x0000000938a00000,0x0000000938b00000] [id=14072]
  0x000001e01177d040 GCTaskThread "GC Thread#1" [stack: 0x0000000939d00000,0x0000000939e00000] [id=23784]
  0x000001e0116786b0 GCTaskThread "GC Thread#2" [stack: 0x0000000939e00000,0x0000000939f00000] [id=22752]
  0x000001e0112df5d0 GCTaskThread "GC Thread#3" [stack: 0x0000000939f00000,0x000000093a000000] [id=21740]
  0x000001e011db5530 GCTaskThread "GC Thread#4" [stack: 0x000000093a000000,0x000000093a100000] [id=27400]
  0x000001e0141974f0 GCTaskThread "GC Thread#5" [stack: 0x000000093ab00000,0x000000093ac00000] [id=16620]
  0x000001e013e1c7a0 GCTaskThread "GC Thread#6" [stack: 0x000000093ac00000,0x000000093ad00000] [id=26448]
  0x000001e013415b50 GCTaskThread "GC Thread#7" [stack: 0x000000093ad00000,0x000000093ae00000] [id=21008]
  0x000001e075e66d70 ConcurrentGCThread "G1 Main Marker" [stack: 0x0000000938b00000,0x0000000938c00000] [id=3448]
  0x000001e075e678e0 ConcurrentGCThread "G1 Conc#0" [stack: 0x0000000938c00000,0x0000000938d00000] [id=25544]
  0x000001e0130ead50 ConcurrentGCThread "G1 Conc#1" [stack: 0x000000093ae00000,0x000000093af00000] [id=15416]
  0x000001e07eaa24c0 ConcurrentGCThread "G1 Refine#0" [stack: 0x0000000938d00000,0x0000000938e00000] [id=20004]
  0x000001e07eaa3ba0 ConcurrentGCThread "G1 Service" [stack: 0x0000000938e00000,0x0000000938f00000] [id=12520]

Threads with active compile tasks:
C2 CompilerThread0     4578 4614   !   4       java.net.URLClassLoader::findClass (47 bytes)
C1 CompilerThread0     4578 4697   !   3       com.google.common.cache.LocalCache$Segment::get (210 bytes)
C2 CompilerThread1     4578 4615       4       java.net.URLClassLoader$1::run (5 bytes)

VM state: not at safepoint (normal execution)

VM Mutex/Monitor currently owned by a thread:  ([mutex/lock_event])
[0x000001e075df3320] SystemDictionary_lock - owner thread: 0x0000000000000000

Heap address: 0x0000000080000000, size: 2048 MB, Compressed Oops mode: 32-bit

CDS archive(s) not mapped
Compressed class space mapped at: 0x0000000100000000-0x0000000140000000, reserved size: 1073741824
Narrow klass base: 0x0000000000000000, Narrow klass shift: 3, Narrow klass range: 0x140000000

GC Precious Log:
 CPUs: 8 total, 8 available
 Memory: 7834M
 Large Page Support: Disabled
 NUMA Support: Disabled
 Compressed Oops: Enabled (32-bit)
 Heap Region Size: 1M
 Heap Min Capacity: 8M
 Heap Initial Capacity: 124M
 Heap Max Capacity: 2G
 Pre-touch: Disabled
 Parallel Workers: 8
 Concurrent Workers: 2
 Concurrent Refinement Workers: 8
 Periodic GC: Disabled

Heap:
 garbage-first heap   total 135168K, used 95544K [0x0000000080000000, 0x0000000100000000)
  region size 1024K, 29 young (29696K), 2 survivors (2048K)
 Metaspace       used 52794K, committed 53376K, reserved 1097728K
  class space    used 7070K, committed 7360K, reserved 1048576K

Heap Regions: E=young(eden), S=young(survivor), O=old, HS=humongous(starts), HC=humongous(continues), CS=collection set, F=free, OA=open archive, CA=closed archive, TAMS=top-at-mark-start (previous, next)
|   0|0x0000000080000000, 0x0000000080100000, 0x0000000080100000|100%|HS|  |TAMS 0x0000000080100000, 0x0000000080000000| Complete 
|   1|0x0000000080100000, 0x0000000080200000, 0x0000000080200000|100%|HC|  |TAMS 0x0000000080200000, 0x0000000080100000| Complete 
|   2|0x0000000080200000, 0x0000000080300000, 0x0000000080300000|100%|HC|  |TAMS 0x0000000080300000, 0x0000000080200000| Complete 
|   3|0x0000000080300000, 0x0000000080400000, 0x0000000080400000|100%|HC|  |TAMS 0x0000000080400000, 0x0000000080300000| Complete 
|   4|0x0000000080400000, 0x0000000080500000, 0x0000000080500000|100%| O|  |TAMS 0x0000000080500000, 0x0000000080400000| Untracked 
|   5|0x0000000080500000, 0x0000000080600000, 0x0000000080600000|100%| O|  |TAMS 0x0000000080600000, 0x0000000080500000| Untracked 
|   6|0x0000000080600000, 0x0000000080700000, 0x0000000080700000|100%| O|  |TAMS 0x0000000080700000, 0x0000000080600000| Untracked 
|   7|0x0000000080700000, 0x0000000080800000, 0x0000000080800000|100%| O|  |TAMS 0x0000000080800000, 0x0000000080700000| Untracked 
|   8|0x0000000080800000, 0x0000000080900000, 0x0000000080900000|100%| O|  |TAMS 0x0000000080900000, 0x0000000080800000| Untracked 
|   9|0x0000000080900000, 0x0000000080a00000, 0x0000000080a00000|100%| O|  |TAMS 0x0000000080a00000, 0x0000000080900000| Untracked 
|  10|0x0000000080a00000, 0x0000000080b00000, 0x0000000080b00000|100%| O|  |TAMS 0x0000000080b00000, 0x0000000080a00000| Untracked 
|  11|0x0000000080b00000, 0x0000000080c00000, 0x0000000080c00000|100%| O|  |TAMS 0x0000000080c00000, 0x0000000080b00000| Untracked 
|  12|0x0000000080c00000, 0x0000000080d00000, 0x0000000080d00000|100%| O|  |TAMS 0x0000000080d00000, 0x0000000080c00000| Untracked 
|  13|0x0000000080d00000, 0x0000000080e00000, 0x0000000080e00000|100%| O|  |TAMS 0x0000000080e00000, 0x0000000080d00000| Untracked 
|  14|0x0000000080e00000, 0x0000000080f00000, 0x0000000080f00000|100%| O|  |TAMS 0x0000000080f00000, 0x0000000080e00000| Untracked 
|  15|0x0000000080f00000, 0x0000000081000000, 0x0000000081000000|100%| O|  |TAMS 0x0000000081000000, 0x0000000080f00000| Untracked 
|  16|0x0000000081000000, 0x0000000081100000, 0x0000000081100000|100%| O|  |TAMS 0x0000000081100000, 0x0000000081000000| Untracked 
|  17|0x0000000081100000, 0x0000000081200000, 0x0000000081200000|100%| O|  |TAMS 0x0000000081200000, 0x0000000081100000| Untracked 
|  18|0x0000000081200000, 0x0000000081300000, 0x0000000081300000|100%| O|  |TAMS 0x0000000081300000, 0x0000000081200000| Untracked 
|  19|0x0000000081300000, 0x0000000081400000, 0x0000000081400000|100%| O|  |TAMS 0x0000000081400000, 0x0000000081300000| Untracked 
|  20|0x0000000081400000, 0x0000000081500000, 0x0000000081500000|100%| O|  |TAMS 0x0000000081500000, 0x0000000081400000| Untracked 
|  21|0x0000000081500000, 0x0000000081600000, 0x0000000081600000|100%|HS|  |TAMS 0x0000000081600000, 0x0000000081500000| Complete 
|  22|0x0000000081600000, 0x0000000081700000, 0x0000000081700000|100%|HC|  |TAMS 0x0000000081700000, 0x0000000081600000| Complete 
|  23|0x0000000081700000, 0x0000000081800000, 0x0000000081800000|100%|HS|  |TAMS 0x0000000081800000, 0x0000000081700000| Complete 
|  24|0x0000000081800000, 0x0000000081900000, 0x0000000081900000|100%|HC|  |TAMS 0x0000000081900000, 0x0000000081800000| Complete 
|  25|0x0000000081900000, 0x0000000081a00000, 0x0000000081a00000|100%|HC|  |TAMS 0x0000000081a00000, 0x0000000081900000| Complete 
|  26|0x0000000081a00000, 0x0000000081b00000, 0x0000000081b00000|100%|HS|  |TAMS 0x0000000081b00000, 0x0000000081a00000| Complete 
|  27|0x0000000081b00000, 0x0000000081c00000, 0x0000000081c00000|100%|HC|  |TAMS 0x0000000081c00000, 0x0000000081b00000| Complete 
|  28|0x0000000081c00000, 0x0000000081d00000, 0x0000000081d00000|100%|HC|  |TAMS 0x0000000081d00000, 0x0000000081c00000| Complete 
|  29|0x0000000081d00000, 0x0000000081e00000, 0x0000000081e00000|100%|HS|  |TAMS 0x0000000081e00000, 0x0000000081d00000| Complete 
|  30|0x0000000081e00000, 0x0000000081f00000, 0x0000000081f00000|100%|HC|  |TAMS 0x0000000081f00000, 0x0000000081e00000| Complete 
|  31|0x0000000081f00000, 0x0000000082000000, 0x0000000082000000|100%|HC|  |TAMS 0x0000000082000000, 0x0000000081f00000| Complete 
|  32|0x0000000082000000, 0x0000000082100000, 0x0000000082100000|100%|HC|  |TAMS 0x0000000082100000, 0x0000000082000000| Complete 
|  33|0x0000000082100000, 0x0000000082200000, 0x0000000082200000|100%|HC|  |TAMS 0x0000000082200000, 0x0000000082100000| Complete 
|  34|0x0000000082200000, 0x0000000082300000, 0x0000000082300000|100%|HC|  |TAMS 0x0000000082300000, 0x0000000082200000| Complete 
|  35|0x0000000082300000, 0x0000000082400000, 0x0000000082400000|100%|HC|  |TAMS 0x0000000082400000, 0x0000000082300000| Complete 
|  36|0x0000000082400000, 0x0000000082500000, 0x0000000082500000|100%|HC|  |TAMS 0x0000000082500000, 0x0000000082400000| Complete 
|  37|0x0000000082500000, 0x0000000082600000, 0x0000000082600000|100%|HC|  |TAMS 0x0000000082600000, 0x0000000082500000| Complete 
|  38|0x0000000082600000, 0x0000000082700000, 0x0000000082700000|100%|HC|  |TAMS 0x0000000082700000, 0x0000000082600000| Complete 
|  39|0x0000000082700000, 0x0000000082800000, 0x0000000082800000|100%|HC|  |TAMS 0x0000000082800000, 0x0000000082700000| Complete 
|  40|0x0000000082800000, 0x0000000082900000, 0x0000000082900000|100%|HC|  |TAMS 0x0000000082900000, 0x0000000082800000| Complete 
|  41|0x0000000082900000, 0x0000000082a00000, 0x0000000082a00000|100%| O|  |TAMS 0x0000000082a00000, 0x0000000082900000| Untracked 
|  42|0x0000000082a00000, 0x0000000082b00000, 0x0000000082b00000|100%| O|  |TAMS 0x0000000082b00000, 0x0000000082a00000| Untracked 
|  43|0x0000000082b00000, 0x0000000082c00000, 0x0000000082c00000|100%| O|  |TAMS 0x0000000082c00000, 0x0000000082b00000| Untracked 
|  44|0x0000000082c00000, 0x0000000082d00000, 0x0000000082d00000|100%| O|  |TAMS 0x0000000082d00000, 0x0000000082c00000| Untracked 
|  45|0x0000000082d00000, 0x0000000082e00000, 0x0000000082e00000|100%| O|  |TAMS 0x0000000082e00000, 0x0000000082d00000| Untracked 
|  46|0x0000000082e00000, 0x0000000082f00000, 0x0000000082f00000|100%|HS|  |TAMS 0x0000000082f00000, 0x0000000082e00000| Complete 
|  47|0x0000000082f00000, 0x0000000083000000, 0x0000000083000000|100%|HC|  |TAMS 0x0000000083000000, 0x0000000082f00000| Complete 
|  48|0x0000000083000000, 0x0000000083100000, 0x0000000083100000|100%| O|  |TAMS 0x0000000083100000, 0x0000000083000000| Untracked 
|  49|0x0000000083100000, 0x0000000083200000, 0x0000000083200000|100%| O|  |TAMS 0x0000000083200000, 0x0000000083100000| Untracked 
|  50|0x0000000083200000, 0x0000000083300000, 0x0000000083300000|100%| O|  |TAMS 0x0000000083300000, 0x0000000083200000| Untracked 
|  51|0x0000000083300000, 0x0000000083400000, 0x0000000083400000|100%| O|  |TAMS 0x0000000083400000, 0x0000000083300000| Untracked 
|  52|0x0000000083400000, 0x0000000083500000, 0x0000000083500000|100%| O|  |TAMS 0x0000000083500000, 0x0000000083400000| Untracked 
|  53|0x0000000083500000, 0x0000000083600000, 0x0000000083600000|100%| O|  |TAMS 0x0000000083600000, 0x0000000083500000| Untracked 
|  54|0x0000000083600000, 0x0000000083700000, 0x0000000083700000|100%| O|  |TAMS 0x000000008364cc00, 0x0000000083600000| Untracked 
|  55|0x0000000083700000, 0x0000000083800000, 0x0000000083800000|100%|HS|  |TAMS 0x0000000083800000, 0x0000000083700000| Complete 
|  56|0x0000000083800000, 0x0000000083900000, 0x0000000083900000|100%|HC|  |TAMS 0x0000000083900000, 0x0000000083800000| Complete 
|  57|0x0000000083900000, 0x0000000083a00000, 0x0000000083a00000|100%|HC|  |TAMS 0x0000000083a00000, 0x0000000083900000| Complete 
|  58|0x0000000083a00000, 0x0000000083b00000, 0x0000000083b00000|100%|HS|  |TAMS 0x0000000083b00000, 0x0000000083a00000| Complete 
|  59|0x0000000083b00000, 0x0000000083c00000, 0x0000000083c00000|100%|HC|  |TAMS 0x0000000083c00000, 0x0000000083b00000| Complete 
|  60|0x0000000083c00000, 0x0000000083d00000, 0x0000000083d00000|100%|HC|  |TAMS 0x0000000083d00000, 0x0000000083c00000| Complete 
|  61|0x0000000083d00000, 0x0000000083e00000, 0x0000000083e00000|100%| O|  |TAMS 0x0000000083d00000, 0x0000000083d00000| Untracked 
|  62|0x0000000083e00000, 0x0000000083e00000, 0x0000000083f00000|  0%| F|  |TAMS 0x0000000083e00000, 0x0000000083e00000| Untracked 
|  63|0x0000000083f00000, 0x0000000084000000, 0x0000000084000000|100%| O|  |TAMS 0x0000000083f00000, 0x0000000083f00000| Untracked 
|  64|0x0000000084000000, 0x0000000084100000, 0x0000000084100000|100%| O|  |TAMS 0x0000000084000000, 0x0000000084000000| Untracked 
|  65|0x0000000084100000, 0x0000000084200000, 0x0000000084200000|100%| O|  |TAMS 0x0000000084100000, 0x0000000084100000| Untracked 
|  66|0x0000000084200000, 0x000000008424e200, 0x0000000084300000| 30%| O|  |TAMS 0x0000000084200000, 0x0000000084200000| Untracked 
|  67|0x0000000084300000, 0x0000000084300000, 0x0000000084400000|  0%| F|  |TAMS 0x0000000084300000, 0x0000000084300000| Untracked 
|  68|0x0000000084400000, 0x0000000084400000, 0x0000000084500000|  0%| F|  |TAMS 0x0000000084400000, 0x0000000084400000| Untracked 
|  69|0x0000000084500000, 0x0000000084500000, 0x0000000084600000|  0%| F|  |TAMS 0x0000000084500000, 0x0000000084500000| Untracked 
|  70|0x0000000084600000, 0x0000000084600000, 0x0000000084700000|  0%| F|  |TAMS 0x0000000084600000, 0x0000000084600000| Untracked 
|  71|0x0000000084700000, 0x0000000084700000, 0x0000000084800000|  0%| F|  |TAMS 0x0000000084700000, 0x0000000084700000| Untracked 
|  72|0x0000000084800000, 0x0000000084800000, 0x0000000084900000|  0%| F|  |TAMS 0x0000000084800000, 0x0000000084800000| Untracked 
|  73|0x0000000084900000, 0x0000000084900000, 0x0000000084a00000|  0%| F|  |TAMS 0x0000000084900000, 0x0000000084900000| Untracked 
|  74|0x0000000084a00000, 0x0000000084a00000, 0x0000000084b00000|  0%| F|  |TAMS 0x0000000084a00000, 0x0000000084a00000| Untracked 
|  75|0x0000000084b00000, 0x0000000084b00000, 0x0000000084c00000|  0%| F|  |TAMS 0x0000000084b00000, 0x0000000084b00000| Untracked 
|  76|0x0000000084c00000, 0x0000000084c00000, 0x0000000084d00000|  0%| F|  |TAMS 0x0000000084c00000, 0x0000000084c00000| Untracked 
|  77|0x0000000084d00000, 0x0000000084d00000, 0x0000000084e00000|  0%| F|  |TAMS 0x0000000084d00000, 0x0000000084d00000| Untracked 
|  78|0x0000000084e00000, 0x0000000084e00000, 0x0000000084f00000|  0%| F|  |TAMS 0x0000000084e00000, 0x0000000084e00000| Untracked 
|  79|0x0000000084f00000, 0x0000000084f00000, 0x0000000085000000|  0%| F|  |TAMS 0x0000000084f00000, 0x0000000084f00000| Untracked 
|  80|0x0000000085000000, 0x0000000085000000, 0x0000000085100000|  0%| F|  |TAMS 0x0000000085000000, 0x0000000085000000| Untracked 
|  81|0x0000000085100000, 0x0000000085100000, 0x0000000085200000|  0%| F|  |TAMS 0x0000000085100000, 0x0000000085100000| Untracked 
|  82|0x0000000085200000, 0x0000000085200000, 0x0000000085300000|  0%| F|  |TAMS 0x0000000085200000, 0x0000000085200000| Untracked 
|  83|0x0000000085300000, 0x0000000085300000, 0x0000000085400000|  0%| F|  |TAMS 0x0000000085300000, 0x0000000085300000| Untracked 
|  84|0x0000000085400000, 0x0000000085400000, 0x0000000085500000|  0%| F|  |TAMS 0x0000000085400000, 0x0000000085400000| Untracked 
|  85|0x0000000085500000, 0x0000000085500000, 0x0000000085600000|  0%| F|  |TAMS 0x0000000085500000, 0x0000000085500000| Untracked 
|  86|0x0000000085600000, 0x0000000085600000, 0x0000000085700000|  0%| F|  |TAMS 0x0000000085600000, 0x0000000085600000| Untracked 
|  87|0x0000000085700000, 0x0000000085700000, 0x0000000085800000|  0%| F|  |TAMS 0x0000000085700000, 0x0000000085700000| Untracked 
|  88|0x0000000085800000, 0x0000000085800000, 0x0000000085900000|  0%| F|  |TAMS 0x0000000085800000, 0x0000000085800000| Untracked 
|  89|0x0000000085900000, 0x0000000085900000, 0x0000000085a00000|  0%| F|  |TAMS 0x0000000085900000, 0x0000000085900000| Untracked 
|  90|0x0000000085a00000, 0x0000000085a00000, 0x0000000085b00000|  0%| F|  |TAMS 0x0000000085a00000, 0x0000000085a00000| Untracked 
|  91|0x0000000085b00000, 0x0000000085b00000, 0x0000000085c00000|  0%| F|  |TAMS 0x0000000085b00000, 0x0000000085b00000| Untracked 
|  92|0x0000000085c00000, 0x0000000085c00000, 0x0000000085d00000|  0%| F|  |TAMS 0x0000000085c00000, 0x0000000085c00000| Untracked 
|  93|0x0000000085d00000, 0x0000000085d00000, 0x0000000085e00000|  0%| F|  |TAMS 0x0000000085d00000, 0x0000000085d00000| Untracked 
|  94|0x0000000085e00000, 0x0000000085e00000, 0x0000000085f00000|  0%| F|  |TAMS 0x0000000085e00000, 0x0000000085e00000| Untracked 
|  95|0x0000000085f00000, 0x0000000085f00000, 0x0000000086000000|  0%| F|  |TAMS 0x0000000085f00000, 0x0000000085f00000| Untracked 
|  96|0x0000000086000000, 0x0000000086000000, 0x0000000086100000|  0%| F|  |TAMS 0x0000000086000000, 0x0000000086000000| Untracked 
|  97|0x0000000086100000, 0x0000000086100000, 0x0000000086200000|  0%| F|  |TAMS 0x0000000086100000, 0x0000000086100000| Untracked 
|  98|0x0000000086200000, 0x0000000086200000, 0x0000000086300000|  0%| F|  |TAMS 0x0000000086200000, 0x0000000086200000| Untracked 
|  99|0x0000000086300000, 0x0000000086300000, 0x0000000086400000|  0%| F|  |TAMS 0x0000000086300000, 0x0000000086300000| Untracked 
| 100|0x0000000086400000, 0x0000000086400000, 0x0000000086500000|  0%| F|  |TAMS 0x0000000086400000, 0x0000000086400000| Untracked 
| 101|0x0000000086500000, 0x0000000086500000, 0x0000000086600000|  0%| F|  |TAMS 0x0000000086500000, 0x0000000086500000| Untracked 
| 102|0x0000000086600000, 0x0000000086600000, 0x0000000086700000|  0%| F|  |TAMS 0x0000000086600000, 0x0000000086600000| Untracked 
| 103|0x0000000086700000, 0x0000000086800000, 0x0000000086800000|100%| S|CS|TAMS 0x0000000086700000, 0x0000000086700000| Complete 
| 104|0x0000000086800000, 0x0000000086900000, 0x0000000086900000|100%| S|CS|TAMS 0x0000000086800000, 0x0000000086800000| Complete 
| 105|0x0000000086900000, 0x0000000086980800, 0x0000000086a00000| 50%| E|  |TAMS 0x0000000086900000, 0x0000000086900000| Complete 
| 106|0x0000000086a00000, 0x0000000086b00000, 0x0000000086b00000|100%| E|CS|TAMS 0x0000000086a00000, 0x0000000086a00000| Complete 
| 107|0x0000000086b00000, 0x0000000086c00000, 0x0000000086c00000|100%| E|CS|TAMS 0x0000000086b00000, 0x0000000086b00000| Complete 
| 108|0x0000000086c00000, 0x0000000086d00000, 0x0000000086d00000|100%| E|CS|TAMS 0x0000000086c00000, 0x0000000086c00000| Complete 
| 109|0x0000000086d00000, 0x0000000086e00000, 0x0000000086e00000|100%| E|CS|TAMS 0x0000000086d00000, 0x0000000086d00000| Complete 
| 110|0x0000000086e00000, 0x0000000086f00000, 0x0000000086f00000|100%| E|CS|TAMS 0x0000000086e00000, 0x0000000086e00000| Complete 
| 111|0x0000000086f00000, 0x0000000087000000, 0x0000000087000000|100%| E|CS|TAMS 0x0000000086f00000, 0x0000000086f00000| Complete 
| 112|0x0000000087000000, 0x0000000087100000, 0x0000000087100000|100%| E|CS|TAMS 0x0000000087000000, 0x0000000087000000| Complete 
| 113|0x0000000087100000, 0x0000000087200000, 0x0000000087200000|100%| E|CS|TAMS 0x0000000087100000, 0x0000000087100000| Complete 
| 114|0x0000000087200000, 0x0000000087300000, 0x0000000087300000|100%| E|CS|TAMS 0x0000000087200000, 0x0000000087200000| Complete 
| 115|0x0000000087300000, 0x0000000087400000, 0x0000000087400000|100%| E|CS|TAMS 0x0000000087300000, 0x0000000087300000| Complete 
| 116|0x0000000087400000, 0x0000000087500000, 0x0000000087500000|100%| E|CS|TAMS 0x0000000087400000, 0x0000000087400000| Complete 
| 117|0x0000000087500000, 0x0000000087600000, 0x0000000087600000|100%| E|CS|TAMS 0x0000000087500000, 0x0000000087500000| Complete 
| 118|0x0000000087600000, 0x0000000087700000, 0x0000000087700000|100%| E|CS|TAMS 0x0000000087600000, 0x0000000087600000| Complete 
| 119|0x0000000087700000, 0x0000000087800000, 0x0000000087800000|100%| E|CS|TAMS 0x0000000087700000, 0x0000000087700000| Complete 
| 120|0x0000000087800000, 0x0000000087900000, 0x0000000087900000|100%| E|CS|TAMS 0x0000000087800000, 0x0000000087800000| Complete 
| 121|0x0000000087900000, 0x0000000087a00000, 0x0000000087a00000|100%| E|CS|TAMS 0x0000000087900000, 0x0000000087900000| Complete 
| 122|0x0000000087a00000, 0x0000000087b00000, 0x0000000087b00000|100%| E|CS|TAMS 0x0000000087a00000, 0x0000000087a00000| Complete 
| 123|0x0000000087b00000, 0x0000000087c00000, 0x0000000087c00000|100%| E|CS|TAMS 0x0000000087b00000, 0x0000000087b00000| Complete 
| 124|0x0000000087c00000, 0x0000000087d00000, 0x0000000087d00000|100%| E|CS|TAMS 0x0000000087c00000, 0x0000000087c00000| Complete 
| 125|0x0000000087d00000, 0x0000000087e00000, 0x0000000087e00000|100%| E|CS|TAMS 0x0000000087d00000, 0x0000000087d00000| Complete 
| 126|0x0000000087e00000, 0x0000000087f00000, 0x0000000087f00000|100%| E|CS|TAMS 0x0000000087e00000, 0x0000000087e00000| Complete 
| 127|0x0000000087f00000, 0x0000000088000000, 0x0000000088000000|100%| E|CS|TAMS 0x0000000087f00000, 0x0000000087f00000| Complete 
| 128|0x0000000088000000, 0x0000000088100000, 0x0000000088100000|100%| E|CS|TAMS 0x0000000088000000, 0x0000000088000000| Complete 
| 129|0x0000000088100000, 0x0000000088200000, 0x0000000088200000|100%| E|CS|TAMS 0x0000000088100000, 0x0000000088100000| Complete 
| 130|0x0000000088200000, 0x0000000088300000, 0x0000000088300000|100%| E|CS|TAMS 0x0000000088200000, 0x0000000088200000| Complete 
| 131|0x0000000088300000, 0x0000000088400000, 0x0000000088400000|100%| E|CS|TAMS 0x0000000088300000, 0x0000000088300000| Complete 

Card table byte_map: [0x000001e0799f0000,0x000001e079df0000] _byte_map_base: 0x000001e0795f0000

Marking Bits (Prev, Next): (CMBitMap*) 0x000001e075e56480, (CMBitMap*) 0x000001e075e56440
 Prev Bits: [0x000001e07c1f0000, 0x000001e07e1f0000)
 Next Bits: [0x000001e07a1f0000, 0x000001e07c1f0000)

Polling page: 0x000001e0755c0000

Metaspace:

Usage:
  Non-class:     44.67 MB used.
      Class:      6.91 MB used.
       Both:     51.58 MB used.

Virtual space:
  Non-class space:       48.00 MB reserved,      45.00 MB ( 94%) committed,  6 nodes.
      Class space:        1.00 GB reserved,       7.19 MB ( <1%) committed,  1 nodes.
             Both:        1.05 GB reserved,      52.19 MB (  5%) committed. 

Chunk freelists:
   Non-Class:  2.06 MB
       Class:  743.00 KB
        Both:  2.79 MB

MaxMetaspaceSize: unlimited
CompressedClassSpaceSize: 1.00 GB
Initial GC threshold: 21.00 MB
Current GC threshold: 79.00 MB
CDS: off
MetaspaceReclaimPolicy: balanced
 - commit_granule_bytes: 65536.
 - commit_granule_words: 8192.
 - virtual_space_node_default_size: 1048576.
 - enlarge_chunks_in_place: 1.
 - new_chunks_are_fully_committed: 0.
 - uncommit_free_chunks: 1.
 - use_allocation_guard: 0.
 - handle_deallocations: 1.


Internal statistics:

num_allocs_failed_limit: 6.
num_arena_births: 610.
num_arena_deaths: 0.
num_vsnodes_births: 7.
num_vsnodes_deaths: 0.
num_space_committed: 835.
num_space_uncommitted: 0.
num_chunks_returned_to_freelist: 6.
num_chunks_taken_from_freelist: 2337.
num_chunk_merges: 6.
num_chunk_splits: 1532.
num_chunks_enlarged: 1023.
num_purges: 0.
num_inconsistent_stats: 0.

CodeHeap 'non-profiled nmethods': size=120000Kb used=2621Kb max_used=2621Kb free=117378Kb
 bounds [0x000001e007ad0000, 0x000001e007d60000, 0x000001e00f000000]
CodeHeap 'profiled nmethods': size=120000Kb used=9968Kb max_used=9968Kb free=110031Kb
 bounds [0x000001e000000000, 0x000001e0009c0000, 0x000001e007530000]
CodeHeap 'non-nmethods': size=5760Kb used=2317Kb max_used=2369Kb free=3442Kb
 bounds [0x000001e007530000, 0x000001e0077a0000, 0x000001e007ad0000]
 total_blobs=5495 nmethods=4672 adapters=735
 compilation: enabled
              stopped_count=0, restarted_count=0
 full_count=0

Compilation events (20 events):
Event: 4.537 Thread 0x000001e07f83b530 nmethod 4675 0x000001e0009ab490 code [0x000001e0009ab640, 0x000001e0009ab878]
Event: 4.537 Thread 0x000001e07f83b530 4677       3       java.util.TreeMap::<init> (20 bytes)
Event: 4.537 Thread 0x000001e07f83b530 nmethod 4677 0x000001e0009ab990 code [0x000001e0009abb40, 0x000001e0009abd58]
Event: 4.538 Thread 0x000001e07f83b530 4678   !   3       com.sun.beans.introspect.ClassInfo::getMethods (47 bytes)
Event: 4.538 Thread 0x000001e07f83b530 nmethod 4678 0x000001e0009abe10 code [0x000001e0009abfc0, 0x000001e0009ac2c8]
Event: 4.538 Thread 0x000001e07f83b530 4679  s    3       java.util.Hashtable::putAll (52 bytes)
Event: 4.538 Thread 0x000001e07f83b530 nmethod 4679 0x000001e0009ac410 code [0x000001e0009ac640, 0x000001e0009acee8]
Event: 4.541 Thread 0x000001e07f83b530 4680       3       groovy.lang.MetaClassImpl::addMetaBeanProperty (119 bytes)
Event: 4.542 Thread 0x000001e07f83b530 nmethod 4680 0x000001e0009ad110 code [0x000001e0009ad3c0, 0x000001e0009aea48]
Event: 4.542 Thread 0x000001e07f83b530 4681       3       groovy.lang.MetaClassImpl$$Lambda$466/0x00000001005535f8::apply (12 bytes)
Event: 4.543 Thread 0x000001e07f83b530 nmethod 4681 0x000001e0009aef90 code [0x000001e0009af1c0, 0x000001e0009af898]
Event: 4.543 Thread 0x000001e07f83b530 4682       3       groovy.lang.MetaClassImpl::lambda$getPropName$5 (27 bytes)
Event: 4.543 Thread 0x000001e07f83b530 nmethod 4682 0x000001e0009afb90 code [0x000001e0009afda0, 0x000001e0009b02f8]
Event: 4.543 Thread 0x000001e07f83b530 4683       3       org.gradle.internal.service.DefaultServiceRegistry::get (10 bytes)
Event: 4.543 Thread 0x000001e07f83b530 nmethod 4683 0x000001e0009b0590 code [0x000001e0009b0760, 0x000001e0009b0b28]
Event: 4.556 Thread 0x000001e07f83b530 4685       3       java.lang.Long::bitCount (61 bytes)
Event: 4.556 Thread 0x000001e07f83b530 nmethod 4685 0x000001e0009b0c90 code [0x000001e0009b0e20, 0x000001e0009b0f98]
Event: 4.559 Thread 0x000001e07f83b530 4687       3       com.google.common.cache.LocalCache::discardingQueue (4 bytes)
Event: 4.559 Thread 0x000001e07f83b530 nmethod 4687 0x000001e0009b1010 code [0x000001e0009b11a0, 0x000001e0009b1298]
Event: 4.562 Thread 0x000001e07f83b530 4688   !   3       java.util.concurrent.locks.AbstractQueuedSynchronizer::acquire (407 bytes)

GC Heap History (20 events):
Event: 2.145 GC heap before
{Heap before GC invocations=5 (full 0):
 garbage-first heap   total 68608K, used 21561K [0x0000000080000000, 0x0000000100000000)
  region size 1024K, 4 young (4096K), 3 survivors (3072K)
 Metaspace       used 26455K, committed 26816K, reserved 1073152K
  class space    used 3485K, committed 3648K, reserved 1048576K
}
Event: 2.147 GC heap after
{Heap after GC invocations=6 (full 0):
 garbage-first heap   total 68608K, used 20628K [0x0000000080000000, 0x0000000100000000)
  region size 1024K, 1 young (1024K), 1 survivors (1024K)
 Metaspace       used 26455K, committed 26816K, reserved 1073152K
  class space    used 3485K, committed 3648K, reserved 1048576K
}
Event: 2.440 GC heap before
{Heap before GC invocations=6 (full 0):
 garbage-first heap   total 68608K, used 47252K [0x0000000080000000, 0x0000000100000000)
  region size 1024K, 21 young (21504K), 1 survivors (1024K)
 Metaspace       used 29354K, committed 29696K, reserved 1081344K
  class space    used 3987K, committed 4160K, reserved 1048576K
}
Event: 2.442 GC heap after
{Heap after GC invocations=7 (full 0):
 garbage-first heap   total 100352K, used 32191K [0x0000000080000000, 0x0000000100000000)
  region size 1024K, 4 young (4096K), 4 survivors (4096K)
 Metaspace       used 29354K, committed 29696K, reserved 1081344K
  class space    used 3987K, committed 4160K, reserved 1048576K
}
Event: 2.994 GC heap before
{Heap before GC invocations=7 (full 0):
 garbage-first heap   total 100352K, used 86463K [0x0000000080000000, 0x0000000100000000)
  region size 1024K, 44 young (45056K), 4 survivors (4096K)
 Metaspace       used 35132K, committed 35520K, reserved 1081344K
  class space    used 4880K, committed 5056K, reserved 1048576K
}
Event: 2.999 GC heap after
{Heap after GC invocations=8 (full 0):
 garbage-first heap   total 100352K, used 50094K [0x0000000080000000, 0x0000000100000000)
  region size 1024K, 4 young (4096K), 4 survivors (4096K)
 Metaspace       used 35132K, committed 35520K, reserved 1081344K
  class space    used 4880K, committed 5056K, reserved 1048576K
}
Event: 3.040 GC heap before
{Heap before GC invocations=8 (full 0):
 garbage-first heap   total 100352K, used 52142K [0x0000000080000000, 0x0000000100000000)
  region size 1024K, 7 young (7168K), 4 survivors (4096K)
 Metaspace       used 35605K, committed 35968K, reserved 1081344K
  class space    used 4955K, committed 5120K, reserved 1048576K
}
Event: 3.042 GC heap after
{Heap after GC invocations=9 (full 0):
 garbage-first heap   total 100352K, used 50098K [0x0000000080000000, 0x0000000100000000)
  region size 1024K, 1 young (1024K), 1 survivors (1024K)
 Metaspace       used 35605K, committed 35968K, reserved 1081344K
  class space    used 4955K, committed 5120K, reserved 1048576K
}
Event: 3.431 GC heap before
{Heap before GC invocations=10 (full 0):
 garbage-first heap   total 100352K, used 78770K [0x0000000080000000, 0x0000000100000000)
  region size 1024K, 30 young (30720K), 1 survivors (1024K)
 Metaspace       used 41717K, committed 42112K, reserved 1089536K
  class space    used 5582K, committed 5760K, reserved 1048576K
}
Event: 3.434 GC heap after
{Heap after GC invocations=11 (full 0):
 garbage-first heap   total 100352K, used 54744K [0x0000000080000000, 0x0000000100000000)
  region size 1024K, 4 young (4096K), 4 survivors (4096K)
 Metaspace       used 41717K, committed 42112K, reserved 1089536K
  class space    used 5582K, committed 5760K, reserved 1048576K
}
Event: 3.499 GC heap before
{Heap before GC invocations=11 (full 0):
 garbage-first heap   total 100352K, used 68056K [0x0000000080000000, 0x0000000100000000)
  region size 1024K, 19 young (19456K), 4 survivors (4096K)
 Metaspace       used 42187K, committed 42560K, reserved 1089536K
  class space    used 5628K, committed 5824K, reserved 1048576K
}
Event: 3.503 GC heap after
{Heap after GC invocations=12 (full 0):
 garbage-first heap   total 100352K, used 56374K [0x0000000080000000, 0x0000000100000000)
  region size 1024K, 3 young (3072K), 3 survivors (3072K)
 Metaspace       used 42187K, committed 42560K, reserved 1089536K
  class space    used 5628K, committed 5824K, reserved 1048576K
}
Event: 3.787 GC heap before
{Heap before GC invocations=13 (full 0):
 garbage-first heap   total 102400K, used 82998K [0x0000000080000000, 0x0000000100000000)
  region size 1024K, 26 young (26624K), 3 survivors (3072K)
 Metaspace       used 45994K, committed 46400K, reserved 1089536K
  class space    used 6100K, committed 6272K, reserved 1048576K
}
Event: 3.790 GC heap after
{Heap after GC invocations=14 (full 0):
 garbage-first heap   total 102400K, used 57180K [0x0000000080000000, 0x0000000100000000)
  region size 1024K, 3 young (3072K), 3 survivors (3072K)
 Metaspace       used 45994K, committed 46400K, reserved 1089536K
  class space    used 6100K, committed 6272K, reserved 1048576K
}
Event: 3.901 GC heap before
{Heap before GC invocations=14 (full 0):
 garbage-first heap   total 102400K, used 63324K [0x0000000080000000, 0x0000000100000000)
  region size 1024K, 11 young (11264K), 3 survivors (3072K)
 Metaspace       used 46585K, committed 47040K, reserved 1097728K
  class space    used 6194K, committed 6400K, reserved 1048576K
}
Event: 3.904 GC heap after
{Heap after GC invocations=15 (full 0):
 garbage-first heap   total 102400K, used 58564K [0x0000000080000000, 0x0000000100000000)
  region size 1024K, 3 young (3072K), 3 survivors (3072K)
 Metaspace       used 46585K, committed 47040K, reserved 1097728K
  class space    used 6194K, committed 6400K, reserved 1048576K
}
Event: 4.009 GC heap before
{Heap before GC invocations=16 (full 0):
 garbage-first heap   total 112640K, used 74948K [0x0000000080000000, 0x0000000100000000)
  region size 1024K, 14 young (14336K), 3 survivors (3072K)
 Metaspace       used 47303K, committed 47744K, reserved 1097728K
  class space    used 6276K, committed 6464K, reserved 1048576K
}
Event: 4.013 GC heap after
{Heap after GC invocations=17 (full 0):
 garbage-first heap   total 135168K, used 67333K [0x0000000080000000, 0x0000000100000000)
  region size 1024K, 4 young (4096K), 4 survivors (4096K)
 Metaspace       used 47303K, committed 47744K, reserved 1097728K
  class space    used 6276K, committed 6464K, reserved 1048576K
}
Event: 4.290 GC heap before
{Heap before GC invocations=18 (full 0):
 garbage-first heap   total 135168K, used 94981K [0x0000000080000000, 0x0000000100000000)
  region size 1024K, 31 young (31744K), 4 survivors (4096K)
 Metaspace       used 49729K, committed 50240K, reserved 1097728K
  class space    used 6527K, committed 6720K, reserved 1048576K
}
Event: 4.294 GC heap after
{Heap after GC invocations=19 (full 0):
 garbage-first heap   total 135168K, used 68920K [0x0000000080000000, 0x0000000100000000)
  region size 1024K, 2 young (2048K), 2 survivors (2048K)
 Metaspace       used 49729K, committed 50240K, reserved 1097728K
  class space    used 6527K, committed 6720K, reserved 1048576K
}

Dll operation events (2 events):
Event: 0.007 Loaded shared library C:\Program Files\Android\Android Studio2\jbr\bin\java.dll
Event: 0.338 Loaded shared library C:\Program Files\Android\Android Studio2\jbr\bin\verify.dll

Deoptimization events (20 events):
Event: 4.281 Thread 0x000001e01242d1a0 Uncommon trap: trap_request=0xffffffc6 fr.pc=0x000001e007cc050c relative=0x000000000000058c
Event: 4.282 Thread 0x000001e01242d1a0 Uncommon trap: reason=bimorphic_or_optimized_type_check action=maybe_recompile pc=0x000001e007cc050c method=java.util.stream.ReferencePipeline.forEachWithCancel(Ljava/util/Spliterator;Ljava/util/stream/Sink;)Z @ 1 c2
Event: 4.282 Thread 0x000001e01242d1a0 DEOPT PACKING pc=0x000001e007cc050c sp=0x000000093a7f75f0
Event: 4.282 Thread 0x000001e01242d1a0 DEOPT UNPACKING pc=0x000001e00758a1a3 sp=0x000000093a7f7590 mode 2
Event: 4.441 Thread 0x000001e01242d1a0 Uncommon trap: trap_request=0xffffffbe fr.pc=0x000001e007d3c988 relative=0x0000000000003028
Event: 4.441 Thread 0x000001e01242d1a0 Uncommon trap: reason=profile_predicate action=maybe_recompile pc=0x000001e007d3c988 method=java.util.AbstractCollection.addAll(Ljava/util/Collection;)Z @ 15 c2
Event: 4.441 Thread 0x000001e01242d1a0 DEOPT PACKING pc=0x000001e007d3c988 sp=0x000000093a7fb770
Event: 4.441 Thread 0x000001e01242d1a0 DEOPT UNPACKING pc=0x000001e00758a1a3 sp=0x000000093a7fb768 mode 2
Event: 4.469 Thread 0x000001e01242d1a0 Uncommon trap: trap_request=0xffffffbe fr.pc=0x000001e007d3c988 relative=0x0000000000003028
Event: 4.469 Thread 0x000001e01242d1a0 Uncommon trap: reason=profile_predicate action=maybe_recompile pc=0x000001e007d3c988 method=java.util.AbstractCollection.addAll(Ljava/util/Collection;)Z @ 15 c2
Event: 4.469 Thread 0x000001e01242d1a0 DEOPT PACKING pc=0x000001e007d3c988 sp=0x000000093a7f9be0
Event: 4.469 Thread 0x000001e01242d1a0 DEOPT UNPACKING pc=0x000001e00758a1a3 sp=0x000000093a7f9bc8 mode 2
Event: 4.469 Thread 0x000001e01242d1a0 Uncommon trap: trap_request=0xffffffbe fr.pc=0x000001e007d3c988 relative=0x0000000000003028
Event: 4.469 Thread 0x000001e01242d1a0 Uncommon trap: reason=profile_predicate action=maybe_recompile pc=0x000001e007d3c988 method=java.util.AbstractCollection.addAll(Ljava/util/Collection;)Z @ 15 c2
Event: 4.469 Thread 0x000001e01242d1a0 DEOPT PACKING pc=0x000001e007d3c988 sp=0x000000093a7f9be0
Event: 4.469 Thread 0x000001e01242d1a0 DEOPT UNPACKING pc=0x000001e00758a1a3 sp=0x000000093a7f9bc8 mode 2
Event: 4.469 Thread 0x000001e01242d1a0 Uncommon trap: trap_request=0xffffffbe fr.pc=0x000001e007d3c988 relative=0x0000000000003028
Event: 4.469 Thread 0x000001e01242d1a0 Uncommon trap: reason=profile_predicate action=maybe_recompile pc=0x000001e007d3c988 method=java.util.AbstractCollection.addAll(Ljava/util/Collection;)Z @ 15 c2
Event: 4.469 Thread 0x000001e01242d1a0 DEOPT PACKING pc=0x000001e007d3c988 sp=0x000000093a7f9be0
Event: 4.469 Thread 0x000001e01242d1a0 DEOPT UNPACKING pc=0x000001e00758a1a3 sp=0x000000093a7f9bc8 mode 2

Classes unloaded (0 events):
No events

Classes redefined (0 events):
No events

Internal exceptions (20 events):
Event: 4.208 Thread 0x000001e01242d1a0 Exception <a 'java/lang/NoSuchMethodError'{0x00000000876feac8}: 'java.lang.Object java.lang.invoke.DirectMethodHandle$Holder.invokeStatic(java.lang.Object, java.lang.Object, java.lang.Object, java.lang.Object, java.lang.Object, java.lang.Object, java.lang.Object, java.lang.Object, java.lang.Object, java.lang.Object, java.lang.Object, java.lang.Object, java.lang.Object, java.lang.Object, java.lang.Object, java.lang.Object, java.lang.Object, java.lang.Object, java.lang.Object, java.lang.Object)'> (0x00000000
Event: 4.209 Thread 0x000001e01242d1a0 Exception <a 'java/lang/NoSuchMethodError'{0x0000000087529b78}: 'java.lang.Object java.lang.invoke.DirectMethodHandle$Holder.invokeStatic(java.lang.Object, java.lang.Object, java.lang.Object, java.lang.Object, java.lang.Object, java.lang.Object, java.lang.Object, java.lang.Object, java.lang.Object, java.lang.Object, java.lang.Object, java.lang.Object, java.lang.Object, java.lang.Object, java.lang.Object, java.lang.Object, java.lang.Object, java.lang.Object, java.lang.Object, java.lang.Object, java.lang.Obj
Event: 4.211 Thread 0x000001e01242d1a0 Exception <a 'java/lang/NoSuchMethodError'{0x0000000087554eb8}: 'java.lang.Object java.lang.invoke.DirectMethodHandle$Holder.invokeStatic(java.lang.Object, java.lang.Object, java.lang.Object, java.lang.Object, java.lang.Object, java.lang.Object, java.lang.Object, java.lang.Object, java.lang.Object, java.lang.Object, java.lang.Object, java.lang.Object, java.lang.Object, java.lang.Object, java.lang.Object, java.lang.Object, java.lang.Object, java.lang.Object, java.lang.Object, java.lang.Object, java.lang.Obj
Event: 4.213 Thread 0x000001e01242d1a0 Exception <a 'java/lang/NoSuchMethodError'{0x0000000087582f70}: 'java.lang.Object java.lang.invoke.DirectMethodHandle$Holder.invokeStatic(java.lang.Object, java.lang.Object, java.lang.Object, java.lang.Object, java.lang.Object, java.lang.Object, java.lang.Object, java.lang.Object, java.lang.Object, java.lang.Object, java.lang.Object, java.lang.Object, java.lang.Object, java.lang.Object, java.lang.Object, java.lang.Object, java.lang.Object, java.lang.Object, java.lang.Object, java.lang.Object, java.lang.Obj
Event: 4.215 Thread 0x000001e01242d1a0 Exception <a 'java/lang/NoSuchMethodError'{0x00000000875b15c8}: 'java.lang.Object java.lang.invoke.DirectMethodHandle$Holder.invokeStatic(java.lang.Object, java.lang.Object, java.lang.Object, java.lang.Object, java.lang.Object, java.lang.Object, java.lang.Object, java.lang.Object, java.lang.Object, java.lang.Object, java.lang.Object, java.lang.Object, java.lang.Object, java.lang.Object, java.lang.Object, java.lang.Object, java.lang.Object, java.lang.Object, java.lang.Object, java.lang.Object, java.lang.Obj
Event: 4.277 Thread 0x000001e01242d1a0 Exception <a 'java/lang/IncompatibleClassChangeError'{0x00000000869047e0}: Found class java.lang.Object, but interface was expected> (0x00000000869047e0) 
thrown [s\src\hotspot\share\interpreter\linkResolver.cpp, line 838]
Event: 4.324 Thread 0x000001e01242d1a0 Exception <a 'java/lang/IncompatibleClassChangeError'{0x0000000088284fb8}: Found class java.lang.Object, but interface was expected> (0x0000000088284fb8) 
thrown [s\src\hotspot\share\interpreter\linkResolver.cpp, line 838]
Event: 4.336 Thread 0x000001e01242d1a0 Exception <a 'java/lang/NoSuchMethodError'{0x0000000088013398}: 'int java.lang.invoke.DirectMethodHandle$Holder.invokeStaticInit(java.lang.Object, java.lang.Object, java.lang.Object, java.lang.Object, java.lang.Object)'> (0x0000000088013398) 
thrown [s\src\hotspot\share\interpreter\linkResolver.cpp, line 771]
Event: 4.402 Thread 0x000001e01242d1a0 Exception <a 'java/lang/NoSuchMethodError'{0x0000000087a6d1e8}: 'void java.lang.invoke.DirectMethodHandle$Holder.invokeInterface(java.lang.Object, java.lang.Object)'> (0x0000000087a6d1e8) 
thrown [s\src\hotspot\share\interpreter\linkResolver.cpp, line 771]
Event: 4.403 Thread 0x000001e01242d1a0 Exception <a 'java/lang/IncompatibleClassChangeError'{0x0000000087a78780}: Found class java.lang.Object, but interface was expected> (0x0000000087a78780) 
thrown [s\src\hotspot\share\interpreter\linkResolver.cpp, line 838]
Event: 4.457 Thread 0x000001e01242d1a0 Exception <a 'java/lang/ClassNotFoundException'{0x0000000087603e20}: org/jetbrains/plugins/gradle/model/web/WebConfigurationBeanInfo> (0x0000000087603e20) 
thrown [s\src\hotspot\share\classfile\systemDictionary.cpp, line 256]
Event: 4.458 Thread 0x000001e01242d1a0 Exception <a 'java/lang/ClassNotFoundException'{0x000000008760c1a8}: org/jetbrains/plugins/gradle/model/web/WebConfigurationCustomizer> (0x000000008760c1a8) 
thrown [s\src\hotspot\share\classfile\systemDictionary.cpp, line 256]
Event: 4.459 Thread 0x000001e01242d1a0 Exception <a 'java/lang/ClassNotFoundException'{0x000000008762a708}: org/jetbrains/plugins/gradle/model/scala/ScalaModelBeanInfo> (0x000000008762a708) 
thrown [s\src\hotspot\share\classfile\systemDictionary.cpp, line 256]
Event: 4.460 Thread 0x000001e01242d1a0 Exception <a 'java/lang/ClassNotFoundException'{0x0000000087632a10}: org/jetbrains/plugins/gradle/model/scala/ScalaModelCustomizer> (0x0000000087632a10) 
thrown [s\src\hotspot\share\classfile\systemDictionary.cpp, line 256]
Event: 4.462 Thread 0x000001e01242d1a0 Exception <a 'java/lang/ClassNotFoundException'{0x0000000087664288}: org/jetbrains/plugins/gradle/model/DependencyAccessorsModelBeanInfo> (0x0000000087664288) 
thrown [s\src\hotspot\share\classfile\systemDictionary.cpp, line 256]
Event: 4.463 Thread 0x000001e01242d1a0 Exception <a 'java/lang/ClassNotFoundException'{0x000000008766c638}: org/jetbrains/plugins/gradle/model/DependencyAccessorsModelCustomizer> (0x000000008766c638) 
thrown [s\src\hotspot\share\classfile\systemDictionary.cpp, line 256]
Event: 4.534 Thread 0x000001e01242d1a0 Exception <a 'java/lang/ClassNotFoundException'{0x0000000086f93ac8}: org/gradle/api/internal/project/DefaultProject_DecoratedBeanInfo> (0x0000000086f93ac8) 
thrown [s\src\hotspot\share\classfile\systemDictionary.cpp, line 256]
Event: 4.535 Thread 0x000001e01242d1a0 Exception <a 'java/lang/ClassNotFoundException'{0x0000000086fa0620}: org/gradle/api/internal/project/DefaultProjectBeanInfo> (0x0000000086fa0620) 
thrown [s\src\hotspot\share\classfile\systemDictionary.cpp, line 256]
Event: 4.535 Thread 0x000001e01242d1a0 Exception <a 'java/lang/ClassNotFoundException'{0x0000000086fad180}: org/gradle/api/internal/project/DefaultProjectCustomizer> (0x0000000086fad180) 
thrown [s\src\hotspot\share\classfile\systemDictionary.cpp, line 256]
Event: 4.537 Thread 0x000001e01242d1a0 Exception <a 'java/lang/ClassNotFoundException'{0x0000000086e565e0}: org/gradle/api/internal/project/DefaultProject_DecoratedCustomizer> (0x0000000086e565e0) 
thrown [s\src\hotspot\share\classfile\systemDictionary.cpp, line 256]

VM Operations (20 events):
Event: 3.787 Executing VM operation: G1CollectForAllocation
Event: 3.790 Executing VM operation: G1CollectForAllocation done
Event: 3.901 Executing VM operation: G1TryInitiateConcMark
Event: 3.904 Executing VM operation: G1TryInitiateConcMark done
Event: 3.922 Executing VM operation: G1Concurrent
Event: 3.924 Executing VM operation: G1Concurrent done
Event: 3.932 Executing VM operation: G1Concurrent
Event: 3.932 Executing VM operation: G1Concurrent done
Event: 4.009 Executing VM operation: G1TryInitiateConcMark
Event: 4.013 Executing VM operation: G1TryInitiateConcMark done
Event: 4.033 Executing VM operation: G1Concurrent
Event: 4.035 Executing VM operation: G1Concurrent done
Event: 4.042 Executing VM operation: G1Concurrent
Event: 4.042 Executing VM operation: G1Concurrent done
Event: 4.279 Executing VM operation: HandshakeAllThreads
Event: 4.279 Executing VM operation: HandshakeAllThreads done
Event: 4.290 Executing VM operation: G1CollectForAllocation
Event: 4.294 Executing VM operation: G1CollectForAllocation done
Event: 4.502 Executing VM operation: HandshakeAllThreads
Event: 4.502 Executing VM operation: HandshakeAllThreads done

Events (20 events):
Event: 4.369 loading class java/util/concurrent/atomic/AtomicReferenceFieldUpdater$AtomicReferenceFieldUpdaterImpl$1 done
Event: 4.419 loading class jdk/internal/math/FDBigInteger
Event: 4.419 loading class jdk/internal/math/FDBigInteger done
Event: 4.427 loading class java/util/zip/GZIPInputStream
Event: 4.427 loading class java/util/zip/GZIPInputStream done
Event: 4.427 loading class java/util/zip/GZIPOutputStream
Event: 4.427 loading class java/util/zip/GZIPOutputStream done
Event: 4.429 loading class java/lang/ThreadLocal$SuppliedThreadLocal
Event: 4.429 loading class java/lang/ThreadLocal$SuppliedThreadLocal done
Event: 4.466 Thread 0x000001e013731830 Thread added: 0x000001e013731830
Event: 4.493 loading class java/nio/file/AtomicMoveNotSupportedException
Event: 4.493 loading class java/nio/file/AtomicMoveNotSupportedException done
Event: 4.502 loading class java/io/FileWriter
Event: 4.502 loading class java/io/FileWriter done
Event: 4.539 loading class org/xml/sax/SAXParseException
Event: 4.539 loading class org/xml/sax/SAXParseException done
Event: 4.540 loading class org/xml/sax/Attributes
Event: 4.540 loading class org/xml/sax/Attributes done
Event: 4.540 loading class org/xml/sax/Locator
Event: 4.540 loading class org/xml/sax/Locator done


Dynamic libraries:
0x00007ff75aba0000 - 0x00007ff75abaa000 	C:\Program Files\Android\Android Studio2\jbr\bin\java.exe
0x00007ff8f4110000 - 0x00007ff8f4324000 	C:\WINDOWS\SYSTEM32\ntdll.dll
0x00007ff8f2280000 - 0x00007ff8f2342000 	C:\WINDOWS\System32\KERNEL32.DLL
0x00007ff8f16d0000 - 0x00007ff8f1a73000 	C:\WINDOWS\System32\KERNELBASE.dll
0x00007ff8f1580000 - 0x00007ff8f1691000 	C:\WINDOWS\System32\ucrtbase.dll
0x00007ff8d7ab0000 - 0x00007ff8d7ac7000 	C:\Program Files\Android\Android Studio2\jbr\bin\jli.dll
0x00007ff8f2790000 - 0x00007ff8f293a000 	C:\WINDOWS\System32\USER32.dll
0x00007ff8d7510000 - 0x00007ff8d752b000 	C:\Program Files\Android\Android Studio2\jbr\bin\VCRUNTIME140.dll
0x00007ff8f16a0000 - 0x00007ff8f16c6000 	C:\WINDOWS\System32\win32u.dll
0x00007ff8d3f20000 - 0x00007ff8d41ae000 	C:\WINDOWS\WinSxS\amd64_microsoft.windows.common-controls_6595b64144ccf1df_6.0.22621.1635_none_270f70857386168e\COMCTL32.dll
0x00007ff8f2350000 - 0x00007ff8f2379000 	C:\WINDOWS\System32\GDI32.dll
0x00007ff8f1d10000 - 0x00007ff8f1e29000 	C:\WINDOWS\System32\gdi32full.dll
0x00007ff8f2520000 - 0x00007ff8f25c7000 	C:\WINDOWS\System32\msvcrt.dll
0x00007ff8f1c70000 - 0x00007ff8f1d0a000 	C:\WINDOWS\System32\msvcp_win.dll
0x00007ff8f3a20000 - 0x00007ff8f3a51000 	C:\WINDOWS\System32\IMM32.DLL
0x00007ff8d77a0000 - 0x00007ff8d77ac000 	C:\Program Files\Android\Android Studio2\jbr\bin\vcruntime140_1.dll
0x00007ff8b2bd0000 - 0x00007ff8b2c5d000 	C:\Program Files\Android\Android Studio2\jbr\bin\msvcp140.dll
0x00007ff8a0f30000 - 0x00007ff8a1b9e000 	C:\Program Files\Android\Android Studio2\jbr\bin\server\jvm.dll
0x00007ff8f37c0000 - 0x00007ff8f386e000 	C:\WINDOWS\System32\ADVAPI32.dll
0x00007ff8f3a60000 - 0x00007ff8f3b04000 	C:\WINDOWS\System32\sechost.dll
0x00007ff8f3ec0000 - 0x00007ff8f3fd7000 	C:\WINDOWS\System32\RPCRT4.dll
0x00007ff8e5d70000 - 0x00007ff8e5d7a000 	C:\WINDOWS\SYSTEM32\VERSION.dll
0x00007ff8e6c20000 - 0x00007ff8e6c54000 	C:\WINDOWS\SYSTEM32\WINMM.dll
0x00007ff8e9e90000 - 0x00007ff8e9e99000 	C:\WINDOWS\SYSTEM32\WSOCK32.dll
0x00007ff8f3b70000 - 0x00007ff8f3be1000 	C:\WINDOWS\System32\WS2_32.dll
0x00007ff8f0640000 - 0x00007ff8f0658000 	C:\WINDOWS\SYSTEM32\kernel.appcore.dll
0x00007ff8ee270000 - 0x00007ff8ee27a000 	C:\Program Files\Android\Android Studio2\jbr\bin\jimage.dll
0x00007ff8eeed0000 - 0x00007ff8ef0fe000 	C:\WINDOWS\SYSTEM32\DBGHELP.DLL
0x00007ff8f1ef0000 - 0x00007ff8f2279000 	C:\WINDOWS\System32\combase.dll
0x00007ff8f2380000 - 0x00007ff8f2457000 	C:\WINDOWS\System32\OLEAUT32.dll
0x00007ff8ce400000 - 0x00007ff8ce432000 	C:\WINDOWS\SYSTEM32\dbgcore.DLL
0x00007ff8f1bf0000 - 0x00007ff8f1c6a000 	C:\WINDOWS\System32\bcryptPrimitives.dll
0x00007ff8d7530000 - 0x00007ff8d7555000 	C:\Program Files\Android\Android Studio2\jbr\bin\java.dll
0x00007ff8e8830000 - 0x00007ff8e8848000 	C:\Program Files\Android\Android Studio2\jbr\bin\zip.dll
0x00007ff8f2e60000 - 0x00007ff8f3659000 	C:\WINDOWS\System32\SHELL32.dll
0x00007ff8ef500000 - 0x00007ff8efdce000 	C:\WINDOWS\SYSTEM32\windows.storage.dll
0x00007ff8ef3c0000 - 0x00007ff8ef4fe000 	C:\WINDOWS\SYSTEM32\wintypes.dll
0x00007ff8f3bf0000 - 0x00007ff8f3ce1000 	C:\WINDOWS\System32\SHCORE.dll
0x00007ff8f3b10000 - 0x00007ff8f3b6e000 	C:\WINDOWS\System32\shlwapi.dll
0x00007ff8f1440000 - 0x00007ff8f1466000 	C:\WINDOWS\SYSTEM32\profapi.dll
0x00007ff8e6080000 - 0x00007ff8e6099000 	C:\Program Files\Android\Android Studio2\jbr\bin\net.dll
0x00007ff8e9660000 - 0x00007ff8e9797000 	C:\WINDOWS\SYSTEM32\WINHTTP.dll
0x00007ff8f0ac0000 - 0x00007ff8f0b29000 	C:\WINDOWS\system32\mswsock.dll
0x00007ff8e6000000 - 0x00007ff8e6016000 	C:\Program Files\Android\Android Studio2\jbr\bin\nio.dll
0x00007ff8e9eb0000 - 0x00007ff8e9ec0000 	C:\Program Files\Android\Android Studio2\jbr\bin\verify.dll
0x00007ff8d6f80000 - 0x00007ff8d6fa7000 	C:\Users\hema\.gradle\native\68d5fa5c4cc2d200863cafc0d521ce42e7d3e7ee720ec0a83991735586a16f82\windows-amd64\native-platform.dll
0x00007ff8adab0000 - 0x00007ff8adbf4000 	C:\Users\hema\.gradle\native\e376f236ea51e6404a007f0833ffe2c6e607c4080706a723a18a27aeea778392\windows-amd64\native-platform-file-events.dll
0x00007ff8e9da0000 - 0x00007ff8e9da9000 	C:\Program Files\Android\Android Studio2\jbr\bin\management.dll
0x00007ff8e95c0000 - 0x00007ff8e95cb000 	C:\Program Files\Android\Android Studio2\jbr\bin\management_ext.dll
0x00007ff8f2460000 - 0x00007ff8f2468000 	C:\WINDOWS\System32\PSAPI.DLL
0x00007ff8f0d20000 - 0x00007ff8f0d3b000 	C:\WINDOWS\SYSTEM32\CRYPTSP.dll
0x00007ff8f05b0000 - 0x00007ff8f05e5000 	C:\WINDOWS\system32\rsaenh.dll
0x00007ff8f0bc0000 - 0x00007ff8f0bec000 	C:\WINDOWS\SYSTEM32\USERENV.dll
0x00007ff8f0ee0000 - 0x00007ff8f0f08000 	C:\WINDOWS\SYSTEM32\bcrypt.dll
0x00007ff8f0d40000 - 0x00007ff8f0d4c000 	C:\WINDOWS\SYSTEM32\CRYPTBASE.dll
0x00007ff8f0020000 - 0x00007ff8f004d000 	C:\WINDOWS\SYSTEM32\IPHLPAPI.DLL
0x00007ff8f3cf0000 - 0x00007ff8f3cf9000 	C:\WINDOWS\System32\NSI.dll
0x00007ff8e7230000 - 0x00007ff8e7249000 	C:\WINDOWS\SYSTEM32\dhcpcsvc6.DLL
0x00007ff8e6ca0000 - 0x00007ff8e6cbf000 	C:\WINDOWS\SYSTEM32\dhcpcsvc.DLL
0x00007ff8f0050000 - 0x00007ff8f0143000 	C:\WINDOWS\SYSTEM32\DNSAPI.dll
0x00007ff8d7a50000 - 0x00007ff8d7a58000 	C:\WINDOWS\system32\wshunix.dll

dbghelp: loaded successfully - version: 4.0.5 - missing functions: none
symbol engine: initialized successfully - sym options: 0x614 - pdb path: .;C:\Program Files\Android\Android Studio2\jbr\bin;C:\WINDOWS\SYSTEM32;C:\WINDOWS\WinSxS\amd64_microsoft.windows.common-controls_6595b64144ccf1df_6.0.22621.1635_none_270f70857386168e;C:\Program Files\Android\Android Studio2\jbr\bin\server;C:\Users\hema\.gradle\native\68d5fa5c4cc2d200863cafc0d521ce42e7d3e7ee720ec0a83991735586a16f82\windows-amd64;C:\Users\hema\.gradle\native\e376f236ea51e6404a007f0833ffe2c6e607c4080706a723a18a27aeea778392\windows-amd64

VM Arguments:
jvm_args: --add-opens=java.base/java.util=ALL-UNNAMED --add-opens=java.base/java.lang=ALL-UNNAMED --add-opens=java.base/java.lang.invoke=ALL-UNNAMED --add-opens=java.prefs/java.util.prefs=ALL-UNNAMED --add-opens=java.base/java.nio.charset=ALL-UNNAMED --add-opens=java.base/java.net=ALL-UNNAMED --add-opens=java.base/java.util.concurrent.atomic=ALL-UNNAMED -Xmx2048m -Dfile.encoding=UTF-8 -Duser.country=IN -Duser.language=en -Duser.variant 
java_command: org.gradle.launcher.daemon.bootstrap.GradleDaemon 8.0
java_class_path (initial): C:\Users\hema\.gradle\wrapper\dists\gradle-8.0-bin\ca5e32bp14vu59qr306oxotwh\gradle-8.0\lib\gradle-launcher-8.0.jar
Launcher Type: SUN_STANDARD

[Global flags]
     intx CICompilerCount                          = 4                                         {product} {ergonomic}
     uint ConcGCThreads                            = 2                                         {product} {ergonomic}
     uint G1ConcRefinementThreads                  = 8                                         {product} {ergonomic}
   size_t G1HeapRegionSize                         = 1048576                                   {product} {ergonomic}
    uintx GCDrainStackTargetSize                   = 64                                        {product} {ergonomic}
   size_t InitialHeapSize                          = 130023424                                 {product} {ergonomic}
   size_t MarkStackSize                            = 4194304                                   {product} {ergonomic}
   size_t MaxHeapSize                              = 2147483648                                {product} {command line}
   size_t MaxNewSize                               = 1287651328                                {product} {ergonomic}
   size_t MinHeapDeltaBytes                        = 1048576                                   {product} {ergonomic}
   size_t MinHeapSize                              = 8388608                                   {product} {ergonomic}
    uintx NonNMethodCodeHeapSize                   = 5839372                                {pd product} {ergonomic}
    uintx NonProfiledCodeHeapSize                  = 122909434                              {pd product} {ergonomic}
    uintx ProfiledCodeHeapSize                     = 122909434                              {pd product} {ergonomic}
    uintx ReservedCodeCacheSize                    = 251658240                              {pd product} {ergonomic}
     bool SegmentedCodeCache                       = true                                      {product} {ergonomic}
   size_t SoftMaxHeapSize                          = 2147483648                             {manageable} {ergonomic}
     bool UseCompressedClassPointers               = true                           {product lp64_product} {ergonomic}
     bool UseCompressedOops                        = true                           {product lp64_product} {ergonomic}
     bool UseG1GC                                  = true                                      {product} {ergonomic}
     bool UseLargePagesIndividualAllocation        = false                                  {pd product} {ergonomic}

Logging:
Log output configuration:
 #0: stdout all=warning uptime,level,tags
 #1: stderr all=off uptime,level,tags

Environment Variables:
JAVA_HOME=C:\Program Files\Java\jdk-19
PATH=C:\Program Files\Common Files\Oracle\Java\javapath;C:\WINDOWS\system32;C:\WINDOWS;C:\WINDOWS\System32\Wbem;C:\WINDOWS\System32\WindowsPowerShell\v1.0\;C:\WINDOWS\System32\OpenSSH\;C:\Program Files (x86)\MySQL\MySQL Server 5.1\bin;C:\Program Files\Java\jdk-19\bin;C:\Users\hema\AppData\Local\Microsoft\WindowsApps;
USERNAME=hema
OS=Windows_NT
PROCESSOR_IDENTIFIER=Intel64 Family 6 Model 140 Stepping 1, GenuineIntel
TMP=C:\Users\hema\AppData\Local\Temp
TEMP=C:\Users\hema\AppData\Local\Temp


JNI global refs:
JNI global refs: 24, weak refs: 1

JNI global refs memory usage: 843, weak refs: 841


---------------  S Y S T E M  ---------------

OS:
 Windows 11 , 64 bit Build 22621 (10.0.22621.1928)
OS uptime: 6 days 20:18 hours

CPU: total 8 (initial active 8) (4 cores per cpu, 2 threads per core) family 6 model 140 stepping 1 microcode 0x9a, cx8, cmov, fxsr, ht, mmx, 3dnowpref, sse, sse2, sse3, ssse3, sse4.1, sse4.2, popcnt, lzcnt, tsc, tscinvbit, avx, avx2, aes, erms, clmul, bmi1, bmi2, adx, avx512f, avx512dq, avx512cd, avx512bw, avx512vl, sha, fma, vzeroupper, avx512_vpopcntdq, avx512_vpclmulqdq, avx512_vaes, avx512_vnni, clflush, clflushopt, clwb, avx512_vbmi2, avx512_vbmi

Memory: 4k page, system-wide physical 7834M (456M free)
TotalPageFile size 9882M (AvailPageFile size 5M)
current process WorkingSet (physical memory assigned to process): 313M, peak: 313M
current process commit charge ("private bytes"): 349M, peak: 350M

vm_info: OpenJDK 64-Bit Server VM (17.0.6+0-b2043.56-10027231) for windows-amd64 JRE (17.0.6+0-b2043.56-10027231), built on Apr 28 2023 00:43:19 by "androidbuild" with MS VC++ 16.10 / 16.11 (VS2019)

END.
